Nov  8 00:01:01 localhost run-parts(/etc/cron.hourly)[1330 starting 0anacron
Nov  8 00:01:01 localhost run-parts(/etc/cron.hourly)[1331 finished 0anacron
Nov  8 00:01:01 localhost run-parts(/etc/cron.hourly)[1330 starting mcelog.cron
Nov  8 00:01:01 localhost run-parts(/etc/cron.hourly)[1332 finished mcelog.cron
Nov  8 00:01:01 webserver run-parts(/etc/cron.hourly)[2906 starting 0anacron
Nov  8 00:01:01 webserver run-parts(/etc/cron.hourly)[2908 finished 0anacron
Nov  8 00:01:01 webserver run-parts(/etc/cron.hourly)[2906 starting mcelog.cron
Nov  8 00:01:01 webserver run-parts(/etc/cron.hourly)[2909 finished mcelog.cron
Nov  8 01:01:01 webserver run-parts(/etc/cron.hourly)[2943 starting 0anacron
Nov  8 01:01:01 webserver run-parts(/etc/cron.hourly)[2945 finished 0anacron
Nov  8 01:01:01 webserver run-parts(/etc/cron.hourly)[2943 starting mcelog.cron
Nov  8 01:01:01 webserver run-parts(/etc/cron.hourly)[2945 finished mcelog.cron
Nov  8 01:01:01 localhost run-parts(/etc/cron.hourly)[1480 starting 0anacron
Nov  8 01:01:01 localhost run-parts(/etc/cron.hourly)[1481 finished 0anacron
Nov  8 01:01:01 localhost run-parts(/etc/cron.hourly)[1480 starting mcelog.cron
Nov  8 01:01:01 localhost run-parts(/etc/cron.hourly)[1482 finished mcelog.cron
Nov  8 02:01:01 webserver run-parts(/etc/cron.hourly)[2980 starting 0anacron
Nov  8 02:01:01 webserver run-parts(/etc/cron.hourly)[2981 finished 0anacron
Nov  8 02:01:01 webserver run-parts(/etc/cron.hourly)[2980 starting mcelog.cron
Nov  8 02:01:01 webserver run-parts(/etc/cron.hourly)[2982 finished mcelog.cron
Nov  8 02:01:01 localhost run-parts(/etc/cron.hourly)[1617 starting 0anacron
Nov  8 02:01:01 localhost run-parts(/etc/cron.hourly)[1618 finished 0anacron
Nov  8 02:01:01 localhost run-parts(/etc/cron.hourly)[1617 starting mcelog.cron
Nov  8 02:01:01 localhost run-parts(/etc/cron.hourly)[1618 finished mcelog.cron
Nov  8 03:01:01 webserver run-parts(/etc/cron.hourly)[3016 starting 0anacron
Nov  8 03:01:01 webserver run-parts(/etc/cron.hourly)[3017 finished 0anacron
Nov  8 03:01:01 webserver run-parts(/etc/cron.hourly)[3016 starting mcelog.cron
Nov  8 03:01:01 webserver run-parts(/etc/cron.hourly)[3018 finished mcelog.cron
Nov  8 03:01:01 localhost run-parts(/etc/cron.hourly)[1775 starting 0anacron
Nov  8 03:01:01 localhost run-parts(/etc/cron.hourly)[1777 finished 0anacron
Nov  8 03:01:01 localhost run-parts(/etc/cron.hourly)[1775 starting mcelog.cron
Nov  8 03:01:01 localhost run-parts(/etc/cron.hourly)[1777 finished mcelog.cron
Nov  8 03:15:01 webserver run-parts(/etc/cron.daily)[30258 starting logrotate
Nov  8 03:15:01 webserver run-parts(/etc/cron.daily)[30266 finished logrotate
Nov  8 03:15:01 webserver run-parts(/etc/cron.daily)[30258 starting man-db.cron
Nov  8 03:15:04 webserver run-parts(/etc/cron.daily)[30282 finished man-db.cron
Nov  8 03:15:04 webserver run-parts(/etc/cron.daily)[30258 starting mlocate
Nov  8 03:15:08 webserver run-parts(/etc/cron.daily)[30293 finished mlocate
Nov  8 03:22:01 localhost run-parts(/etc/cron.daily)[18383 starting logrotate
Nov  8 03:22:05 localhost run-parts(/etc/cron.daily)[18434 finished logrotate
Nov  8 03:22:05 localhost run-parts(/etc/cron.daily)[18383 starting man-db.cron
Nov  8 03:22:07 localhost run-parts(/etc/cron.daily)[18447 finished man-db.cron
Nov  8 03:22:07 localhost run-parts(/etc/cron.daily)[18383 starting mlocate
Nov  8 03:22:07 localhost run-parts(/etc/cron.daily)[18458 finished mlocate
Nov  8 04:01:01 webserver run-parts(/etc/cron.hourly)[3056 starting 0anacron
Nov  8 04:01:01 webserver run-parts(/etc/cron.hourly)[3057 finished 0anacron
Nov  8 04:01:01 webserver run-parts(/etc/cron.hourly)[3056 starting mcelog.cron
Nov  8 04:01:01 webserver run-parts(/etc/cron.hourly)[3057 finished mcelog.cron
Nov  8 04:01:01 localhost run-parts(/etc/cron.hourly)[1932 starting 0anacron
Nov  8 04:01:01 localhost run-parts(/etc/cron.hourly)[1933 finished 0anacron
Nov  8 04:01:01 localhost run-parts(/etc/cron.hourly)[1932 starting mcelog.cron
Nov  8 04:01:01 localhost run-parts(/etc/cron.hourly)[1933 finished mcelog.cron
Nov  8 05:01:01 webserver run-parts(/etc/cron.hourly)[3092 starting 0anacron
Nov  8 05:01:01 webserver run-parts(/etc/cron.hourly)[3093 finished 0anacron
Nov  8 05:01:01 webserver run-parts(/etc/cron.hourly)[3092 starting mcelog.cron
Nov  8 05:01:01 webserver run-parts(/etc/cron.hourly)[3093 finished mcelog.cron
Nov  8 05:01:01 localhost run-parts(/etc/cron.hourly)[2066 starting 0anacron
Nov  8 05:01:01 localhost run-parts(/etc/cron.hourly)[2067 finished 0anacron
Nov  8 05:01:01 localhost run-parts(/etc/cron.hourly)[2066 starting mcelog.cron
Nov  8 05:01:01 localhost run-parts(/etc/cron.hourly)[2067 finished mcelog.cron
Nov  8 06:01:01 localhost run-parts(/etc/cron.hourly)[2201 starting 0anacron
Nov  8 06:01:01 localhost run-parts(/etc/cron.hourly)[2202 finished 0anacron
Nov  8 06:01:01 localhost run-parts(/etc/cron.hourly)[2201 starting mcelog.cron
Nov  8 06:01:01 localhost run-parts(/etc/cron.hourly)[2203 finished mcelog.cron
Nov  8 06:01:02 webserver run-parts(/etc/cron.hourly)[3128 starting 0anacron
Nov  8 06:01:02 webserver run-parts(/etc/cron.hourly)[3129 finished 0anacron
Nov  8 06:01:02 webserver run-parts(/etc/cron.hourly)[3128 starting mcelog.cron
Nov  8 06:01:02 webserver run-parts(/etc/cron.hourly)[3130 finished mcelog.cron
Nov  8 07:01:01 localhost run-parts(/etc/cron.hourly)[2330 starting 0anacron
Nov  8 07:01:01 localhost run-parts(/etc/cron.hourly)[2331 finished 0anacron
Nov  8 07:01:01 localhost run-parts(/etc/cron.hourly)[2330 starting mcelog.cron
Nov  8 07:01:01 localhost run-parts(/etc/cron.hourly)[2331 finished mcelog.cron
Nov  8 07:01:01 webserver run-parts(/etc/cron.hourly)[3164 starting 0anacron
Nov  8 07:01:01 webserver run-parts(/etc/cron.hourly)[3165 finished 0anacron
Nov  8 07:01:01 webserver run-parts(/etc/cron.hourly)[3164 starting mcelog.cron
Nov  8 07:01:01 webserver run-parts(/etc/cron.hourly)[3166 finished mcelog.cron
Nov  8 08:01:01 localhost run-parts(/etc/cron.hourly)[2478 starting 0anacron
Nov  8 08:01:01 localhost run-parts(/etc/cron.hourly)[2479 finished 0anacron
Nov  8 08:01:01 localhost run-parts(/etc/cron.hourly)[2478 starting mcelog.cron
Nov  8 08:01:01 localhost run-parts(/etc/cron.hourly)[2480 finished mcelog.cron
Nov  8 08:01:01 webserver run-parts(/etc/cron.hourly)[3205 starting 0anacron
Nov  8 08:01:01 webserver run-parts(/etc/cron.hourly)[3207 finished 0anacron
Nov  8 08:01:02 webserver run-parts(/etc/cron.hourly)[3205 starting mcelog.cron
Nov  8 08:01:02 webserver run-parts(/etc/cron.hourly)[3207 finished mcelog.cron
Nov  8 09:01:01 webserver run-parts(/etc/cron.hourly)[3242 starting 0anacron
Nov  8 09:01:01 webserver run-parts(/etc/cron.hourly)[3244 finished 0anacron
Nov  8 09:01:02 webserver run-parts(/etc/cron.hourly)[3242 starting mcelog.cron
Nov  8 09:01:02 webserver run-parts(/etc/cron.hourly)[3244 finished mcelog.cron
Nov  8 09:01:02 localhost run-parts(/etc/cron.hourly)[2599 starting 0anacron
Nov  8 09:01:02 localhost run-parts(/etc/cron.hourly)[2600 finished 0anacron
Nov  8 09:01:02 localhost run-parts(/etc/cron.hourly)[2599 starting mcelog.cron
Nov  8 09:01:02 localhost run-parts(/etc/cron.hourly)[2601 finished mcelog.cron
Nov  8 10:01:01 localhost run-parts(/etc/cron.hourly)[2731 starting 0anacron
Nov  8 10:01:01 localhost run-parts(/etc/cron.hourly)[2732 finished 0anacron
Nov  8 10:01:01 localhost run-parts(/etc/cron.hourly)[2731 starting mcelog.cron
Nov  8 10:01:01 localhost run-parts(/etc/cron.hourly)[2733 finished mcelog.cron
Nov  8 10:01:01 webserver run-parts(/etc/cron.hourly)[331] starting 0anacron
Nov  8 10:01:01 webserver run-parts(/etc/cron.hourly)[341] finished 0anacron
Nov  8 10:01:01 webserver run-parts(/etc/cron.hourly)[331] starting mcelog.cron
Nov  8 10:01:01 webserver run-parts(/etc/cron.hourly)[347] finished mcelog.cron
Nov  8 11:01:01 localhost run-parts(/etc/cron.hourly)[2868 starting 0anacron
Nov  8 11:01:01 localhost run-parts(/etc/cron.hourly)[2869 finished 0anacron
Nov  8 11:01:01 localhost run-parts(/etc/cron.hourly)[2868 starting mcelog.cron
Nov  8 11:01:01 localhost run-parts(/etc/cron.hourly)[2870 finished mcelog.cron
Nov  8 11:01:01 webserver run-parts(/etc/cron.hourly)[752] starting 0anacron
Nov  8 11:01:01 webserver run-parts(/etc/cron.hourly)[762] finished 0anacron
Nov  8 11:01:01 webserver run-parts(/etc/cron.hourly)[752] starting mcelog.cron
Nov  8 11:01:01 webserver run-parts(/etc/cron.hourly)[768] finished mcelog.cron
Nov  8 12:01:01 localhost run-parts(/etc/cron.hourly)[3002 starting 0anacron
Nov  8 12:01:01 localhost run-parts(/etc/cron.hourly)[3002 finished 0anacron
Nov  8 12:01:01 localhost run-parts(/etc/cron.hourly)[3002 starting mcelog.cron
Nov  8 12:01:01 localhost run-parts(/etc/cron.hourly)[3003 finished mcelog.cron
Nov  8 12:01:01 webserver run-parts(/etc/cron.hourly)[1154 starting 0anacron
Nov  8 12:01:01 webserver run-parts(/etc/cron.hourly)[1166 finished 0anacron
Nov  8 12:01:01 webserver run-parts(/etc/cron.hourly)[1154 starting mcelog.cron
Nov  8 12:01:01 webserver run-parts(/etc/cron.hourly)[1172 finished mcelog.cron
Nov  8 13:01:01 localhost run-parts(/etc/cron.hourly)[3133 starting 0anacron
Nov  8 13:01:01 localhost run-parts(/etc/cron.hourly)[3134 finished 0anacron
Nov  8 13:01:01 localhost run-parts(/etc/cron.hourly)[3133 starting mcelog.cron
Nov  8 13:01:01 localhost run-parts(/etc/cron.hourly)[3134 finished mcelog.cron
Nov  8 13:01:01 webserver run-parts(/etc/cron.hourly)[1630 starting 0anacron
Nov  8 13:01:01 webserver run-parts(/etc/cron.hourly)[1643 finished 0anacron
Nov  8 13:01:01 webserver run-parts(/etc/cron.hourly)[1630 starting mcelog.cron
Nov  8 13:01:01 webserver run-parts(/etc/cron.hourly)[1650 finished mcelog.cron
Nov  8 14:01:01 localhost run-parts(/etc/cron.hourly)[451] starting 0anacron
Nov  8 14:01:01 localhost run-parts(/etc/cron.hourly)[460] finished 0anacron
Nov  8 14:01:01 localhost run-parts(/etc/cron.hourly)[451] starting mcelog.cron
Nov  8 14:01:01 localhost run-parts(/etc/cron.hourly)[466] finished mcelog.cron
Nov  8 14:01:01 webserver run-parts(/etc/cron.hourly)[2003 starting 0anacron
Nov  8 14:01:01 webserver run-parts(/etc/cron.hourly)[2013 finished 0anacron
Nov  8 14:01:01 webserver run-parts(/etc/cron.hourly)[2003 starting mcelog.cron
Nov  8 14:01:01 webserver run-parts(/etc/cron.hourly)[2019 finished mcelog.cron
Nov  8 15:01:01 webserver run-parts(/etc/cron.hourly)[2389 starting 0anacron
Nov  8 15:01:01 webserver run-parts(/etc/cron.hourly)[2399 finished 0anacron
Nov  8 15:01:01 webserver run-parts(/etc/cron.hourly)[2389 starting mcelog.cron
Nov  8 15:01:01 webserver run-parts(/etc/cron.hourly)[2405 finished mcelog.cron
Nov  8 15:01:01 localhost run-parts(/etc/cron.hourly)[2241 starting 0anacron
Nov  8 15:01:01 localhost run-parts(/etc/cron.hourly)[2250 finished 0anacron
Nov  8 15:01:01 localhost run-parts(/etc/cron.hourly)[2241 starting mcelog.cron
Nov  8 15:01:01 localhost run-parts(/etc/cron.hourly)[2256 finished mcelog.cron
Nov  8 16:01:01 webserver run-parts(/etc/cron.hourly)[2764 starting 0anacron
Nov  8 16:01:01 webserver run-parts(/etc/cron.hourly)[2774 finished 0anacron
Nov  8 16:01:01 webserver run-parts(/etc/cron.hourly)[2764 starting mcelog.cron
Nov  8 16:01:01 webserver run-parts(/etc/cron.hourly)[2780 finished mcelog.cron
Nov  8 16:01:01 localhost run-parts(/etc/cron.hourly)[3865 starting 0anacron
Nov  8 16:01:01 localhost run-parts(/etc/cron.hourly)[3874 finished 0anacron
Nov  8 16:01:01 localhost run-parts(/etc/cron.hourly)[3865 starting mcelog.cron
Nov  8 16:01:01 localhost run-parts(/etc/cron.hourly)[3880 finished mcelog.cron
Nov  8 17:01:01 webserver run-parts(/etc/cron.hourly)[3125 starting 0anacron
Nov  8 17:01:01 webserver run-parts(/etc/cron.hourly)[3136 finished 0anacron
Nov  8 17:01:01 webserver run-parts(/etc/cron.hourly)[3125 starting mcelog.cron
Nov  8 17:01:01 webserver run-parts(/etc/cron.hourly)[3142 finished mcelog.cron
Nov  8 17:01:01 localhost run-parts(/etc/cron.hourly)[5217 starting 0anacron
Nov  8 17:01:01 localhost run-parts(/etc/cron.hourly)[5226 finished 0anacron
Nov  8 17:01:01 localhost run-parts(/etc/cron.hourly)[5217 starting mcelog.cron
Nov  8 17:01:01 localhost run-parts(/etc/cron.hourly)[5232 finished mcelog.cron
Nov  8 18:01:01 webserver run-parts(/etc/cron.hourly)[3487 starting 0anacron
Nov  8 18:01:01 webserver run-parts(/etc/cron.hourly)[3498 finished 0anacron
Nov  8 18:01:01 webserver run-parts(/etc/cron.hourly)[3487 starting mcelog.cron
Nov  8 18:01:01 webserver run-parts(/etc/cron.hourly)[3504 finished mcelog.cron
Nov  8 18:01:02 localhost run-parts(/etc/cron.hourly)[6523 starting 0anacron
Nov  8 18:01:02 localhost run-parts(/etc/cron.hourly)[6532 finished 0anacron
Nov  8 18:01:02 localhost run-parts(/etc/cron.hourly)[6523 starting mcelog.cron
Nov  8 18:01:02 localhost run-parts(/etc/cron.hourly)[6538 finished mcelog.cron
Nov  8 19:01:01 localhost run-parts(/etc/cron.hourly)[7806 starting 0anacron
Nov  8 19:01:01 localhost run-parts(/etc/cron.hourly)[7815 finished 0anacron
Nov  8 19:01:01 localhost run-parts(/etc/cron.hourly)[7806 starting mcelog.cron
Nov  8 19:01:01 localhost run-parts(/etc/cron.hourly)[7821 finished mcelog.cron
Nov  8 19:01:01 webserver run-parts(/etc/cron.hourly)[3849 starting 0anacron
Nov  8 19:01:01 webserver run-parts(/etc/cron.hourly)[3860 finished 0anacron
Nov  8 19:01:01 webserver run-parts(/etc/cron.hourly)[3849 starting mcelog.cron
Nov  8 19:01:01 webserver run-parts(/etc/cron.hourly)[3867 finished mcelog.cron
Nov  8 20:01:01 localhost run-parts(/etc/cron.hourly)[9296 starting 0anacron
Nov  8 20:01:01 localhost run-parts(/etc/cron.hourly)[9305 finished 0anacron
Nov  8 20:01:01 localhost run-parts(/etc/cron.hourly)[9296 starting mcelog.cron
Nov  8 20:01:01 localhost run-parts(/etc/cron.hourly)[9311 finished mcelog.cron
Nov  8 20:01:01 webserver run-parts(/etc/cron.hourly)[4212 starting 0anacron
Nov  8 20:01:01 webserver run-parts(/etc/cron.hourly)[4222 finished 0anacron
Nov  8 20:01:01 webserver run-parts(/etc/cron.hourly)[4212 starting mcelog.cron
Nov  8 20:01:01 webserver run-parts(/etc/cron.hourly)[4228 finished mcelog.cron
Nov  8 21:01:01 localhost run-parts(/etc/cron.hourly)[1057 starting 0anacron
Nov  8 21:01:01 localhost run-parts(/etc/cron.hourly)[1058 finished 0anacron
Nov  8 21:01:01 localhost run-parts(/etc/cron.hourly)[1057 starting mcelog.cron
Nov  8 21:01:01 localhost run-parts(/etc/cron.hourly)[1059 finished mcelog.cron
Nov  8 21:01:01 webserver run-parts(/etc/cron.hourly)[4572 starting 0anacron
Nov  8 21:01:01 webserver run-parts(/etc/cron.hourly)[4584 finished 0anacron
Nov  8 21:01:01 webserver run-parts(/etc/cron.hourly)[4572 starting mcelog.cron
Nov  8 21:01:01 webserver run-parts(/etc/cron.hourly)[4590 finished mcelog.cron
Nov  8 22:01:01 localhost run-parts(/etc/cron.hourly)[1189 starting 0anacron
Nov  8 22:01:01 localhost run-parts(/etc/cron.hourly)[1190 finished 0anacron
Nov  8 22:01:01 localhost run-parts(/etc/cron.hourly)[1189 starting mcelog.cron
Nov  8 22:01:01 localhost run-parts(/etc/cron.hourly)[1191 finished mcelog.cron
Nov  8 22:01:01 webserver run-parts(/etc/cron.hourly)[4940 starting 0anacron
Nov  8 22:01:01 webserver run-parts(/etc/cron.hourly)[4950 finished 0anacron
Nov  8 22:01:01 webserver run-parts(/etc/cron.hourly)[4940 starting mcelog.cron
Nov  8 22:01:01 webserver run-parts(/etc/cron.hourly)[4956 finished mcelog.cron
Nov  8 23:01:01 localhost run-parts(/etc/cron.hourly)[1317 starting 0anacron
Nov  8 23:01:01 localhost run-parts(/etc/cron.hourly)[1318 finished 0anacron
Nov  8 23:01:01 localhost run-parts(/etc/cron.hourly)[1317 starting mcelog.cron
Nov  8 23:01:01 localhost run-parts(/etc/cron.hourly)[1318 finished mcelog.cron
Nov  8 23:01:01 webserver run-parts(/etc/cron.hourly)[5312 starting 0anacron
Nov  8 23:01:01 webserver run-parts(/etc/cron.hourly)[5322 finished 0anacron
Nov  8 23:01:01 webserver run-parts(/etc/cron.hourly)[5312 starting mcelog.cron
Nov  8 23:01:01 webserver run-parts(/etc/cron.hourly)[5328 finished mcelog.cron
