Nov 24 00:01:01 localhost run-parts(/etc/cron.hourly)[7001 starting 0anacron
Nov 24 00:01:01 localhost run-parts(/etc/cron.hourly)[7013 finished 0anacron
Nov 24 00:01:01 localhost run-parts(/etc/cron.hourly)[7001 starting mcelog.cron
Nov 24 00:01:01 localhost run-parts(/etc/cron.hourly)[7019 finished mcelog.cron
Nov 24 00:01:01 webserver run-parts(/etc/cron.hourly)[8916 starting 0anacron
Nov 24 00:01:02 webserver run-parts(/etc/cron.hourly)[8929 finished 0anacron
Nov 24 00:01:02 webserver run-parts(/etc/cron.hourly)[8916 starting mcelog.cron
Nov 24 00:01:02 webserver run-parts(/etc/cron.hourly)[8935 finished mcelog.cron
Nov 24 01:01:01 webserver run-parts(/etc/cron.hourly)[9280 starting 0anacron
Nov 24 01:01:01 webserver run-parts(/etc/cron.hourly)[9295 finished 0anacron
Nov 24 01:01:01 webserver run-parts(/etc/cron.hourly)[9280 starting mcelog.cron
Nov 24 01:01:01 webserver run-parts(/etc/cron.hourly)[9301 finished mcelog.cron
Nov 24 01:01:01 localhost run-parts(/etc/cron.hourly)[9588 starting 0anacron
Nov 24 01:01:01 localhost run-parts(/etc/cron.hourly)[9600 finished 0anacron
Nov 24 01:01:01 localhost run-parts(/etc/cron.hourly)[9588 starting mcelog.cron
Nov 24 01:01:01 localhost run-parts(/etc/cron.hourly)[9606 finished mcelog.cron
Nov 24 02:01:01 webserver run-parts(/etc/cron.hourly)[9646 starting 0anacron
Nov 24 02:01:01 webserver run-parts(/etc/cron.hourly)[9660 finished 0anacron
Nov 24 02:01:01 webserver run-parts(/etc/cron.hourly)[9646 starting mcelog.cron
Nov 24 02:01:01 webserver run-parts(/etc/cron.hourly)[9666 finished mcelog.cron
Nov 24 02:01:01 localhost run-parts(/etc/cron.hourly)[1220 starting 0anacron
Nov 24 02:01:01 localhost run-parts(/etc/cron.hourly)[1221 finished 0anacron
Nov 24 02:01:01 localhost run-parts(/etc/cron.hourly)[1220 starting mcelog.cron
Nov 24 02:01:01 localhost run-parts(/etc/cron.hourly)[1222 finished mcelog.cron
Nov 24 03:01:01 webserver run-parts(/etc/cron.hourly)[1001 starting 0anacron
Nov 24 03:01:01 webserver run-parts(/etc/cron.hourly)[1002 finished 0anacron
Nov 24 03:01:01 webserver run-parts(/etc/cron.hourly)[1001 starting mcelog.cron
Nov 24 03:01:01 webserver run-parts(/etc/cron.hourly)[1003 finished mcelog.cron
Nov 24 03:01:01 localhost run-parts(/etc/cron.hourly)[1351 starting 0anacron
Nov 24 03:01:01 localhost run-parts(/etc/cron.hourly)[1353 finished 0anacron
Nov 24 03:01:01 localhost run-parts(/etc/cron.hourly)[1351 starting mcelog.cron
Nov 24 03:01:01 localhost run-parts(/etc/cron.hourly)[1353 finished mcelog.cron
Nov 24 03:19:01 webserver run-parts(/etc/cron.daily)[10132 starting logrotate
Nov 24 03:19:01 webserver run-parts(/etc/cron.daily)[10140 finished logrotate
Nov 24 03:19:01 webserver run-parts(/etc/cron.daily)[10132 starting man-db.cron
Nov 24 03:19:04 webserver run-parts(/etc/cron.daily)[10151 finished man-db.cron
Nov 24 03:19:04 webserver run-parts(/etc/cron.daily)[10132 starting mlocate
Nov 24 03:19:06 webserver run-parts(/etc/cron.daily)[10162 finished mlocate
Nov 24 03:33:01 localhost run-parts(/etc/cron.daily)[13658 starting logrotate
Nov 24 03:33:06 localhost run-parts(/etc/cron.daily)[13710 finished logrotate
Nov 24 03:33:06 localhost run-parts(/etc/cron.daily)[13658 starting man-db.cron
Nov 24 03:33:08 localhost run-parts(/etc/cron.daily)[13722 finished man-db.cron
Nov 24 03:33:08 localhost run-parts(/etc/cron.daily)[13658 starting mlocate
Nov 24 03:33:08 localhost run-parts(/etc/cron.daily)[13733 finished mlocate
Nov 24 04:01:01 localhost run-parts(/etc/cron.hourly)[1376 starting 0anacron
Nov 24 04:01:01 localhost run-parts(/etc/cron.hourly)[1376 finished 0anacron
Nov 24 04:01:01 localhost run-parts(/etc/cron.hourly)[1376 starting mcelog.cron
Nov 24 04:01:01 localhost run-parts(/etc/cron.hourly)[1377 finished mcelog.cron
Nov 24 04:01:01 webserver run-parts(/etc/cron.hourly)[1041 starting 0anacron
Nov 24 04:01:01 webserver run-parts(/etc/cron.hourly)[1042 finished 0anacron
Nov 24 04:01:01 webserver run-parts(/etc/cron.hourly)[1041 starting mcelog.cron
Nov 24 04:01:01 webserver run-parts(/etc/cron.hourly)[1042 finished mcelog.cron
Nov 24 05:01:01 localhost run-parts(/etc/cron.hourly)[1378 starting 0anacron
Nov 24 05:01:01 localhost run-parts(/etc/cron.hourly)[1379 finished 0anacron
Nov 24 05:01:01 localhost run-parts(/etc/cron.hourly)[1378 starting mcelog.cron
Nov 24 05:01:01 localhost run-parts(/etc/cron.hourly)[1380 finished mcelog.cron
Nov 24 05:01:01 webserver run-parts(/etc/cron.hourly)[1077 starting 0anacron
Nov 24 05:01:01 webserver run-parts(/etc/cron.hourly)[1078 finished 0anacron
Nov 24 05:01:01 webserver run-parts(/etc/cron.hourly)[1077 starting mcelog.cron
Nov 24 05:01:01 webserver run-parts(/etc/cron.hourly)[1078 finished mcelog.cron
Nov 24 06:01:01 webserver run-parts(/etc/cron.hourly)[1113 starting 0anacron
Nov 24 06:01:01 webserver run-parts(/etc/cron.hourly)[1114 finished 0anacron
Nov 24 06:01:01 webserver run-parts(/etc/cron.hourly)[1113 starting mcelog.cron
Nov 24 06:01:01 webserver run-parts(/etc/cron.hourly)[1115 finished mcelog.cron
Nov 24 06:01:01 localhost run-parts(/etc/cron.hourly)[1381 starting 0anacron
Nov 24 06:01:01 localhost run-parts(/etc/cron.hourly)[1382 finished 0anacron
Nov 24 06:01:01 localhost run-parts(/etc/cron.hourly)[1381 starting mcelog.cron
Nov 24 06:01:01 localhost run-parts(/etc/cron.hourly)[1383 finished mcelog.cron
Nov 24 07:01:01 webserver run-parts(/etc/cron.hourly)[1149 starting 0anacron
Nov 24 07:01:01 webserver run-parts(/etc/cron.hourly)[1150 finished 0anacron
Nov 24 07:01:01 webserver run-parts(/etc/cron.hourly)[1149 starting mcelog.cron
Nov 24 07:01:01 webserver run-parts(/etc/cron.hourly)[1151 finished mcelog.cron
Nov 24 07:01:01 localhost run-parts(/etc/cron.hourly)[1410 starting 0anacron
Nov 24 07:01:01 localhost run-parts(/etc/cron.hourly)[1411 finished 0anacron
Nov 24 07:01:01 localhost run-parts(/etc/cron.hourly)[1410 starting mcelog.cron
Nov 24 07:01:01 localhost run-parts(/etc/cron.hourly)[1411 finished mcelog.cron
Nov 24 08:01:01 webserver run-parts(/etc/cron.hourly)[1185 starting 0anacron
Nov 24 08:01:01 webserver run-parts(/etc/cron.hourly)[1186 finished 0anacron
Nov 24 08:01:01 webserver run-parts(/etc/cron.hourly)[1185 starting mcelog.cron
Nov 24 08:01:01 webserver run-parts(/etc/cron.hourly)[1187 finished mcelog.cron
Nov 24 08:01:01 localhost run-parts(/etc/cron.hourly)[1465 starting 0anacron
Nov 24 08:01:01 localhost run-parts(/etc/cron.hourly)[1466 finished 0anacron
Nov 24 08:01:01 localhost run-parts(/etc/cron.hourly)[1465 starting mcelog.cron
Nov 24 08:01:01 localhost run-parts(/etc/cron.hourly)[1467 finished mcelog.cron
Nov 24 09:01:01 localhost run-parts(/etc/cron.hourly)[1651 starting 0anacron
Nov 24 09:01:01 localhost run-parts(/etc/cron.hourly)[1652 finished 0anacron
Nov 24 09:01:01 localhost run-parts(/etc/cron.hourly)[1651 starting mcelog.cron
Nov 24 09:01:01 localhost run-parts(/etc/cron.hourly)[1653 finished mcelog.cron
Nov 24 09:01:02 webserver run-parts(/etc/cron.hourly)[1222 starting 0anacron
Nov 24 09:01:02 webserver run-parts(/etc/cron.hourly)[1223 finished 0anacron
Nov 24 09:01:02 webserver run-parts(/etc/cron.hourly)[1222 starting mcelog.cron
Nov 24 09:01:02 webserver run-parts(/etc/cron.hourly)[1223 finished mcelog.cron
Nov 24 10:01:01 webserver run-parts(/etc/cron.hourly)[1258 starting 0anacron
Nov 24 10:01:01 localhost run-parts(/etc/cron.hourly)[1666 starting 0anacron
Nov 24 10:01:01 webserver run-parts(/etc/cron.hourly)[1259 finished 0anacron
Nov 24 10:01:01 localhost run-parts(/etc/cron.hourly)[1667 finished 0anacron
Nov 24 10:01:01 webserver run-parts(/etc/cron.hourly)[1258 starting mcelog.cron
Nov 24 10:01:01 localhost run-parts(/etc/cron.hourly)[1666 starting mcelog.cron
Nov 24 10:01:01 localhost run-parts(/etc/cron.hourly)[1668 finished mcelog.cron
Nov 24 10:01:02 webserver run-parts(/etc/cron.hourly)[1260 finished mcelog.cron
Nov 24 11:01:01 webserver run-parts(/etc/cron.hourly)[1294 starting 0anacron
Nov 24 11:01:01 webserver run-parts(/etc/cron.hourly)[1295 finished 0anacron
Nov 24 11:01:01 webserver run-parts(/etc/cron.hourly)[1294 starting mcelog.cron
Nov 24 11:01:01 webserver run-parts(/etc/cron.hourly)[1296 finished mcelog.cron
Nov 24 11:01:01 localhost run-parts(/etc/cron.hourly)[1679 starting 0anacron
Nov 24 11:01:01 localhost run-parts(/etc/cron.hourly)[1680 finished 0anacron
Nov 24 11:01:01 localhost run-parts(/etc/cron.hourly)[1679 starting mcelog.cron
Nov 24 11:01:01 localhost run-parts(/etc/cron.hourly)[1680 finished mcelog.cron
Nov 24 12:01:01 webserver run-parts(/etc/cron.hourly)[1332 starting 0anacron
Nov 24 12:01:01 webserver run-parts(/etc/cron.hourly)[1333 finished 0anacron
Nov 24 12:01:01 webserver run-parts(/etc/cron.hourly)[1332 starting mcelog.cron
Nov 24 12:01:01 webserver run-parts(/etc/cron.hourly)[1334 finished mcelog.cron
Nov 24 12:01:01 localhost run-parts(/etc/cron.hourly)[1840 starting 0anacron
Nov 24 12:01:01 localhost run-parts(/etc/cron.hourly)[1841 finished 0anacron
Nov 24 12:01:01 localhost run-parts(/etc/cron.hourly)[1840 starting mcelog.cron
Nov 24 12:01:01 localhost run-parts(/etc/cron.hourly)[1842 finished mcelog.cron
Nov 24 13:01:01 localhost run-parts(/etc/cron.hourly)[2623 starting 0anacron
Nov 24 13:01:01 localhost run-parts(/etc/cron.hourly)[2623 finished 0anacron
Nov 24 13:01:01 localhost run-parts(/etc/cron.hourly)[2623 starting mcelog.cron
Nov 24 13:01:01 localhost run-parts(/etc/cron.hourly)[2624 finished mcelog.cron
Nov 24 13:01:01 webserver run-parts(/etc/cron.hourly)[1368 starting 0anacron
Nov 24 13:01:01 webserver run-parts(/etc/cron.hourly)[1369 finished 0anacron
Nov 24 13:01:01 webserver run-parts(/etc/cron.hourly)[1368 starting mcelog.cron
Nov 24 13:01:01 webserver run-parts(/etc/cron.hourly)[1370 finished mcelog.cron
Nov 24 14:01:01 localhost run-parts(/etc/cron.hourly)[465] starting 0anacron
Nov 24 14:01:01 localhost run-parts(/etc/cron.hourly)[474] finished 0anacron
Nov 24 14:01:01 localhost run-parts(/etc/cron.hourly)[465] starting mcelog.cron
Nov 24 14:01:01 localhost run-parts(/etc/cron.hourly)[482] finished mcelog.cron
Nov 24 14:01:01 webserver run-parts(/etc/cron.hourly)[1405 starting 0anacron
Nov 24 14:01:01 webserver run-parts(/etc/cron.hourly)[1406 finished 0anacron
Nov 24 14:01:01 webserver run-parts(/etc/cron.hourly)[1405 starting mcelog.cron
Nov 24 14:01:01 webserver run-parts(/etc/cron.hourly)[1406 finished mcelog.cron
Nov 24 15:01:01 webserver run-parts(/etc/cron.hourly)[1441 starting 0anacron
Nov 24 15:01:01 webserver run-parts(/etc/cron.hourly)[1442 finished 0anacron
Nov 24 15:01:01 webserver run-parts(/etc/cron.hourly)[1441 starting mcelog.cron
Nov 24 15:01:01 webserver run-parts(/etc/cron.hourly)[1443 finished mcelog.cron
Nov 24 15:01:01 localhost run-parts(/etc/cron.hourly)[498] starting 0anacron
Nov 24 15:01:01 localhost run-parts(/etc/cron.hourly)[507] finished 0anacron
Nov 24 15:01:01 localhost run-parts(/etc/cron.hourly)[498] starting mcelog.cron
Nov 24 15:01:01 localhost run-parts(/etc/cron.hourly)[519] finished mcelog.cron
Nov 24 16:01:01 webserver run-parts(/etc/cron.hourly)[1479 starting 0anacron
Nov 24 16:01:01 webserver run-parts(/etc/cron.hourly)[1480 finished 0anacron
Nov 24 16:01:01 webserver run-parts(/etc/cron.hourly)[1479 starting mcelog.cron
Nov 24 16:01:01 webserver run-parts(/etc/cron.hourly)[1480 finished mcelog.cron
Nov 24 16:01:01 localhost run-parts(/etc/cron.hourly)[585] starting 0anacron
Nov 24 16:01:01 localhost run-parts(/etc/cron.hourly)[596] finished 0anacron
Nov 24 16:01:01 localhost run-parts(/etc/cron.hourly)[585] starting mcelog.cron
Nov 24 16:01:01 localhost run-parts(/etc/cron.hourly)[602] finished mcelog.cron
Nov 24 17:01:01 localhost run-parts(/etc/cron.hourly)[618] starting 0anacron
Nov 24 17:01:01 localhost run-parts(/etc/cron.hourly)[627] finished 0anacron
Nov 24 17:01:01 localhost run-parts(/etc/cron.hourly)[618] starting mcelog.cron
Nov 24 17:01:01 localhost run-parts(/etc/cron.hourly)[633] finished mcelog.cron
Nov 24 17:01:02 webserver run-parts(/etc/cron.hourly)[1515 starting 0anacron
Nov 24 17:01:02 webserver run-parts(/etc/cron.hourly)[1516 finished 0anacron
Nov 24 17:01:02 webserver run-parts(/etc/cron.hourly)[1515 starting mcelog.cron
Nov 24 17:01:02 webserver run-parts(/etc/cron.hourly)[1516 finished mcelog.cron
Nov 24 18:01:01 webserver run-parts(/etc/cron.hourly)[1551 starting 0anacron
Nov 24 18:01:01 webserver run-parts(/etc/cron.hourly)[1552 finished 0anacron
Nov 24 18:01:01 webserver run-parts(/etc/cron.hourly)[1551 starting mcelog.cron
Nov 24 18:01:01 webserver run-parts(/etc/cron.hourly)[1552 finished mcelog.cron
Nov 24 18:01:01 localhost run-parts(/etc/cron.hourly)[913] starting 0anacron
Nov 24 18:01:01 localhost run-parts(/etc/cron.hourly)[922] finished 0anacron
Nov 24 18:01:01 localhost run-parts(/etc/cron.hourly)[913] starting mcelog.cron
Nov 24 18:01:01 localhost run-parts(/etc/cron.hourly)[928] finished mcelog.cron
Nov 24 19:01:01 webserver run-parts(/etc/cron.hourly)[1587 starting 0anacron
Nov 24 19:01:01 webserver run-parts(/etc/cron.hourly)[1588 finished 0anacron
Nov 24 19:01:01 webserver run-parts(/etc/cron.hourly)[1587 starting mcelog.cron
Nov 24 19:01:01 webserver run-parts(/etc/cron.hourly)[1589 finished mcelog.cron
Nov 24 19:01:01 localhost run-parts(/etc/cron.hourly)[1069 starting 0anacron
Nov 24 19:01:01 localhost run-parts(/etc/cron.hourly)[1078 finished 0anacron
Nov 24 19:01:01 localhost run-parts(/etc/cron.hourly)[1069 starting mcelog.cron
Nov 24 19:01:01 localhost run-parts(/etc/cron.hourly)[1084 finished mcelog.cron
Nov 24 20:01:01 webserver run-parts(/etc/cron.hourly)[1624 starting 0anacron
Nov 24 20:01:01 webserver run-parts(/etc/cron.hourly)[1625 finished 0anacron
Nov 24 20:01:01 webserver run-parts(/etc/cron.hourly)[1624 starting mcelog.cron
Nov 24 20:01:01 webserver run-parts(/etc/cron.hourly)[1625 finished mcelog.cron
Nov 24 20:01:01 localhost run-parts(/etc/cron.hourly)[1267 starting 0anacron
Nov 24 20:01:01 localhost run-parts(/etc/cron.hourly)[1276 finished 0anacron
Nov 24 20:01:01 localhost run-parts(/etc/cron.hourly)[1267 starting mcelog.cron
Nov 24 20:01:01 localhost run-parts(/etc/cron.hourly)[1282 finished mcelog.cron
Nov 24 21:01:02 webserver run-parts(/etc/cron.hourly)[1659 starting 0anacron
Nov 24 21:01:02 webserver run-parts(/etc/cron.hourly)[1660 finished 0anacron
Nov 24 21:01:02 webserver run-parts(/etc/cron.hourly)[1659 starting mcelog.cron
Nov 24 21:01:02 webserver run-parts(/etc/cron.hourly)[1661 finished mcelog.cron
Nov 24 21:01:01 localhost run-parts(/etc/cron.hourly)[1302 starting 0anacron
Nov 24 21:01:01 localhost run-parts(/etc/cron.hourly)[1311 finished 0anacron
Nov 24 21:01:01 localhost run-parts(/etc/cron.hourly)[1302 starting mcelog.cron
Nov 24 21:01:01 localhost run-parts(/etc/cron.hourly)[1317 finished mcelog.cron
Nov 24 22:01:01 localhost run-parts(/etc/cron.hourly)[2333 starting 0anacron
Nov 24 22:01:01 localhost run-parts(/etc/cron.hourly)[2342 finished 0anacron
Nov 24 22:01:01 localhost run-parts(/etc/cron.hourly)[2333 starting mcelog.cron
Nov 24 22:01:01 localhost run-parts(/etc/cron.hourly)[2348 finished mcelog.cron
Nov 24 22:01:01 webserver run-parts(/etc/cron.hourly)[1696 starting 0anacron
Nov 24 22:01:01 webserver run-parts(/etc/cron.hourly)[1697 finished 0anacron
Nov 24 22:01:01 webserver run-parts(/etc/cron.hourly)[1696 starting mcelog.cron
Nov 24 22:01:01 webserver run-parts(/etc/cron.hourly)[1698 finished mcelog.cron
Nov 24 23:01:01 localhost run-parts(/etc/cron.hourly)[4714 starting 0anacron
Nov 24 23:01:01 localhost run-parts(/etc/cron.hourly)[4723 finished 0anacron
Nov 24 23:01:01 localhost run-parts(/etc/cron.hourly)[4714 starting mcelog.cron
Nov 24 23:01:01 localhost run-parts(/etc/cron.hourly)[4729 finished mcelog.cron
Nov 24 23:01:01 webserver run-parts(/etc/cron.hourly)[1732 starting 0anacron
Nov 24 23:01:01 webserver run-parts(/etc/cron.hourly)[1734 finished 0anacron
Nov 24 23:01:01 webserver run-parts(/etc/cron.hourly)[1732 starting mcelog.cron
Nov 24 23:01:01 webserver run-parts(/etc/cron.hourly)[1734 finished mcelog.cron
