Nov  7 00:01:01 localhost run-parts(/etc/cron.hourly)[1632 starting 0anacron
Nov  7 00:01:01 localhost run-parts(/etc/cron.hourly)[1634 finished 0anacron
Nov  7 00:01:01 localhost run-parts(/etc/cron.hourly)[1632 starting mcelog.cron
Nov  7 00:01:01 localhost run-parts(/etc/cron.hourly)[1634 finished mcelog.cron
Nov  7 00:01:01 webserver run-parts(/etc/cron.hourly)[2030 starting 0anacron
Nov  7 00:01:01 webserver run-parts(/etc/cron.hourly)[2032 finished 0anacron
Nov  7 00:01:01 webserver run-parts(/etc/cron.hourly)[2030 starting mcelog.cron
Nov  7 00:01:01 webserver run-parts(/etc/cron.hourly)[2032 finished mcelog.cron
Nov  7 01:01:01 localhost run-parts(/etc/cron.hourly)[1878 starting 0anacron
Nov  7 01:01:01 localhost run-parts(/etc/cron.hourly)[1879 finished 0anacron
Nov  7 01:01:01 localhost run-parts(/etc/cron.hourly)[1878 starting mcelog.cron
Nov  7 01:01:01 localhost run-parts(/etc/cron.hourly)[1880 finished mcelog.cron
Nov  7 01:01:01 webserver run-parts(/etc/cron.hourly)[2067 starting 0anacron
Nov  7 01:01:01 webserver run-parts(/etc/cron.hourly)[2068 finished 0anacron
Nov  7 01:01:01 webserver run-parts(/etc/cron.hourly)[2067 starting mcelog.cron
Nov  7 01:01:01 webserver run-parts(/etc/cron.hourly)[2069 finished mcelog.cron
Nov  7 02:01:01 webserver run-parts(/etc/cron.hourly)[2104 starting 0anacron
Nov  7 02:01:01 webserver run-parts(/etc/cron.hourly)[2105 finished 0anacron
Nov  7 02:01:01 webserver run-parts(/etc/cron.hourly)[2104 starting mcelog.cron
Nov  7 02:01:01 webserver run-parts(/etc/cron.hourly)[2105 finished mcelog.cron
Nov  7 02:01:01 localhost run-parts(/etc/cron.hourly)[2137 starting 0anacron
Nov  7 02:01:01 localhost run-parts(/etc/cron.hourly)[2138 finished 0anacron
Nov  7 02:01:01 localhost run-parts(/etc/cron.hourly)[2137 starting mcelog.cron
Nov  7 02:01:01 localhost run-parts(/etc/cron.hourly)[2139 finished mcelog.cron
Nov  7 03:01:01 webserver run-parts(/etc/cron.hourly)[2140 starting 0anacron
Nov  7 03:01:01 webserver run-parts(/etc/cron.hourly)[2141 finished 0anacron
Nov  7 03:01:01 webserver run-parts(/etc/cron.hourly)[2140 starting mcelog.cron
Nov  7 03:01:01 webserver run-parts(/etc/cron.hourly)[2142 finished mcelog.cron
Nov  7 03:01:01 localhost run-parts(/etc/cron.hourly)[2620 starting 0anacron
Nov  7 03:01:01 localhost run-parts(/etc/cron.hourly)[2621 finished 0anacron
Nov  7 03:01:01 localhost run-parts(/etc/cron.hourly)[2620 starting mcelog.cron
Nov  7 03:01:01 localhost run-parts(/etc/cron.hourly)[2622 finished mcelog.cron
Nov  7 03:08:01 webserver run-parts(/etc/cron.daily)[21460 starting logrotate
Nov  7 03:08:01 webserver run-parts(/etc/cron.daily)[21468 finished logrotate
Nov  7 03:08:01 webserver run-parts(/etc/cron.daily)[21460 starting man-db.cron
Nov  7 03:08:04 webserver run-parts(/etc/cron.daily)[21484 finished man-db.cron
Nov  7 03:08:04 webserver run-parts(/etc/cron.daily)[21460 starting mlocate
Nov  7 03:08:07 webserver run-parts(/etc/cron.daily)[21495 finished mlocate
Nov  7 03:43:01 localhost run-parts(/etc/cron.daily)[29654 starting logrotate
Nov  7 03:43:06 localhost run-parts(/etc/cron.daily)[29708 finished logrotate
Nov  7 03:43:06 localhost run-parts(/etc/cron.daily)[29654 starting man-db.cron
Nov  7 03:43:09 localhost run-parts(/etc/cron.daily)[29727 finished man-db.cron
Nov  7 03:43:09 localhost run-parts(/etc/cron.daily)[29654 starting mlocate
Nov  7 03:43:12 localhost run-parts(/etc/cron.daily)[29741 finished mlocate
Nov  7 04:01:01 webserver run-parts(/etc/cron.hourly)[2180 starting 0anacron
Nov  7 04:01:01 webserver run-parts(/etc/cron.hourly)[2181 finished 0anacron
Nov  7 04:01:01 webserver run-parts(/etc/cron.hourly)[2180 starting mcelog.cron
Nov  7 04:01:01 webserver run-parts(/etc/cron.hourly)[2181 finished mcelog.cron
Nov  7 04:01:01 localhost run-parts(/etc/cron.hourly)[3123 starting 0anacron
Nov  7 04:01:01 localhost run-parts(/etc/cron.hourly)[3123 finished 0anacron
Nov  7 04:01:01 localhost run-parts(/etc/cron.hourly)[3123 starting mcelog.cron
Nov  7 04:01:01 localhost run-parts(/etc/cron.hourly)[3124 finished mcelog.cron
Nov  7 05:01:01 webserver run-parts(/etc/cron.hourly)[2216 starting 0anacron
Nov  7 05:01:01 webserver run-parts(/etc/cron.hourly)[2217 finished 0anacron
Nov  7 05:01:01 webserver run-parts(/etc/cron.hourly)[2216 starting mcelog.cron
Nov  7 05:01:01 webserver run-parts(/etc/cron.hourly)[2217 finished mcelog.cron
Nov  7 05:01:01 localhost run-parts(/etc/cron.hourly)[3995 starting 0anacron
Nov  7 05:01:01 localhost run-parts(/etc/cron.hourly)[4004 finished 0anacron
Nov  7 05:01:01 localhost run-parts(/etc/cron.hourly)[3995 starting mcelog.cron
Nov  7 05:01:01 localhost run-parts(/etc/cron.hourly)[4010 finished mcelog.cron
Nov  7 06:01:01 webserver run-parts(/etc/cron.hourly)[2252 starting 0anacron
Nov  7 06:01:01 webserver run-parts(/etc/cron.hourly)[2253 finished 0anacron
Nov  7 06:01:01 webserver run-parts(/etc/cron.hourly)[2252 starting mcelog.cron
Nov  7 06:01:01 webserver run-parts(/etc/cron.hourly)[2253 finished mcelog.cron
Nov  7 06:01:01 localhost run-parts(/etc/cron.hourly)[8879 starting 0anacron
Nov  7 06:01:01 localhost run-parts(/etc/cron.hourly)[8888 finished 0anacron
Nov  7 06:01:01 localhost run-parts(/etc/cron.hourly)[8879 starting mcelog.cron
Nov  7 06:01:01 localhost run-parts(/etc/cron.hourly)[8894 finished mcelog.cron
Nov  7 07:01:01 webserver run-parts(/etc/cron.hourly)[2288 starting 0anacron
Nov  7 07:01:01 webserver run-parts(/etc/cron.hourly)[2289 finished 0anacron
Nov  7 07:01:01 webserver run-parts(/etc/cron.hourly)[2288 starting mcelog.cron
Nov  7 07:01:01 webserver run-parts(/etc/cron.hourly)[2289 finished mcelog.cron
Nov  7 07:01:01 localhost run-parts(/etc/cron.hourly)[1303 starting 0anacron
Nov  7 07:01:01 localhost run-parts(/etc/cron.hourly)[1304 finished 0anacron
Nov  7 07:01:01 localhost run-parts(/etc/cron.hourly)[1303 starting mcelog.cron
Nov  7 07:01:01 localhost run-parts(/etc/cron.hourly)[1305 finished mcelog.cron
Nov  7 08:01:01 webserver run-parts(/etc/cron.hourly)[2324 starting 0anacron
Nov  7 08:01:01 webserver run-parts(/etc/cron.hourly)[2325 finished 0anacron
Nov  7 08:01:01 webserver run-parts(/etc/cron.hourly)[2324 starting mcelog.cron
Nov  7 08:01:01 webserver run-parts(/etc/cron.hourly)[2326 finished mcelog.cron
Nov  7 08:01:01 localhost run-parts(/etc/cron.hourly)[1560 starting 0anacron
Nov  7 08:01:02 localhost run-parts(/etc/cron.hourly)[1561 finished 0anacron
Nov  7 08:01:02 localhost run-parts(/etc/cron.hourly)[1560 starting mcelog.cron
Nov  7 08:01:02 localhost run-parts(/etc/cron.hourly)[1561 finished mcelog.cron
Nov  7 09:01:01 localhost run-parts(/etc/cron.hourly)[1810 starting 0anacron
Nov  7 09:01:01 localhost run-parts(/etc/cron.hourly)[1811 finished 0anacron
Nov  7 09:01:01 localhost run-parts(/etc/cron.hourly)[1810 starting mcelog.cron
Nov  7 09:01:01 localhost run-parts(/etc/cron.hourly)[1811 finished mcelog.cron
Nov  7 09:01:01 webserver run-parts(/etc/cron.hourly)[2361 starting 0anacron
Nov  7 09:01:01 webserver run-parts(/etc/cron.hourly)[2361 finished 0anacron
Nov  7 09:01:01 webserver run-parts(/etc/cron.hourly)[2361 starting mcelog.cron
Nov  7 09:01:01 webserver run-parts(/etc/cron.hourly)[2362 finished mcelog.cron
Nov  7 10:01:01 webserver run-parts(/etc/cron.hourly)[2397 starting 0anacron
Nov  7 10:01:01 webserver run-parts(/etc/cron.hourly)[2398 finished 0anacron
Nov  7 10:01:01 webserver run-parts(/etc/cron.hourly)[2397 starting mcelog.cron
Nov  7 10:01:01 localhost run-parts(/etc/cron.hourly)[2059 starting 0anacron
Nov  7 10:01:01 webserver run-parts(/etc/cron.hourly)[2398 finished mcelog.cron
Nov  7 10:01:01 localhost run-parts(/etc/cron.hourly)[2060 finished 0anacron
Nov  7 10:01:01 localhost run-parts(/etc/cron.hourly)[2059 starting mcelog.cron
Nov  7 10:01:01 localhost run-parts(/etc/cron.hourly)[2060 finished mcelog.cron
Nov  7 11:01:01 webserver run-parts(/etc/cron.hourly)[2433 starting 0anacron
Nov  7 11:01:01 webserver run-parts(/etc/cron.hourly)[2434 finished 0anacron
Nov  7 11:01:01 webserver run-parts(/etc/cron.hourly)[2433 starting mcelog.cron
Nov  7 11:01:01 webserver run-parts(/etc/cron.hourly)[2435 finished mcelog.cron
Nov  7 11:01:01 localhost run-parts(/etc/cron.hourly)[2366 starting 0anacron
Nov  7 11:01:01 localhost run-parts(/etc/cron.hourly)[2367 finished 0anacron
Nov  7 11:01:01 localhost run-parts(/etc/cron.hourly)[2366 starting mcelog.cron
Nov  7 11:01:01 localhost run-parts(/etc/cron.hourly)[2368 finished mcelog.cron
Nov  7 12:01:01 webserver run-parts(/etc/cron.hourly)[2470 starting 0anacron
Nov  7 12:01:01 webserver run-parts(/etc/cron.hourly)[2471 finished 0anacron
Nov  7 12:01:01 webserver run-parts(/etc/cron.hourly)[2470 starting mcelog.cron
Nov  7 12:01:01 webserver run-parts(/etc/cron.hourly)[2472 finished mcelog.cron
Nov  7 12:01:01 localhost run-parts(/etc/cron.hourly)[2614 starting 0anacron
Nov  7 12:01:01 localhost run-parts(/etc/cron.hourly)[2615 finished 0anacron
Nov  7 12:01:01 localhost run-parts(/etc/cron.hourly)[2614 starting mcelog.cron
Nov  7 12:01:01 localhost run-parts(/etc/cron.hourly)[2616 finished mcelog.cron
Nov  7 13:01:01 localhost run-parts(/etc/cron.hourly)[2804 starting 0anacron
Nov  7 13:01:01 localhost run-parts(/etc/cron.hourly)[2805 finished 0anacron
Nov  7 13:01:01 localhost run-parts(/etc/cron.hourly)[2804 starting mcelog.cron
Nov  7 13:01:01 localhost run-parts(/etc/cron.hourly)[2806 finished mcelog.cron
Nov  7 13:01:02 webserver run-parts(/etc/cron.hourly)[2506 starting 0anacron
Nov  7 13:01:02 webserver run-parts(/etc/cron.hourly)[2508 finished 0anacron
Nov  7 13:01:02 webserver run-parts(/etc/cron.hourly)[2506 starting mcelog.cron
Nov  7 13:01:02 webserver run-parts(/etc/cron.hourly)[2508 finished mcelog.cron
Nov  7 14:01:01 localhost run-parts(/etc/cron.hourly)[2932 starting 0anacron
Nov  7 14:01:01 localhost run-parts(/etc/cron.hourly)[2933 finished 0anacron
Nov  7 14:01:01 localhost run-parts(/etc/cron.hourly)[2932 starting mcelog.cron
Nov  7 14:01:01 localhost run-parts(/etc/cron.hourly)[2934 finished mcelog.cron
Nov  7 14:01:02 webserver run-parts(/etc/cron.hourly)[2543 starting 0anacron
Nov  7 14:01:02 webserver run-parts(/etc/cron.hourly)[2544 finished 0anacron
Nov  7 14:01:02 webserver run-parts(/etc/cron.hourly)[2543 starting mcelog.cron
Nov  7 14:01:02 webserver run-parts(/etc/cron.hourly)[2544 finished mcelog.cron
Nov  7 15:01:01 localhost run-parts(/etc/cron.hourly)[3062 starting 0anacron
Nov  7 15:01:01 localhost run-parts(/etc/cron.hourly)[3063 finished 0anacron
Nov  7 15:01:01 localhost run-parts(/etc/cron.hourly)[3062 starting mcelog.cron
Nov  7 15:01:01 localhost run-parts(/etc/cron.hourly)[3064 finished mcelog.cron
Nov  7 15:01:01 webserver run-parts(/etc/cron.hourly)[2580 starting 0anacron
Nov  7 15:01:02 webserver run-parts(/etc/cron.hourly)[2581 finished 0anacron
Nov  7 15:01:02 webserver run-parts(/etc/cron.hourly)[2580 starting mcelog.cron
Nov  7 15:01:02 webserver run-parts(/etc/cron.hourly)[2582 finished mcelog.cron
Nov  7 16:01:01 localhost run-parts(/etc/cron.hourly)[3191 starting 0anacron
Nov  7 16:01:01 localhost run-parts(/etc/cron.hourly)[3191 finished 0anacron
Nov  7 16:01:01 localhost run-parts(/etc/cron.hourly)[3191 starting mcelog.cron
Nov  7 16:01:01 localhost run-parts(/etc/cron.hourly)[3192 finished mcelog.cron
Nov  7 16:01:01 webserver run-parts(/etc/cron.hourly)[2617 starting 0anacron
Nov  7 16:01:01 webserver run-parts(/etc/cron.hourly)[2618 finished 0anacron
Nov  7 16:01:02 webserver run-parts(/etc/cron.hourly)[2617 starting mcelog.cron
Nov  7 16:01:02 webserver run-parts(/etc/cron.hourly)[2619 finished mcelog.cron
Nov  7 17:01:01 localhost run-parts(/etc/cron.hourly)[791] starting 0anacron
Nov  7 17:01:01 localhost run-parts(/etc/cron.hourly)[800] finished 0anacron
Nov  7 17:01:01 localhost run-parts(/etc/cron.hourly)[791] starting mcelog.cron
Nov  7 17:01:01 localhost run-parts(/etc/cron.hourly)[806] finished mcelog.cron
Nov  7 17:01:01 webserver run-parts(/etc/cron.hourly)[2653 starting 0anacron
Nov  7 17:01:01 webserver run-parts(/etc/cron.hourly)[2654 finished 0anacron
Nov  7 17:01:01 webserver run-parts(/etc/cron.hourly)[2653 starting mcelog.cron
Nov  7 17:01:01 webserver run-parts(/etc/cron.hourly)[2655 finished mcelog.cron
Nov  7 18:01:01 localhost run-parts(/etc/cron.hourly)[2211 starting 0anacron
Nov  7 18:01:01 localhost run-parts(/etc/cron.hourly)[2226 finished 0anacron
Nov  7 18:01:01 localhost run-parts(/etc/cron.hourly)[2211 starting mcelog.cron
Nov  7 18:01:01 localhost run-parts(/etc/cron.hourly)[2232 finished mcelog.cron
Nov  7 18:01:01 webserver run-parts(/etc/cron.hourly)[2689 starting 0anacron
Nov  7 18:01:01 webserver run-parts(/etc/cron.hourly)[2690 finished 0anacron
Nov  7 18:01:01 webserver run-parts(/etc/cron.hourly)[2689 starting mcelog.cron
Nov  7 18:01:01 webserver run-parts(/etc/cron.hourly)[2691 finished mcelog.cron
Nov  7 19:01:01 webserver run-parts(/etc/cron.hourly)[2726 starting 0anacron
Nov  7 19:01:01 webserver run-parts(/etc/cron.hourly)[2727 finished 0anacron
Nov  7 19:01:01 webserver run-parts(/etc/cron.hourly)[2726 starting mcelog.cron
Nov  7 19:01:01 webserver run-parts(/etc/cron.hourly)[2727 finished mcelog.cron
Nov  7 19:01:01 localhost run-parts(/etc/cron.hourly)[3553 starting 0anacron
Nov  7 19:01:01 localhost run-parts(/etc/cron.hourly)[3562 finished 0anacron
Nov  7 19:01:01 localhost run-parts(/etc/cron.hourly)[3553 starting mcelog.cron
Nov  7 19:01:01 localhost run-parts(/etc/cron.hourly)[3568 finished mcelog.cron
Nov  7 20:01:01 webserver run-parts(/etc/cron.hourly)[2762 starting 0anacron
Nov  7 20:01:01 webserver run-parts(/etc/cron.hourly)[2763 finished 0anacron
Nov  7 20:01:01 webserver run-parts(/etc/cron.hourly)[2762 starting mcelog.cron
Nov  7 20:01:01 webserver run-parts(/etc/cron.hourly)[2763 finished mcelog.cron
Nov  7 20:01:01 localhost run-parts(/etc/cron.hourly)[4901 starting 0anacron
Nov  7 20:01:01 localhost run-parts(/etc/cron.hourly)[4910 finished 0anacron
Nov  7 20:01:01 localhost run-parts(/etc/cron.hourly)[4901 starting mcelog.cron
Nov  7 20:01:01 localhost run-parts(/etc/cron.hourly)[4916 finished mcelog.cron
Nov  7 21:01:01 webserver run-parts(/etc/cron.hourly)[2798 starting 0anacron
Nov  7 21:01:01 webserver run-parts(/etc/cron.hourly)[2799 finished 0anacron
Nov  7 21:01:01 webserver run-parts(/etc/cron.hourly)[2798 starting mcelog.cron
Nov  7 21:01:01 webserver run-parts(/etc/cron.hourly)[2800 finished mcelog.cron
Nov  7 21:01:01 localhost run-parts(/etc/cron.hourly)[6113 starting 0anacron
Nov  7 21:01:01 localhost run-parts(/etc/cron.hourly)[6122 finished 0anacron
Nov  7 21:01:01 localhost run-parts(/etc/cron.hourly)[6113 starting mcelog.cron
Nov  7 21:01:01 localhost run-parts(/etc/cron.hourly)[6128 finished mcelog.cron
Nov  7 22:01:01 localhost run-parts(/etc/cron.hourly)[7448 starting 0anacron
Nov  7 22:01:01 localhost run-parts(/etc/cron.hourly)[7457 finished 0anacron
Nov  7 22:01:01 localhost run-parts(/etc/cron.hourly)[7448 starting mcelog.cron
Nov  7 22:01:01 localhost run-parts(/etc/cron.hourly)[7463 finished mcelog.cron
Nov  7 22:01:01 webserver run-parts(/etc/cron.hourly)[2834 starting 0anacron
Nov  7 22:01:01 webserver run-parts(/etc/cron.hourly)[2835 finished 0anacron
Nov  7 22:01:01 webserver run-parts(/etc/cron.hourly)[2834 starting mcelog.cron
Nov  7 22:01:01 webserver run-parts(/etc/cron.hourly)[2836 finished mcelog.cron
Nov  7 23:01:01 localhost run-parts(/etc/cron.hourly)[8760 starting 0anacron
Nov  7 23:01:01 localhost run-parts(/etc/cron.hourly)[8769 finished 0anacron
Nov  7 23:01:01 localhost run-parts(/etc/cron.hourly)[8760 starting mcelog.cron
Nov  7 23:01:01 localhost run-parts(/etc/cron.hourly)[8775 finished mcelog.cron
Nov  7 23:01:01 webserver run-parts(/etc/cron.hourly)[2870 starting 0anacron
Nov  7 23:01:01 webserver run-parts(/etc/cron.hourly)[2871 finished 0anacron
Nov  7 23:01:01 webserver run-parts(/etc/cron.hourly)[2870 starting mcelog.cron
Nov  7 23:01:01 webserver run-parts(/etc/cron.hourly)[2872 finished mcelog.cron
