Nov  4 00:00:01 webserver CROND[25578]: (root) CMD (bash /root/Documents/log.sh)
Nov  4 00:01:01 localhost CROND[7083]: (root) CMD (run-parts /etc/cron.hourly)
Nov  4 00:01:02 webserver CROND[25586]: (root) CMD (run-parts /etc/cron.hourly)
Nov  4 00:01:02 webserver CROND[25588]: (root) CMD (bash /root/Documents/log.sh)
Nov  4 00:02:01 webserver CROND[25611]: (root) CMD (bash /root/Documents/log.sh)
Nov  4 00:03:01 webserver CROND[25616]: (root) CMD (bash /root/Documents/log.sh)
Nov  4 00:04:01 webserver CROND[25622]: (root) CMD (bash /root/Documents/log.sh)
Nov  4 00:05:01 webserver CROND[25628]: (root) CMD (bash /root/Documents/log.sh)
Nov  4 00:06:01 webserver CROND[25634]: (root) CMD (bash /root/Documents/log.sh)
Nov  4 00:07:01 webserver CROND[25639]: (root) CMD (bash /root/Documents/log.sh)
Nov  4 00:08:01 webserver CROND[25644]: (root) CMD (bash /root/Documents/log.sh)
Nov  4 00:09:01 webserver CROND[25650]: (root) CMD (bash /root/Documents/log.sh)
Nov  4 00:10:01 webserver CROND[25655]: (root) CMD (bash /root/Documents/log.sh)
Nov  4 00:11:01 webserver CROND[25662]: (root) CMD (bash /root/Documents/log.sh)
Nov  4 00:12:01 webserver CROND[25667]: (root) CMD (bash /root/Documents/log.sh)
Nov  4 00:13:01 webserver CROND[25672]: (root) CMD (bash /root/Documents/log.sh)
Nov  4 00:14:01 webserver CROND[25678]: (root) CMD (bash /root/Documents/log.sh)
Nov  4 00:15:01 webserver CROND[25684]: (root) CMD (bash /root/Documents/log.sh)
Nov  4 00:16:01 webserver CROND[25690]: (root) CMD (bash /root/Documents/log.sh)
Nov  4 00:17:01 webserver CROND[25695]: (root) CMD (bash /root/Documents/log.sh)
Nov  4 00:18:01 webserver CROND[25700]: (root) CMD (bash /root/Documents/log.sh)
Nov  4 01:01:01 localhost CROND[7151]: (root) CMD (run-parts /etc/cron.hourly)
Nov  4 02:01:01 localhost CROND[7272]: (root) CMD (run-parts /etc/cron.hourly)
Nov  4 03:01:01 localhost CROND[7691]: (root) CMD (run-parts /etc/cron.hourly)
Nov  4 03:30:01 localhost CROND[7725]: (root) CMD ("/root/Downloads/sn.sh")
Nov  4 03:30:01 localhost CROND[7723]: (root) CMDOUT (/bin/bash: /root/Downloads/sn.sh: Permission denied)
Nov  4 04:01:01 localhost CROND[7998]: (root) CMD (run-parts /etc/cron.hourly)
Nov  4 04:35:01 webserver CROND[27292]: (root) CMD (bash /root/Documents/log.sh)
Nov  4 04:36:01 webserver CROND[27301]: (root) CMD (bash /root/Documents/log.sh)
Nov  4 04:37:01 webserver CROND[27307]: (root) CMD (bash /root/Documents/log.sh)
Nov  4 04:38:01 webserver CROND[27312]: (root) CMD (bash /root/Documents/log.sh)
Nov  4 04:39:01 webserver CROND[27317]: (root) CMD (bash /root/Documents/log.sh)
Nov  4 04:40:01 webserver CROND[27322]: (root) CMD (bash /root/Documents/log.sh)
Nov  4 04:41:01 webserver CROND[27328]: (root) CMD (bash /root/Documents/log.sh)
Nov  4 04:42:01 webserver CROND[27334]: (root) CMD (bash /root/Documents/log.sh)
Nov  4 04:43:01 webserver CROND[27339]: (root) CMD (bash /root/Documents/log.sh)
Nov  4 04:44:01 webserver CROND[27344]: (root) CMD (bash /root/Documents/log.sh)
Nov  4 04:45:02 webserver CROND[27355]: (root) CMD (bash /root/Documents/log.sh)
Nov  4 04:46:01 webserver CROND[27361]: (root) CMD (bash /root/Documents/log.sh)
Nov  4 04:47:01 webserver CROND[27367]: (root) CMD (bash /root/Documents/log.sh)
Nov  4 04:48:01 webserver CROND[27372]: (root) CMD (bash /root/Documents/log.sh)
Nov  4 04:49:01 webserver CROND[27377]: (root) CMD (bash /root/Documents/log.sh)
Nov  4 04:50:01 webserver CROND[27383]: (root) CMD (bash /root/Documents/log.sh)
Nov  4 04:51:01 webserver CROND[27389]: (root) CMD (bash /root/Documents/log.sh)
Nov  4 04:52:01 webserver CROND[27394]: (root) CMD (bash /root/Documents/log.sh)
Nov  4 04:53:01 webserver CROND[27400]: (root) CMD (bash /root/Documents/log.sh)
Nov  4 04:54:01 webserver CROND[27405]: (root) CMD (bash /root/Documents/log.sh)
Nov  4 04:55:01 webserver CROND[27412]: (root) CMD (bash /root/Documents/log.sh)
Nov  4 04:56:01 webserver CROND[27418]: (root) CMD (bash /root/Documents/log.sh)
Nov  4 04:57:01 webserver CROND[27423]: (root) CMD (bash /root/Documents/log.sh)
Nov  4 04:58:01 webserver CROND[27429]: (root) CMD (bash /root/Documents/log.sh)
Nov  4 04:59:01 webserver CROND[27434]: (root) CMD (bash /root/Documents/log.sh)
Nov  4 05:00:01 webserver CROND[27439]: (root) CMD (bash /root/Documents/log.sh)
Nov  4 05:01:01 localhost CROND[8526]: (root) CMD (run-parts /etc/cron.hourly)
Nov  4 05:01:01 webserver CROND[27448]: (root) CMD (run-parts /etc/cron.hourly)
Nov  4 05:01:01 webserver CROND[27449]: (root) CMD (bash /root/Documents/log.sh)
Nov  4 05:02:01 webserver CROND[27470]: (root) CMD (bash /root/Documents/log.sh)
Nov  4 05:03:01 webserver CROND[27476]: (root) CMD (bash /root/Documents/log.sh)
Nov  4 05:04:01 webserver CROND[27481]: (root) CMD (bash /root/Documents/log.sh)
Nov  4 05:05:01 webserver CROND[27487]: (root) CMD (bash /root/Documents/log.sh)
Nov  4 05:06:01 webserver CROND[27493]: (root) CMD (bash /root/Documents/log.sh)
Nov  4 05:07:01 webserver CROND[27498]: (root) CMD (bash /root/Documents/log.sh)
Nov  4 05:08:01 webserver CROND[27504]: (root) CMD (bash /root/Documents/log.sh)
Nov  4 05:09:01 webserver CROND[27510]: (root) CMD (bash /root/Documents/log.sh)
Nov  4 05:10:01 webserver CROND[27515]: (root) CMD (bash /root/Documents/log.sh)
Nov  4 05:11:01 webserver CROND[27521]: (root) CMD (bash /root/Documents/log.sh)
Nov  4 05:12:01 webserver CROND[27526]: (root) CMD (bash /root/Documents/log.sh)
Nov  4 05:13:01 webserver CROND[27531]: (root) CMD (bash /root/Documents/log.sh)
Nov  4 05:14:01 webserver CROND[27537]: (root) CMD (bash /root/Documents/log.sh)
Nov  4 05:15:01 webserver CROND[27544]: (root) CMD (bash /root/Documents/log.sh)
Nov  4 05:16:01 webserver CROND[27550]: (root) CMD (bash /root/Documents/log.sh)
Nov  4 05:17:01 webserver CROND[27555]: (root) CMD (bash /root/Documents/log.sh)
Nov  4 05:18:01 webserver CROND[27560]: (root) CMD (bash /root/Documents/log.sh)
Nov  4 05:19:01 webserver CROND[27566]: (root) CMD (bash /root/Documents/log.sh)
Nov  4 05:20:01 webserver CROND[27571]: (root) CMD (bash /root/Documents/log.sh)
Nov  4 05:21:01 webserver CROND[27577]: (root) CMD (bash /root/Documents/log.sh)
Nov  4 05:22:01 webserver CROND[27582]: (root) CMD (bash /root/Documents/log.sh)
Nov  4 05:23:01 webserver CROND[27587]: (root) CMD (bash /root/Documents/log.sh)
Nov  4 05:24:01 webserver CROND[27593]: (root) CMD (bash /root/Documents/log.sh)
Nov  4 05:25:01 webserver CROND[27599]: (root) CMD (bash /root/Documents/log.sh)
Nov  4 05:26:01 webserver CROND[27605]: (root) CMD (bash /root/Documents/log.sh)
Nov  4 05:27:01 webserver CROND[27610]: (root) CMD (bash /root/Documents/log.sh)
Nov  4 05:28:01 webserver CROND[27615]: (root) CMD (bash /root/Documents/log.sh)
Nov  4 05:29:01 webserver CROND[27621]: (root) CMD (bash /root/Documents/log.sh)
Nov  4 05:30:01 webserver CROND[27626]: (root) CMD (bash /root/Documents/log.sh)
Nov  4 05:31:01 webserver CROND[27633]: (root) CMD (bash /root/Documents/log.sh)
Nov  4 05:32:01 webserver CROND[27638]: (root) CMD (bash /root/Documents/log.sh)
Nov  4 05:33:01 webserver CROND[27643]: (root) CMD (bash /root/Documents/log.sh)
Nov  4 05:34:01 webserver CROND[27648]: (root) CMD (bash /root/Documents/log.sh)
Nov  4 05:35:01 webserver CROND[27655]: (root) CMD (bash /root/Documents/log.sh)
Nov  4 05:36:01 webserver CROND[27664]: (root) CMD (bash /root/Documents/log.sh)
Nov  4 05:37:01 webserver CROND[27669]: (root) CMD (bash /root/Documents/log.sh)
Nov  4 05:38:01 webserver CROND[27674]: (root) CMD (bash /root/Documents/log.sh)
Nov  4 05:39:01 webserver CROND[27679]: (root) CMD (bash /root/Documents/log.sh)
Nov  4 05:40:01 webserver CROND[27685]: (root) CMD (bash /root/Documents/log.sh)
Nov  4 05:41:01 webserver CROND[27691]: (root) CMD (bash /root/Documents/log.sh)
Nov  4 05:42:01 webserver CROND[27696]: (root) CMD (bash /root/Documents/log.sh)
Nov  4 05:43:01 webserver CROND[27701]: (root) CMD (bash /root/Documents/log.sh)
Nov  4 05:44:01 webserver CROND[27706]: (root) CMD (bash /root/Documents/log.sh)
Nov  4 05:45:01 webserver CROND[27718]: (root) CMD (bash /root/Documents/log.sh)
Nov  4 05:46:02 webserver CROND[27724]: (root) CMD (bash /root/Documents/log.sh)
Nov  4 05:47:01 webserver CROND[27729]: (root) CMD (bash /root/Documents/log.sh)
Nov  4 05:48:01 webserver CROND[27734]: (root) CMD (bash /root/Documents/log.sh)
Nov  4 05:49:01 webserver CROND[27739]: (root) CMD (bash /root/Documents/log.sh)
Nov  4 05:50:01 webserver CROND[27746]: (root) CMD (bash /root/Documents/log.sh)
Nov  4 05:51:01 webserver CROND[27752]: (root) CMD (bash /root/Documents/log.sh)
Nov  4 05:52:01 webserver CROND[27758]: (root) CMD (bash /root/Documents/log.sh)
Nov  4 05:53:01 webserver CROND[27763]: (root) CMD (bash /root/Documents/log.sh)
Nov  4 05:54:01 webserver CROND[27768]: (root) CMD (bash /root/Documents/log.sh)
Nov  4 05:55:01 webserver CROND[27774]: (root) CMD (bash /root/Documents/log.sh)
Nov  4 05:56:01 webserver CROND[27781]: (root) CMD (bash /root/Documents/log.sh)
Nov  4 05:57:01 webserver CROND[27786]: (root) CMD (bash /root/Documents/log.sh)
Nov  4 05:58:01 webserver CROND[27791]: (root) CMD (bash /root/Documents/log.sh)
Nov  4 05:59:01 webserver CROND[27796]: (root) CMD (bash /root/Documents/log.sh)
Nov  4 06:00:01 webserver CROND[27801]: (root) CMD (bash /root/Documents/log.sh)
Nov  4 06:01:01 localhost CROND[8793]: (root) CMD (run-parts /etc/cron.hourly)
Nov  4 06:01:01 webserver CROND[27811]: (root) CMD (bash /root/Documents/log.sh)
Nov  4 06:01:01 webserver CROND[27813]: (root) CMD (run-parts /etc/cron.hourly)
Nov  4 06:02:01 webserver CROND[27833]: (root) CMD (bash /root/Documents/log.sh)
Nov  4 06:03:01 webserver CROND[27838]: (root) CMD (bash /root/Documents/log.sh)
Nov  4 06:04:01 webserver CROND[27843]: (root) CMD (bash /root/Documents/log.sh)
Nov  4 06:05:01 webserver CROND[27849]: (root) CMD (bash /root/Documents/log.sh)
Nov  4 06:06:01 webserver CROND[27856]: (root) CMD (bash /root/Documents/log.sh)
Nov  4 06:07:01 webserver CROND[27861]: (root) CMD (bash /root/Documents/log.sh)
Nov  4 06:08:01 webserver CROND[27866]: (root) CMD (bash /root/Documents/log.sh)
Nov  4 06:09:01 webserver CROND[27871]: (root) CMD (bash /root/Documents/log.sh)
Nov  4 06:10:01 webserver CROND[27876]: (root) CMD (bash /root/Documents/log.sh)
Nov  4 06:11:01 webserver CROND[27883]: (root) CMD (bash /root/Documents/log.sh)
Nov  4 06:12:01 webserver CROND[27888]: (root) CMD (bash /root/Documents/log.sh)
Nov  4 06:13:01 webserver CROND[27893]: (root) CMD (bash /root/Documents/log.sh)
Nov  4 06:14:01 webserver CROND[27899]: (root) CMD (bash /root/Documents/log.sh)
Nov  4 06:15:01 webserver CROND[27905]: (root) CMD (bash /root/Documents/log.sh)
Nov  4 06:16:01 webserver CROND[27911]: (root) CMD (bash /root/Documents/log.sh)
Nov  4 06:17:01 webserver CROND[27917]: (root) CMD (bash /root/Documents/log.sh)
Nov  4 06:18:01 webserver CROND[27922]: (root) CMD (bash /root/Documents/log.sh)
Nov  4 06:19:01 webserver CROND[27927]: (root) CMD (bash /root/Documents/log.sh)
Nov  4 06:20:01 webserver CROND[27932]: (root) CMD (bash /root/Documents/log.sh)
Nov  4 06:21:01 webserver CROND[27938]: (root) CMD (bash /root/Documents/log.sh)
Nov  4 06:22:01 webserver CROND[27944]: (root) CMD (bash /root/Documents/log.sh)
Nov  4 06:23:01 webserver CROND[27949]: (root) CMD (bash /root/Documents/log.sh)
Nov  4 06:24:01 webserver CROND[27954]: (root) CMD (bash /root/Documents/log.sh)
Nov  4 06:25:01 webserver CROND[27960]: (root) CMD (bash /root/Documents/log.sh)
Nov  4 06:26:02 webserver CROND[27966]: (root) CMD (bash /root/Documents/log.sh)
Nov  4 06:27:01 webserver CROND[27972]: (root) CMD (bash /root/Documents/log.sh)
Nov  4 06:28:01 webserver CROND[27977]: (root) CMD (bash /root/Documents/log.sh)
Nov  4 06:29:01 webserver CROND[27982]: (root) CMD (bash /root/Documents/log.sh)
Nov  4 06:30:01 webserver CROND[27987]: (root) CMD (bash /root/Documents/log.sh)
Nov  4 06:31:01 webserver CROND[27993]: (root) CMD (bash /root/Documents/log.sh)
Nov  4 06:32:01 webserver CROND[27999]: (root) CMD (bash /root/Documents/log.sh)
Nov  4 06:33:01 webserver CROND[28004]: (root) CMD (bash /root/Documents/log.sh)
Nov  4 06:34:01 webserver CROND[28009]: (root) CMD (bash /root/Documents/log.sh)
Nov  4 06:35:01 webserver CROND[28015]: (root) CMD (bash /root/Documents/log.sh)
Nov  4 06:36:01 webserver CROND[28025]: (root) CMD (bash /root/Documents/log.sh)
Nov  4 06:37:01 webserver CROND[28030]: (root) CMD (bash /root/Documents/log.sh)
Nov  4 06:38:01 webserver CROND[28036]: (root) CMD (bash /root/Documents/log.sh)
Nov  4 06:39:01 webserver CROND[28041]: (root) CMD (bash /root/Documents/log.sh)
Nov  4 06:40:01 webserver CROND[28046]: (root) CMD (bash /root/Documents/log.sh)
Nov  4 06:41:01 webserver CROND[28052]: (root) CMD (bash /root/Documents/log.sh)
Nov  4 06:42:01 webserver CROND[28057]: (root) CMD (bash /root/Documents/log.sh)
Nov  4 06:43:01 webserver CROND[28063]: (root) CMD (bash /root/Documents/log.sh)
Nov  4 06:44:01 webserver CROND[28068]: (root) CMD (bash /root/Documents/log.sh)
Nov  4 06:45:01 webserver CROND[28079]: (root) CMD (bash /root/Documents/log.sh)
Nov  4 06:46:01 webserver CROND[28085]: (root) CMD (bash /root/Documents/log.sh)
Nov  4 06:47:02 webserver CROND[28090]: (root) CMD (bash /root/Documents/log.sh)
Nov  4 06:48:01 webserver CROND[28096]: (root) CMD (bash /root/Documents/log.sh)
Nov  4 06:49:01 webserver CROND[28101]: (root) CMD (bash /root/Documents/log.sh)
Nov  4 06:50:01 webserver CROND[28108]: (root) CMD (bash /root/Documents/log.sh)
Nov  4 06:51:01 webserver CROND[28114]: (root) CMD (bash /root/Documents/log.sh)
Nov  4 06:52:01 webserver CROND[28119]: (root) CMD (bash /root/Documents/log.sh)
Nov  4 06:53:01 webserver CROND[28125]: (root) CMD (bash /root/Documents/log.sh)
Nov  4 06:54:01 webserver CROND[28130]: (root) CMD (bash /root/Documents/log.sh)
Nov  4 06:55:01 webserver CROND[28136]: (root) CMD (bash /root/Documents/log.sh)
Nov  4 06:56:01 webserver CROND[28142]: (root) CMD (bash /root/Documents/log.sh)
Nov  4 06:57:01 webserver CROND[28147]: (root) CMD (bash /root/Documents/log.sh)
Nov  4 06:58:01 webserver CROND[28152]: (root) CMD (bash /root/Documents/log.sh)
Nov  4 06:59:01 webserver CROND[28158]: (root) CMD (bash /root/Documents/log.sh)
Nov  4 07:00:01 webserver CROND[28163]: (root) CMD (bash /root/Documents/log.sh)
Nov  4 07:01:01 localhost CROND[8914]: (root) CMD (run-parts /etc/cron.hourly)
Nov  4 07:01:01 webserver CROND[28171]: (root) CMD (bash /root/Documents/log.sh)
Nov  4 07:01:01 webserver CROND[28172]: (root) CMD (run-parts /etc/cron.hourly)
Nov  4 07:02:01 webserver CROND[28193]: (root) CMD (bash /root/Documents/log.sh)
Nov  4 07:03:01 webserver CROND[28198]: (root) CMD (bash /root/Documents/log.sh)
Nov  4 07:04:01 webserver CROND[28205]: (root) CMD (bash /root/Documents/log.sh)
Nov  4 07:05:01 webserver CROND[28211]: (root) CMD (bash /root/Documents/log.sh)
Nov  4 07:06:02 webserver CROND[28217]: (root) CMD (bash /root/Documents/log.sh)
Nov  4 07:07:01 webserver CROND[28222]: (root) CMD (bash /root/Documents/log.sh)
Nov  4 07:08:01 webserver CROND[28227]: (root) CMD (bash /root/Documents/log.sh)
Nov  4 07:09:01 webserver CROND[28233]: (root) CMD (bash /root/Documents/log.sh)
Nov  4 07:10:01 webserver CROND[28238]: (root) CMD (bash /root/Documents/log.sh)
Nov  4 07:11:01 webserver CROND[28244]: (root) CMD (bash /root/Documents/log.sh)
Nov  4 07:12:01 webserver CROND[28249]: (root) CMD (bash /root/Documents/log.sh)
Nov  4 07:13:01 webserver CROND[28255]: (root) CMD (bash /root/Documents/log.sh)
Nov  4 07:14:01 webserver CROND[28261]: (root) CMD (bash /root/Documents/log.sh)
Nov  4 07:15:01 webserver CROND[28267]: (root) CMD (bash /root/Documents/log.sh)
Nov  4 07:16:01 webserver CROND[28273]: (root) CMD (bash /root/Documents/log.sh)
Nov  4 07:17:01 webserver CROND[28278]: (root) CMD (bash /root/Documents/log.sh)
Nov  4 07:18:01 webserver CROND[28283]: (root) CMD (bash /root/Documents/log.sh)
Nov  4 07:19:01 webserver CROND[28288]: (root) CMD (bash /root/Documents/log.sh)
Nov  4 07:20:01 webserver CROND[28295]: (root) CMD (bash /root/Documents/log.sh)
Nov  4 07:21:01 webserver CROND[28301]: (root) CMD (bash /root/Documents/log.sh)
Nov  4 07:22:01 webserver CROND[28306]: (root) CMD (bash /root/Documents/log.sh)
Nov  4 07:23:01 webserver CROND[28311]: (root) CMD (bash /root/Documents/log.sh)
Nov  4 07:24:01 webserver CROND[28316]: (root) CMD (bash /root/Documents/log.sh)
Nov  4 07:25:01 webserver CROND[28323]: (root) CMD (bash /root/Documents/log.sh)
Nov  4 07:26:01 webserver CROND[28329]: (root) CMD (bash /root/Documents/log.sh)
Nov  4 07:27:02 webserver CROND[28334]: (root) CMD (bash /root/Documents/log.sh)
Nov  4 07:28:01 webserver CROND[28339]: (root) CMD (bash /root/Documents/log.sh)
Nov  4 07:29:01 webserver CROND[28345]: (root) CMD (bash /root/Documents/log.sh)
Nov  4 07:30:01 webserver CROND[28351]: (root) CMD (bash /root/Documents/log.sh)
Nov  4 07:31:01 webserver CROND[28357]: (root) CMD (bash /root/Documents/log.sh)
Nov  4 07:32:01 webserver CROND[28362]: (root) CMD (bash /root/Documents/log.sh)
Nov  4 07:33:01 webserver CROND[28367]: (root) CMD (bash /root/Documents/log.sh)
Nov  4 07:34:01 webserver CROND[28372]: (root) CMD (bash /root/Documents/log.sh)
Nov  4 07:35:01 webserver CROND[28379]: (root) CMD (bash /root/Documents/log.sh)
Nov  4 07:36:01 webserver CROND[28388]: (root) CMD (bash /root/Documents/log.sh)
Nov  4 07:37:01 webserver CROND[28393]: (root) CMD (bash /root/Documents/log.sh)
Nov  4 07:38:01 webserver CROND[28398]: (root) CMD (bash /root/Documents/log.sh)
Nov  4 07:39:01 webserver CROND[28403]: (root) CMD (bash /root/Documents/log.sh)
Nov  4 07:40:01 webserver CROND[28408]: (root) CMD (bash /root/Documents/log.sh)
Nov  4 07:41:01 webserver CROND[28416]: (root) CMD (bash /root/Documents/log.sh)
Nov  4 07:42:01 webserver CROND[28421]: (root) CMD (bash /root/Documents/log.sh)
Nov  4 07:43:01 webserver CROND[28426]: (root) CMD (bash /root/Documents/log.sh)
Nov  4 07:44:01 webserver CROND[28431]: (root) CMD (bash /root/Documents/log.sh)
Nov  4 07:45:01 webserver CROND[28442]: (root) CMD (bash /root/Documents/log.sh)
Nov  4 07:46:01 webserver CROND[28449]: (root) CMD (bash /root/Documents/log.sh)
Nov  4 07:47:01 webserver CROND[28454]: (root) CMD (bash /root/Documents/log.sh)
Nov  4 07:48:01 webserver CROND[28459]: (root) CMD (bash /root/Documents/log.sh)
Nov  4 07:49:01 webserver CROND[28464]: (root) CMD (bash /root/Documents/log.sh)
Nov  4 07:50:01 webserver CROND[28471]: (root) CMD (bash /root/Documents/log.sh)
Nov  4 07:51:01 webserver CROND[28478]: (root) CMD (bash /root/Documents/log.sh)
Nov  4 07:52:01 webserver CROND[28483]: (root) CMD (bash /root/Documents/log.sh)
Nov  4 07:53:01 webserver CROND[28488]: (root) CMD (bash /root/Documents/log.sh)
Nov  4 07:54:01 webserver CROND[28493]: (root) CMD (bash /root/Documents/log.sh)
Nov  4 07:55:01 webserver CROND[28499]: (root) CMD (bash /root/Documents/log.sh)
Nov  4 07:56:01 webserver CROND[28505]: (root) CMD (bash /root/Documents/log.sh)
Nov  4 07:57:01 webserver CROND[28512]: (root) CMD (bash /root/Documents/log.sh)
Nov  4 07:58:01 webserver CROND[28517]: (root) CMD (bash /root/Documents/log.sh)
Nov  4 07:59:01 webserver CROND[28522]: (root) CMD (bash /root/Documents/log.sh)
Nov  4 08:00:01 webserver CROND[28527]: (root) CMD (bash /root/Documents/log.sh)
Nov  4 08:01:01 webserver CROND[28534]: (root) CMD (bash /root/Documents/log.sh)
Nov  4 08:01:01 webserver CROND[28536]: (root) CMD (run-parts /etc/cron.hourly)
Nov  4 08:01:01 localhost CROND[9171]: (root) CMD (run-parts /etc/cron.hourly)
Nov  4 08:02:01 webserver CROND[28558]: (root) CMD (bash /root/Documents/log.sh)
Nov  4 08:03:01 webserver CROND[28563]: (root) CMD (bash /root/Documents/log.sh)
Nov  4 08:04:01 webserver CROND[28568]: (root) CMD (bash /root/Documents/log.sh)
Nov  4 08:05:01 webserver CROND[28574]: (root) CMD (bash /root/Documents/log.sh)
Nov  4 08:06:01 webserver CROND[28579]: (root) CMD (bash /root/Documents/log.sh)
Nov  4 08:07:02 webserver CROND[28586]: (root) CMD (bash /root/Documents/log.sh)
Nov  4 08:08:01 webserver CROND[28591]: (root) CMD (bash /root/Documents/log.sh)
Nov  4 08:09:01 webserver CROND[28596]: (root) CMD (bash /root/Documents/log.sh)
Nov  4 08:10:01 webserver CROND[28601]: (root) CMD (bash /root/Documents/log.sh)
Nov  4 08:11:01 webserver CROND[28606]: (root) CMD (bash /root/Documents/log.sh)
Nov  4 08:12:01 webserver CROND[28613]: (root) CMD (bash /root/Documents/log.sh)
Nov  4 08:13:01 webserver CROND[28618]: (root) CMD (bash /root/Documents/log.sh)
Nov  4 08:14:01 webserver CROND[28623]: (root) CMD (bash /root/Documents/log.sh)
Nov  4 08:15:01 webserver CROND[28629]: (root) CMD (bash /root/Documents/log.sh)
Nov  4 08:16:01 webserver CROND[28634]: (root) CMD (bash /root/Documents/log.sh)
Nov  4 08:17:01 webserver CROND[28641]: (root) CMD (bash /root/Documents/log.sh)
Nov  4 08:18:01 webserver CROND[28646]: (root) CMD (bash /root/Documents/log.sh)
Nov  4 08:19:01 webserver CROND[28651]: (root) CMD (bash /root/Documents/log.sh)
Nov  4 08:20:01 webserver CROND[28656]: (root) CMD (bash /root/Documents/log.sh)
Nov  4 08:21:01 webserver CROND[28661]: (root) CMD (bash /root/Documents/log.sh)
Nov  4 08:22:01 webserver CROND[28667]: (root) CMD (bash /root/Documents/log.sh)
Nov  4 08:23:01 webserver CROND[28673]: (root) CMD (bash /root/Documents/log.sh)
Nov  4 08:24:01 webserver CROND[28678]: (root) CMD (bash /root/Documents/log.sh)
Nov  4 08:25:01 webserver CROND[28684]: (root) CMD (bash /root/Documents/log.sh)
Nov  4 08:26:01 webserver CROND[28690]: (root) CMD (bash /root/Documents/log.sh)
Nov  4 08:27:01 webserver CROND[28696]: (root) CMD (bash /root/Documents/log.sh)
Nov  4 08:28:02 webserver CROND[28702]: (root) CMD (bash /root/Documents/log.sh)
Nov  4 08:29:01 webserver CROND[28707]: (root) CMD (bash /root/Documents/log.sh)
Nov  4 08:30:01 webserver CROND[28712]: (root) CMD (bash /root/Documents/log.sh)
Nov  4 08:31:01 webserver CROND[28717]: (root) CMD (bash /root/Documents/log.sh)
Nov  4 08:32:01 webserver CROND[28723]: (root) CMD (bash /root/Documents/log.sh)
Nov  4 08:33:01 webserver CROND[28729]: (root) CMD (bash /root/Documents/log.sh)
Nov  4 08:34:01 webserver CROND[28734]: (root) CMD (bash /root/Documents/log.sh)
Nov  4 08:35:01 webserver CROND[28740]: (root) CMD (bash /root/Documents/log.sh)
Nov  4 08:36:01 webserver CROND[28749]: (root) CMD (bash /root/Documents/log.sh)
Nov  4 08:37:01 webserver CROND[28755]: (root) CMD (bash /root/Documents/log.sh)
Nov  4 08:38:01 webserver CROND[28761]: (root) CMD (bash /root/Documents/log.sh)
Nov  4 08:39:01 webserver CROND[28766]: (root) CMD (bash /root/Documents/log.sh)
Nov  4 08:40:01 webserver CROND[28771]: (root) CMD (bash /root/Documents/log.sh)
Nov  4 08:41:01 webserver CROND[28776]: (root) CMD (bash /root/Documents/log.sh)
Nov  4 08:42:01 webserver CROND[28782]: (root) CMD (bash /root/Documents/log.sh)
Nov  4 08:43:01 webserver CROND[28787]: (root) CMD (bash /root/Documents/log.sh)
Nov  4 08:44:01 webserver CROND[28793]: (root) CMD (bash /root/Documents/log.sh)
Nov  4 08:45:01 webserver CROND[28804]: (root) CMD (bash /root/Documents/log.sh)
Nov  4 08:46:01 webserver CROND[28809]: (root) CMD (bash /root/Documents/log.sh)
Nov  4 08:47:01 webserver CROND[28815]: (root) CMD (bash /root/Documents/log.sh)
Nov  4 08:48:01 webserver CROND[28820]: (root) CMD (bash /root/Documents/log.sh)
Nov  4 08:49:01 webserver CROND[28826]: (root) CMD (bash /root/Documents/log.sh)
Nov  4 08:50:01 webserver CROND[28833]: (root) CMD (bash /root/Documents/log.sh)
Nov  4 08:51:01 webserver CROND[28838]: (root) CMD (bash /root/Documents/log.sh)
Nov  4 08:52:01 webserver CROND[28844]: (root) CMD (bash /root/Documents/log.sh)
Nov  4 08:53:01 webserver CROND[28849]: (root) CMD (bash /root/Documents/log.sh)
Nov  4 08:54:01 webserver CROND[28855]: (root) CMD (bash /root/Documents/log.sh)
Nov  4 08:55:01 webserver CROND[28861]: (root) CMD (bash /root/Documents/log.sh)
Nov  4 08:56:01 webserver CROND[28866]: (root) CMD (bash /root/Documents/log.sh)
Nov  4 08:57:01 webserver CROND[28872]: (root) CMD (bash /root/Documents/log.sh)
Nov  4 08:58:01 webserver CROND[28877]: (root) CMD (bash /root/Documents/log.sh)
Nov  4 08:59:01 webserver CROND[28883]: (root) CMD (bash /root/Documents/log.sh)
Nov  4 09:00:01 webserver CROND[28888]: (root) CMD (bash /root/Documents/log.sh)
Nov  4 09:01:01 webserver CROND[28895]: (root) CMD (bash /root/Documents/log.sh)
Nov  4 09:01:01 webserver CROND[28896]: (root) CMD (run-parts /etc/cron.hourly)
Nov  4 09:01:01 localhost CROND[9215]: (root) CMD (run-parts /etc/cron.hourly)
Nov  4 09:02:01 webserver CROND[28919]: (root) CMD (bash /root/Documents/log.sh)
Nov  4 09:03:01 webserver CROND[28924]: (root) CMD (bash /root/Documents/log.sh)
Nov  4 09:04:01 webserver CROND[28929]: (root) CMD (bash /root/Documents/log.sh)
Nov  4 09:05:01 webserver CROND[28936]: (root) CMD (bash /root/Documents/log.sh)
Nov  4 09:06:01 webserver CROND[28941]: (root) CMD (bash /root/Documents/log.sh)
Nov  4 09:07:01 webserver CROND[28947]: (root) CMD (bash /root/Documents/log.sh)
Nov  4 09:08:02 webserver CROND[28952]: (root) CMD (bash /root/Documents/log.sh)
Nov  4 09:09:01 webserver CROND[28957]: (root) CMD (bash /root/Documents/log.sh)
Nov  4 09:10:01 webserver CROND[28963]: (root) CMD (bash /root/Documents/log.sh)
Nov  4 09:11:01 webserver CROND[28968]: (root) CMD (bash /root/Documents/log.sh)
Nov  4 09:12:01 webserver CROND[28974]: (root) CMD (bash /root/Documents/log.sh)
Nov  4 09:13:01 webserver CROND[28979]: (root) CMD (bash /root/Documents/log.sh)
Nov  4 09:14:01 webserver CROND[28985]: (root) CMD (bash /root/Documents/log.sh)
Nov  4 09:15:01 webserver CROND[28993]: (root) CMD (bash /root/Documents/log.sh)
Nov  4 09:16:01 webserver CROND[28998]: (root) CMD (bash /root/Documents/log.sh)
Nov  4 09:17:01 webserver CROND[29004]: (root) CMD (bash /root/Documents/log.sh)
Nov  4 09:18:01 webserver CROND[29009]: (root) CMD (bash /root/Documents/log.sh)
Nov  4 09:19:01 webserver CROND[29014]: (root) CMD (bash /root/Documents/log.sh)
Nov  4 09:20:01 webserver CROND[29020]: (root) CMD (bash /root/Documents/log.sh)
Nov  4 09:21:01 webserver CROND[29025]: (root) CMD (bash /root/Documents/log.sh)
Nov  4 09:22:01 webserver CROND[29031]: (root) CMD (bash /root/Documents/log.sh)
Nov  4 09:23:01 webserver CROND[29036]: (root) CMD (bash /root/Documents/log.sh)
Nov  4 09:24:01 webserver CROND[29041]: (root) CMD (bash /root/Documents/log.sh)
Nov  4 09:25:01 webserver CROND[29047]: (root) CMD (bash /root/Documents/log.sh)
Nov  4 09:26:01 webserver CROND[29053]: (root) CMD (bash /root/Documents/log.sh)
Nov  4 09:27:01 webserver CROND[29059]: (root) CMD (bash /root/Documents/log.sh)
Nov  4 09:28:02 webserver CROND[29064]: (root) CMD (bash /root/Documents/log.sh)
Nov  4 09:29:01 webserver CROND[29069]: (root) CMD (bash /root/Documents/log.sh)
Nov  4 09:30:01 webserver CROND[29074]: (root) CMD (bash /root/Documents/log.sh)
Nov  4 09:30:01 localhost CROND[9700]: (root) CMD ("/root/Downloads/sn.sh")
Nov  4 09:30:01 localhost CROND[9698]: (root) CMDOUT (/bin/bash: /root/Downloads/sn.sh: Permission denied)
Nov  4 09:31:01 webserver CROND[29080]: (root) CMD (bash /root/Documents/log.sh)
Nov  4 09:32:01 webserver CROND[29086]: (root) CMD (bash /root/Documents/log.sh)
Nov  4 09:33:01 webserver CROND[29091]: (root) CMD (bash /root/Documents/log.sh)
Nov  4 09:34:01 webserver CROND[29096]: (root) CMD (bash /root/Documents/log.sh)
Nov  4 09:35:01 webserver CROND[29103]: (root) CMD (bash /root/Documents/log.sh)
Nov  4 09:36:01 webserver CROND[29112]: (root) CMD (bash /root/Documents/log.sh)
Nov  4 09:37:01 webserver CROND[29118]: (root) CMD (bash /root/Documents/log.sh)
Nov  4 09:38:01 webserver CROND[29123]: (root) CMD (bash /root/Documents/log.sh)
Nov  4 09:39:01 webserver CROND[29128]: (root) CMD (bash /root/Documents/log.sh)
Nov  4 09:40:01 webserver CROND[29133]: (root) CMD (bash /root/Documents/log.sh)
Nov  4 09:41:01 webserver CROND[29139]: (root) CMD (bash /root/Documents/log.sh)
Nov  4 09:42:01 webserver CROND[29146]: (root) CMD (bash /root/Documents/log.sh)
Nov  4 09:43:01 webserver CROND[29151]: (root) CMD (bash /root/Documents/log.sh)
Nov  4 09:44:01 webserver CROND[29156]: (root) CMD (bash /root/Documents/log.sh)
Nov  4 09:45:01 webserver CROND[29167]: (root) CMD (bash /root/Documents/log.sh)
Nov  4 09:46:01 webserver CROND[29172]: (root) CMD (bash /root/Documents/log.sh)
Nov  4 09:47:01 webserver CROND[29179]: (root) CMD (bash /root/Documents/log.sh)
Nov  4 09:48:01 webserver CROND[29184]: (root) CMD (bash /root/Documents/log.sh)
Nov  4 09:49:02 webserver CROND[29189]: (root) CMD (bash /root/Documents/log.sh)
Nov  4 09:50:01 webserver CROND[29195]: (root) CMD (bash /root/Documents/log.sh)
Nov  4 09:51:01 webserver CROND[29200]: (root) CMD (bash /root/Documents/log.sh)
Nov  4 09:52:01 webserver CROND[29207]: (root) CMD (bash /root/Documents/log.sh)
Nov  4 09:53:01 webserver CROND[29212]: (root) CMD (bash /root/Documents/log.sh)
Nov  4 09:54:01 webserver CROND[29217]: (root) CMD (bash /root/Documents/log.sh)
Nov  4 09:55:01 webserver CROND[29223]: (root) CMD (bash /root/Documents/log.sh)
Nov  4 09:56:01 webserver CROND[29228]: (root) CMD (bash /root/Documents/log.sh)
Nov  4 09:57:01 webserver CROND[29235]: (root) CMD (bash /root/Documents/log.sh)
Nov  4 09:58:01 webserver CROND[29240]: (root) CMD (bash /root/Documents/log.sh)
Nov  4 09:59:01 webserver CROND[29245]: (root) CMD (bash /root/Documents/log.sh)
Nov  4 10:00:01 webserver CROND[29250]: (root) CMD (bash /root/Documents/log.sh)
Nov  4 10:01:01 webserver CROND[29257]: (root) CMD (bash /root/Documents/log.sh)
Nov  4 10:01:01 webserver CROND[29259]: (root) CMD (run-parts /etc/cron.hourly)
Nov  4 10:01:02 localhost CROND[10245]: (root) CMD (run-parts /etc/cron.hourly)
Nov  4 10:02:01 webserver CROND[29281]: (root) CMD (bash /root/Documents/log.sh)
Nov  4 10:03:01 webserver CROND[29286]: (root) CMD (bash /root/Documents/log.sh)
Nov  4 10:04:01 webserver CROND[29291]: (root) CMD (bash /root/Documents/log.sh)
Nov  4 10:05:01 webserver CROND[29297]: (root) CMD (bash /root/Documents/log.sh)
Nov  4 10:06:01 webserver CROND[29302]: (root) CMD (bash /root/Documents/log.sh)
Nov  4 10:07:01 webserver CROND[29308]: (root) CMD (bash /root/Documents/log.sh)
Nov  4 10:08:01 webserver CROND[29314]: (root) CMD (bash /root/Documents/log.sh)
Nov  4 10:09:01 webserver CROND[29319]: (root) CMD (bash /root/Documents/log.sh)
Nov  4 10:10:01 webserver CROND[29324]: (root) CMD (bash /root/Documents/log.sh)
Nov  4 10:11:01 webserver CROND[29329]: (root) CMD (bash /root/Documents/log.sh)
Nov  4 10:12:01 webserver CROND[29336]: (root) CMD (bash /root/Documents/log.sh)
Nov  4 10:13:01 webserver CROND[29342]: (root) CMD (bash /root/Documents/log.sh)
Nov  4 10:14:01 webserver CROND[29347]: (root) CMD (bash /root/Documents/log.sh)
Nov  4 10:15:01 webserver CROND[29353]: (root) CMD (bash /root/Documents/log.sh)
Nov  4 10:16:01 webserver CROND[29358]: (root) CMD (bash /root/Documents/log.sh)
Nov  4 10:17:01 webserver CROND[29364]: (root) CMD (bash /root/Documents/log.sh)
Nov  4 10:18:01 webserver CROND[29370]: (root) CMD (bash /root/Documents/log.sh)
Nov  4 10:19:01 webserver CROND[29375]: (root) CMD (bash /root/Documents/log.sh)
Nov  4 10:20:01 webserver CROND[29380]: (root) CMD (bash /root/Documents/log.sh)
Nov  4 10:21:01 webserver CROND[29385]: (root) CMD (bash /root/Documents/log.sh)
Nov  4 10:22:01 webserver CROND[29391]: (root) CMD (bash /root/Documents/log.sh)
Nov  4 10:23:01 webserver CROND[29397]: (root) CMD (bash /root/Documents/log.sh)
Nov  4 10:24:01 webserver CROND[29402]: (root) CMD (bash /root/Documents/log.sh)
Nov  4 10:25:01 webserver CROND[29408]: (root) CMD (bash /root/Documents/log.sh)
Nov  4 10:26:01 webserver CROND[29413]: (root) CMD (bash /root/Documents/log.sh)
Nov  4 10:27:01 webserver CROND[29419]: (root) CMD (bash /root/Documents/log.sh)
Nov  4 10:28:01 webserver CROND[29425]: (root) CMD (bash /root/Documents/log.sh)
Nov  4 10:29:01 webserver CROND[29431]: (root) CMD (bash /root/Documents/log.sh)
Nov  4 10:30:01 webserver CROND[29436]: (root) CMD (bash /root/Documents/log.sh)
Nov  4 10:31:01 webserver CROND[29441]: (root) CMD (bash /root/Documents/log.sh)
Nov  4 10:32:01 webserver CROND[29447]: (root) CMD (bash /root/Documents/log.sh)
Nov  4 10:33:01 webserver CROND[29453]: (root) CMD (bash /root/Documents/log.sh)
Nov  4 10:34:01 webserver CROND[29459]: (root) CMD (bash /root/Documents/log.sh)
Nov  4 10:35:01 webserver CROND[29465]: (root) CMD (bash /root/Documents/log.sh)
Nov  4 10:36:01 webserver CROND[29473]: (root) CMD (bash /root/Documents/log.sh)
Nov  4 10:37:01 webserver CROND[29478]: (root) CMD (bash /root/Documents/log.sh)
Nov  4 10:38:01 webserver CROND[29485]: (root) CMD (bash /root/Documents/log.sh)
Nov  4 10:39:01 webserver CROND[29491]: (root) CMD (bash /root/Documents/log.sh)
Nov  4 10:40:01 webserver CROND[29496]: (root) CMD (bash /root/Documents/log.sh)
Nov  4 10:41:01 webserver CROND[29501]: (root) CMD (bash /root/Documents/log.sh)
Nov  4 10:42:01 webserver CROND[29506]: (root) CMD (bash /root/Documents/log.sh)
Nov  4 10:43:01 webserver CROND[29512]: (root) CMD (bash /root/Documents/log.sh)
Nov  4 10:44:01 webserver CROND[29518]: (root) CMD (bash /root/Documents/log.sh)
Nov  4 10:45:01 webserver CROND[29529]: (root) CMD (bash /root/Documents/log.sh)
Nov  4 10:46:01 webserver CROND[29534]: (root) CMD (bash /root/Documents/log.sh)
Nov  4 10:47:01 webserver CROND[29539]: (root) CMD (bash /root/Documents/log.sh)
Nov  4 10:48:01 webserver CROND[29545]: (root) CMD (bash /root/Documents/log.sh)
Nov  4 10:49:01 webserver CROND[29550]: (root) CMD (bash /root/Documents/log.sh)
Nov  4 10:50:01 webserver CROND[29557]: (root) CMD (bash /root/Documents/log.sh)
Nov  4 10:51:01 webserver CROND[29562]: (root) CMD (bash /root/Documents/log.sh)
Nov  4 10:52:01 webserver CROND[29567]: (root) CMD (bash /root/Documents/log.sh)
Nov  4 10:53:01 webserver CROND[29573]: (root) CMD (bash /root/Documents/log.sh)
Nov  4 10:54:01 webserver CROND[29578]: (root) CMD (bash /root/Documents/log.sh)
Nov  4 10:55:01 webserver CROND[29585]: (root) CMD (bash /root/Documents/log.sh)
Nov  4 10:56:01 webserver CROND[29590]: (root) CMD (bash /root/Documents/log.sh)
Nov  4 10:57:01 webserver CROND[29595]: (root) CMD (bash /root/Documents/log.sh)
Nov  4 10:58:01 webserver CROND[29601]: (root) CMD (bash /root/Documents/log.sh)
Nov  4 10:59:01 webserver CROND[29606]: (root) CMD (bash /root/Documents/log.sh)
Nov  4 11:00:01 webserver CROND[29613]: (root) CMD (bash /root/Documents/log.sh)
Nov  4 11:01:01 localhost CROND[11063]: (root) CMD (run-parts /etc/cron.hourly)
Nov  4 11:01:01 webserver CROND[29620]: (root) CMD (run-parts /etc/cron.hourly)
Nov  4 11:01:01 webserver CROND[29623]: (root) CMD (bash /root/Documents/log.sh)
Nov  4 11:02:01 webserver CROND[29642]: (root) CMD (bash /root/Documents/log.sh)
Nov  4 11:03:01 webserver CROND[29648]: (root) CMD (bash /root/Documents/log.sh)
Nov  4 11:04:01 webserver CROND[29653]: (root) CMD (bash /root/Documents/log.sh)
Nov  4 11:05:01 webserver CROND[29660]: (root) CMD (bash /root/Documents/log.sh)
Nov  4 11:06:01 webserver CROND[29665]: (root) CMD (bash /root/Documents/log.sh)
Nov  4 11:07:01 webserver CROND[29670]: (root) CMD (bash /root/Documents/log.sh)
Nov  4 11:08:01 webserver CROND[29676]: (root) CMD (bash /root/Documents/log.sh)
Nov  4 11:09:01 webserver CROND[29681]: (root) CMD (bash /root/Documents/log.sh)
Nov  4 11:10:02 webserver CROND[29686]: (root) CMD (bash /root/Documents/log.sh)
Nov  4 11:11:01 webserver CROND[29692]: (root) CMD (bash /root/Documents/log.sh)
Nov  4 11:12:01 webserver CROND[29697]: (root) CMD (bash /root/Documents/log.sh)
Nov  4 11:13:01 webserver CROND[29703]: (root) CMD (bash /root/Documents/log.sh)
Nov  4 11:14:01 webserver CROND[29708]: (root) CMD (bash /root/Documents/log.sh)
Nov  4 11:15:01 webserver CROND[29714]: (root) CMD (bash /root/Documents/log.sh)
Nov  4 11:16:01 webserver CROND[29720]: (root) CMD (bash /root/Documents/log.sh)
Nov  4 11:17:01 webserver CROND[29725]: (root) CMD (bash /root/Documents/log.sh)
Nov  4 11:18:01 webserver CROND[29731]: (root) CMD (bash /root/Documents/log.sh)
Nov  4 11:19:01 webserver CROND[29736]: (root) CMD (bash /root/Documents/log.sh)
Nov  4 11:20:01 webserver CROND[29741]: (root) CMD (bash /root/Documents/log.sh)
Nov  4 11:21:01 webserver CROND[29747]: (root) CMD (bash /root/Documents/log.sh)
Nov  4 11:22:01 webserver CROND[29752]: (root) CMD (bash /root/Documents/log.sh)
Nov  4 11:23:01 webserver CROND[29759]: (root) CMD (bash /root/Documents/log.sh)
Nov  4 11:24:01 webserver CROND[29764]: (root) CMD (bash /root/Documents/log.sh)
Nov  4 11:25:01 webserver CROND[29770]: (root) CMD (bash /root/Documents/log.sh)
Nov  4 11:26:01 webserver CROND[29776]: (root) CMD (bash /root/Documents/log.sh)
Nov  4 11:27:01 webserver CROND[29781]: (root) CMD (bash /root/Documents/log.sh)
Nov  4 11:28:01 webserver CROND[29787]: (root) CMD (bash /root/Documents/log.sh)
Nov  4 11:29:02 webserver CROND[29792]: (root) CMD (bash /root/Documents/log.sh)
Nov  4 11:30:01 webserver CROND[29799]: (root) CMD (bash /root/Documents/log.sh)
Nov  4 11:31:01 webserver CROND[29806]: (root) CMD (bash /root/Documents/log.sh)
Nov  4 11:32:01 webserver CROND[29812]: (root) CMD (bash /root/Documents/log.sh)
Nov  4 11:33:01 webserver CROND[29818]: (root) CMD (bash /root/Documents/log.sh)
Nov  4 11:34:01 webserver CROND[29823]: (root) CMD (bash /root/Documents/log.sh)
Nov  4 11:35:01 webserver CROND[29829]: (root) CMD (bash /root/Documents/log.sh)
Nov  4 11:36:01 webserver CROND[29837]: (root) CMD (bash /root/Documents/log.sh)
Nov  4 11:37:01 webserver CROND[29843]: (root) CMD (bash /root/Documents/log.sh)
Nov  4 11:38:01 webserver CROND[29849]: (root) CMD (bash /root/Documents/log.sh)
Nov  4 11:39:01 webserver CROND[29854]: (root) CMD (bash /root/Documents/log.sh)
Nov  4 11:40:01 webserver CROND[29860]: (root) CMD (bash /root/Documents/log.sh)
Nov  4 11:41:01 webserver CROND[29867]: (root) CMD (bash /root/Documents/log.sh)
Nov  4 11:42:01 webserver CROND[29904]: (root) CMD (bash /root/Documents/log.sh)
Nov  4 11:43:01 webserver CROND[29910]: (root) CMD (bash /root/Documents/log.sh)
Nov  4 11:44:01 webserver CROND[29915]: (root) CMD (bash /root/Documents/log.sh)
Nov  4 11:45:01 webserver CROND[29926]: (root) CMD (bash /root/Documents/log.sh)
Nov  4 11:46:01 webserver CROND[29932]: (root) CMD (bash /root/Documents/log.sh)
Nov  4 11:47:01 webserver CROND[29938]: (root) CMD (bash /root/Documents/log.sh)
Nov  4 11:48:01 webserver CROND[29944]: (root) CMD (bash /root/Documents/log.sh)
Nov  4 11:49:02 webserver CROND[29949]: (root) CMD (bash /root/Documents/log.sh)
Nov  4 11:50:01 webserver CROND[29955]: (root) CMD (bash /root/Documents/log.sh)
Nov  4 11:51:01 webserver CROND[29960]: (root) CMD (bash /root/Documents/log.sh)
Nov  4 11:52:01 webserver CROND[29965]: (root) CMD (bash /root/Documents/log.sh)
Nov  4 11:53:01 webserver CROND[29991]: (root) CMD (bash /root/Documents/log.sh)
Nov  4 11:54:01 webserver CROND[30007]: (root) CMD (bash /root/Documents/log.sh)
Nov  4 11:55:01 webserver CROND[30018]: (root) CMD (bash /root/Documents/log.sh)
Nov  4 11:56:01 webserver CROND[30023]: (root) CMD (bash /root/Documents/log.sh)
Nov  4 11:57:01 webserver CROND[30028]: (root) CMD (bash /root/Documents/log.sh)
Nov  4 11:58:01 webserver CROND[30035]: (root) CMD (bash /root/Documents/log.sh)
Nov  4 11:59:01 webserver CROND[30040]: (root) CMD (bash /root/Documents/log.sh)
Nov  4 12:00:01 webserver CROND[30052]: (root) CMD (bash /root/Documents/log.sh)
Nov  4 12:01:01 localhost CROND[12347]: (root) CMD (run-parts /etc/cron.hourly)
Nov  4 12:01:01 webserver CROND[30059]: (root) CMD (run-parts /etc/cron.hourly)
Nov  4 12:01:01 webserver CROND[30061]: (root) CMD (bash /root/Documents/log.sh)
Nov  4 12:02:01 webserver CROND[30082]: (root) CMD (bash /root/Documents/log.sh)
Nov  4 12:03:01 webserver CROND[30089]: (root) CMD (bash /root/Documents/log.sh)
Nov  4 12:04:01 webserver CROND[30094]: (root) CMD (bash /root/Documents/log.sh)
Nov  4 12:05:01 webserver CROND[30100]: (root) CMD (bash /root/Documents/log.sh)
Nov  4 12:06:01 webserver CROND[30116]: (root) CMD (bash /root/Documents/log.sh)
Nov  4 12:07:01 webserver CROND[30121]: (root) CMD (bash /root/Documents/log.sh)
Nov  4 12:08:01 webserver CROND[30128]: (root) CMD (bash /root/Documents/log.sh)
Nov  4 12:09:01 webserver CROND[30133]: (root) CMD (bash /root/Documents/log.sh)
Nov  4 12:10:01 webserver CROND[30138]: (root) CMD (bash /root/Documents/log.sh)
Nov  4 12:11:01 webserver CROND[30143]: (root) CMD (bash /root/Documents/log.sh)
Nov  4 12:12:01 webserver CROND[30168]: (root) CMD (bash /root/Documents/log.sh)
Nov  4 12:13:01 webserver CROND[30194]: (root) CMD (bash /root/Documents/log.sh)
Nov  4 12:14:01 webserver CROND[30200]: (root) CMD (bash /root/Documents/log.sh)
Nov  4 12:15:01 webserver CROND[30206]: (root) CMD (bash /root/Documents/log.sh)
Nov  4 12:16:01 webserver CROND[30221]: (root) CMD (bash /root/Documents/log.sh)
Nov  4 12:17:01 webserver CROND[30234]: (root) CMD (bash /root/Documents/log.sh)
Nov  4 12:18:01 webserver CROND[30240]: (root) CMD (bash /root/Documents/log.sh)
Nov  4 12:19:01 webserver CROND[30246]: (root) CMD (bash /root/Documents/log.sh)
Nov  4 12:20:01 webserver CROND[30251]: (root) CMD (bash /root/Documents/log.sh)
Nov  4 12:21:01 webserver CROND[30256]: (root) CMD (bash /root/Documents/log.sh)
Nov  4 12:22:01 webserver CROND[30261]: (root) CMD (bash /root/Documents/log.sh)
Nov  4 12:24:01 webserver CROND[30274]: (root) CMD (bash /root/Documents/log.sh)
Nov  4 12:25:01 webserver CROND[30280]: (root) CMD (bash /root/Documents/log.sh)
Nov  4 12:26:01 webserver CROND[30285]: (root) CMD (bash /root/Documents/log.sh)
Nov  4 12:27:02 webserver CROND[30290]: (root) CMD (bash /root/Documents/log.sh)
Nov  4 12:28:02 webserver CROND[30296]: (root) CMD (bash /root/Documents/log.sh)
Nov  4 12:29:01 webserver CROND[30306]: (root) CMD (bash /root/Documents/log.sh)
Nov  4 12:30:01 webserver CROND[30319]: (root) CMD (bash /root/Documents/log.sh)
Nov  4 12:31:01 webserver CROND[30324]: (root) CMD (bash /root/Documents/log.sh)
Nov  4 12:32:01 webserver CROND[30329]: (root) CMD (bash /root/Documents/log.sh)
Nov  4 12:33:01 webserver CROND[30335]: (root) CMD (bash /root/Documents/log.sh)
Nov  4 12:34:01 webserver CROND[30340]: (root) CMD (bash /root/Documents/log.sh)
Nov  4 12:35:01 webserver CROND[30347]: (root) CMD (bash /root/Documents/log.sh)
Nov  4 12:36:01 webserver CROND[30355]: (root) CMD (bash /root/Documents/log.sh)
Nov  4 12:37:01 webserver CROND[30361]: (root) CMD (bash /root/Documents/log.sh)
Nov  4 12:38:01 webserver CROND[30367]: (root) CMD (bash /root/Documents/log.sh)
Nov  4 12:39:01 webserver CROND[30376]: (root) CMD (bash /root/Documents/log.sh)
Nov  4 12:40:01 webserver CROND[30382]: (root) CMD (bash /root/Documents/log.sh)
Nov  4 12:41:01 webserver CROND[30387]: (root) CMD (bash /root/Documents/log.sh)
Nov  4 12:42:02 webserver CROND[30393]: (root) CMD (bash /root/Documents/log.sh)
Nov  4 12:43:01 webserver CROND[30399]: (root) CMD (bash /root/Documents/log.sh)
Nov  4 12:44:01 webserver CROND[30404]: (root) CMD (bash /root/Documents/log.sh)
Nov  4 12:45:01 webserver CROND[30416]: (root) CMD (bash /root/Documents/log.sh)
Nov  4 12:46:01 webserver CROND[30425]: (root) CMD (bash /root/Documents/log.sh)
Nov  4 12:47:01 webserver CROND[30435]: (root) CMD (bash /root/Documents/log.sh)
Nov  4 12:48:01 webserver CROND[30441]: (root) CMD (bash /root/Documents/log.sh)
Nov  4 12:49:01 webserver CROND[30446]: (root) CMD (bash /root/Documents/log.sh)
Nov  4 12:50:01 webserver CROND[30464]: (root) CMD (bash /root/Documents/log.sh)
Nov  4 12:51:01 webserver CROND[30476]: (root) CMD (bash /root/Documents/log.sh)
Nov  4 12:52:01 webserver CROND[30481]: (root) CMD (bash /root/Documents/log.sh)
Nov  4 12:53:01 webserver CROND[30487]: (root) CMD (bash /root/Documents/log.sh)
Nov  4 12:54:01 webserver CROND[30492]: (root) CMD (bash /root/Documents/log.sh)
Nov  4 12:55:01 webserver CROND[30498]: (root) CMD (bash /root/Documents/log.sh)
Nov  4 12:56:01 webserver CROND[30504]: (root) CMD (bash /root/Documents/log.sh)
Nov  4 12:57:01 webserver CROND[30509]: (root) CMD (bash /root/Documents/log.sh)
Nov  4 12:58:01 webserver CROND[30515]: (root) CMD (bash /root/Documents/log.sh)
Nov  4 12:59:01 webserver CROND[30520]: (root) CMD (bash /root/Documents/log.sh)
Nov  4 13:00:01 webserver CROND[30525]: (root) CMD (bash /root/Documents/log.sh)
Nov  4 13:01:01 localhost CROND[13117]: (root) CMD (run-parts /etc/cron.hourly)
Nov  4 13:01:01 webserver CROND[30533]: (root) CMD (bash /root/Documents/log.sh)
Nov  4 13:01:01 webserver CROND[30535]: (root) CMD (run-parts /etc/cron.hourly)
Nov  4 13:02:01 webserver CROND[30555]: (root) CMD (bash /root/Documents/log.sh)
Nov  4 13:03:01 webserver CROND[30561]: (root) CMD (bash /root/Documents/log.sh)
Nov  4 13:04:01 webserver CROND[30566]: (root) CMD (bash /root/Documents/log.sh)
Nov  4 13:05:01 webserver CROND[30573]: (root) CMD (bash /root/Documents/log.sh)
Nov  4 13:06:01 webserver CROND[30579]: (root) CMD (bash /root/Documents/log.sh)
Nov  4 13:07:01 webserver CROND[30584]: (root) CMD (bash /root/Documents/log.sh)
Nov  4 13:08:01 webserver CROND[30590]: (root) CMD (bash /root/Documents/log.sh)
Nov  4 13:09:01 webserver CROND[30595]: (root) CMD (bash /root/Documents/log.sh)
Nov  4 13:10:01 webserver CROND[30600]: (root) CMD (bash /root/Documents/log.sh)
Nov  4 13:11:01 webserver CROND[30607]: (root) CMD (bash /root/Documents/log.sh)
Nov  4 13:12:01 webserver CROND[30612]: (root) CMD (bash /root/Documents/log.sh)
Nov  4 13:13:01 webserver CROND[30618]: (root) CMD (bash /root/Documents/log.sh)
Nov  4 13:14:01 webserver CROND[30623]: (root) CMD (bash /root/Documents/log.sh)
Nov  4 13:15:01 webserver CROND[30629]: (root) CMD (bash /root/Documents/log.sh)
Nov  4 13:16:01 webserver CROND[30634]: (root) CMD (bash /root/Documents/log.sh)
Nov  4 13:17:01 webserver CROND[30640]: (root) CMD (bash /root/Documents/log.sh)
Nov  4 13:18:01 webserver CROND[30646]: (root) CMD (bash /root/Documents/log.sh)
Nov  4 13:19:02 webserver CROND[30651]: (root) CMD (bash /root/Documents/log.sh)
Nov  4 13:20:01 webserver CROND[30656]: (root) CMD (bash /root/Documents/log.sh)
Nov  4 13:21:01 webserver CROND[30661]: (root) CMD (bash /root/Documents/log.sh)
Nov  4 13:22:01 webserver CROND[30667]: (root) CMD (bash /root/Documents/log.sh)
Nov  4 13:23:01 webserver CROND[30673]: (root) CMD (bash /root/Documents/log.sh)
Nov  4 13:24:01 webserver CROND[30678]: (root) CMD (bash /root/Documents/log.sh)
Nov  4 13:25:01 webserver CROND[30684]: (root) CMD (bash /root/Documents/log.sh)
Nov  4 13:26:01 webserver CROND[30689]: (root) CMD (bash /root/Documents/log.sh)
Nov  4 13:27:01 webserver CROND[30695]: (root) CMD (bash /root/Documents/log.sh)
Nov  4 13:28:01 webserver CROND[30701]: (root) CMD (bash /root/Documents/log.sh)
Nov  4 13:29:01 webserver CROND[30707]: (root) CMD (bash /root/Documents/log.sh)
Nov  4 13:30:01 webserver CROND[30712]: (root) CMD (bash /root/Documents/log.sh)
Nov  4 13:31:01 webserver CROND[30717]: (root) CMD (bash /root/Documents/log.sh)
Nov  4 13:32:01 webserver CROND[30723]: (root) CMD (bash /root/Documents/log.sh)
Nov  4 13:33:01 webserver CROND[30729]: (root) CMD (bash /root/Documents/log.sh)
Nov  4 13:34:01 webserver CROND[30734]: (root) CMD (bash /root/Documents/log.sh)
Nov  4 13:35:01 webserver CROND[30740]: (root) CMD (bash /root/Documents/log.sh)
Nov  4 13:36:01 webserver CROND[30748]: (root) CMD (bash /root/Documents/log.sh)
Nov  4 13:37:01 webserver CROND[30753]: (root) CMD (bash /root/Documents/log.sh)
Nov  4 13:38:01 webserver CROND[30760]: (root) CMD (bash /root/Documents/log.sh)
Nov  4 13:39:01 webserver CROND[30765]: (root) CMD (bash /root/Documents/log.sh)
Nov  4 13:40:02 webserver CROND[30771]: (root) CMD (bash /root/Documents/log.sh)
Nov  4 13:41:01 webserver CROND[30776]: (root) CMD (bash /root/Documents/log.sh)
Nov  4 13:42:01 webserver CROND[30781]: (root) CMD (bash /root/Documents/log.sh)
Nov  4 13:43:01 webserver CROND[30788]: (root) CMD (bash /root/Documents/log.sh)
Nov  4 13:44:01 webserver CROND[30793]: (root) CMD (bash /root/Documents/log.sh)
Nov  4 13:45:01 webserver CROND[30804]: (root) CMD (bash /root/Documents/log.sh)
Nov  4 13:46:01 webserver CROND[30809]: (root) CMD (bash /root/Documents/log.sh)
Nov  4 13:47:01 webserver CROND[30814]: (root) CMD (bash /root/Documents/log.sh)
Nov  4 13:48:01 webserver CROND[30821]: (root) CMD (bash /root/Documents/log.sh)
Nov  4 13:49:01 webserver CROND[30826]: (root) CMD (bash /root/Documents/log.sh)
Nov  4 13:50:01 webserver CROND[30832]: (root) CMD (bash /root/Documents/log.sh)
Nov  4 13:51:01 webserver CROND[30837]: (root) CMD (bash /root/Documents/log.sh)
Nov  4 13:52:01 webserver CROND[30842]: (root) CMD (bash /root/Documents/log.sh)
Nov  4 13:53:01 webserver CROND[30849]: (root) CMD (bash /root/Documents/log.sh)
Nov  4 13:54:01 webserver CROND[30855]: (root) CMD (bash /root/Documents/log.sh)
Nov  4 13:55:01 webserver CROND[30861]: (root) CMD (bash /root/Documents/log.sh)
Nov  4 13:56:01 webserver CROND[30866]: (root) CMD (bash /root/Documents/log.sh)
Nov  4 13:57:01 webserver CROND[30871]: (root) CMD (bash /root/Documents/log.sh)
Nov  4 13:58:01 webserver CROND[30877]: (root) CMD (bash /root/Documents/log.sh)
Nov  4 13:59:01 webserver CROND[30883]: (root) CMD (bash /root/Documents/log.sh)
Nov  4 14:00:02 webserver CROND[30888]: (root) CMD (bash /root/Documents/log.sh)
Nov  4 14:01:01 webserver CROND[30895]: (root) CMD (run-parts /etc/cron.hourly)
Nov  4 14:01:01 webserver CROND[30897]: (root) CMD (bash /root/Documents/log.sh)
Nov  4 14:01:01 localhost CROND[13174]: (root) CMD (run-parts /etc/cron.hourly)
Nov  4 14:02:01 webserver CROND[30917]: (root) CMD (bash /root/Documents/log.sh)
Nov  4 14:03:01 webserver CROND[30923]: (root) CMD (bash /root/Documents/log.sh)
Nov  4 14:04:01 webserver CROND[30930]: (root) CMD (bash /root/Documents/log.sh)
Nov  4 14:05:01 webserver CROND[30936]: (root) CMD (bash /root/Documents/log.sh)
Nov  4 14:06:01 webserver CROND[30941]: (root) CMD (bash /root/Documents/log.sh)
Nov  4 14:07:01 webserver CROND[30946]: (root) CMD (bash /root/Documents/log.sh)
Nov  4 14:08:01 webserver CROND[30952]: (root) CMD (bash /root/Documents/log.sh)
Nov  4 14:09:01 webserver CROND[30958]: (root) CMD (bash /root/Documents/log.sh)
Nov  4 14:10:01 webserver CROND[30963]: (root) CMD (bash /root/Documents/log.sh)
Nov  4 14:11:01 webserver CROND[30968]: (root) CMD (bash /root/Documents/log.sh)
Nov  4 14:12:01 webserver CROND[30973]: (root) CMD (bash /root/Documents/log.sh)
Nov  4 14:13:01 webserver CROND[30979]: (root) CMD (bash /root/Documents/log.sh)
Nov  4 14:14:01 webserver CROND[30985]: (root) CMD (bash /root/Documents/log.sh)
Nov  4 14:15:01 webserver CROND[30992]: (root) CMD (bash /root/Documents/log.sh)
Nov  4 14:16:01 webserver CROND[30997]: (root) CMD (bash /root/Documents/log.sh)
Nov  4 14:17:01 webserver CROND[31002]: (root) CMD (bash /root/Documents/log.sh)
Nov  4 14:18:01 webserver CROND[31008]: (root) CMD (bash /root/Documents/log.sh)
Nov  4 14:19:01 webserver CROND[31013]: (root) CMD (bash /root/Documents/log.sh)
Nov  4 14:20:01 webserver CROND[31019]: (root) CMD (bash /root/Documents/log.sh)
Nov  4 14:21:01 webserver CROND[31025]: (root) CMD (bash /root/Documents/log.sh)
Nov  4 14:22:01 webserver CROND[31030]: (root) CMD (bash /root/Documents/log.sh)
Nov  4 14:23:01 webserver CROND[31036]: (root) CMD (bash /root/Documents/log.sh)
Nov  4 14:24:01 webserver CROND[31041]: (root) CMD (bash /root/Documents/log.sh)
Nov  4 14:25:01 webserver CROND[31048]: (root) CMD (bash /root/Documents/log.sh)
Nov  4 14:26:01 webserver CROND[31053]: (root) CMD (bash /root/Documents/log.sh)
Nov  4 14:27:01 webserver CROND[31059]: (root) CMD (bash /root/Documents/log.sh)
Nov  4 14:28:01 webserver CROND[31065]: (root) CMD (bash /root/Documents/log.sh)
Nov  4 14:29:01 webserver CROND[31070]: (root) CMD (bash /root/Documents/log.sh)
Nov  4 14:30:01 webserver CROND[31076]: (root) CMD (bash /root/Documents/log.sh)
Nov  4 14:31:01 webserver CROND[31081]: (root) CMD (bash /root/Documents/log.sh)
Nov  4 14:32:01 webserver CROND[31086]: (root) CMD (bash /root/Documents/log.sh)
Nov  4 14:33:01 webserver CROND[31092]: (root) CMD (bash /root/Documents/log.sh)
Nov  4 14:34:01 webserver CROND[31097]: (root) CMD (bash /root/Documents/log.sh)
Nov  4 14:35:01 webserver CROND[31104]: (root) CMD (bash /root/Documents/log.sh)
Nov  4 14:36:01 webserver CROND[31112]: (root) CMD (bash /root/Documents/log.sh)
Nov  4 14:37:01 webserver CROND[31117]: (root) CMD (bash /root/Documents/log.sh)
Nov  4 14:38:01 webserver CROND[31123]: (root) CMD (bash /root/Documents/log.sh)
Nov  4 14:39:01 webserver CROND[31128]: (root) CMD (bash /root/Documents/log.sh)
Nov  4 14:40:02 webserver CROND[31134]: (root) CMD (bash /root/Documents/log.sh)
Nov  4 14:41:01 webserver CROND[31140]: (root) CMD (bash /root/Documents/log.sh)
Nov  4 14:42:01 webserver CROND[31146]: (root) CMD (bash /root/Documents/log.sh)
Nov  4 14:43:01 webserver CROND[31151]: (root) CMD (bash /root/Documents/log.sh)
Nov  4 14:44:01 webserver CROND[31156]: (root) CMD (bash /root/Documents/log.sh)
Nov  4 14:45:01 webserver CROND[31167]: (root) CMD (bash /root/Documents/log.sh)
Nov  4 14:46:01 webserver CROND[31173]: (root) CMD (bash /root/Documents/log.sh)
Nov  4 14:47:01 webserver CROND[31179]: (root) CMD (bash /root/Documents/log.sh)
Nov  4 14:48:01 webserver CROND[31185]: (root) CMD (bash /root/Documents/log.sh)
Nov  4 14:49:01 webserver CROND[31190]: (root) CMD (bash /root/Documents/log.sh)
Nov  4 14:50:01 webserver CROND[31196]: (root) CMD (bash /root/Documents/log.sh)
Nov  4 14:51:01 webserver CROND[31202]: (root) CMD (bash /root/Documents/log.sh)
Nov  4 14:52:01 webserver CROND[31208]: (root) CMD (bash /root/Documents/log.sh)
Nov  4 14:53:01 webserver CROND[31214]: (root) CMD (bash /root/Documents/log.sh)
Nov  4 14:54:01 webserver CROND[31219]: (root) CMD (bash /root/Documents/log.sh)
Nov  4 14:55:01 webserver CROND[31225]: (root) CMD (bash /root/Documents/log.sh)
Nov  4 14:56:01 webserver CROND[31231]: (root) CMD (bash /root/Documents/log.sh)
Nov  4 14:57:01 webserver CROND[31237]: (root) CMD (bash /root/Documents/log.sh)
Nov  4 14:58:01 webserver CROND[31244]: (root) CMD (bash /root/Documents/log.sh)
Nov  4 14:59:01 webserver CROND[31249]: (root) CMD (bash /root/Documents/log.sh)
Nov  4 15:00:02 webserver CROND[31254]: (root) CMD (bash /root/Documents/log.sh)
Nov  4 15:01:01 webserver CROND[31261]: (root) CMD (run-parts /etc/cron.hourly)
Nov  4 15:01:01 webserver CROND[31264]: (root) CMD (bash /root/Documents/log.sh)
Nov  4 15:01:01 localhost CROND[13216]: (root) CMD (run-parts /etc/cron.hourly)
Nov  4 15:02:01 webserver CROND[31285]: (root) CMD (bash /root/Documents/log.sh)
Nov  4 15:03:01 webserver CROND[31290]: (root) CMD (bash /root/Documents/log.sh)
Nov  4 15:04:01 webserver CROND[31296]: (root) CMD (bash /root/Documents/log.sh)
Nov  4 15:05:01 webserver CROND[31302]: (root) CMD (bash /root/Documents/log.sh)
Nov  4 15:06:01 webserver CROND[31307]: (root) CMD (bash /root/Documents/log.sh)
Nov  4 15:07:01 webserver CROND[31314]: (root) CMD (bash /root/Documents/log.sh)
Nov  4 15:08:01 webserver CROND[31319]: (root) CMD (bash /root/Documents/log.sh)
Nov  4 15:09:01 webserver CROND[31324]: (root) CMD (bash /root/Documents/log.sh)
Nov  4 15:10:01 webserver CROND[31329]: (root) CMD (bash /root/Documents/log.sh)
Nov  4 15:11:01 webserver CROND[31334]: (root) CMD (bash /root/Documents/log.sh)
Nov  4 15:12:01 webserver CROND[31341]: (root) CMD (bash /root/Documents/log.sh)
Nov  4 15:13:01 webserver CROND[31346]: (root) CMD (bash /root/Documents/log.sh)
Nov  4 15:14:01 webserver CROND[31351]: (root) CMD (bash /root/Documents/log.sh)
Nov  4 15:15:01 webserver CROND[31357]: (root) CMD (bash /root/Documents/log.sh)
Nov  4 15:16:01 webserver CROND[31362]: (root) CMD (bash /root/Documents/log.sh)
Nov  4 15:17:01 webserver CROND[31369]: (root) CMD (bash /root/Documents/log.sh)
Nov  4 15:18:01 webserver CROND[31374]: (root) CMD (bash /root/Documents/log.sh)
Nov  4 15:19:01 webserver CROND[31379]: (root) CMD (bash /root/Documents/log.sh)
Nov  4 15:20:02 webserver CROND[31384]: (root) CMD (bash /root/Documents/log.sh)
Nov  4 15:21:01 webserver CROND[31389]: (root) CMD (bash /root/Documents/log.sh)
Nov  4 15:22:01 webserver CROND[31396]: (root) CMD (bash /root/Documents/log.sh)
Nov  4 15:23:01 webserver CROND[31402]: (root) CMD (bash /root/Documents/log.sh)
Nov  4 15:24:01 webserver CROND[31407]: (root) CMD (bash /root/Documents/log.sh)
Nov  4 15:25:01 webserver CROND[31413]: (root) CMD (bash /root/Documents/log.sh)
Nov  4 15:26:01 webserver CROND[31418]: (root) CMD (bash /root/Documents/log.sh)
Nov  4 15:27:01 webserver CROND[31424]: (root) CMD (bash /root/Documents/log.sh)
Nov  4 15:28:01 webserver CROND[31430]: (root) CMD (bash /root/Documents/log.sh)
Nov  4 15:29:01 webserver CROND[31435]: (root) CMD (bash /root/Documents/log.sh)
Nov  4 15:30:01 webserver CROND[31440]: (root) CMD (bash /root/Documents/log.sh)
Nov  4 15:30:01 localhost CROND[13249]: (root) CMD ("/root/Downloads/sn.sh")
Nov  4 15:30:01 localhost CROND[13247]: (root) CMDOUT (/bin/bash: /root/Downloads/sn.sh: Permission denied)
Nov  4 15:31:01 webserver CROND[31445]: (root) CMD (bash /root/Documents/log.sh)
Nov  4 15:32:01 webserver CROND[31451]: (root) CMD (bash /root/Documents/log.sh)
Nov  4 15:33:01 webserver CROND[31457]: (root) CMD (bash /root/Documents/log.sh)
Nov  4 15:34:01 webserver CROND[31462]: (root) CMD (bash /root/Documents/log.sh)
Nov  4 15:35:01 webserver CROND[31468]: (root) CMD (bash /root/Documents/log.sh)
Nov  4 15:36:01 webserver CROND[31476]: (root) CMD (bash /root/Documents/log.sh)
Nov  4 15:37:01 webserver CROND[31482]: (root) CMD (bash /root/Documents/log.sh)
Nov  4 15:38:01 webserver CROND[31488]: (root) CMD (bash /root/Documents/log.sh)
Nov  4 15:39:01 webserver CROND[31493]: (root) CMD (bash /root/Documents/log.sh)
Nov  4 15:40:01 webserver CROND[31498]: (root) CMD (bash /root/Documents/log.sh)
Nov  4 15:41:01 webserver CROND[31503]: (root) CMD (bash /root/Documents/log.sh)
Nov  4 15:42:01 webserver CROND[31509]: (root) CMD (bash /root/Documents/log.sh)
Nov  4 15:43:01 webserver CROND[31514]: (root) CMD (bash /root/Documents/log.sh)
Nov  4 15:44:01 webserver CROND[31521]: (root) CMD (bash /root/Documents/log.sh)
Nov  4 15:45:01 webserver CROND[31543]: (root) CMD (bash /root/Documents/log.sh)
Nov  4 15:46:01 webserver CROND[31548]: (root) CMD (bash /root/Documents/log.sh)
Nov  4 15:47:01 webserver CROND[31554]: (root) CMD (bash /root/Documents/log.sh)
Nov  4 15:48:01 webserver CROND[31559]: (root) CMD (bash /root/Documents/log.sh)
Nov  4 15:49:01 webserver CROND[31565]: (root) CMD (bash /root/Documents/log.sh)
Nov  4 15:50:01 webserver CROND[31572]: (root) CMD (bash /root/Documents/log.sh)
Nov  4 15:51:01 webserver CROND[31577]: (root) CMD (bash /root/Documents/log.sh)
Nov  4 15:52:01 webserver CROND[31583]: (root) CMD (bash /root/Documents/log.sh)
Nov  4 15:53:01 webserver CROND[31588]: (root) CMD (bash /root/Documents/log.sh)
Nov  4 15:54:01 webserver CROND[31594]: (root) CMD (bash /root/Documents/log.sh)
Nov  4 15:55:01 webserver CROND[31600]: (root) CMD (bash /root/Documents/log.sh)
Nov  4 15:56:01 webserver CROND[31605]: (root) CMD (bash /root/Documents/log.sh)
Nov  4 15:57:01 webserver CROND[31611]: (root) CMD (bash /root/Documents/log.sh)
Nov  4 15:58:01 webserver CROND[31616]: (root) CMD (bash /root/Documents/log.sh)
Nov  4 15:59:01 webserver CROND[31622]: (root) CMD (bash /root/Documents/log.sh)
Nov  4 16:00:02 webserver CROND[31627]: (root) CMD (bash /root/Documents/log.sh)
Nov  4 16:01:01 webserver CROND[31635]: (root) CMD (bash /root/Documents/log.sh)
Nov  4 16:01:01 webserver CROND[31636]: (root) CMD (run-parts /etc/cron.hourly)
Nov  4 16:01:02 localhost CROND[13424]: (root) CMD (run-parts /etc/cron.hourly)
Nov  4 16:02:01 webserver CROND[31658]: (root) CMD (bash /root/Documents/log.sh)
Nov  4 16:03:01 webserver CROND[31663]: (root) CMD (bash /root/Documents/log.sh)
Nov  4 16:04:01 webserver CROND[31668]: (root) CMD (bash /root/Documents/log.sh)
Nov  4 16:05:01 webserver CROND[31675]: (root) CMD (bash /root/Documents/log.sh)
Nov  4 16:06:01 webserver CROND[31680]: (root) CMD (bash /root/Documents/log.sh)
Nov  4 16:07:01 webserver CROND[31686]: (root) CMD (bash /root/Documents/log.sh)
Nov  4 16:08:01 webserver CROND[31691]: (root) CMD (bash /root/Documents/log.sh)
Nov  4 16:09:01 webserver CROND[31696]: (root) CMD (bash /root/Documents/log.sh)
Nov  4 16:10:01 webserver CROND[31702]: (root) CMD (bash /root/Documents/log.sh)
Nov  4 16:11:01 webserver CROND[31707]: (root) CMD (bash /root/Documents/log.sh)
Nov  4 16:12:01 webserver CROND[31713]: (root) CMD (bash /root/Documents/log.sh)
Nov  4 16:13:01 webserver CROND[31718]: (root) CMD (bash /root/Documents/log.sh)
Nov  4 16:14:01 webserver CROND[31723]: (root) CMD (bash /root/Documents/log.sh)
Nov  4 16:15:01 webserver CROND[31730]: (root) CMD (bash /root/Documents/log.sh)
Nov  4 16:16:01 webserver CROND[31735]: (root) CMD (bash /root/Documents/log.sh)
Nov  4 16:17:01 webserver CROND[31741]: (root) CMD (bash /root/Documents/log.sh)
Nov  4 16:18:01 webserver CROND[31746]: (root) CMD (bash /root/Documents/log.sh)
Nov  4 16:19:02 webserver CROND[31751]: (root) CMD (bash /root/Documents/log.sh)
Nov  4 16:20:01 webserver CROND[31757]: (root) CMD (bash /root/Documents/log.sh)
Nov  4 16:21:01 webserver CROND[31762]: (root) CMD (bash /root/Documents/log.sh)
Nov  4 16:22:01 webserver CROND[31768]: (root) CMD (bash /root/Documents/log.sh)
Nov  4 16:23:01 webserver CROND[31773]: (root) CMD (bash /root/Documents/log.sh)
Nov  4 16:24:01 webserver CROND[31778]: (root) CMD (bash /root/Documents/log.sh)
Nov  4 16:25:01 webserver CROND[31784]: (root) CMD (bash /root/Documents/log.sh)
Nov  4 16:26:01 webserver CROND[31790]: (root) CMD (bash /root/Documents/log.sh)
Nov  4 16:27:01 webserver CROND[31797]: (root) CMD (bash /root/Documents/log.sh)
Nov  4 16:28:01 webserver CROND[31802]: (root) CMD (bash /root/Documents/log.sh)
Nov  4 16:29:01 webserver CROND[31807]: (root) CMD (bash /root/Documents/log.sh)
Nov  4 16:30:01 webserver CROND[31812]: (root) CMD (bash /root/Documents/log.sh)
Nov  4 16:31:01 webserver CROND[31818]: (root) CMD (bash /root/Documents/log.sh)
Nov  4 16:32:01 webserver CROND[31824]: (root) CMD (bash /root/Documents/log.sh)
Nov  4 16:33:01 webserver CROND[31829]: (root) CMD (bash /root/Documents/log.sh)
Nov  4 16:34:01 webserver CROND[31834]: (root) CMD (bash /root/Documents/log.sh)
Nov  4 16:35:01 webserver CROND[31841]: (root) CMD (bash /root/Documents/log.sh)
Nov  4 16:36:01 webserver CROND[31857]: (root) CMD (bash /root/Documents/log.sh)
Nov  4 16:37:01 webserver CROND[31870]: (root) CMD (bash /root/Documents/log.sh)
Nov  4 16:38:01 webserver CROND[31889]: (root) CMD (bash /root/Documents/log.sh)
Nov  4 16:39:02 webserver CROND[31899]: (root) CMD (bash /root/Documents/log.sh)
Nov  4 16:40:01 webserver CROND[31904]: (root) CMD (bash /root/Documents/log.sh)
Nov  4 16:41:01 webserver CROND[31910]: (root) CMD (bash /root/Documents/log.sh)
Nov  4 16:42:01 webserver CROND[31916]: (root) CMD (bash /root/Documents/log.sh)
Nov  4 16:43:01 webserver CROND[31921]: (root) CMD (bash /root/Documents/log.sh)
Nov  4 16:44:01 webserver CROND[31927]: (root) CMD (bash /root/Documents/log.sh)
Nov  4 16:45:01 webserver CROND[31938]: (root) CMD (bash /root/Documents/log.sh)
Nov  4 16:46:01 webserver CROND[31943]: (root) CMD (bash /root/Documents/log.sh)
Nov  4 16:47:01 webserver CROND[31950]: (root) CMD (bash /root/Documents/log.sh)
Nov  4 16:48:01 webserver CROND[31955]: (root) CMD (bash /root/Documents/log.sh)
Nov  4 16:49:01 webserver CROND[31960]: (root) CMD (bash /root/Documents/log.sh)
Nov  4 16:50:01 webserver CROND[31966]: (root) CMD (bash /root/Documents/log.sh)
Nov  4 16:51:01 webserver CROND[31971]: (root) CMD (bash /root/Documents/log.sh)
Nov  4 16:52:01 webserver CROND[31978]: (root) CMD (bash /root/Documents/log.sh)
Nov  4 16:53:01 webserver CROND[31983]: (root) CMD (bash /root/Documents/log.sh)
Nov  4 16:54:01 webserver CROND[31988]: (root) CMD (bash /root/Documents/log.sh)
Nov  4 16:55:01 webserver CROND[31995]: (root) CMD (bash /root/Documents/log.sh)
Nov  4 16:56:01 webserver CROND[32000]: (root) CMD (bash /root/Documents/log.sh)
Nov  4 16:57:01 webserver CROND[32007]: (root) CMD (bash /root/Documents/log.sh)
Nov  4 16:58:01 webserver CROND[32012]: (root) CMD (bash /root/Documents/log.sh)
Nov  4 16:59:01 webserver CROND[32017]: (root) CMD (bash /root/Documents/log.sh)
Nov  4 17:00:01 webserver CROND[32022]: (root) CMD (bash /root/Documents/log.sh)
Nov  4 17:01:01 webserver CROND[32029]: (root) CMD (run-parts /etc/cron.hourly)
Nov  4 17:01:01 webserver CROND[32033]: (root) CMD (bash /root/Documents/log.sh)
Nov  4 17:01:01 localhost CROND[14283]: (root) CMD (run-parts /etc/cron.hourly)
Nov  4 17:02:01 webserver CROND[32054]: (root) CMD (bash /root/Documents/log.sh)
Nov  4 17:03:01 webserver CROND[32059]: (root) CMD (bash /root/Documents/log.sh)
Nov  4 17:04:01 webserver CROND[32064]: (root) CMD (bash /root/Documents/log.sh)
Nov  4 17:05:01 webserver CROND[32070]: (root) CMD (bash /root/Documents/log.sh)
Nov  4 17:06:02 webserver CROND[32075]: (root) CMD (bash /root/Documents/log.sh)
Nov  4 17:07:01 webserver CROND[32081]: (root) CMD (bash /root/Documents/log.sh)
Nov  4 17:08:01 webserver CROND[32087]: (root) CMD (bash /root/Documents/log.sh)
Nov  4 17:09:01 webserver CROND[32092]: (root) CMD (bash /root/Documents/log.sh)
Nov  4 17:10:01 webserver CROND[32097]: (root) CMD (bash /root/Documents/log.sh)
Nov  4 17:11:01 webserver CROND[32102]: (root) CMD (bash /root/Documents/log.sh)
Nov  4 17:12:01 webserver CROND[32108]: (root) CMD (bash /root/Documents/log.sh)
Nov  4 17:13:01 webserver CROND[32114]: (root) CMD (bash /root/Documents/log.sh)
Nov  4 17:14:01 webserver CROND[32119]: (root) CMD (bash /root/Documents/log.sh)
Nov  4 17:15:01 webserver CROND[32125]: (root) CMD (bash /root/Documents/log.sh)
Nov  4 17:16:01 webserver CROND[32130]: (root) CMD (bash /root/Documents/log.sh)
Nov  4 17:17:01 webserver CROND[32136]: (root) CMD (bash /root/Documents/log.sh)
Nov  4 17:18:01 webserver CROND[32142]: (root) CMD (bash /root/Documents/log.sh)
Nov  4 17:19:01 webserver CROND[32147]: (root) CMD (bash /root/Documents/log.sh)
Nov  4 17:20:01 webserver CROND[32152]: (root) CMD (bash /root/Documents/log.sh)
Nov  4 17:21:01 webserver CROND[32157]: (root) CMD (bash /root/Documents/log.sh)
Nov  4 17:22:01 webserver CROND[32171]: (root) CMD (bash /root/Documents/log.sh)
Nov  4 17:23:01 webserver CROND[32177]: (root) CMD (bash /root/Documents/log.sh)
Nov  4 17:24:01 webserver CROND[32182]: (root) CMD (bash /root/Documents/log.sh)
Nov  4 17:25:01 webserver CROND[32188]: (root) CMD (bash /root/Documents/log.sh)
Nov  4 17:26:02 webserver CROND[32193]: (root) CMD (bash /root/Documents/log.sh)
Nov  4 17:27:01 webserver CROND[32199]: (root) CMD (bash /root/Documents/log.sh)
Nov  4 17:28:01 webserver CROND[32204]: (root) CMD (bash /root/Documents/log.sh)
Nov  4 17:29:01 webserver CROND[32211]: (root) CMD (bash /root/Documents/log.sh)
Nov  4 17:30:01 webserver CROND[32216]: (root) CMD (bash /root/Documents/log.sh)
Nov  4 17:31:01 webserver CROND[32221]: (root) CMD (bash /root/Documents/log.sh)
Nov  4 17:32:01 webserver CROND[32227]: (root) CMD (bash /root/Documents/log.sh)
Nov  4 17:33:01 webserver CROND[32232]: (root) CMD (bash /root/Documents/log.sh)
Nov  4 17:34:01 webserver CROND[32238]: (root) CMD (bash /root/Documents/log.sh)
Nov  4 17:35:01 webserver CROND[32244]: (root) CMD (bash /root/Documents/log.sh)
Nov  4 17:36:01 webserver CROND[32253]: (root) CMD (bash /root/Documents/log.sh)
Nov  4 17:37:01 webserver CROND[32259]: (root) CMD (bash /root/Documents/log.sh)
Nov  4 17:38:01 webserver CROND[32264]: (root) CMD (bash /root/Documents/log.sh)
Nov  4 17:39:01 webserver CROND[32270]: (root) CMD (bash /root/Documents/log.sh)
Nov  4 17:40:01 webserver CROND[32275]: (root) CMD (bash /root/Documents/log.sh)
Nov  4 17:41:01 webserver CROND[32280]: (root) CMD (bash /root/Documents/log.sh)
Nov  4 17:42:01 webserver CROND[32286]: (root) CMD (bash /root/Documents/log.sh)
Nov  4 17:43:01 webserver CROND[32292]: (root) CMD (bash /root/Documents/log.sh)
Nov  4 17:44:01 webserver CROND[32299]: (root) CMD (bash /root/Documents/log.sh)
Nov  4 17:45:01 webserver CROND[32310]: (root) CMD (bash /root/Documents/log.sh)
Nov  4 17:46:01 webserver CROND[32315]: (root) CMD (bash /root/Documents/log.sh)
Nov  4 17:47:02 webserver CROND[32321]: (root) CMD (bash /root/Documents/log.sh)
Nov  4 17:48:01 webserver CROND[32326]: (root) CMD (bash /root/Documents/log.sh)
Nov  4 17:49:01 webserver CROND[32331]: (root) CMD (bash /root/Documents/log.sh)
Nov  4 17:50:01 webserver CROND[32338]: (root) CMD (bash /root/Documents/log.sh)
Nov  4 17:51:01 webserver CROND[32343]: (root) CMD (bash /root/Documents/log.sh)
Nov  4 17:52:01 webserver CROND[32349]: (root) CMD (bash /root/Documents/log.sh)
Nov  4 17:53:01 webserver CROND[32354]: (root) CMD (bash /root/Documents/log.sh)
Nov  4 17:54:01 webserver CROND[32359]: (root) CMD (bash /root/Documents/log.sh)
Nov  4 17:55:01 webserver CROND[32366]: (root) CMD (bash /root/Documents/log.sh)
Nov  4 17:56:01 webserver CROND[32372]: (root) CMD (bash /root/Documents/log.sh)
Nov  4 17:57:01 webserver CROND[32378]: (root) CMD (bash /root/Documents/log.sh)
Nov  4 17:58:01 webserver CROND[32383]: (root) CMD (bash /root/Documents/log.sh)
Nov  4 17:59:01 webserver CROND[32388]: (root) CMD (bash /root/Documents/log.sh)
Nov  4 18:00:01 webserver CROND[32394]: (root) CMD (bash /root/Documents/log.sh)
Nov  4 18:01:01 localhost CROND[14720]: (root) CMD (run-parts /etc/cron.hourly)
Nov  4 18:01:01 webserver CROND[32401]: (root) CMD (bash /root/Documents/log.sh)
Nov  4 18:01:01 webserver CROND[32403]: (root) CMD (run-parts /etc/cron.hourly)
Nov  4 18:02:01 webserver CROND[32425]: (root) CMD (bash /root/Documents/log.sh)
Nov  4 18:03:01 webserver CROND[32430]: (root) CMD (bash /root/Documents/log.sh)
Nov  4 18:04:01 webserver CROND[32435]: (root) CMD (bash /root/Documents/log.sh)
Nov  4 18:05:01 webserver CROND[32442]: (root) CMD (bash /root/Documents/log.sh)
Nov  4 18:06:02 webserver CROND[32447]: (root) CMD (bash /root/Documents/log.sh)
Nov  4 18:07:01 webserver CROND[32453]: (root) CMD (bash /root/Documents/log.sh)
Nov  4 18:08:01 webserver CROND[32459]: (root) CMD (bash /root/Documents/log.sh)
Nov  4 18:09:01 webserver CROND[32464]: (root) CMD (bash /root/Documents/log.sh)
Nov  4 18:10:01 webserver CROND[32470]: (root) CMD (bash /root/Documents/log.sh)
Nov  4 18:11:01 webserver CROND[32476]: (root) CMD (bash /root/Documents/log.sh)
Nov  4 18:12:01 webserver CROND[32482]: (root) CMD (bash /root/Documents/log.sh)
Nov  4 18:13:01 webserver CROND[32487]: (root) CMD (bash /root/Documents/log.sh)
Nov  4 18:14:01 webserver CROND[32492]: (root) CMD (bash /root/Documents/log.sh)
Nov  4 18:15:01 webserver CROND[32498]: (root) CMD (bash /root/Documents/log.sh)
Nov  4 18:16:01 webserver CROND[32504]: (root) CMD (bash /root/Documents/log.sh)
Nov  4 18:17:01 webserver CROND[32510]: (root) CMD (bash /root/Documents/log.sh)
Nov  4 18:18:01 webserver CROND[32515]: (root) CMD (bash /root/Documents/log.sh)
Nov  4 18:19:01 webserver CROND[32520]: (root) CMD (bash /root/Documents/log.sh)
Nov  4 18:20:01 webserver CROND[32525]: (root) CMD (bash /root/Documents/log.sh)
Nov  4 18:21:01 webserver CROND[32531]: (root) CMD (bash /root/Documents/log.sh)
Nov  4 18:22:01 webserver CROND[32537]: (root) CMD (bash /root/Documents/log.sh)
Nov  4 18:23:01 webserver CROND[32542]: (root) CMD (bash /root/Documents/log.sh)
Nov  4 18:24:01 webserver CROND[32550]: (root) CMD (bash /root/Documents/log.sh)
Nov  4 18:25:01 webserver CROND[32556]: (root) CMD (bash /root/Documents/log.sh)
Nov  4 18:26:02 webserver CROND[32565]: (root) CMD (bash /root/Documents/log.sh)
Nov  4 18:27:01 webserver CROND[32574]: (root) CMD (bash /root/Documents/log.sh)
Nov  4 18:28:01 webserver CROND[32579]: (root) CMD (bash /root/Documents/log.sh)
Nov  4 18:29:01 webserver CROND[32595]: (root) CMD (bash /root/Documents/log.sh)
Nov  4 18:30:01 webserver CROND[32600]: (root) CMD (bash /root/Documents/log.sh)
Nov  4 18:31:01 webserver CROND[32605]: (root) CMD (bash /root/Documents/log.sh)
Nov  4 18:32:01 webserver CROND[32612]: (root) CMD (bash /root/Documents/log.sh)
Nov  4 18:33:01 webserver CROND[32617]: (root) CMD (bash /root/Documents/log.sh)
Nov  4 18:34:01 webserver CROND[32622]: (root) CMD (bash /root/Documents/log.sh)
Nov  4 18:35:01 webserver CROND[32628]: (root) CMD (bash /root/Documents/log.sh)
Nov  4 18:36:01 webserver CROND[32637]: (root) CMD (bash /root/Documents/log.sh)
Nov  4 18:37:01 webserver CROND[32644]: (root) CMD (bash /root/Documents/log.sh)
Nov  4 18:38:01 webserver CROND[32649]: (root) CMD (bash /root/Documents/log.sh)
Nov  4 18:39:01 webserver CROND[32654]: (root) CMD (bash /root/Documents/log.sh)
Nov  4 18:40:01 webserver CROND[32659]: (root) CMD (bash /root/Documents/log.sh)
Nov  4 18:41:01 webserver CROND[32664]: (root) CMD (bash /root/Documents/log.sh)
Nov  4 18:42:01 webserver CROND[32671]: (root) CMD (bash /root/Documents/log.sh)
Nov  4 18:43:01 webserver CROND[32676]: (root) CMD (bash /root/Documents/log.sh)
Nov  4 18:44:01 webserver CROND[32681]: (root) CMD (bash /root/Documents/log.sh)
Nov  4 18:45:01 webserver CROND[32692]: (root) CMD (bash /root/Documents/log.sh)
Nov  4 18:46:01 webserver CROND[32697]: (root) CMD (bash /root/Documents/log.sh)
Nov  4 18:47:02 webserver CROND[32704]: (root) CMD (bash /root/Documents/log.sh)
Nov  4 18:48:01 webserver CROND[32709]: (root) CMD (bash /root/Documents/log.sh)
Nov  4 18:49:01 webserver CROND[32714]: (root) CMD (bash /root/Documents/log.sh)
Nov  4 18:50:01 webserver CROND[32721]: (root) CMD (bash /root/Documents/log.sh)
Nov  4 18:51:01 webserver CROND[32726]: (root) CMD (bash /root/Documents/log.sh)
Nov  4 18:52:01 webserver CROND[32732]: (root) CMD (bash /root/Documents/log.sh)
Nov  4 18:53:01 webserver CROND[32738]: (root) CMD (bash /root/Documents/log.sh)
Nov  4 18:54:01 webserver CROND[32743]: (root) CMD (bash /root/Documents/log.sh)
Nov  4 18:55:01 webserver CROND[32749]: (root) CMD (bash /root/Documents/log.sh)
Nov  4 18:56:01 webserver CROND[32755]: (root) CMD (bash /root/Documents/log.sh)
Nov  4 18:57:01 webserver CROND[32761]: (root) CMD (bash /root/Documents/log.sh)
Nov  4 18:58:01 webserver CROND[32767]: (root) CMD (bash /root/Documents/log.sh)
Nov  4 18:59:01 webserver CROND[306]: (root) CMD (bash /root/Documents/log.sh)
Nov  4 19:00:01 webserver CROND[311]: (root) CMD (bash /root/Documents/log.sh)
Nov  4 19:01:01 localhost CROND[14770]: (root) CMD (run-parts /etc/cron.hourly)
Nov  4 19:01:01 webserver CROND[318]: (root) CMD (bash /root/Documents/log.sh)
Nov  4 19:01:01 webserver CROND[320]: (root) CMD (run-parts /etc/cron.hourly)
Nov  4 19:02:01 webserver CROND[344]: (root) CMD (bash /root/Documents/log.sh)
Nov  4 19:03:01 webserver CROND[351]: (root) CMD (bash /root/Documents/log.sh)
Nov  4 19:04:01 webserver CROND[356]: (root) CMD (bash /root/Documents/log.sh)
Nov  4 19:05:01 webserver CROND[362]: (root) CMD (bash /root/Documents/log.sh)
Nov  4 19:06:02 webserver CROND[367]: (root) CMD (bash /root/Documents/log.sh)
Nov  4 19:07:01 webserver CROND[373]: (root) CMD (bash /root/Documents/log.sh)
Nov  4 19:08:01 webserver CROND[379]: (root) CMD (bash /root/Documents/log.sh)
Nov  4 19:09:01 webserver CROND[384]: (root) CMD (bash /root/Documents/log.sh)
Nov  4 19:10:01 webserver CROND[389]: (root) CMD (bash /root/Documents/log.sh)
Nov  4 19:11:01 webserver CROND[395]: (root) CMD (bash /root/Documents/log.sh)
Nov  4 19:12:01 webserver CROND[401]: (root) CMD (bash /root/Documents/log.sh)
Nov  4 19:13:01 webserver CROND[406]: (root) CMD (bash /root/Documents/log.sh)
Nov  4 19:14:01 webserver CROND[412]: (root) CMD (bash /root/Documents/log.sh)
Nov  4 19:15:01 webserver CROND[418]: (root) CMD (bash /root/Documents/log.sh)
Nov  4 19:16:01 webserver CROND[425]: (root) CMD (bash /root/Documents/log.sh)
Nov  4 19:17:01 webserver CROND[431]: (root) CMD (bash /root/Documents/log.sh)
Nov  4 19:18:01 webserver CROND[436]: (root) CMD (bash /root/Documents/log.sh)
Nov  4 19:19:01 webserver CROND[442]: (root) CMD (bash /root/Documents/log.sh)
Nov  4 19:20:01 webserver CROND[447]: (root) CMD (bash /root/Documents/log.sh)
Nov  4 19:21:01 webserver CROND[453]: (root) CMD (bash /root/Documents/log.sh)
Nov  4 19:22:01 webserver CROND[459]: (root) CMD (bash /root/Documents/log.sh)
Nov  4 19:23:01 webserver CROND[464]: (root) CMD (bash /root/Documents/log.sh)
Nov  4 19:24:01 webserver CROND[471]: (root) CMD (bash /root/Documents/log.sh)
Nov  4 19:25:01 webserver CROND[478]: (root) CMD (bash /root/Documents/log.sh)
Nov  4 19:26:01 webserver CROND[483]: (root) CMD (bash /root/Documents/log.sh)
Nov  4 19:27:02 webserver CROND[489]: (root) CMD (bash /root/Documents/log.sh)
Nov  4 19:28:01 webserver CROND[494]: (root) CMD (bash /root/Documents/log.sh)
Nov  4 19:29:01 webserver CROND[500]: (root) CMD (bash /root/Documents/log.sh)
Nov  4 19:30:01 webserver CROND[507]: (root) CMD (bash /root/Documents/log.sh)
Nov  4 19:31:01 webserver CROND[512]: (root) CMD (bash /root/Documents/log.sh)
Nov  4 19:32:01 webserver CROND[517]: (root) CMD (bash /root/Documents/log.sh)
Nov  4 19:33:01 webserver CROND[529]: (root) CMD (bash /root/Documents/log.sh)
Nov  4 19:34:01 webserver CROND[535]: (root) CMD (bash /root/Documents/log.sh)
Nov  4 19:35:01 webserver CROND[544]: (root) CMD (bash /root/Documents/log.sh)
Nov  4 19:36:01 webserver CROND[559]: (root) CMD (bash /root/Documents/log.sh)
Nov  4 19:37:01 webserver CROND[565]: (root) CMD (bash /root/Documents/log.sh)
Nov  4 19:38:01 webserver CROND[580]: (root) CMD (bash /root/Documents/log.sh)
Nov  4 19:39:01 webserver CROND[589]: (root) CMD (bash /root/Documents/log.sh)
Nov  4 19:40:01 webserver CROND[596]: (root) CMD (bash /root/Documents/log.sh)
Nov  4 19:41:01 webserver CROND[601]: (root) CMD (bash /root/Documents/log.sh)
Nov  4 19:42:01 webserver CROND[613]: (root) CMD (bash /root/Documents/log.sh)
Nov  4 19:43:01 webserver CROND[619]: (root) CMD (bash /root/Documents/log.sh)
Nov  4 19:44:01 webserver CROND[631]: (root) CMD (bash /root/Documents/log.sh)
Nov  4 19:45:01 webserver CROND[646]: (root) CMD (bash /root/Documents/log.sh)
Nov  4 19:46:01 webserver CROND[651]: (root) CMD (bash /root/Documents/log.sh)
Nov  4 19:47:01 webserver CROND[656]: (root) CMD (bash /root/Documents/log.sh)
Nov  4 19:48:01 webserver CROND[662]: (root) CMD (bash /root/Documents/log.sh)
Nov  4 19:49:01 webserver CROND[667]: (root) CMD (bash /root/Documents/log.sh)
Nov  4 19:50:01 webserver CROND[674]: (root) CMD (bash /root/Documents/log.sh)
Nov  4 19:51:01 webserver CROND[679]: (root) CMD (bash /root/Documents/log.sh)
Nov  4 19:52:01 webserver CROND[685]: (root) CMD (bash /root/Documents/log.sh)
Nov  4 19:53:01 webserver CROND[691]: (root) CMD (bash /root/Documents/log.sh)
Nov  4 19:54:01 webserver CROND[697]: (root) CMD (bash /root/Documents/log.sh)
Nov  4 19:55:01 webserver CROND[703]: (root) CMD (bash /root/Documents/log.sh)
Nov  4 19:56:01 webserver CROND[709]: (root) CMD (bash /root/Documents/log.sh)
Nov  4 19:57:01 webserver CROND[714]: (root) CMD (bash /root/Documents/log.sh)
Nov  4 19:58:01 webserver CROND[721]: (root) CMD (bash /root/Documents/log.sh)
Nov  4 19:59:01 webserver CROND[726]: (root) CMD (bash /root/Documents/log.sh)
Nov  4 20:00:01 webserver CROND[731]: (root) CMD (bash /root/Documents/log.sh)
Nov  4 20:01:01 localhost CROND[14811]: (root) CMD (run-parts /etc/cron.hourly)
Nov  4 20:01:01 webserver CROND[739]: (root) CMD (bash /root/Documents/log.sh)
Nov  4 20:01:01 webserver CROND[740]: (root) CMD (run-parts /etc/cron.hourly)
Nov  4 20:02:01 webserver CROND[765]: (root) CMD (bash /root/Documents/log.sh)
Nov  4 20:03:01 webserver CROND[771]: (root) CMD (bash /root/Documents/log.sh)
Nov  4 20:04:01 webserver CROND[776]: (root) CMD (bash /root/Documents/log.sh)
Nov  4 20:05:01 webserver CROND[782]: (root) CMD (bash /root/Documents/log.sh)
Nov  4 20:06:02 webserver CROND[788]: (root) CMD (bash /root/Documents/log.sh)
Nov  4 20:07:01 webserver CROND[793]: (root) CMD (bash /root/Documents/log.sh)
Nov  4 20:08:01 webserver CROND[799]: (root) CMD (bash /root/Documents/log.sh)
Nov  4 20:09:01 webserver CROND[804]: (root) CMD (bash /root/Documents/log.sh)
Nov  4 20:10:01 webserver CROND[809]: (root) CMD (bash /root/Documents/log.sh)
Nov  4 20:11:01 webserver CROND[817]: (root) CMD (bash /root/Documents/log.sh)
Nov  4 20:12:01 webserver CROND[822]: (root) CMD (bash /root/Documents/log.sh)
Nov  4 20:13:01 webserver CROND[828]: (root) CMD (bash /root/Documents/log.sh)
Nov  4 20:14:01 webserver CROND[833]: (root) CMD (bash /root/Documents/log.sh)
Nov  4 20:15:01 webserver CROND[839]: (root) CMD (bash /root/Documents/log.sh)
Nov  4 20:16:01 webserver CROND[845]: (root) CMD (bash /root/Documents/log.sh)
Nov  4 20:17:01 webserver CROND[851]: (root) CMD (bash /root/Documents/log.sh)
Nov  4 20:18:01 webserver CROND[857]: (root) CMD (bash /root/Documents/log.sh)
Nov  4 20:19:01 webserver CROND[862]: (root) CMD (bash /root/Documents/log.sh)
Nov  4 20:20:01 webserver CROND[867]: (root) CMD (bash /root/Documents/log.sh)
Nov  4 20:21:01 webserver CROND[872]: (root) CMD (bash /root/Documents/log.sh)
Nov  4 20:22:01 webserver CROND[878]: (root) CMD (bash /root/Documents/log.sh)
Nov  4 20:23:01 webserver CROND[884]: (root) CMD (bash /root/Documents/log.sh)
Nov  4 20:24:01 webserver CROND[889]: (root) CMD (bash /root/Documents/log.sh)
Nov  4 20:25:01 webserver CROND[896]: (root) CMD (bash /root/Documents/log.sh)
Nov  4 20:26:01 webserver CROND[901]: (root) CMD (bash /root/Documents/log.sh)
Nov  4 20:27:02 webserver CROND[907]: (root) CMD (bash /root/Documents/log.sh)
Nov  4 20:28:01 webserver CROND[913]: (root) CMD (bash /root/Documents/log.sh)
Nov  4 20:29:01 webserver CROND[918]: (root) CMD (bash /root/Documents/log.sh)
Nov  4 20:30:01 webserver CROND[923]: (root) CMD (bash /root/Documents/log.sh)
Nov  4 20:31:01 webserver CROND[928]: (root) CMD (bash /root/Documents/log.sh)
Nov  4 20:32:01 webserver CROND[934]: (root) CMD (bash /root/Documents/log.sh)
Nov  4 20:33:01 webserver CROND[940]: (root) CMD (bash /root/Documents/log.sh)
Nov  4 20:34:01 webserver CROND[946]: (root) CMD (bash /root/Documents/log.sh)
Nov  4 20:35:01 webserver CROND[952]: (root) CMD (bash /root/Documents/log.sh)
Nov  4 20:36:01 webserver CROND[960]: (root) CMD (bash /root/Documents/log.sh)
Nov  4 20:37:01 webserver CROND[965]: (root) CMD (bash /root/Documents/log.sh)
Nov  4 20:38:01 webserver CROND[972]: (root) CMD (bash /root/Documents/log.sh)
Nov  4 20:39:01 webserver CROND[977]: (root) CMD (bash /root/Documents/log.sh)
Nov  4 20:40:01 webserver CROND[982]: (root) CMD (bash /root/Documents/log.sh)
Nov  4 20:41:01 webserver CROND[987]: (root) CMD (bash /root/Documents/log.sh)
Nov  4 20:42:01 webserver CROND[992]: (root) CMD (bash /root/Documents/log.sh)
Nov  4 20:43:01 webserver CROND[999]: (root) CMD (bash /root/Documents/log.sh)
Nov  4 20:44:01 webserver CROND[1004]: (root) CMD (bash /root/Documents/log.sh)
Nov  4 20:45:01 webserver CROND[1015]: (root) CMD (bash /root/Documents/log.sh)
Nov  4 20:46:01 webserver CROND[1020]: (root) CMD (bash /root/Documents/log.sh)
Nov  4 20:47:01 webserver CROND[1025]: (root) CMD (bash /root/Documents/log.sh)
Nov  4 20:48:01 webserver CROND[1032]: (root) CMD (bash /root/Documents/log.sh)
Nov  4 20:49:01 webserver CROND[1038]: (root) CMD (bash /root/Documents/log.sh)
Nov  4 20:50:01 webserver CROND[1044]: (root) CMD (bash /root/Documents/log.sh)
Nov  4 20:51:01 webserver CROND[1049]: (root) CMD (bash /root/Documents/log.sh)
Nov  4 20:52:01 webserver CROND[1055]: (root) CMD (bash /root/Documents/log.sh)
Nov  4 20:53:01 webserver CROND[1062]: (root) CMD (bash /root/Documents/log.sh)
Nov  4 20:54:01 webserver CROND[1067]: (root) CMD (bash /root/Documents/log.sh)
Nov  4 20:55:01 webserver CROND[1073]: (root) CMD (bash /root/Documents/log.sh)
Nov  4 20:56:01 webserver CROND[1078]: (root) CMD (bash /root/Documents/log.sh)
Nov  4 20:57:01 webserver CROND[1083]: (root) CMD (bash /root/Documents/log.sh)
Nov  4 20:58:01 webserver CROND[1089]: (root) CMD (bash /root/Documents/log.sh)
Nov  4 20:59:01 webserver CROND[1095]: (root) CMD (bash /root/Documents/log.sh)
Nov  4 21:00:01 webserver CROND[1100]: (root) CMD (bash /root/Documents/log.sh)
Nov  4 21:01:01 localhost CROND[15280]: (root) CMD (run-parts /etc/cron.hourly)
Nov  4 21:01:01 webserver CROND[1108]: (root) CMD (run-parts /etc/cron.hourly)
Nov  4 21:01:01 webserver CROND[1109]: (root) CMD (bash /root/Documents/log.sh)
Nov  4 21:02:01 webserver CROND[1131]: (root) CMD (bash /root/Documents/log.sh)
Nov  4 21:03:01 webserver CROND[1137]: (root) CMD (bash /root/Documents/log.sh)
Nov  4 21:04:01 webserver CROND[1143]: (root) CMD (bash /root/Documents/log.sh)
Nov  4 21:05:01 webserver CROND[1149]: (root) CMD (bash /root/Documents/log.sh)
Nov  4 21:06:01 webserver CROND[1154]: (root) CMD (bash /root/Documents/log.sh)
Nov  4 21:07:02 webserver CROND[1160]: (root) CMD (bash /root/Documents/log.sh)
Nov  4 21:08:01 webserver CROND[1168]: (root) CMD (bash /root/Documents/log.sh)
Nov  4 21:09:01 webserver CROND[1174]: (root) CMD (bash /root/Documents/log.sh)
Nov  4 21:10:01 webserver CROND[1179]: (root) CMD (bash /root/Documents/log.sh)
Nov  4 21:11:01 webserver CROND[1184]: (root) CMD (bash /root/Documents/log.sh)
Nov  4 21:12:01 webserver CROND[1189]: (root) CMD (bash /root/Documents/log.sh)
Nov  4 21:13:01 webserver CROND[1195]: (root) CMD (bash /root/Documents/log.sh)
Nov  4 21:14:01 webserver CROND[1201]: (root) CMD (bash /root/Documents/log.sh)
Nov  4 21:15:01 webserver CROND[1207]: (root) CMD (bash /root/Documents/log.sh)
Nov  4 21:16:01 webserver CROND[1212]: (root) CMD (bash /root/Documents/log.sh)
Nov  4 21:17:01 webserver CROND[1220]: (root) CMD (bash /root/Documents/log.sh)
Nov  4 21:18:01 webserver CROND[1226]: (root) CMD (bash /root/Documents/log.sh)
Nov  4 21:19:01 webserver CROND[1231]: (root) CMD (bash /root/Documents/log.sh)
Nov  4 21:20:01 webserver CROND[1238]: (root) CMD (bash /root/Documents/log.sh)
Nov  4 21:21:01 webserver CROND[1243]: (root) CMD (bash /root/Documents/log.sh)
Nov  4 21:22:01 webserver CROND[1249]: (root) CMD (bash /root/Documents/log.sh)
Nov  4 21:23:01 webserver CROND[1256]: (root) CMD (bash /root/Documents/log.sh)
Nov  4 21:24:01 webserver CROND[1262]: (root) CMD (bash /root/Documents/log.sh)
Nov  4 21:25:01 webserver CROND[1269]: (root) CMD (bash /root/Documents/log.sh)
Nov  4 21:26:01 webserver CROND[1274]: (root) CMD (bash /root/Documents/log.sh)
Nov  4 21:27:01 webserver CROND[1279]: (root) CMD (bash /root/Documents/log.sh)
Nov  4 21:28:02 webserver CROND[1285]: (root) CMD (bash /root/Documents/log.sh)
Nov  4 21:29:01 webserver CROND[1290]: (root) CMD (bash /root/Documents/log.sh)
Nov  4 21:30:01 webserver CROND[1296]: (root) CMD (bash /root/Documents/log.sh)
Nov  4 21:30:01 localhost CROND[15344]: (root) CMD ("/root/Downloads/sn.sh")
Nov  4 21:30:01 localhost CROND[15342]: (root) CMDOUT (/bin/bash: /root/Downloads/sn.sh: Permission denied)
Nov  4 21:31:01 webserver CROND[1301]: (root) CMD (bash /root/Documents/log.sh)
Nov  4 21:32:01 webserver CROND[1307]: (root) CMD (bash /root/Documents/log.sh)
Nov  4 21:33:01 webserver CROND[1313]: (root) CMD (bash /root/Documents/log.sh)
Nov  4 21:34:01 webserver CROND[1318]: (root) CMD (bash /root/Documents/log.sh)
Nov  4 21:35:01 webserver CROND[1325]: (root) CMD (bash /root/Documents/log.sh)
Nov  4 21:36:01 webserver CROND[1333]: (root) CMD (bash /root/Documents/log.sh)
Nov  4 21:37:01 webserver CROND[1338]: (root) CMD (bash /root/Documents/log.sh)
Nov  4 21:38:01 webserver CROND[1345]: (root) CMD (bash /root/Documents/log.sh)
Nov  4 21:39:01 webserver CROND[1350]: (root) CMD (bash /root/Documents/log.sh)
Nov  4 21:40:01 webserver CROND[1358]: (root) CMD (bash /root/Documents/log.sh)
Nov  4 21:41:01 webserver CROND[1370]: (root) CMD (bash /root/Documents/log.sh)
Nov  4 21:42:01 webserver CROND[1378]: (root) CMD (bash /root/Documents/log.sh)
Nov  4 21:43:01 webserver CROND[1384]: (root) CMD (bash /root/Documents/log.sh)
Nov  4 21:44:01 webserver CROND[1391]: (root) CMD (bash /root/Documents/log.sh)
Nov  4 21:45:02 webserver CROND[1418]: (root) CMD (bash /root/Documents/log.sh)
Nov  4 21:46:02 webserver CROND[1427]: (root) CMD (bash /root/Documents/log.sh)
Nov  4 21:47:01 webserver CROND[1434]: (root) CMD (bash /root/Documents/log.sh)
Nov  4 21:48:01 webserver CROND[1448]: (root) CMD (bash /root/Documents/log.sh)
Nov  4 21:49:01 webserver CROND[1461]: (root) CMD (bash /root/Documents/log.sh)
Nov  4 21:50:01 webserver CROND[1470]: (root) CMD (bash /root/Documents/log.sh)
Nov  4 21:51:01 webserver CROND[1487]: (root) CMD (bash /root/Documents/log.sh)
Nov  4 21:52:01 webserver CROND[1492]: (root) CMD (bash /root/Documents/log.sh)
Nov  4 21:53:01 webserver CROND[1504]: (root) CMD (bash /root/Documents/log.sh)
Nov  4 21:54:01 webserver CROND[1510]: (root) CMD (bash /root/Documents/log.sh)
Nov  4 21:55:01 webserver CROND[1520]: (root) CMD (bash /root/Documents/log.sh)
Nov  4 21:56:01 webserver CROND[1529]: (root) CMD (bash /root/Documents/log.sh)
Nov  4 21:57:01 webserver CROND[1546]: (root) CMD (bash /root/Documents/log.sh)
Nov  4 21:58:01 webserver CROND[1555]: (root) CMD (bash /root/Documents/log.sh)
Nov  4 21:59:01 webserver CROND[1560]: (root) CMD (bash /root/Documents/log.sh)
Nov  4 22:00:01 webserver CROND[1566]: (root) CMD (bash /root/Documents/log.sh)
Nov  4 22:01:01 localhost CROND[15358]: (root) CMD (run-parts /etc/cron.hourly)
Nov  4 22:01:01 webserver CROND[1573]: (root) CMD (run-parts /etc/cron.hourly)
Nov  4 22:01:01 webserver CROND[1576]: (root) CMD (bash /root/Documents/log.sh)
Nov  4 22:02:01 webserver CROND[1611]: (root) CMD (bash /root/Documents/log.sh)
Nov  4 22:03:01 webserver CROND[1618]: (root) CMD (bash /root/Documents/log.sh)
Nov  4 22:04:01 webserver CROND[1624]: (root) CMD (bash /root/Documents/log.sh)
Nov  4 22:05:01 webserver CROND[1630]: (root) CMD (bash /root/Documents/log.sh)
Nov  4 22:06:01 webserver CROND[1636]: (root) CMD (bash /root/Documents/log.sh)
Nov  4 22:07:01 webserver CROND[1643]: (root) CMD (bash /root/Documents/log.sh)
Nov  4 22:08:01 webserver CROND[1650]: (root) CMD (bash /root/Documents/log.sh)
Nov  4 22:09:01 webserver CROND[1660]: (root) CMD (bash /root/Documents/log.sh)
Nov  4 22:10:01 webserver CROND[1665]: (root) CMD (bash /root/Documents/log.sh)
Nov  4 22:11:01 webserver CROND[1674]: (root) CMD (bash /root/Documents/log.sh)
Nov  4 22:12:01 webserver CROND[1680]: (root) CMD (bash /root/Documents/log.sh)
Nov  4 22:13:01 webserver CROND[1686]: (root) CMD (bash /root/Documents/log.sh)
Nov  4 22:14:01 webserver CROND[1691]: (root) CMD (bash /root/Documents/log.sh)
Nov  4 22:15:01 webserver CROND[1697]: (root) CMD (bash /root/Documents/log.sh)
Nov  4 22:16:01 webserver CROND[1702]: (root) CMD (bash /root/Documents/log.sh)
Nov  4 22:17:01 webserver CROND[1708]: (root) CMD (bash /root/Documents/log.sh)
Nov  4 22:18:02 webserver CROND[1714]: (root) CMD (bash /root/Documents/log.sh)
Nov  4 22:19:01 webserver CROND[1719]: (root) CMD (bash /root/Documents/log.sh)
Nov  4 22:20:01 webserver CROND[1724]: (root) CMD (bash /root/Documents/log.sh)
Nov  4 22:21:01 webserver CROND[1729]: (root) CMD (bash /root/Documents/log.sh)
Nov  4 22:22:01 webserver CROND[1734]: (root) CMD (bash /root/Documents/log.sh)
Nov  4 22:23:01 webserver CROND[1741]: (root) CMD (bash /root/Documents/log.sh)
Nov  4 22:24:01 webserver CROND[1746]: (root) CMD (bash /root/Documents/log.sh)
Nov  4 22:25:01 webserver CROND[1752]: (root) CMD (bash /root/Documents/log.sh)
Nov  4 22:26:01 webserver CROND[1757]: (root) CMD (bash /root/Documents/log.sh)
Nov  4 22:27:01 webserver CROND[1762]: (root) CMD (bash /root/Documents/log.sh)
Nov  4 22:28:01 webserver CROND[1769]: (root) CMD (bash /root/Documents/log.sh)
Nov  4 22:29:01 webserver CROND[1774]: (root) CMD (bash /root/Documents/log.sh)
Nov  4 22:30:01 webserver CROND[1779]: (root) CMD (bash /root/Documents/log.sh)
Nov  4 22:31:01 webserver CROND[1784]: (root) CMD (bash /root/Documents/log.sh)
Nov  4 22:32:01 webserver CROND[1790]: (root) CMD (bash /root/Documents/log.sh)
Nov  4 22:33:01 webserver CROND[1797]: (root) CMD (bash /root/Documents/log.sh)
Nov  4 22:34:01 webserver CROND[1802]: (root) CMD (bash /root/Documents/log.sh)
Nov  4 22:35:01 webserver CROND[1808]: (root) CMD (bash /root/Documents/log.sh)
Nov  4 22:36:01 webserver CROND[1816]: (root) CMD (bash /root/Documents/log.sh)
Nov  4 22:37:01 webserver CROND[1821]: (root) CMD (bash /root/Documents/log.sh)
Nov  4 22:38:01 webserver CROND[1828]: (root) CMD (bash /root/Documents/log.sh)
Nov  4 22:39:02 webserver CROND[1833]: (root) CMD (bash /root/Documents/log.sh)
Nov  4 22:40:01 webserver CROND[1838]: (root) CMD (bash /root/Documents/log.sh)
Nov  4 22:41:01 webserver CROND[1843]: (root) CMD (bash /root/Documents/log.sh)
Nov  4 22:42:01 webserver CROND[1848]: (root) CMD (bash /root/Documents/log.sh)
Nov  4 22:43:01 webserver CROND[1854]: (root) CMD (bash /root/Documents/log.sh)
Nov  4 22:44:01 webserver CROND[1860]: (root) CMD (bash /root/Documents/log.sh)
Nov  4 22:45:01 webserver CROND[1871]: (root) CMD (bash /root/Documents/log.sh)
Nov  4 22:46:01 webserver CROND[1876]: (root) CMD (bash /root/Documents/log.sh)
Nov  4 22:47:01 webserver CROND[1881]: (root) CMD (bash /root/Documents/log.sh)
Nov  4 22:48:01 webserver CROND[1887]: (root) CMD (bash /root/Documents/log.sh)
Nov  4 22:49:01 webserver CROND[1893]: (root) CMD (bash /root/Documents/log.sh)
Nov  4 22:50:01 webserver CROND[1899]: (root) CMD (bash /root/Documents/log.sh)
Nov  4 22:51:01 webserver CROND[1906]: (root) CMD (bash /root/Documents/log.sh)
Nov  4 22:52:01 webserver CROND[1911]: (root) CMD (bash /root/Documents/log.sh)
Nov  4 22:53:01 webserver CROND[1917]: (root) CMD (bash /root/Documents/log.sh)
Nov  4 22:54:01 webserver CROND[1923]: (root) CMD (bash /root/Documents/log.sh)
Nov  4 22:55:01 webserver CROND[1929]: (root) CMD (bash /root/Documents/log.sh)
Nov  4 22:56:01 webserver CROND[1934]: (root) CMD (bash /root/Documents/log.sh)
Nov  4 22:57:01 webserver CROND[1939]: (root) CMD (bash /root/Documents/log.sh)
Nov  4 22:58:01 webserver CROND[1945]: (root) CMD (bash /root/Documents/log.sh)
Nov  4 22:59:02 webserver CROND[1951]: (root) CMD (bash /root/Documents/log.sh)
Nov  4 23:00:01 webserver CROND[1956]: (root) CMD (bash /root/Documents/log.sh)
Nov  4 23:01:01 webserver CROND[1963]: (root) CMD (bash /root/Documents/log.sh)
Nov  4 23:01:01 webserver CROND[1964]: (root) CMD (run-parts /etc/cron.hourly)
Nov  4 23:01:01 localhost CROND[15399]: (root) CMD (run-parts /etc/cron.hourly)
Nov  4 23:02:01 webserver CROND[1986]: (root) CMD (bash /root/Documents/log.sh)
Nov  4 23:03:01 webserver CROND[1992]: (root) CMD (bash /root/Documents/log.sh)
Nov  4 23:04:01 webserver CROND[1997]: (root) CMD (bash /root/Documents/log.sh)
Nov  4 23:05:01 webserver CROND[2004]: (root) CMD (bash /root/Documents/log.sh)
Nov  4 23:06:01 webserver CROND[2009]: (root) CMD (bash /root/Documents/log.sh)
Nov  4 23:07:01 webserver CROND[2014]: (root) CMD (bash /root/Documents/log.sh)
Nov  4 23:08:01 webserver CROND[2021]: (root) CMD (bash /root/Documents/log.sh)
Nov  4 23:09:01 webserver CROND[2026]: (root) CMD (bash /root/Documents/log.sh)
Nov  4 23:10:01 webserver CROND[2032]: (root) CMD (bash /root/Documents/log.sh)
Nov  4 23:11:01 webserver CROND[2037]: (root) CMD (bash /root/Documents/log.sh)
Nov  4 23:12:01 webserver CROND[2042]: (root) CMD (bash /root/Documents/log.sh)
Nov  4 23:13:01 webserver CROND[2048]: (root) CMD (bash /root/Documents/log.sh)
Nov  4 23:14:01 webserver CROND[2053]: (root) CMD (bash /root/Documents/log.sh)
Nov  4 23:15:01 webserver CROND[2060]: (root) CMD (bash /root/Documents/log.sh)
Nov  4 23:16:01 webserver CROND[2065]: (root) CMD (bash /root/Documents/log.sh)
Nov  4 23:17:01 webserver CROND[2070]: (root) CMD (bash /root/Documents/log.sh)
Nov  4 23:18:01 webserver CROND[2077]: (root) CMD (bash /root/Documents/log.sh)
Nov  4 23:19:02 webserver CROND[2082]: (root) CMD (bash /root/Documents/log.sh)
Nov  4 23:20:01 webserver CROND[2088]: (root) CMD (bash /root/Documents/log.sh)
Nov  4 23:21:01 webserver CROND[2094]: (root) CMD (bash /root/Documents/log.sh)
Nov  4 23:22:01 webserver CROND[2099]: (root) CMD (bash /root/Documents/log.sh)
Nov  4 23:23:01 webserver CROND[2105]: (root) CMD (bash /root/Documents/log.sh)
Nov  4 23:24:01 webserver CROND[2110]: (root) CMD (bash /root/Documents/log.sh)
Nov  4 23:25:01 webserver CROND[2116]: (root) CMD (bash /root/Documents/log.sh)
Nov  4 23:26:01 webserver CROND[2122]: (root) CMD (bash /root/Documents/log.sh)
Nov  4 23:27:01 webserver CROND[2127]: (root) CMD (bash /root/Documents/log.sh)
Nov  4 23:28:01 webserver CROND[2133]: (root) CMD (bash /root/Documents/log.sh)
Nov  4 23:29:01 webserver CROND[2138]: (root) CMD (bash /root/Documents/log.sh)
Nov  4 23:30:01 webserver CROND[2143]: (root) CMD (bash /root/Documents/log.sh)
Nov  4 23:31:01 webserver CROND[2149]: (root) CMD (bash /root/Documents/log.sh)
Nov  4 23:32:01 webserver CROND[2154]: (root) CMD (bash /root/Documents/log.sh)
Nov  4 23:33:01 webserver CROND[2160]: (root) CMD (bash /root/Documents/log.sh)
Nov  4 23:34:01 webserver CROND[2165]: (root) CMD (bash /root/Documents/log.sh)
Nov  4 23:35:01 webserver CROND[2171]: (root) CMD (bash /root/Documents/log.sh)
Nov  4 23:36:01 webserver CROND[2180]: (root) CMD (bash /root/Documents/log.sh)
Nov  4 23:37:01 webserver CROND[2185]: (root) CMD (bash /root/Documents/log.sh)
Nov  4 23:38:01 webserver CROND[2191]: (root) CMD (bash /root/Documents/log.sh)
Nov  4 23:39:01 webserver CROND[2197]: (root) CMD (bash /root/Documents/log.sh)
Nov  4 23:40:01 webserver CROND[2202]: (root) CMD (bash /root/Documents/log.sh)
Nov  4 23:41:01 webserver CROND[2208]: (root) CMD (bash /root/Documents/log.sh)
Nov  4 23:42:01 webserver CROND[2213]: (root) CMD (bash /root/Documents/log.sh)
Nov  4 23:43:01 webserver CROND[2219]: (root) CMD (bash /root/Documents/log.sh)
Nov  4 23:44:01 webserver CROND[2224]: (root) CMD (bash /root/Documents/log.sh)
Nov  4 23:45:01 webserver CROND[2235]: (root) CMD (bash /root/Documents/log.sh)
Nov  4 23:46:01 webserver CROND[2241]: (root) CMD (bash /root/Documents/log.sh)
Nov  4 23:47:01 webserver CROND[2247]: (root) CMD (bash /root/Documents/log.sh)
Nov  4 23:48:01 webserver CROND[2253]: (root) CMD (bash /root/Documents/log.sh)
Nov  4 23:49:01 webserver CROND[2258]: (root) CMD (bash /root/Documents/log.sh)
Nov  4 23:50:01 webserver CROND[2264]: (root) CMD (bash /root/Documents/log.sh)
Nov  4 23:51:01 webserver CROND[2269]: (root) CMD (bash /root/Documents/log.sh)
Nov  4 23:52:01 webserver CROND[2276]: (root) CMD (bash /root/Documents/log.sh)
Nov  4 23:53:01 webserver CROND[2282]: (root) CMD (bash /root/Documents/log.sh)
Nov  4 23:54:01 webserver CROND[2304]: (root) CMD (bash /root/Documents/log.sh)
Nov  4 23:55:01 webserver CROND[2311]: (root) CMD (bash /root/Documents/log.sh)
Nov  4 23:56:01 webserver CROND[2316]: (root) CMD (bash /root/Documents/log.sh)
Nov  4 23:57:01 webserver CROND[2322]: (root) CMD (bash /root/Documents/log.sh)
Nov  4 23:58:01 webserver CROND[2328]: (root) CMD (bash /root/Documents/log.sh)
Nov  4 23:59:01 webserver CROND[2333]: (root) CMD (bash /root/Documents/log.sh)
