Nov  4 00:01:01 localhost run-parts(/etc/cron.hourly)[7083 starting 0anacron
Nov  4 00:01:01 localhost run-parts(/etc/cron.hourly)[7095 finished 0anacron
Nov  4 00:01:01 localhost run-parts(/etc/cron.hourly)[7083 starting mcelog.cron
Nov  4 00:01:01 localhost run-parts(/etc/cron.hourly)[7101 finished mcelog.cron
Nov  4 00:01:02 webserver run-parts(/etc/cron.hourly)[2558 starting 0anacron
Nov  4 00:01:02 webserver run-parts(/etc/cron.hourly)[2560 finished 0anacron
Nov  4 00:01:02 webserver run-parts(/etc/cron.hourly)[2558 starting mcelog.cron
Nov  4 00:01:02 webserver run-parts(/etc/cron.hourly)[2560 finished mcelog.cron
Nov  4 01:01:01 localhost run-parts(/etc/cron.hourly)[7151 starting 0anacron
Nov  4 01:01:01 localhost run-parts(/etc/cron.hourly)[7163 finished 0anacron
Nov  4 01:01:01 localhost run-parts(/etc/cron.hourly)[7151 starting mcelog.cron
Nov  4 01:01:01 localhost run-parts(/etc/cron.hourly)[7169 finished mcelog.cron
Nov  4 02:01:01 localhost run-parts(/etc/cron.hourly)[7272 starting 0anacron
Nov  4 02:01:01 localhost run-parts(/etc/cron.hourly)[7284 finished 0anacron
Nov  4 02:01:01 localhost run-parts(/etc/cron.hourly)[7272 starting mcelog.cron
Nov  4 02:01:01 localhost run-parts(/etc/cron.hourly)[7290 finished mcelog.cron
Nov  4 03:01:01 localhost run-parts(/etc/cron.hourly)[7691 starting 0anacron
Nov  4 03:01:01 localhost run-parts(/etc/cron.hourly)[7703 finished 0anacron
Nov  4 03:01:01 localhost run-parts(/etc/cron.hourly)[7691 starting mcelog.cron
Nov  4 03:01:01 localhost run-parts(/etc/cron.hourly)[7709 finished mcelog.cron
Nov  4 03:31:01 localhost run-parts(/etc/cron.daily)[7727] starting logrotate
Nov  4 03:31:05 localhost run-parts(/etc/cron.daily)[7770] finished logrotate
Nov  4 03:31:05 localhost run-parts(/etc/cron.daily)[7727] starting man-db.cron
Nov  4 03:31:09 localhost run-parts(/etc/cron.daily)[7962] finished man-db.cron
Nov  4 03:31:09 localhost run-parts(/etc/cron.daily)[7727] starting mlocate
Nov  4 03:31:12 localhost run-parts(/etc/cron.daily)[7973] finished mlocate
Nov  4 04:01:01 localhost run-parts(/etc/cron.hourly)[7998 starting 0anacron
Nov  4 04:01:01 localhost run-parts(/etc/cron.hourly)[8007 finished 0anacron
Nov  4 04:01:01 localhost run-parts(/etc/cron.hourly)[7998 starting mcelog.cron
Nov  4 04:01:01 localhost run-parts(/etc/cron.hourly)[8013 finished mcelog.cron
Nov  4 05:01:01 localhost run-parts(/etc/cron.hourly)[8526 starting 0anacron
Nov  4 05:01:01 localhost run-parts(/etc/cron.hourly)[8535 finished 0anacron
Nov  4 05:01:01 localhost run-parts(/etc/cron.hourly)[8526 starting mcelog.cron
Nov  4 05:01:01 localhost run-parts(/etc/cron.hourly)[8541 finished mcelog.cron
Nov  4 05:01:01 webserver run-parts(/etc/cron.hourly)[2744 starting 0anacron
Nov  4 05:01:01 webserver run-parts(/etc/cron.hourly)[2746 finished 0anacron
Nov  4 05:01:01 webserver run-parts(/etc/cron.hourly)[2744 starting mcelog.cron
Nov  4 05:01:01 webserver run-parts(/etc/cron.hourly)[2746 finished mcelog.cron
Nov  4 06:01:01 localhost run-parts(/etc/cron.hourly)[8793 starting 0anacron
Nov  4 06:01:01 localhost run-parts(/etc/cron.hourly)[8802 finished 0anacron
Nov  4 06:01:01 localhost run-parts(/etc/cron.hourly)[8793 starting mcelog.cron
Nov  4 06:01:01 localhost run-parts(/etc/cron.hourly)[8808 finished mcelog.cron
Nov  4 06:01:01 webserver run-parts(/etc/cron.hourly)[2781 starting 0anacron
Nov  4 06:01:01 webserver run-parts(/etc/cron.hourly)[2782 finished 0anacron
Nov  4 06:01:01 webserver run-parts(/etc/cron.hourly)[2781 starting mcelog.cron
Nov  4 06:01:01 webserver run-parts(/etc/cron.hourly)[2782 finished mcelog.cron
Nov  4 07:01:01 localhost run-parts(/etc/cron.hourly)[8914 starting 0anacron
Nov  4 07:01:01 localhost run-parts(/etc/cron.hourly)[8923 finished 0anacron
Nov  4 07:01:01 localhost run-parts(/etc/cron.hourly)[8914 starting mcelog.cron
Nov  4 07:01:01 localhost run-parts(/etc/cron.hourly)[8929 finished mcelog.cron
Nov  4 07:01:01 webserver run-parts(/etc/cron.hourly)[2817 starting 0anacron
Nov  4 07:01:01 webserver run-parts(/etc/cron.hourly)[2818 finished 0anacron
Nov  4 07:01:01 webserver run-parts(/etc/cron.hourly)[2817 starting mcelog.cron
Nov  4 07:01:01 webserver run-parts(/etc/cron.hourly)[2818 finished mcelog.cron
Nov  4 08:01:01 webserver run-parts(/etc/cron.hourly)[2853 starting 0anacron
Nov  4 08:01:01 webserver run-parts(/etc/cron.hourly)[2854 finished 0anacron
Nov  4 08:01:01 webserver run-parts(/etc/cron.hourly)[2853 starting mcelog.cron
Nov  4 08:01:01 localhost run-parts(/etc/cron.hourly)[9171 starting 0anacron
Nov  4 08:01:01 webserver run-parts(/etc/cron.hourly)[2855 finished mcelog.cron
Nov  4 08:01:01 localhost run-parts(/etc/cron.hourly)[9180 finished 0anacron
Nov  4 08:01:01 localhost run-parts(/etc/cron.hourly)[9171 starting mcelog.cron
Nov  4 08:01:01 localhost run-parts(/etc/cron.hourly)[9186 finished mcelog.cron
Nov  4 09:01:01 webserver run-parts(/etc/cron.hourly)[2889 starting 0anacron
Nov  4 09:01:01 webserver run-parts(/etc/cron.hourly)[2890 finished 0anacron
Nov  4 09:01:01 webserver run-parts(/etc/cron.hourly)[2889 starting mcelog.cron
Nov  4 09:01:01 webserver run-parts(/etc/cron.hourly)[2891 finished mcelog.cron
Nov  4 09:01:01 localhost run-parts(/etc/cron.hourly)[9215 starting 0anacron
Nov  4 09:01:01 localhost run-parts(/etc/cron.hourly)[9224 finished 0anacron
Nov  4 09:01:01 localhost run-parts(/etc/cron.hourly)[9215 starting mcelog.cron
Nov  4 09:01:01 localhost run-parts(/etc/cron.hourly)[9230 finished mcelog.cron
Nov  4 10:01:01 webserver run-parts(/etc/cron.hourly)[2925 starting 0anacron
Nov  4 10:01:01 webserver run-parts(/etc/cron.hourly)[2926 finished 0anacron
Nov  4 10:01:01 webserver run-parts(/etc/cron.hourly)[2925 starting mcelog.cron
Nov  4 10:01:01 webserver run-parts(/etc/cron.hourly)[2927 finished mcelog.cron
Nov  4 10:01:02 localhost run-parts(/etc/cron.hourly)[1024 starting 0anacron
Nov  4 10:01:02 localhost run-parts(/etc/cron.hourly)[1025 finished 0anacron
Nov  4 10:01:02 localhost run-parts(/etc/cron.hourly)[1024 starting mcelog.cron
Nov  4 10:01:02 localhost run-parts(/etc/cron.hourly)[1026 finished mcelog.cron
Nov  4 11:01:01 localhost run-parts(/etc/cron.hourly)[1106 starting 0anacron
Nov  4 11:01:01 localhost run-parts(/etc/cron.hourly)[1107 finished 0anacron
Nov  4 11:01:01 localhost run-parts(/etc/cron.hourly)[1106 starting mcelog.cron
Nov  4 11:01:01 localhost run-parts(/etc/cron.hourly)[1107 finished mcelog.cron
Nov  4 11:01:01 webserver run-parts(/etc/cron.hourly)[2962 starting 0anacron
Nov  4 11:01:01 webserver run-parts(/etc/cron.hourly)[2963 finished 0anacron
Nov  4 11:01:01 webserver run-parts(/etc/cron.hourly)[2962 starting mcelog.cron
Nov  4 11:01:01 webserver run-parts(/etc/cron.hourly)[2963 finished mcelog.cron
Nov  4 12:01:01 localhost run-parts(/etc/cron.hourly)[1234 starting 0anacron
Nov  4 12:01:01 localhost run-parts(/etc/cron.hourly)[1235 finished 0anacron
Nov  4 12:01:01 localhost run-parts(/etc/cron.hourly)[1234 starting mcelog.cron
Nov  4 12:01:01 localhost run-parts(/etc/cron.hourly)[1236 finished mcelog.cron
Nov  4 12:01:01 webserver run-parts(/etc/cron.hourly)[3005 starting 0anacron
Nov  4 12:01:01 webserver run-parts(/etc/cron.hourly)[3007 finished 0anacron
Nov  4 12:01:01 webserver run-parts(/etc/cron.hourly)[3005 starting mcelog.cron
Nov  4 12:01:01 webserver run-parts(/etc/cron.hourly)[3007 finished mcelog.cron
Nov  4 13:01:01 localhost run-parts(/etc/cron.hourly)[1311 starting 0anacron
Nov  4 13:01:01 localhost run-parts(/etc/cron.hourly)[1312 finished 0anacron
Nov  4 13:01:01 localhost run-parts(/etc/cron.hourly)[1311 starting mcelog.cron
Nov  4 13:01:01 localhost run-parts(/etc/cron.hourly)[1313 finished mcelog.cron
Nov  4 13:01:02 webserver run-parts(/etc/cron.hourly)[3053 starting 0anacron
Nov  4 13:01:02 webserver run-parts(/etc/cron.hourly)[3054 finished 0anacron
Nov  4 13:01:02 webserver run-parts(/etc/cron.hourly)[3053 starting mcelog.cron
Nov  4 13:01:02 webserver run-parts(/etc/cron.hourly)[3055 finished mcelog.cron
Nov  4 14:01:01 webserver run-parts(/etc/cron.hourly)[3089 starting 0anacron
Nov  4 14:01:01 webserver run-parts(/etc/cron.hourly)[3090 finished 0anacron
Nov  4 14:01:01 webserver run-parts(/etc/cron.hourly)[3089 starting mcelog.cron
Nov  4 14:01:01 webserver run-parts(/etc/cron.hourly)[3091 finished mcelog.cron
Nov  4 14:01:01 localhost run-parts(/etc/cron.hourly)[1317 starting 0anacron
Nov  4 14:01:01 localhost run-parts(/etc/cron.hourly)[1318 finished 0anacron
Nov  4 14:01:01 localhost run-parts(/etc/cron.hourly)[1317 starting mcelog.cron
Nov  4 14:01:01 localhost run-parts(/etc/cron.hourly)[1318 finished mcelog.cron
Nov  4 15:01:01 webserver run-parts(/etc/cron.hourly)[3126 starting 0anacron
Nov  4 15:01:01 webserver run-parts(/etc/cron.hourly)[3127 finished 0anacron
Nov  4 15:01:01 webserver run-parts(/etc/cron.hourly)[3126 starting mcelog.cron
Nov  4 15:01:01 webserver run-parts(/etc/cron.hourly)[3127 finished mcelog.cron
Nov  4 15:01:01 localhost run-parts(/etc/cron.hourly)[1321 starting 0anacron
Nov  4 15:01:01 localhost run-parts(/etc/cron.hourly)[1322 finished 0anacron
Nov  4 15:01:01 localhost run-parts(/etc/cron.hourly)[1321 starting mcelog.cron
Nov  4 15:01:01 localhost run-parts(/etc/cron.hourly)[1323 finished mcelog.cron
Nov  4 16:01:01 webserver run-parts(/etc/cron.hourly)[3163 starting 0anacron
Nov  4 16:01:01 webserver run-parts(/etc/cron.hourly)[3164 finished 0anacron
Nov  4 16:01:01 webserver run-parts(/etc/cron.hourly)[3163 starting mcelog.cron
Nov  4 16:01:01 webserver run-parts(/etc/cron.hourly)[3165 finished mcelog.cron
Nov  4 16:01:02 localhost run-parts(/etc/cron.hourly)[1342 starting 0anacron
Nov  4 16:01:02 localhost run-parts(/etc/cron.hourly)[1343 finished 0anacron
Nov  4 16:01:02 localhost run-parts(/etc/cron.hourly)[1342 starting mcelog.cron
Nov  4 16:01:02 localhost run-parts(/etc/cron.hourly)[1343 finished mcelog.cron
Nov  4 17:01:01 webserver run-parts(/etc/cron.hourly)[3202 starting 0anacron
Nov  4 17:01:01 webserver run-parts(/etc/cron.hourly)[3204 finished 0anacron
Nov  4 17:01:01 webserver run-parts(/etc/cron.hourly)[3202 starting mcelog.cron
Nov  4 17:01:01 webserver run-parts(/etc/cron.hourly)[3204 finished mcelog.cron
Nov  4 17:01:01 localhost run-parts(/etc/cron.hourly)[1428 starting 0anacron
Nov  4 17:01:01 localhost run-parts(/etc/cron.hourly)[1429 finished 0anacron
Nov  4 17:01:01 localhost run-parts(/etc/cron.hourly)[1428 starting mcelog.cron
Nov  4 17:01:01 localhost run-parts(/etc/cron.hourly)[1429 finished mcelog.cron
Nov  4 18:01:01 localhost run-parts(/etc/cron.hourly)[1472 starting 0anacron
Nov  4 18:01:01 localhost run-parts(/etc/cron.hourly)[1472 finished 0anacron
Nov  4 18:01:01 localhost run-parts(/etc/cron.hourly)[1472 starting mcelog.cron
Nov  4 18:01:01 localhost run-parts(/etc/cron.hourly)[1473 finished mcelog.cron
Nov  4 18:01:01 webserver run-parts(/etc/cron.hourly)[3240 starting 0anacron
Nov  4 18:01:01 webserver run-parts(/etc/cron.hourly)[3241 finished 0anacron
Nov  4 18:01:01 webserver run-parts(/etc/cron.hourly)[3240 starting mcelog.cron
Nov  4 18:01:01 webserver run-parts(/etc/cron.hourly)[3241 finished mcelog.cron
Nov  4 19:01:01 localhost run-parts(/etc/cron.hourly)[1477 starting 0anacron
Nov  4 19:01:01 localhost run-parts(/etc/cron.hourly)[1477 finished 0anacron
Nov  4 19:01:01 localhost run-parts(/etc/cron.hourly)[1477 starting mcelog.cron
Nov  4 19:01:01 localhost run-parts(/etc/cron.hourly)[1478 finished mcelog.cron
Nov  4 19:01:01 webserver run-parts(/etc/cron.hourly)[320] starting 0anacron
Nov  4 19:01:01 webserver run-parts(/etc/cron.hourly)[333] finished 0anacron
Nov  4 19:01:01 webserver run-parts(/etc/cron.hourly)[320] starting mcelog.cron
Nov  4 19:01:01 webserver run-parts(/etc/cron.hourly)[339] finished mcelog.cron
Nov  4 20:01:01 localhost run-parts(/etc/cron.hourly)[1481 starting 0anacron
Nov  4 20:01:01 localhost run-parts(/etc/cron.hourly)[1482 finished 0anacron
Nov  4 20:01:01 localhost run-parts(/etc/cron.hourly)[1481 starting mcelog.cron
Nov  4 20:01:01 localhost run-parts(/etc/cron.hourly)[1482 finished mcelog.cron
Nov  4 20:01:01 webserver run-parts(/etc/cron.hourly)[740] starting 0anacron
Nov  4 20:01:01 webserver run-parts(/etc/cron.hourly)[754] finished 0anacron
Nov  4 20:01:01 webserver run-parts(/etc/cron.hourly)[740] starting mcelog.cron
Nov  4 20:01:01 webserver run-parts(/etc/cron.hourly)[760] finished mcelog.cron
Nov  4 21:01:01 localhost run-parts(/etc/cron.hourly)[1528 starting 0anacron
Nov  4 21:01:01 localhost run-parts(/etc/cron.hourly)[1528 finished 0anacron
Nov  4 21:01:01 localhost run-parts(/etc/cron.hourly)[1528 starting mcelog.cron
Nov  4 21:01:01 localhost run-parts(/etc/cron.hourly)[1529 finished mcelog.cron
Nov  4 21:01:01 webserver run-parts(/etc/cron.hourly)[1108 starting 0anacron
Nov  4 21:01:01 webserver run-parts(/etc/cron.hourly)[1120 finished 0anacron
Nov  4 21:01:01 webserver run-parts(/etc/cron.hourly)[1108 starting mcelog.cron
Nov  4 21:01:01 webserver run-parts(/etc/cron.hourly)[1127 finished mcelog.cron
Nov  4 22:01:01 localhost run-parts(/etc/cron.hourly)[1535 starting 0anacron
Nov  4 22:01:01 localhost run-parts(/etc/cron.hourly)[1536 finished 0anacron
Nov  4 22:01:01 localhost run-parts(/etc/cron.hourly)[1535 starting mcelog.cron
Nov  4 22:01:01 localhost run-parts(/etc/cron.hourly)[1537 finished mcelog.cron
Nov  4 22:01:02 webserver run-parts(/etc/cron.hourly)[1573 starting 0anacron
Nov  4 22:01:02 webserver run-parts(/etc/cron.hourly)[1587 finished 0anacron
Nov  4 22:01:02 webserver run-parts(/etc/cron.hourly)[1573 starting mcelog.cron
Nov  4 22:01:02 webserver run-parts(/etc/cron.hourly)[1598 finished mcelog.cron
Nov  4 23:01:01 webserver run-parts(/etc/cron.hourly)[1964 starting 0anacron
Nov  4 23:01:01 webserver run-parts(/etc/cron.hourly)[1975 finished 0anacron
Nov  4 23:01:01 webserver run-parts(/etc/cron.hourly)[1964 starting mcelog.cron
Nov  4 23:01:01 webserver run-parts(/etc/cron.hourly)[1981 finished mcelog.cron
Nov  4 23:01:01 localhost run-parts(/etc/cron.hourly)[1539 starting 0anacron
Nov  4 23:01:01 localhost run-parts(/etc/cron.hourly)[1540 finished 0anacron
Nov  4 23:01:01 localhost run-parts(/etc/cron.hourly)[1539 starting mcelog.cron
Nov  4 23:01:01 localhost run-parts(/etc/cron.hourly)[1541 finished mcelog.cron
