Nov 17 00:01:01 localhost run-parts(/etc/cron.hourly)[3038 starting 0anacron
Nov 17 00:01:01 localhost run-parts(/etc/cron.hourly)[3039 finished 0anacron
Nov 17 00:01:01 localhost run-parts(/etc/cron.hourly)[3038 starting mcelog.cron
Nov 17 00:01:01 localhost run-parts(/etc/cron.hourly)[3040 finished mcelog.cron
Nov 17 00:01:01 webserver run-parts(/etc/cron.hourly)[1176 starting 0anacron
Nov 17 00:01:01 webserver run-parts(/etc/cron.hourly)[1177 finished 0anacron
Nov 17 00:01:01 webserver run-parts(/etc/cron.hourly)[1176 starting mcelog.cron
Nov 17 00:01:01 webserver run-parts(/etc/cron.hourly)[1178 finished mcelog.cron
Nov 17 01:01:01 webserver run-parts(/etc/cron.hourly)[1212 starting 0anacron
Nov 17 01:01:01 localhost run-parts(/etc/cron.hourly)[3065 starting 0anacron
Nov 17 01:01:01 localhost run-parts(/etc/cron.hourly)[3067 finished 0anacron
Nov 17 01:01:01 localhost run-parts(/etc/cron.hourly)[3065 starting mcelog.cron
Nov 17 01:01:01 localhost run-parts(/etc/cron.hourly)[3067 finished mcelog.cron
Nov 17 01:01:01 webserver run-parts(/etc/cron.hourly)[1214 finished 0anacron
Nov 17 01:01:01 webserver run-parts(/etc/cron.hourly)[1212 starting mcelog.cron
Nov 17 01:01:01 webserver run-parts(/etc/cron.hourly)[1214 finished mcelog.cron
Nov 17 02:01:01 webserver run-parts(/etc/cron.hourly)[1249 starting 0anacron
Nov 17 02:01:01 webserver run-parts(/etc/cron.hourly)[1250 finished 0anacron
Nov 17 02:01:01 webserver run-parts(/etc/cron.hourly)[1249 starting mcelog.cron
Nov 17 02:01:01 webserver run-parts(/etc/cron.hourly)[1251 finished mcelog.cron
Nov 17 02:01:01 localhost run-parts(/etc/cron.hourly)[3117 starting 0anacron
Nov 17 02:01:01 localhost run-parts(/etc/cron.hourly)[3118 finished 0anacron
Nov 17 02:01:01 localhost run-parts(/etc/cron.hourly)[3117 starting mcelog.cron
Nov 17 02:01:01 localhost run-parts(/etc/cron.hourly)[3119 finished mcelog.cron
Nov 17 03:01:01 webserver run-parts(/etc/cron.hourly)[1285 starting 0anacron
Nov 17 03:01:01 webserver run-parts(/etc/cron.hourly)[1286 finished 0anacron
Nov 17 03:01:01 webserver run-parts(/etc/cron.hourly)[1285 starting mcelog.cron
Nov 17 03:01:01 webserver run-parts(/etc/cron.hourly)[1287 finished mcelog.cron
Nov 17 03:01:01 localhost run-parts(/etc/cron.hourly)[3130 starting 0anacron
Nov 17 03:01:01 localhost run-parts(/etc/cron.hourly)[3131 finished 0anacron
Nov 17 03:01:01 localhost run-parts(/etc/cron.hourly)[3130 starting mcelog.cron
Nov 17 03:01:01 localhost run-parts(/etc/cron.hourly)[3132 finished mcelog.cron
Nov 17 03:20:01 localhost run-parts(/etc/cron.daily)[31477 starting logrotate
Nov 17 03:20:04 localhost run-parts(/etc/cron.daily)[31520 finished logrotate
Nov 17 03:20:04 localhost run-parts(/etc/cron.daily)[31477 starting man-db.cron
Nov 17 03:20:06 localhost run-parts(/etc/cron.daily)[31531 finished man-db.cron
Nov 17 03:20:06 localhost run-parts(/etc/cron.daily)[31477 starting mlocate
Nov 17 03:20:06 localhost run-parts(/etc/cron.daily)[31542 finished mlocate
Nov 17 03:34:01 webserver run-parts(/etc/cron.daily)[13053 starting logrotate
Nov 17 03:34:01 webserver run-parts(/etc/cron.daily)[13061 finished logrotate
Nov 17 03:34:01 webserver run-parts(/etc/cron.daily)[13053 starting man-db.cron
Nov 17 03:34:04 webserver run-parts(/etc/cron.daily)[13078 finished man-db.cron
Nov 17 03:34:04 webserver run-parts(/etc/cron.daily)[13053 starting mlocate
Nov 17 03:34:08 webserver run-parts(/etc/cron.daily)[13089 finished mlocate
Nov 17 04:01:01 webserver run-parts(/etc/cron.hourly)[1325 starting 0anacron
Nov 17 04:01:01 webserver run-parts(/etc/cron.hourly)[1326 finished 0anacron
Nov 17 04:01:01 webserver run-parts(/etc/cron.hourly)[1325 starting mcelog.cron
Nov 17 04:01:01 webserver run-parts(/etc/cron.hourly)[1326 finished mcelog.cron
Nov 17 04:01:01 localhost run-parts(/etc/cron.hourly)[3157 starting 0anacron
Nov 17 04:01:01 localhost run-parts(/etc/cron.hourly)[3158 finished 0anacron
Nov 17 04:01:01 localhost run-parts(/etc/cron.hourly)[3157 starting mcelog.cron
Nov 17 04:01:01 localhost run-parts(/etc/cron.hourly)[3158 finished mcelog.cron
Nov 17 05:01:01 webserver run-parts(/etc/cron.hourly)[1361 starting 0anacron
Nov 17 05:01:01 webserver run-parts(/etc/cron.hourly)[1362 finished 0anacron
Nov 17 05:01:01 webserver run-parts(/etc/cron.hourly)[1361 starting mcelog.cron
Nov 17 05:01:01 webserver run-parts(/etc/cron.hourly)[1362 finished mcelog.cron
Nov 17 05:01:01 localhost run-parts(/etc/cron.hourly)[3527 starting 0anacron
Nov 17 05:01:01 localhost run-parts(/etc/cron.hourly)[3536 finished 0anacron
Nov 17 05:01:01 localhost run-parts(/etc/cron.hourly)[3527 starting mcelog.cron
Nov 17 05:01:01 localhost run-parts(/etc/cron.hourly)[3542 finished mcelog.cron
Nov 17 06:01:01 localhost run-parts(/etc/cron.hourly)[3953 starting 0anacron
Nov 17 06:01:01 localhost run-parts(/etc/cron.hourly)[3962 finished 0anacron
Nov 17 06:01:01 localhost run-parts(/etc/cron.hourly)[3953 starting mcelog.cron
Nov 17 06:01:01 localhost run-parts(/etc/cron.hourly)[3968 finished mcelog.cron
Nov 17 06:01:01 webserver run-parts(/etc/cron.hourly)[1397 starting 0anacron
Nov 17 06:01:01 webserver run-parts(/etc/cron.hourly)[1398 finished 0anacron
Nov 17 06:01:01 webserver run-parts(/etc/cron.hourly)[1397 starting mcelog.cron
Nov 17 06:01:01 webserver run-parts(/etc/cron.hourly)[1399 finished mcelog.cron
Nov 17 07:01:01 webserver run-parts(/etc/cron.hourly)[1433 starting 0anacron
Nov 17 07:01:01 webserver run-parts(/etc/cron.hourly)[1434 finished 0anacron
Nov 17 07:01:01 webserver run-parts(/etc/cron.hourly)[1433 starting mcelog.cron
Nov 17 07:01:01 webserver run-parts(/etc/cron.hourly)[1435 finished mcelog.cron
Nov 17 07:01:01 localhost run-parts(/etc/cron.hourly)[4376 starting 0anacron
Nov 17 07:01:01 localhost run-parts(/etc/cron.hourly)[4385 finished 0anacron
Nov 17 07:01:01 localhost run-parts(/etc/cron.hourly)[4376 starting mcelog.cron
Nov 17 07:01:01 localhost run-parts(/etc/cron.hourly)[4391 finished mcelog.cron
Nov 17 08:01:01 webserver run-parts(/etc/cron.hourly)[1469 starting 0anacron
Nov 17 08:01:01 webserver run-parts(/etc/cron.hourly)[1471 finished 0anacron
Nov 17 08:01:01 webserver run-parts(/etc/cron.hourly)[1469 starting mcelog.cron
Nov 17 08:01:01 webserver run-parts(/etc/cron.hourly)[1471 finished mcelog.cron
Nov 17 08:01:01 localhost run-parts(/etc/cron.hourly)[4407 starting 0anacron
Nov 17 08:01:01 localhost run-parts(/etc/cron.hourly)[4416 finished 0anacron
Nov 17 08:01:01 localhost run-parts(/etc/cron.hourly)[4407 starting mcelog.cron
Nov 17 08:01:01 localhost run-parts(/etc/cron.hourly)[4422 finished mcelog.cron
Nov 17 09:01:01 webserver run-parts(/etc/cron.hourly)[1506 starting 0anacron
Nov 17 09:01:01 webserver run-parts(/etc/cron.hourly)[1507 finished 0anacron
Nov 17 09:01:01 webserver run-parts(/etc/cron.hourly)[1506 starting mcelog.cron
Nov 17 09:01:01 webserver run-parts(/etc/cron.hourly)[1508 finished mcelog.cron
Nov 17 09:01:01 localhost run-parts(/etc/cron.hourly)[4621 starting 0anacron
Nov 17 09:01:01 localhost run-parts(/etc/cron.hourly)[4630 finished 0anacron
Nov 17 09:01:01 localhost run-parts(/etc/cron.hourly)[4621 starting mcelog.cron
Nov 17 09:01:01 localhost run-parts(/etc/cron.hourly)[4636 finished mcelog.cron
Nov 17 10:01:01 localhost run-parts(/etc/cron.hourly)[5806 starting 0anacron
Nov 17 10:01:01 localhost run-parts(/etc/cron.hourly)[5815 finished 0anacron
Nov 17 10:01:01 localhost run-parts(/etc/cron.hourly)[5806 starting mcelog.cron
Nov 17 10:01:01 localhost run-parts(/etc/cron.hourly)[5821 finished mcelog.cron
Nov 17 10:01:02 webserver run-parts(/etc/cron.hourly)[1542 starting 0anacron
Nov 17 10:01:02 webserver run-parts(/etc/cron.hourly)[1543 finished 0anacron
Nov 17 10:01:02 webserver run-parts(/etc/cron.hourly)[1542 starting mcelog.cron
Nov 17 10:01:02 webserver run-parts(/etc/cron.hourly)[1543 finished mcelog.cron
Nov 17 11:01:01 webserver run-parts(/etc/cron.hourly)[1578 starting 0anacron
Nov 17 11:01:01 webserver run-parts(/etc/cron.hourly)[1579 finished 0anacron
Nov 17 11:01:01 webserver run-parts(/etc/cron.hourly)[1578 starting mcelog.cron
Nov 17 11:01:01 webserver run-parts(/etc/cron.hourly)[1580 finished mcelog.cron
Nov 17 11:01:01 localhost run-parts(/etc/cron.hourly)[5894 starting 0anacron
Nov 17 11:01:01 localhost run-parts(/etc/cron.hourly)[5903 finished 0anacron
Nov 17 11:01:01 localhost run-parts(/etc/cron.hourly)[5894 starting mcelog.cron
Nov 17 11:01:01 localhost run-parts(/etc/cron.hourly)[5909 finished mcelog.cron
Nov 17 12:01:01 localhost run-parts(/etc/cron.hourly)[6245 starting 0anacron
Nov 17 12:01:01 localhost run-parts(/etc/cron.hourly)[6254 finished 0anacron
Nov 17 12:01:01 localhost run-parts(/etc/cron.hourly)[6245 starting mcelog.cron
Nov 17 12:01:01 localhost run-parts(/etc/cron.hourly)[6260 finished mcelog.cron
Nov 17 12:01:02 webserver run-parts(/etc/cron.hourly)[1614 starting 0anacron
Nov 17 12:01:02 webserver run-parts(/etc/cron.hourly)[1615 finished 0anacron
Nov 17 12:01:02 webserver run-parts(/etc/cron.hourly)[1614 starting mcelog.cron
Nov 17 12:01:02 webserver run-parts(/etc/cron.hourly)[1616 finished mcelog.cron
Nov 17 13:01:01 localhost run-parts(/etc/cron.hourly)[6313 starting 0anacron
Nov 17 13:01:01 localhost run-parts(/etc/cron.hourly)[6322 finished 0anacron
Nov 17 13:01:01 localhost run-parts(/etc/cron.hourly)[6313 starting mcelog.cron
Nov 17 13:01:01 localhost run-parts(/etc/cron.hourly)[6328 finished mcelog.cron
Nov 17 13:01:01 webserver run-parts(/etc/cron.hourly)[1651 starting 0anacron
Nov 17 13:01:01 webserver run-parts(/etc/cron.hourly)[1652 finished 0anacron
Nov 17 13:01:01 webserver run-parts(/etc/cron.hourly)[1651 starting mcelog.cron
Nov 17 13:01:01 webserver run-parts(/etc/cron.hourly)[1652 finished mcelog.cron
Nov 17 14:01:01 localhost run-parts(/etc/cron.hourly)[6374 starting 0anacron
Nov 17 14:01:01 localhost run-parts(/etc/cron.hourly)[6383 finished 0anacron
Nov 17 14:01:01 localhost run-parts(/etc/cron.hourly)[6374 starting mcelog.cron
Nov 17 14:01:01 localhost run-parts(/etc/cron.hourly)[6389 finished mcelog.cron
Nov 17 14:01:01 webserver run-parts(/etc/cron.hourly)[1687 starting 0anacron
Nov 17 14:01:01 webserver run-parts(/etc/cron.hourly)[1688 finished 0anacron
Nov 17 14:01:01 webserver run-parts(/etc/cron.hourly)[1687 starting mcelog.cron
Nov 17 14:01:01 webserver run-parts(/etc/cron.hourly)[1688 finished mcelog.cron
Nov 17 15:01:01 webserver run-parts(/etc/cron.hourly)[1723 starting 0anacron
Nov 17 15:01:01 localhost run-parts(/etc/cron.hourly)[6412 starting 0anacron
Nov 17 15:01:01 localhost run-parts(/etc/cron.hourly)[6421 finished 0anacron
Nov 17 15:01:01 localhost run-parts(/etc/cron.hourly)[6412 starting mcelog.cron
Nov 17 15:01:01 localhost run-parts(/etc/cron.hourly)[6427 finished mcelog.cron
Nov 17 15:01:01 webserver run-parts(/etc/cron.hourly)[1724 finished 0anacron
Nov 17 15:01:01 webserver run-parts(/etc/cron.hourly)[1723 starting mcelog.cron
Nov 17 15:01:01 webserver run-parts(/etc/cron.hourly)[1725 finished mcelog.cron
Nov 17 16:01:01 webserver run-parts(/etc/cron.hourly)[1760 starting 0anacron
Nov 17 16:01:01 webserver run-parts(/etc/cron.hourly)[1761 finished 0anacron
Nov 17 16:01:01 webserver run-parts(/etc/cron.hourly)[1760 starting mcelog.cron
Nov 17 16:01:01 webserver run-parts(/etc/cron.hourly)[1762 finished mcelog.cron
Nov 17 16:01:01 localhost run-parts(/etc/cron.hourly)[6469 starting 0anacron
Nov 17 16:01:01 localhost run-parts(/etc/cron.hourly)[6478 finished 0anacron
Nov 17 16:01:01 localhost run-parts(/etc/cron.hourly)[6469 starting mcelog.cron
Nov 17 16:01:01 localhost run-parts(/etc/cron.hourly)[6484 finished mcelog.cron
Nov 17 17:01:01 webserver run-parts(/etc/cron.hourly)[1796 starting 0anacron
Nov 17 17:01:01 webserver run-parts(/etc/cron.hourly)[1798 finished 0anacron
Nov 17 17:01:01 webserver run-parts(/etc/cron.hourly)[1796 starting mcelog.cron
Nov 17 17:01:01 webserver run-parts(/etc/cron.hourly)[1798 finished mcelog.cron
Nov 17 17:01:01 localhost run-parts(/etc/cron.hourly)[6695 starting 0anacron
Nov 17 17:01:01 localhost run-parts(/etc/cron.hourly)[6704 finished 0anacron
Nov 17 17:01:01 localhost run-parts(/etc/cron.hourly)[6695 starting mcelog.cron
Nov 17 17:01:01 localhost run-parts(/etc/cron.hourly)[6710 finished mcelog.cron
Nov 17 18:01:01 webserver run-parts(/etc/cron.hourly)[1833 starting 0anacron
Nov 17 18:01:01 webserver run-parts(/etc/cron.hourly)[1834 finished 0anacron
Nov 17 18:01:01 webserver run-parts(/etc/cron.hourly)[1833 starting mcelog.cron
Nov 17 18:01:01 webserver run-parts(/etc/cron.hourly)[1835 finished mcelog.cron
Nov 17 18:01:01 localhost run-parts(/etc/cron.hourly)[6731 starting 0anacron
Nov 17 18:01:01 localhost run-parts(/etc/cron.hourly)[6740 finished 0anacron
Nov 17 18:01:01 localhost run-parts(/etc/cron.hourly)[6731 starting mcelog.cron
Nov 17 18:01:01 localhost run-parts(/etc/cron.hourly)[6746 finished mcelog.cron
Nov 17 19:01:01 localhost run-parts(/etc/cron.hourly)[7126 starting 0anacron
Nov 17 19:01:01 localhost run-parts(/etc/cron.hourly)[7135 finished 0anacron
Nov 17 19:01:01 localhost run-parts(/etc/cron.hourly)[7126 starting mcelog.cron
Nov 17 19:01:01 localhost run-parts(/etc/cron.hourly)[7141 finished mcelog.cron
Nov 17 19:01:01 webserver run-parts(/etc/cron.hourly)[1870 starting 0anacron
Nov 17 19:01:01 webserver run-parts(/etc/cron.hourly)[1870 finished 0anacron
Nov 17 19:01:01 webserver run-parts(/etc/cron.hourly)[1870 starting mcelog.cron
Nov 17 19:01:01 webserver run-parts(/etc/cron.hourly)[1871 finished mcelog.cron
Nov 17 20:01:01 webserver run-parts(/etc/cron.hourly)[1906 starting 0anacron
Nov 17 20:01:01 webserver run-parts(/etc/cron.hourly)[1907 finished 0anacron
Nov 17 20:01:01 webserver run-parts(/etc/cron.hourly)[1906 starting mcelog.cron
Nov 17 20:01:01 localhost run-parts(/etc/cron.hourly)[7635 starting 0anacron
Nov 17 20:01:01 webserver run-parts(/etc/cron.hourly)[1908 finished mcelog.cron
Nov 17 20:01:01 localhost run-parts(/etc/cron.hourly)[7644 finished 0anacron
Nov 17 20:01:01 localhost run-parts(/etc/cron.hourly)[7635 starting mcelog.cron
Nov 17 20:01:01 localhost run-parts(/etc/cron.hourly)[7650 finished mcelog.cron
Nov 17 21:01:01 webserver run-parts(/etc/cron.hourly)[1942 starting 0anacron
Nov 17 21:01:01 webserver run-parts(/etc/cron.hourly)[1943 finished 0anacron
Nov 17 21:01:01 webserver run-parts(/etc/cron.hourly)[1942 starting mcelog.cron
Nov 17 21:01:01 webserver run-parts(/etc/cron.hourly)[1944 finished mcelog.cron
Nov 17 21:01:01 localhost run-parts(/etc/cron.hourly)[7739 starting 0anacron
Nov 17 21:01:01 localhost run-parts(/etc/cron.hourly)[7748 finished 0anacron
Nov 17 21:01:01 localhost run-parts(/etc/cron.hourly)[7739 starting mcelog.cron
Nov 17 21:01:01 localhost run-parts(/etc/cron.hourly)[7754 finished mcelog.cron
Nov 17 22:01:01 webserver run-parts(/etc/cron.hourly)[1978 starting 0anacron
Nov 17 22:01:01 webserver run-parts(/etc/cron.hourly)[1979 finished 0anacron
Nov 17 22:01:01 webserver run-parts(/etc/cron.hourly)[1978 starting mcelog.cron
Nov 17 22:01:01 webserver run-parts(/etc/cron.hourly)[1980 finished mcelog.cron
Nov 17 22:01:01 localhost run-parts(/etc/cron.hourly)[8041 starting 0anacron
Nov 17 22:01:01 localhost run-parts(/etc/cron.hourly)[8050 finished 0anacron
Nov 17 22:01:01 localhost run-parts(/etc/cron.hourly)[8041 starting mcelog.cron
Nov 17 22:01:01 localhost run-parts(/etc/cron.hourly)[8056 finished mcelog.cron
Nov 17 23:01:01 localhost run-parts(/etc/cron.hourly)[8069 starting 0anacron
Nov 17 23:01:01 localhost run-parts(/etc/cron.hourly)[8078 finished 0anacron
Nov 17 23:01:01 localhost run-parts(/etc/cron.hourly)[8069 starting mcelog.cron
Nov 17 23:01:01 localhost run-parts(/etc/cron.hourly)[8084 finished mcelog.cron
Nov 17 23:01:01 webserver run-parts(/etc/cron.hourly)[2016 starting 0anacron
Nov 17 23:01:02 webserver run-parts(/etc/cron.hourly)[2017 finished 0anacron
Nov 17 23:01:02 webserver run-parts(/etc/cron.hourly)[2016 starting mcelog.cron
Nov 17 23:01:02 webserver run-parts(/etc/cron.hourly)[2017 finished mcelog.cron
