Nov 19 00:00:01 webserver CROND[29356]: (root) CMD (bash /root/Documents/log.sh)
Nov 19 00:01:01 webserver CROND[29364]: (root) CMD (bash /root/Documents/log.sh)
Nov 19 00:01:01 webserver CROND[29366]: (root) CMD (run-parts /etc/cron.hourly)
Nov 19 00:01:01 localhost CROND[18402]: (root) CMD (run-parts /etc/cron.hourly)
Nov 19 00:02:01 webserver CROND[29390]: (root) CMD (bash /root/Documents/log.sh)
Nov 19 00:03:01 webserver CROND[29395]: (root) CMD (bash /root/Documents/log.sh)
Nov 19 00:04:01 webserver CROND[29401]: (root) CMD (bash /root/Documents/log.sh)
Nov 19 00:05:01 webserver CROND[29407]: (root) CMD (bash /root/Documents/log.sh)
Nov 19 00:06:01 webserver CROND[29413]: (root) CMD (bash /root/Documents/log.sh)
Nov 19 00:07:01 webserver CROND[29419]: (root) CMD (bash /root/Documents/log.sh)
Nov 19 00:08:01 webserver CROND[29424]: (root) CMD (bash /root/Documents/log.sh)
Nov 19 00:09:01 webserver CROND[29429]: (root) CMD (bash /root/Documents/log.sh)
Nov 19 00:10:01 webserver CROND[29435]: (root) CMD (bash /root/Documents/log.sh)
Nov 19 00:11:01 webserver CROND[29441]: (root) CMD (bash /root/Documents/log.sh)
Nov 19 00:12:01 webserver CROND[29446]: (root) CMD (bash /root/Documents/log.sh)
Nov 19 00:13:01 webserver CROND[29451]: (root) CMD (bash /root/Documents/log.sh)
Nov 19 00:14:02 webserver CROND[29456]: (root) CMD (bash /root/Documents/log.sh)
Nov 19 00:15:01 webserver CROND[29463]: (root) CMD (bash /root/Documents/log.sh)
Nov 19 00:16:01 webserver CROND[29470]: (root) CMD (bash /root/Documents/log.sh)
Nov 19 00:17:01 webserver CROND[29475]: (root) CMD (bash /root/Documents/log.sh)
Nov 19 00:18:01 webserver CROND[29480]: (root) CMD (bash /root/Documents/log.sh)
Nov 19 00:19:01 webserver CROND[29485]: (root) CMD (bash /root/Documents/log.sh)
Nov 19 00:20:01 webserver CROND[29491]: (root) CMD (bash /root/Documents/log.sh)
Nov 19 00:21:01 webserver CROND[29497]: (root) CMD (bash /root/Documents/log.sh)
Nov 19 00:22:01 webserver CROND[29502]: (root) CMD (bash /root/Documents/log.sh)
Nov 19 00:23:01 webserver CROND[29508]: (root) CMD (bash /root/Documents/log.sh)
Nov 19 00:24:01 webserver CROND[29513]: (root) CMD (bash /root/Documents/log.sh)
Nov 19 00:25:01 webserver CROND[29520]: (root) CMD (bash /root/Documents/log.sh)
Nov 19 00:26:01 webserver CROND[29526]: (root) CMD (bash /root/Documents/log.sh)
Nov 19 00:27:01 webserver CROND[29531]: (root) CMD (bash /root/Documents/log.sh)
Nov 19 00:28:01 webserver CROND[29536]: (root) CMD (bash /root/Documents/log.sh)
Nov 19 00:29:01 webserver CROND[29541]: (root) CMD (bash /root/Documents/log.sh)
Nov 19 00:30:01 webserver CROND[29546]: (root) CMD (bash /root/Documents/log.sh)
Nov 19 00:31:01 webserver CROND[29553]: (root) CMD (bash /root/Documents/log.sh)
Nov 19 00:32:01 webserver CROND[29558]: (root) CMD (bash /root/Documents/log.sh)
Nov 19 00:33:01 webserver CROND[29563]: (root) CMD (bash /root/Documents/log.sh)
Nov 19 00:34:01 webserver CROND[29569]: (root) CMD (bash /root/Documents/log.sh)
Nov 19 00:35:01 webserver CROND[29575]: (root) CMD (bash /root/Documents/log.sh)
Nov 19 00:36:01 webserver CROND[29582]: (root) CMD (bash /root/Documents/log.sh)
Nov 19 00:37:01 webserver CROND[29587]: (root) CMD (bash /root/Documents/log.sh)
Nov 19 00:38:01 webserver CROND[29592]: (root) CMD (bash /root/Documents/log.sh)
Nov 19 00:39:01 webserver CROND[29597]: (root) CMD (bash /root/Documents/log.sh)
Nov 19 00:40:01 webserver CROND[29603]: (root) CMD (bash /root/Documents/log.sh)
Nov 19 00:41:01 webserver CROND[29610]: (root) CMD (bash /root/Documents/log.sh)
Nov 19 00:42:01 webserver CROND[29616]: (root) CMD (bash /root/Documents/log.sh)
Nov 19 00:43:01 webserver CROND[29621]: (root) CMD (bash /root/Documents/log.sh)
Nov 19 00:44:01 webserver CROND[29629]: (root) CMD (bash /root/Documents/log.sh)
Nov 19 00:45:01 webserver CROND[29640]: (root) CMD (bash /root/Documents/log.sh)
Nov 19 00:46:01 webserver CROND[29647]: (root) CMD (bash /root/Documents/log.sh)
Nov 19 00:47:01 webserver CROND[29652]: (root) CMD (bash /root/Documents/log.sh)
Nov 19 00:48:01 webserver CROND[29657]: (root) CMD (bash /root/Documents/log.sh)
Nov 19 00:49:01 webserver CROND[29662]: (root) CMD (bash /root/Documents/log.sh)
Nov 19 00:50:01 webserver CROND[29668]: (root) CMD (bash /root/Documents/log.sh)
Nov 19 00:51:01 webserver CROND[29674]: (root) CMD (bash /root/Documents/log.sh)
Nov 19 00:52:01 webserver CROND[29680]: (root) CMD (bash /root/Documents/log.sh)
Nov 19 00:53:01 webserver CROND[29685]: (root) CMD (bash /root/Documents/log.sh)
Nov 19 00:54:01 webserver CROND[29690]: (root) CMD (bash /root/Documents/log.sh)
Nov 19 00:55:01 webserver CROND[29696]: (root) CMD (bash /root/Documents/log.sh)
Nov 19 00:56:02 webserver CROND[29702]: (root) CMD (bash /root/Documents/log.sh)
Nov 19 00:57:01 webserver CROND[29709]: (root) CMD (bash /root/Documents/log.sh)
Nov 19 00:58:01 webserver CROND[29714]: (root) CMD (bash /root/Documents/log.sh)
Nov 19 00:59:01 webserver CROND[29719]: (root) CMD (bash /root/Documents/log.sh)
Nov 19 01:00:01 webserver CROND[29724]: (root) CMD (bash /root/Documents/log.sh)
Nov 19 01:01:01 webserver CROND[29732]: (root) CMD (bash /root/Documents/log.sh)
Nov 19 01:01:01 webserver CROND[29733]: (root) CMD (run-parts /etc/cron.hourly)
Nov 19 01:01:01 localhost CROND[21403]: (root) CMD (run-parts /etc/cron.hourly)
Nov 19 01:02:01 webserver CROND[29758]: (root) CMD (bash /root/Documents/log.sh)
Nov 19 01:03:01 webserver CROND[29763]: (root) CMD (bash /root/Documents/log.sh)
Nov 19 01:04:01 webserver CROND[29768]: (root) CMD (bash /root/Documents/log.sh)
Nov 19 01:05:01 webserver CROND[29774]: (root) CMD (bash /root/Documents/log.sh)
Nov 19 01:06:01 webserver CROND[29780]: (root) CMD (bash /root/Documents/log.sh)
Nov 19 01:07:01 webserver CROND[29786]: (root) CMD (bash /root/Documents/log.sh)
Nov 19 01:08:01 webserver CROND[29791]: (root) CMD (bash /root/Documents/log.sh)
Nov 19 01:09:01 webserver CROND[29796]: (root) CMD (bash /root/Documents/log.sh)
Nov 19 01:10:01 webserver CROND[29801]: (root) CMD (bash /root/Documents/log.sh)
Nov 19 01:11:01 webserver CROND[29807]: (root) CMD (bash /root/Documents/log.sh)
Nov 19 01:12:01 webserver CROND[29812]: (root) CMD (bash /root/Documents/log.sh)
Nov 19 01:13:01 webserver CROND[29818]: (root) CMD (bash /root/Documents/log.sh)
Nov 19 01:14:01 webserver CROND[29823]: (root) CMD (bash /root/Documents/log.sh)
Nov 19 01:15:01 webserver CROND[29829]: (root) CMD (bash /root/Documents/log.sh)
Nov 19 01:16:02 webserver CROND[29836]: (root) CMD (bash /root/Documents/log.sh)
Nov 19 01:17:01 webserver CROND[29841]: (root) CMD (bash /root/Documents/log.sh)
Nov 19 01:18:01 webserver CROND[29847]: (root) CMD (bash /root/Documents/log.sh)
Nov 19 01:19:01 webserver CROND[29852]: (root) CMD (bash /root/Documents/log.sh)
Nov 19 01:20:01 webserver CROND[29857]: (root) CMD (bash /root/Documents/log.sh)
Nov 19 01:21:01 webserver CROND[29863]: (root) CMD (bash /root/Documents/log.sh)
Nov 19 01:22:01 webserver CROND[29868]: (root) CMD (bash /root/Documents/log.sh)
Nov 19 01:23:01 webserver CROND[29874]: (root) CMD (bash /root/Documents/log.sh)
Nov 19 01:24:01 webserver CROND[29879]: (root) CMD (bash /root/Documents/log.sh)
Nov 19 01:25:01 webserver CROND[29885]: (root) CMD (bash /root/Documents/log.sh)
Nov 19 01:26:01 webserver CROND[29892]: (root) CMD (bash /root/Documents/log.sh)
Nov 19 01:27:01 webserver CROND[29897]: (root) CMD (bash /root/Documents/log.sh)
Nov 19 01:28:01 webserver CROND[29903]: (root) CMD (bash /root/Documents/log.sh)
Nov 19 01:29:01 webserver CROND[29908]: (root) CMD (bash /root/Documents/log.sh)
Nov 19 01:30:01 webserver CROND[29913]: (root) CMD (bash /root/Documents/log.sh)
Nov 19 01:31:01 webserver CROND[29919]: (root) CMD (bash /root/Documents/log.sh)
Nov 19 01:32:01 webserver CROND[29924]: (root) CMD (bash /root/Documents/log.sh)
Nov 19 01:33:01 webserver CROND[29929]: (root) CMD (bash /root/Documents/log.sh)
Nov 19 01:34:01 webserver CROND[29935]: (root) CMD (bash /root/Documents/log.sh)
Nov 19 01:35:01 webserver CROND[29942]: (root) CMD (bash /root/Documents/log.sh)
Nov 19 01:36:01 webserver CROND[29948]: (root) CMD (bash /root/Documents/log.sh)
Nov 19 01:37:02 webserver CROND[29953]: (root) CMD (bash /root/Documents/log.sh)
Nov 19 01:38:01 webserver CROND[29958]: (root) CMD (bash /root/Documents/log.sh)
Nov 19 01:39:01 webserver CROND[29964]: (root) CMD (bash /root/Documents/log.sh)
Nov 19 01:40:01 webserver CROND[29969]: (root) CMD (bash /root/Documents/log.sh)
Nov 19 01:41:01 webserver CROND[29976]: (root) CMD (bash /root/Documents/log.sh)
Nov 19 01:42:01 webserver CROND[29981]: (root) CMD (bash /root/Documents/log.sh)
Nov 19 01:43:01 webserver CROND[29986]: (root) CMD (bash /root/Documents/log.sh)
Nov 19 01:44:01 webserver CROND[29995]: (root) CMD (bash /root/Documents/log.sh)
Nov 19 01:45:01 webserver CROND[30006]: (root) CMD (bash /root/Documents/log.sh)
Nov 19 01:46:01 webserver CROND[30012]: (root) CMD (bash /root/Documents/log.sh)
Nov 19 01:47:01 webserver CROND[30017]: (root) CMD (bash /root/Documents/log.sh)
Nov 19 01:48:01 webserver CROND[30022]: (root) CMD (bash /root/Documents/log.sh)
Nov 19 01:49:01 webserver CROND[30028]: (root) CMD (bash /root/Documents/log.sh)
Nov 19 01:50:01 webserver CROND[30035]: (root) CMD (bash /root/Documents/log.sh)
Nov 19 01:51:01 webserver CROND[30041]: (root) CMD (bash /root/Documents/log.sh)
Nov 19 01:52:01 webserver CROND[30046]: (root) CMD (bash /root/Documents/log.sh)
Nov 19 01:53:01 webserver CROND[30051]: (root) CMD (bash /root/Documents/log.sh)
Nov 19 01:54:01 webserver CROND[30056]: (root) CMD (bash /root/Documents/log.sh)
Nov 19 01:55:01 webserver CROND[30063]: (root) CMD (bash /root/Documents/log.sh)
Nov 19 01:56:01 webserver CROND[30069]: (root) CMD (bash /root/Documents/log.sh)
Nov 19 01:57:01 webserver CROND[30074]: (root) CMD (bash /root/Documents/log.sh)
Nov 19 01:58:02 webserver CROND[30080]: (root) CMD (bash /root/Documents/log.sh)
Nov 19 01:59:01 webserver CROND[30085]: (root) CMD (bash /root/Documents/log.sh)
Nov 19 02:00:01 webserver CROND[30091]: (root) CMD (bash /root/Documents/log.sh)
Nov 19 02:01:01 webserver CROND[30099]: (root) CMD (bash /root/Documents/log.sh)
Nov 19 02:01:01 webserver CROND[30101]: (root) CMD (run-parts /etc/cron.hourly)
Nov 19 02:01:01 localhost CROND[23829]: (root) CMD (run-parts /etc/cron.hourly)
Nov 19 02:02:01 webserver CROND[30123]: (root) CMD (bash /root/Documents/log.sh)
Nov 19 02:03:01 webserver CROND[30128]: (root) CMD (bash /root/Documents/log.sh)
Nov 19 02:04:01 webserver CROND[30134]: (root) CMD (bash /root/Documents/log.sh)
Nov 19 02:05:01 webserver CROND[30141]: (root) CMD (bash /root/Documents/log.sh)
Nov 19 02:06:01 webserver CROND[30147]: (root) CMD (bash /root/Documents/log.sh)
Nov 19 02:07:01 webserver CROND[30152]: (root) CMD (bash /root/Documents/log.sh)
Nov 19 02:08:01 webserver CROND[30157]: (root) CMD (bash /root/Documents/log.sh)
Nov 19 02:09:01 webserver CROND[30162]: (root) CMD (bash /root/Documents/log.sh)
Nov 19 02:10:01 webserver CROND[30168]: (root) CMD (bash /root/Documents/log.sh)
Nov 19 02:11:01 webserver CROND[30174]: (root) CMD (bash /root/Documents/log.sh)
Nov 19 02:12:01 webserver CROND[30179]: (root) CMD (bash /root/Documents/log.sh)
Nov 19 02:13:01 webserver CROND[30184]: (root) CMD (bash /root/Documents/log.sh)
Nov 19 02:14:01 webserver CROND[30189]: (root) CMD (bash /root/Documents/log.sh)
Nov 19 02:15:01 webserver CROND[30195]: (root) CMD (bash /root/Documents/log.sh)
Nov 19 02:16:01 webserver CROND[30202]: (root) CMD (bash /root/Documents/log.sh)
Nov 19 02:17:01 webserver CROND[30208]: (root) CMD (bash /root/Documents/log.sh)
Nov 19 02:18:01 webserver CROND[30213]: (root) CMD (bash /root/Documents/log.sh)
Nov 19 02:19:01 webserver CROND[30218]: (root) CMD (bash /root/Documents/log.sh)
Nov 19 02:20:01 webserver CROND[30223]: (root) CMD (bash /root/Documents/log.sh)
Nov 19 02:21:01 webserver CROND[30230]: (root) CMD (bash /root/Documents/log.sh)
Nov 19 02:22:01 webserver CROND[30235]: (root) CMD (bash /root/Documents/log.sh)
Nov 19 02:23:01 webserver CROND[30240]: (root) CMD (bash /root/Documents/log.sh)
Nov 19 02:24:01 webserver CROND[30245]: (root) CMD (bash /root/Documents/log.sh)
Nov 19 02:25:01 webserver CROND[30251]: (root) CMD (bash /root/Documents/log.sh)
Nov 19 02:26:01 webserver CROND[30258]: (root) CMD (bash /root/Documents/log.sh)
Nov 19 02:27:01 webserver CROND[30263]: (root) CMD (bash /root/Documents/log.sh)
Nov 19 02:28:01 webserver CROND[30268]: (root) CMD (bash /root/Documents/log.sh)
Nov 19 02:29:01 webserver CROND[30273]: (root) CMD (bash /root/Documents/log.sh)
Nov 19 02:30:01 webserver CROND[30278]: (root) CMD (bash /root/Documents/log.sh)
Nov 19 02:31:01 webserver CROND[30285]: (root) CMD (bash /root/Documents/log.sh)
Nov 19 02:32:01 webserver CROND[30291]: (root) CMD (bash /root/Documents/log.sh)
Nov 19 02:33:01 webserver CROND[30296]: (root) CMD (bash /root/Documents/log.sh)
Nov 19 02:34:01 webserver CROND[30301]: (root) CMD (bash /root/Documents/log.sh)
Nov 19 02:35:01 webserver CROND[30307]: (root) CMD (bash /root/Documents/log.sh)
Nov 19 02:36:01 webserver CROND[30313]: (root) CMD (bash /root/Documents/log.sh)
Nov 19 02:37:01 webserver CROND[30319]: (root) CMD (bash /root/Documents/log.sh)
Nov 19 02:38:01 webserver CROND[30324]: (root) CMD (bash /root/Documents/log.sh)
Nov 19 02:39:01 webserver CROND[30329]: (root) CMD (bash /root/Documents/log.sh)
Nov 19 02:40:01 webserver CROND[30334]: (root) CMD (bash /root/Documents/log.sh)
Nov 19 02:41:01 webserver CROND[30341]: (root) CMD (bash /root/Documents/log.sh)
Nov 19 02:42:01 webserver CROND[30347]: (root) CMD (bash /root/Documents/log.sh)
Nov 19 02:43:01 webserver CROND[30352]: (root) CMD (bash /root/Documents/log.sh)
Nov 19 02:44:01 webserver CROND[30360]: (root) CMD (bash /root/Documents/log.sh)
Nov 19 02:45:01 webserver CROND[30371]: (root) CMD (bash /root/Documents/log.sh)
Nov 19 02:46:01 webserver CROND[30377]: (root) CMD (bash /root/Documents/log.sh)
Nov 19 02:47:01 webserver CROND[30383]: (root) CMD (bash /root/Documents/log.sh)
Nov 19 02:48:01 webserver CROND[30389]: (root) CMD (bash /root/Documents/log.sh)
Nov 19 02:49:01 webserver CROND[30394]: (root) CMD (bash /root/Documents/log.sh)
Nov 19 02:50:01 webserver CROND[30400]: (root) CMD (bash /root/Documents/log.sh)
Nov 19 02:51:01 webserver CROND[30406]: (root) CMD (bash /root/Documents/log.sh)
Nov 19 02:52:01 webserver CROND[30412]: (root) CMD (bash /root/Documents/log.sh)
Nov 19 02:53:01 webserver CROND[30417]: (root) CMD (bash /root/Documents/log.sh)
Nov 19 02:54:01 webserver CROND[30422]: (root) CMD (bash /root/Documents/log.sh)
Nov 19 02:55:01 webserver CROND[30428]: (root) CMD (bash /root/Documents/log.sh)
Nov 19 02:56:01 webserver CROND[30434]: (root) CMD (bash /root/Documents/log.sh)
Nov 19 02:57:01 webserver CROND[30439]: (root) CMD (bash /root/Documents/log.sh)
Nov 19 02:58:01 webserver CROND[30445]: (root) CMD (bash /root/Documents/log.sh)
Nov 19 02:59:02 webserver CROND[30450]: (root) CMD (bash /root/Documents/log.sh)
Nov 19 03:00:01 webserver CROND[30456]: (root) CMD (bash /root/Documents/log.sh)
Nov 19 03:01:01 webserver CROND[30464]: (root) CMD (bash /root/Documents/log.sh)
Nov 19 03:01:01 webserver CROND[30465]: (root) CMD (run-parts /etc/cron.hourly)
Nov 19 03:01:01 localhost CROND[24869]: (root) CMD (run-parts /etc/cron.hourly)
Nov 19 03:02:01 webserver CROND[30488]: (root) CMD (bash /root/Documents/log.sh)
Nov 19 03:03:01 webserver CROND[30494]: (root) CMD (bash /root/Documents/log.sh)
Nov 19 03:04:01 webserver CROND[30499]: (root) CMD (bash /root/Documents/log.sh)
Nov 19 03:05:01 webserver CROND[30505]: (root) CMD (bash /root/Documents/log.sh)
Nov 19 03:06:01 webserver CROND[30514]: (root) CMD (bash /root/Documents/log.sh)
Nov 19 03:07:01 webserver CROND[30519]: (root) CMD (bash /root/Documents/log.sh)
Nov 19 03:08:01 webserver CROND[30525]: (root) CMD (bash /root/Documents/log.sh)
Nov 19 03:09:01 webserver CROND[30531]: (root) CMD (bash /root/Documents/log.sh)
Nov 19 03:10:01 webserver CROND[30536]: (root) CMD (bash /root/Documents/log.sh)
Nov 19 03:11:01 webserver CROND[30542]: (root) CMD (bash /root/Documents/log.sh)
Nov 19 03:12:01 webserver CROND[30547]: (root) CMD (bash /root/Documents/log.sh)
Nov 19 03:13:01 webserver CROND[30553]: (root) CMD (bash /root/Documents/log.sh)
Nov 19 03:14:01 webserver CROND[30558]: (root) CMD (bash /root/Documents/log.sh)
Nov 19 14:17:01 webserver CROND[2343]: (root) CMD (bash /root/Documents/log.sh)
Nov 19 14:18:01 webserver CROND[2349]: (root) CMD (bash /root/Documents/log.sh)
Nov 19 14:19:01 webserver CROND[2356]: (root) CMD (bash /root/Documents/log.sh)
Nov 19 14:20:01 webserver CROND[2362]: (root) CMD (bash /root/Documents/log.sh)
Nov 19 14:21:01 webserver CROND[2367]: (root) CMD (bash /root/Documents/log.sh)
Nov 19 14:22:01 webserver CROND[2372]: (root) CMD (bash /root/Documents/log.sh)
Nov 19 14:23:01 webserver CROND[2378]: (root) CMD (bash /root/Documents/log.sh)
Nov 19 14:24:01 webserver CROND[2383]: (root) CMD (bash /root/Documents/log.sh)
Nov 19 14:25:01 webserver CROND[2390]: (root) CMD (bash /root/Documents/log.sh)
Nov 19 14:26:01 webserver CROND[2395]: (root) CMD (bash /root/Documents/log.sh)
Nov 19 14:27:02 webserver CROND[2400]: (root) CMD (bash /root/Documents/log.sh)
Nov 19 14:28:01 webserver CROND[2405]: (root) CMD (bash /root/Documents/log.sh)
Nov 19 14:29:01 webserver CROND[2411]: (root) CMD (bash /root/Documents/log.sh)
Nov 19 14:30:01 webserver CROND[2417]: (root) CMD (bash /root/Documents/log.sh)
Nov 19 14:31:01 webserver CROND[2422]: (root) CMD (bash /root/Documents/log.sh)
Nov 19 14:32:01 webserver CROND[2427]: (root) CMD (bash /root/Documents/log.sh)
Nov 19 14:33:01 webserver CROND[2432]: (root) CMD (bash /root/Documents/log.sh)
Nov 19 14:34:01 webserver CROND[2439]: (root) CMD (bash /root/Documents/log.sh)
Nov 19 14:35:01 webserver CROND[2446]: (root) CMD (bash /root/Documents/log.sh)
Nov 19 14:36:01 webserver CROND[2451]: (root) CMD (bash /root/Documents/log.sh)
Nov 19 14:37:01 webserver CROND[2456]: (root) CMD (bash /root/Documents/log.sh)
Nov 19 14:38:01 webserver CROND[2461]: (root) CMD (bash /root/Documents/log.sh)
Nov 19 14:39:01 webserver CROND[2467]: (root) CMD (bash /root/Documents/log.sh)
Nov 19 14:40:01 webserver CROND[2473]: (root) CMD (bash /root/Documents/log.sh)
Nov 19 14:41:01 webserver CROND[2478]: (root) CMD (bash /root/Documents/log.sh)
Nov 19 14:42:01 webserver CROND[2483]: (root) CMD (bash /root/Documents/log.sh)
Nov 19 14:43:01 webserver CROND[2488]: (root) CMD (bash /root/Documents/log.sh)
Nov 19 14:44:01 webserver CROND[2498]: (root) CMD (bash /root/Documents/log.sh)
Nov 19 14:45:01 webserver CROND[2510]: (root) CMD (bash /root/Documents/log.sh)
Nov 19 14:46:01 webserver CROND[2515]: (root) CMD (bash /root/Documents/log.sh)
Nov 19 14:47:01 webserver CROND[2520]: (root) CMD (bash /root/Documents/log.sh)
Nov 19 14:48:02 webserver CROND[2525]: (root) CMD (bash /root/Documents/log.sh)
Nov 19 14:49:01 webserver CROND[2530]: (root) CMD (bash /root/Documents/log.sh)
Nov 19 14:50:01 webserver CROND[2539]: (root) CMD (bash /root/Documents/log.sh)
Nov 19 14:51:01 webserver CROND[2544]: (root) CMD (bash /root/Documents/log.sh)
Nov 19 14:52:01 webserver CROND[2550]: (root) CMD (bash /root/Documents/log.sh)
Nov 19 14:53:01 webserver CROND[2555]: (root) CMD (bash /root/Documents/log.sh)
Nov 19 14:54:01 webserver CROND[2560]: (root) CMD (bash /root/Documents/log.sh)
Nov 19 14:55:01 webserver CROND[2568]: (root) CMD (bash /root/Documents/log.sh)
Nov 19 14:56:01 webserver CROND[2573]: (root) CMD (bash /root/Documents/log.sh)
Nov 19 14:57:01 webserver CROND[2578]: (root) CMD (bash /root/Documents/log.sh)
Nov 19 14:58:01 webserver CROND[2586]: (root) CMD (bash /root/Documents/log.sh)
Nov 19 14:59:01 webserver CROND[2591]: (root) CMD (bash /root/Documents/log.sh)
Nov 19 15:00:01 webserver CROND[2598]: (root) CMD (bash /root/Documents/log.sh)
Nov 19 15:01:01 localhost CROND[25924]: (root) CMD (run-parts /etc/cron.hourly)
Nov 19 15:01:01 webserver CROND[2605]: (root) CMD (bash /root/Documents/log.sh)
Nov 19 15:01:01 webserver CROND[2607]: (root) CMD (run-parts /etc/cron.hourly)
Nov 19 15:02:01 webserver CROND[2627]: (root) CMD (bash /root/Documents/log.sh)
Nov 19 15:03:01 webserver CROND[2632]: (root) CMD (bash /root/Documents/log.sh)
Nov 19 15:04:01 webserver CROND[2637]: (root) CMD (bash /root/Documents/log.sh)
Nov 19 15:05:01 webserver CROND[2645]: (root) CMD (bash /root/Documents/log.sh)
Nov 19 15:06:01 webserver CROND[2650]: (root) CMD (bash /root/Documents/log.sh)
Nov 19 15:07:02 webserver CROND[2655]: (root) CMD (bash /root/Documents/log.sh)
Nov 19 15:08:01 webserver CROND[2660]: (root) CMD (bash /root/Documents/log.sh)
Nov 19 15:09:01 webserver CROND[2665]: (root) CMD (bash /root/Documents/log.sh)
Nov 19 15:10:01 webserver CROND[2672]: (root) CMD (bash /root/Documents/log.sh)
Nov 19 15:11:01 webserver CROND[2678]: (root) CMD (bash /root/Documents/log.sh)
Nov 19 15:12:01 webserver CROND[2683]: (root) CMD (bash /root/Documents/log.sh)
Nov 19 15:13:01 webserver CROND[2688]: (root) CMD (bash /root/Documents/log.sh)
Nov 19 15:14:01 webserver CROND[2693]: (root) CMD (bash /root/Documents/log.sh)
Nov 19 15:15:01 webserver CROND[2700]: (root) CMD (bash /root/Documents/log.sh)
Nov 19 15:16:01 webserver CROND[2708]: (root) CMD (bash /root/Documents/log.sh)
Nov 19 15:17:01 webserver CROND[2713]: (root) CMD (bash /root/Documents/log.sh)
Nov 19 15:18:01 webserver CROND[2718]: (root) CMD (bash /root/Documents/log.sh)
Nov 19 15:19:01 webserver CROND[2723]: (root) CMD (bash /root/Documents/log.sh)
Nov 19 15:20:01 webserver CROND[2729]: (root) CMD (bash /root/Documents/log.sh)
Nov 19 15:21:01 webserver CROND[2735]: (root) CMD (bash /root/Documents/log.sh)
Nov 19 15:22:01 webserver CROND[2740]: (root) CMD (bash /root/Documents/log.sh)
Nov 19 15:23:01 webserver CROND[2745]: (root) CMD (bash /root/Documents/log.sh)
Nov 19 15:24:01 webserver CROND[2750]: (root) CMD (bash /root/Documents/log.sh)
Nov 19 15:25:01 webserver CROND[2757]: (root) CMD (bash /root/Documents/log.sh)
Nov 19 15:26:01 webserver CROND[2763]: (root) CMD (bash /root/Documents/log.sh)
Nov 19 15:27:01 webserver CROND[2768]: (root) CMD (bash /root/Documents/log.sh)
Nov 19 15:28:02 webserver CROND[2773]: (root) CMD (bash /root/Documents/log.sh)
Nov 19 15:29:01 webserver CROND[2778]: (root) CMD (bash /root/Documents/log.sh)
Nov 19 15:29:01 localhost CROND[26271]: (root) CMD ("/root/Downloads/back.sh")
Nov 19 15:30:01 webserver CROND[2784]: (root) CMD (bash /root/Documents/log.sh)
Nov 19 15:30:01 localhost CROND[26278]: (root) CMD ("/root/Downloads/sn.sh")
Nov 19 15:30:03 localhost CROND[26276]: (root) CMDOUT (Spawning daemon child...)
Nov 19 15:30:03 localhost CROND[26276]: (root) CMDOUT (My daemon child 26289 lives...)
Nov 19 15:30:03 localhost CROND[26276]: (root) CMDOUT (Daemon parent exiting (0))
Nov 19 15:31:01 webserver CROND[2789]: (root) CMD (bash /root/Documents/log.sh)
Nov 19 15:32:01 webserver CROND[2796]: (root) CMD (bash /root/Documents/log.sh)
Nov 19 15:33:01 webserver CROND[2801]: (root) CMD (bash /root/Documents/log.sh)
Nov 19 15:34:01 webserver CROND[2806]: (root) CMD (bash /root/Documents/log.sh)
Nov 19 15:35:01 webserver CROND[2813]: (root) CMD (bash /root/Documents/log.sh)
Nov 19 15:36:01 webserver CROND[2818]: (root) CMD (bash /root/Documents/log.sh)
Nov 19 15:37:01 webserver CROND[2824]: (root) CMD (bash /root/Documents/log.sh)
Nov 19 15:38:01 webserver CROND[2829]: (root) CMD (bash /root/Documents/log.sh)
Nov 19 15:39:01 webserver CROND[2834]: (root) CMD (bash /root/Documents/log.sh)
Nov 19 15:40:01 webserver CROND[2840]: (root) CMD (bash /root/Documents/log.sh)
Nov 19 15:41:01 webserver CROND[2845]: (root) CMD (bash /root/Documents/log.sh)
Nov 19 15:42:01 webserver CROND[2851]: (root) CMD (bash /root/Documents/log.sh)
Nov 19 15:43:01 webserver CROND[2856]: (root) CMD (bash /root/Documents/log.sh)
Nov 19 15:44:01 webserver CROND[2865]: (root) CMD (bash /root/Documents/log.sh)
Nov 19 15:45:01 webserver CROND[2887]: (root) CMD (bash /root/Documents/log.sh)
Nov 19 15:46:01 webserver CROND[2892]: (root) CMD (bash /root/Documents/log.sh)
Nov 19 15:47:01 webserver CROND[2898]: (root) CMD (bash /root/Documents/log.sh)
Nov 19 15:48:02 webserver CROND[2903]: (root) CMD (bash /root/Documents/log.sh)
Nov 19 15:49:01 webserver CROND[2908]: (root) CMD (bash /root/Documents/log.sh)
Nov 19 15:50:01 webserver CROND[2915]: (root) CMD (bash /root/Documents/log.sh)
Nov 19 15:51:01 webserver CROND[2920]: (root) CMD (bash /root/Documents/log.sh)
Nov 19 15:52:01 webserver CROND[2925]: (root) CMD (bash /root/Documents/log.sh)
Nov 19 15:53:01 webserver CROND[2931]: (root) CMD (bash /root/Documents/log.sh)
Nov 19 15:54:01 webserver CROND[2936]: (root) CMD (bash /root/Documents/log.sh)
Nov 19 15:55:01 webserver CROND[2943]: (root) CMD (bash /root/Documents/log.sh)
Nov 19 15:56:01 webserver CROND[2948]: (root) CMD (bash /root/Documents/log.sh)
Nov 19 15:57:01 webserver CROND[2953]: (root) CMD (bash /root/Documents/log.sh)
Nov 19 15:58:01 webserver CROND[2960]: (root) CMD (bash /root/Documents/log.sh)
Nov 19 15:59:01 webserver CROND[2965]: (root) CMD (bash /root/Documents/log.sh)
Nov 19 16:00:01 webserver CROND[2971]: (root) CMD (bash /root/Documents/log.sh)
Nov 19 16:01:01 localhost CROND[27113]: (root) CMD (run-parts /etc/cron.hourly)
Nov 19 16:01:01 webserver CROND[2978]: (root) CMD (run-parts /etc/cron.hourly)
Nov 19 16:01:01 webserver CROND[2979]: (root) CMD (bash /root/Documents/log.sh)
Nov 19 16:02:01 webserver CROND[3000]: (root) CMD (bash /root/Documents/log.sh)
Nov 19 16:03:01 webserver CROND[3007]: (root) CMD (bash /root/Documents/log.sh)
Nov 19 16:04:01 webserver CROND[3012]: (root) CMD (bash /root/Documents/log.sh)
Nov 19 16:05:01 webserver CROND[3019]: (root) CMD (bash /root/Documents/log.sh)
Nov 19 16:06:01 webserver CROND[3024]: (root) CMD (bash /root/Documents/log.sh)
Nov 19 16:07:01 webserver CROND[3029]: (root) CMD (bash /root/Documents/log.sh)
Nov 19 16:08:01 webserver CROND[3035]: (root) CMD (bash /root/Documents/log.sh)
Nov 19 16:09:01 webserver CROND[3040]: (root) CMD (bash /root/Documents/log.sh)
Nov 19 16:10:01 webserver CROND[3046]: (root) CMD (bash /root/Documents/log.sh)
Nov 19 16:11:01 webserver CROND[3051]: (root) CMD (bash /root/Documents/log.sh)
Nov 19 16:12:01 webserver CROND[3056]: (root) CMD (bash /root/Documents/log.sh)
Nov 19 16:13:01 webserver CROND[3061]: (root) CMD (bash /root/Documents/log.sh)
Nov 19 16:14:01 webserver CROND[3067]: (root) CMD (bash /root/Documents/log.sh)
Nov 19 16:15:01 webserver CROND[3074]: (root) CMD (bash /root/Documents/log.sh)
Nov 19 16:16:01 webserver CROND[3079]: (root) CMD (bash /root/Documents/log.sh)
Nov 19 16:17:01 webserver CROND[3084]: (root) CMD (bash /root/Documents/log.sh)
Nov 19 16:18:01 webserver CROND[3089]: (root) CMD (bash /root/Documents/log.sh)
Nov 19 16:19:01 webserver CROND[3096]: (root) CMD (bash /root/Documents/log.sh)
Nov 19 16:20:01 webserver CROND[3102]: (root) CMD (bash /root/Documents/log.sh)
Nov 19 16:21:01 webserver CROND[3107]: (root) CMD (bash /root/Documents/log.sh)
Nov 19 16:22:01 webserver CROND[3112]: (root) CMD (bash /root/Documents/log.sh)
Nov 19 16:23:01 webserver CROND[3117]: (root) CMD (bash /root/Documents/log.sh)
Nov 19 16:24:01 webserver CROND[3123]: (root) CMD (bash /root/Documents/log.sh)
Nov 19 16:25:01 webserver CROND[3130]: (root) CMD (bash /root/Documents/log.sh)
Nov 19 16:26:01 webserver CROND[3135]: (root) CMD (bash /root/Documents/log.sh)
Nov 19 16:27:01 webserver CROND[3140]: (root) CMD (bash /root/Documents/log.sh)
Nov 19 16:28:02 webserver CROND[3145]: (root) CMD (bash /root/Documents/log.sh)
Nov 19 16:29:01 webserver CROND[3151]: (root) CMD (bash /root/Documents/log.sh)
Nov 19 16:30:01 webserver CROND[3158]: (root) CMD (bash /root/Documents/log.sh)
Nov 19 16:31:01 webserver CROND[3163]: (root) CMD (bash /root/Documents/log.sh)
Nov 19 16:32:01 webserver CROND[3168]: (root) CMD (bash /root/Documents/log.sh)
Nov 19 16:33:01 webserver CROND[3173]: (root) CMD (bash /root/Documents/log.sh)
Nov 19 16:34:01 webserver CROND[3178]: (root) CMD (bash /root/Documents/log.sh)
Nov 19 16:35:01 webserver CROND[3186]: (root) CMD (bash /root/Documents/log.sh)
Nov 19 16:36:01 webserver CROND[3191]: (root) CMD (bash /root/Documents/log.sh)
Nov 19 16:37:01 webserver CROND[3196]: (root) CMD (bash /root/Documents/log.sh)
Nov 19 16:38:01 webserver CROND[3201]: (root) CMD (bash /root/Documents/log.sh)
Nov 19 16:39:01 webserver CROND[3206]: (root) CMD (bash /root/Documents/log.sh)
Nov 19 16:40:01 webserver CROND[3213]: (root) CMD (bash /root/Documents/log.sh)
Nov 19 16:41:01 webserver CROND[3218]: (root) CMD (bash /root/Documents/log.sh)
Nov 19 16:42:01 webserver CROND[3223]: (root) CMD (bash /root/Documents/log.sh)
Nov 19 16:43:01 webserver CROND[3228]: (root) CMD (bash /root/Documents/log.sh)
Nov 19 16:44:01 webserver CROND[3236]: (root) CMD (bash /root/Documents/log.sh)
Nov 19 16:45:01 webserver CROND[3250]: (root) CMD (bash /root/Documents/log.sh)
Nov 19 16:46:01 webserver CROND[3255]: (root) CMD (bash /root/Documents/log.sh)
Nov 19 16:47:01 webserver CROND[3260]: (root) CMD (bash /root/Documents/log.sh)
Nov 19 16:48:01 webserver CROND[3265]: (root) CMD (bash /root/Documents/log.sh)
Nov 19 16:49:02 webserver CROND[3270]: (root) CMD (bash /root/Documents/log.sh)
Nov 19 16:50:01 webserver CROND[3278]: (root) CMD (bash /root/Documents/log.sh)
Nov 19 16:51:01 webserver CROND[3284]: (root) CMD (bash /root/Documents/log.sh)
Nov 19 16:52:01 webserver CROND[3289]: (root) CMD (bash /root/Documents/log.sh)
Nov 19 16:53:01 webserver CROND[3294]: (root) CMD (bash /root/Documents/log.sh)
Nov 19 16:54:01 webserver CROND[3299]: (root) CMD (bash /root/Documents/log.sh)
Nov 19 16:55:01 webserver CROND[3306]: (root) CMD (bash /root/Documents/log.sh)
Nov 19 16:56:01 webserver CROND[3312]: (root) CMD (bash /root/Documents/log.sh)
Nov 19 16:57:01 webserver CROND[3317]: (root) CMD (bash /root/Documents/log.sh)
Nov 19 16:58:01 webserver CROND[3322]: (root) CMD (bash /root/Documents/log.sh)
Nov 19 16:59:01 webserver CROND[3327]: (root) CMD (bash /root/Documents/log.sh)
Nov 19 17:00:01 webserver CROND[3334]: (root) CMD (bash /root/Documents/log.sh)
Nov 19 17:01:01 webserver CROND[3342]: (root) CMD (bash /root/Documents/log.sh)
Nov 19 17:01:01 webserver CROND[3344]: (root) CMD (run-parts /etc/cron.hourly)
Nov 19 17:01:01 localhost CROND[27444]: (root) CMD (run-parts /etc/cron.hourly)
Nov 19 17:02:01 webserver CROND[3364]: (root) CMD (bash /root/Documents/log.sh)
Nov 19 17:03:01 webserver CROND[3369]: (root) CMD (bash /root/Documents/log.sh)
Nov 19 17:04:01 webserver CROND[3374]: (root) CMD (bash /root/Documents/log.sh)
Nov 19 17:05:01 webserver CROND[3381]: (root) CMD (bash /root/Documents/log.sh)
Nov 19 17:06:01 webserver CROND[3387]: (root) CMD (bash /root/Documents/log.sh)
Nov 19 17:07:01 webserver CROND[3393]: (root) CMD (bash /root/Documents/log.sh)
Nov 19 17:08:01 webserver CROND[3398]: (root) CMD (bash /root/Documents/log.sh)
Nov 19 17:09:02 webserver CROND[3403]: (root) CMD (bash /root/Documents/log.sh)
Nov 19 17:10:01 webserver CROND[3409]: (root) CMD (bash /root/Documents/log.sh)
Nov 19 17:11:01 webserver CROND[3415]: (root) CMD (bash /root/Documents/log.sh)
Nov 19 17:12:01 webserver CROND[3420]: (root) CMD (bash /root/Documents/log.sh)
Nov 19 17:13:01 webserver CROND[3425]: (root) CMD (bash /root/Documents/log.sh)
Nov 19 17:14:01 webserver CROND[3430]: (root) CMD (bash /root/Documents/log.sh)
Nov 19 17:15:01 webserver CROND[3437]: (root) CMD (bash /root/Documents/log.sh)
Nov 19 17:16:01 webserver CROND[3442]: (root) CMD (bash /root/Documents/log.sh)
Nov 19 17:17:01 webserver CROND[3448]: (root) CMD (bash /root/Documents/log.sh)
Nov 19 17:18:01 webserver CROND[3453]: (root) CMD (bash /root/Documents/log.sh)
Nov 19 17:19:01 webserver CROND[3458]: (root) CMD (bash /root/Documents/log.sh)
Nov 19 17:20:01 webserver CROND[3464]: (root) CMD (bash /root/Documents/log.sh)
Nov 19 17:21:01 webserver CROND[3469]: (root) CMD (bash /root/Documents/log.sh)
Nov 19 17:22:01 webserver CROND[3475]: (root) CMD (bash /root/Documents/log.sh)
Nov 19 17:23:01 webserver CROND[3480]: (root) CMD (bash /root/Documents/log.sh)
Nov 19 17:24:01 webserver CROND[3485]: (root) CMD (bash /root/Documents/log.sh)
Nov 19 17:25:01 webserver CROND[3492]: (root) CMD (bash /root/Documents/log.sh)
Nov 19 17:26:01 webserver CROND[3497]: (root) CMD (bash /root/Documents/log.sh)
Nov 19 17:27:01 webserver CROND[3503]: (root) CMD (bash /root/Documents/log.sh)
Nov 19 17:28:01 webserver CROND[3508]: (root) CMD (bash /root/Documents/log.sh)
Nov 19 17:29:02 webserver CROND[3513]: (root) CMD (bash /root/Documents/log.sh)
Nov 19 17:30:01 webserver CROND[3519]: (root) CMD (bash /root/Documents/log.sh)
Nov 19 17:31:01 webserver CROND[3524]: (root) CMD (bash /root/Documents/log.sh)
Nov 19 17:32:01 webserver CROND[3531]: (root) CMD (bash /root/Documents/log.sh)
Nov 19 17:33:01 webserver CROND[3536]: (root) CMD (bash /root/Documents/log.sh)
Nov 19 17:34:01 webserver CROND[3541]: (root) CMD (bash /root/Documents/log.sh)
Nov 19 17:35:01 webserver CROND[3548]: (root) CMD (bash /root/Documents/log.sh)
Nov 19 17:36:01 webserver CROND[3553]: (root) CMD (bash /root/Documents/log.sh)
Nov 19 17:37:01 webserver CROND[3558]: (root) CMD (bash /root/Documents/log.sh)
Nov 19 17:38:01 webserver CROND[3564]: (root) CMD (bash /root/Documents/log.sh)
Nov 19 17:39:01 webserver CROND[3569]: (root) CMD (bash /root/Documents/log.sh)
Nov 19 17:40:01 webserver CROND[3575]: (root) CMD (bash /root/Documents/log.sh)
Nov 19 17:41:01 webserver CROND[3580]: (root) CMD (bash /root/Documents/log.sh)
Nov 19 17:42:01 webserver CROND[3585]: (root) CMD (bash /root/Documents/log.sh)
Nov 19 17:43:01 webserver CROND[3591]: (root) CMD (bash /root/Documents/log.sh)
Nov 19 17:44:01 webserver CROND[3600]: (root) CMD (bash /root/Documents/log.sh)
Nov 19 17:45:01 webserver CROND[3612]: (root) CMD (bash /root/Documents/log.sh)
Nov 19 17:46:01 webserver CROND[3617]: (root) CMD (bash /root/Documents/log.sh)
Nov 19 17:47:01 webserver CROND[3622]: (root) CMD (bash /root/Documents/log.sh)
Nov 19 17:48:01 webserver CROND[3628]: (root) CMD (bash /root/Documents/log.sh)
Nov 19 17:49:01 webserver CROND[3633]: (root) CMD (bash /root/Documents/log.sh)
Nov 19 17:50:02 webserver CROND[3640]: (root) CMD (bash /root/Documents/log.sh)
Nov 19 17:51:01 webserver CROND[3645]: (root) CMD (bash /root/Documents/log.sh)
Nov 19 17:52:01 webserver CROND[3650]: (root) CMD (bash /root/Documents/log.sh)
Nov 19 17:53:01 webserver CROND[3656]: (root) CMD (bash /root/Documents/log.sh)
Nov 19 17:54:01 webserver CROND[3661]: (root) CMD (bash /root/Documents/log.sh)
Nov 19 17:55:01 webserver CROND[3668]: (root) CMD (bash /root/Documents/log.sh)
Nov 19 17:56:01 webserver CROND[3673]: (root) CMD (bash /root/Documents/log.sh)
Nov 19 17:57:01 webserver CROND[3678]: (root) CMD (bash /root/Documents/log.sh)
Nov 19 17:58:01 webserver CROND[3683]: (root) CMD (bash /root/Documents/log.sh)
Nov 19 17:59:01 webserver CROND[3689]: (root) CMD (bash /root/Documents/log.sh)
Nov 19 18:00:01 webserver CROND[3695]: (root) CMD (bash /root/Documents/log.sh)
Nov 19 18:01:01 webserver CROND[3702]: (root) CMD (bash /root/Documents/log.sh)
Nov 19 18:01:01 webserver CROND[3703]: (root) CMD (run-parts /etc/cron.hourly)
Nov 19 18:01:01 localhost CROND[27553]: (root) CMD (run-parts /etc/cron.hourly)
Nov 19 18:02:01 webserver CROND[3724]: (root) CMD (bash /root/Documents/log.sh)
Nov 19 18:03:01 webserver CROND[3729]: (root) CMD (bash /root/Documents/log.sh)
Nov 19 18:04:01 webserver CROND[3735]: (root) CMD (bash /root/Documents/log.sh)
Nov 19 18:05:01 webserver CROND[3742]: (root) CMD (bash /root/Documents/log.sh)
Nov 19 18:06:01 webserver CROND[3747]: (root) CMD (bash /root/Documents/log.sh)
Nov 19 18:07:01 webserver CROND[3753]: (root) CMD (bash /root/Documents/log.sh)
Nov 19 18:08:01 webserver CROND[3758]: (root) CMD (bash /root/Documents/log.sh)
Nov 19 18:09:01 webserver CROND[3764]: (root) CMD (bash /root/Documents/log.sh)
Nov 19 18:10:02 webserver CROND[3770]: (root) CMD (bash /root/Documents/log.sh)
Nov 19 18:11:01 webserver CROND[3775]: (root) CMD (bash /root/Documents/log.sh)
Nov 19 18:12:01 webserver CROND[3780]: (root) CMD (bash /root/Documents/log.sh)
Nov 19 18:13:01 webserver CROND[3786]: (root) CMD (bash /root/Documents/log.sh)
Nov 19 18:14:01 webserver CROND[3792]: (root) CMD (bash /root/Documents/log.sh)
Nov 19 18:15:01 webserver CROND[3799]: (root) CMD (bash /root/Documents/log.sh)
Nov 19 18:16:01 webserver CROND[3804]: (root) CMD (bash /root/Documents/log.sh)
Nov 19 18:17:01 webserver CROND[3809]: (root) CMD (bash /root/Documents/log.sh)
Nov 19 18:18:01 webserver CROND[3814]: (root) CMD (bash /root/Documents/log.sh)
Nov 19 18:19:01 webserver CROND[3819]: (root) CMD (bash /root/Documents/log.sh)
Nov 19 18:20:01 webserver CROND[3827]: (root) CMD (bash /root/Documents/log.sh)
Nov 19 18:21:01 webserver CROND[3832]: (root) CMD (bash /root/Documents/log.sh)
Nov 19 18:22:01 webserver CROND[3837]: (root) CMD (bash /root/Documents/log.sh)
Nov 19 18:23:01 webserver CROND[3842]: (root) CMD (bash /root/Documents/log.sh)
Nov 19 18:24:01 webserver CROND[3847]: (root) CMD (bash /root/Documents/log.sh)
Nov 19 18:25:01 webserver CROND[3855]: (root) CMD (bash /root/Documents/log.sh)
Nov 19 18:26:01 webserver CROND[3860]: (root) CMD (bash /root/Documents/log.sh)
Nov 19 18:27:01 webserver CROND[3865]: (root) CMD (bash /root/Documents/log.sh)
Nov 19 18:28:01 webserver CROND[3870]: (root) CMD (bash /root/Documents/log.sh)
Nov 19 18:29:01 localhost CROND[27983]: (root) CMD ("/root/Downloads/back.sh")
Nov 19 18:29:01 webserver CROND[3875]: (root) CMD (bash /root/Documents/log.sh)
Nov 19 18:30:01 localhost CROND[27989]: (root) CMD ("/root/Downloads/sn.sh")
Nov 19 18:30:01 webserver CROND[3881]: (root) CMD (bash /root/Documents/log.sh)
Nov 19 18:30:03 localhost CROND[27987]: (root) CMDOUT (Spawning daemon child...)
Nov 19 18:30:03 localhost CROND[27987]: (root) CMDOUT (My daemon child 28000 lives...)
Nov 19 18:30:03 localhost CROND[27987]: (root) CMDOUT (Daemon parent exiting (0))
Nov 19 18:31:02 webserver CROND[3887]: (root) CMD (bash /root/Documents/log.sh)
Nov 19 18:32:01 webserver CROND[3892]: (root) CMD (bash /root/Documents/log.sh)
Nov 19 18:33:01 webserver CROND[3897]: (root) CMD (bash /root/Documents/log.sh)
Nov 19 18:34:01 webserver CROND[3902]: (root) CMD (bash /root/Documents/log.sh)
Nov 19 18:35:01 webserver CROND[3909]: (root) CMD (bash /root/Documents/log.sh)
Nov 19 18:36:01 webserver CROND[3915]: (root) CMD (bash /root/Documents/log.sh)
Nov 19 18:37:01 webserver CROND[3920]: (root) CMD (bash /root/Documents/log.sh)
Nov 19 18:38:01 webserver CROND[3925]: (root) CMD (bash /root/Documents/log.sh)
Nov 19 18:39:01 webserver CROND[3931]: (root) CMD (bash /root/Documents/log.sh)
Nov 19 18:40:01 webserver CROND[3936]: (root) CMD (bash /root/Documents/log.sh)
Nov 19 18:41:01 webserver CROND[3942]: (root) CMD (bash /root/Documents/log.sh)
Nov 19 18:42:01 webserver CROND[3947]: (root) CMD (bash /root/Documents/log.sh)
Nov 19 18:43:01 webserver CROND[3952]: (root) CMD (bash /root/Documents/log.sh)
Nov 19 18:44:01 webserver CROND[3962]: (root) CMD (bash /root/Documents/log.sh)
Nov 19 18:45:01 webserver CROND[3973]: (root) CMD (bash /root/Documents/log.sh)
Nov 19 18:46:01 webserver CROND[3979]: (root) CMD (bash /root/Documents/log.sh)
Nov 19 18:47:01 webserver CROND[3984]: (root) CMD (bash /root/Documents/log.sh)
Nov 19 18:48:01 webserver CROND[3989]: (root) CMD (bash /root/Documents/log.sh)
Nov 19 18:49:01 webserver CROND[3995]: (root) CMD (bash /root/Documents/log.sh)
Nov 19 18:50:01 webserver CROND[4001]: (root) CMD (bash /root/Documents/log.sh)
Nov 19 18:51:01 webserver CROND[4007]: (root) CMD (bash /root/Documents/log.sh)
Nov 19 18:52:02 webserver CROND[4012]: (root) CMD (bash /root/Documents/log.sh)
Nov 19 18:53:01 webserver CROND[4017]: (root) CMD (bash /root/Documents/log.sh)
Nov 19 18:54:01 webserver CROND[4023]: (root) CMD (bash /root/Documents/log.sh)
Nov 19 18:55:01 webserver CROND[4029]: (root) CMD (bash /root/Documents/log.sh)
Nov 19 18:56:01 webserver CROND[4035]: (root) CMD (bash /root/Documents/log.sh)
Nov 19 18:57:01 webserver CROND[4040]: (root) CMD (bash /root/Documents/log.sh)
Nov 19 18:58:01 webserver CROND[4045]: (root) CMD (bash /root/Documents/log.sh)
Nov 19 18:59:01 webserver CROND[4052]: (root) CMD (bash /root/Documents/log.sh)
Nov 19 19:00:01 webserver CROND[4057]: (root) CMD (bash /root/Documents/log.sh)
Nov 19 19:01:01 webserver CROND[4064]: (root) CMD (run-parts /etc/cron.hourly)
Nov 19 19:01:01 webserver CROND[4065]: (root) CMD (bash /root/Documents/log.sh)
Nov 19 19:01:01 localhost CROND[28009]: (root) CMD (run-parts /etc/cron.hourly)
Nov 19 19:02:01 webserver CROND[4087]: (root) CMD (bash /root/Documents/log.sh)
Nov 19 19:03:01 webserver CROND[4092]: (root) CMD (bash /root/Documents/log.sh)
Nov 19 19:04:01 webserver CROND[4098]: (root) CMD (bash /root/Documents/log.sh)
Nov 19 19:05:01 webserver CROND[4105]: (root) CMD (bash /root/Documents/log.sh)
Nov 19 19:06:01 webserver CROND[4110]: (root) CMD (bash /root/Documents/log.sh)
Nov 19 19:07:01 webserver CROND[4116]: (root) CMD (bash /root/Documents/log.sh)
Nov 19 19:08:01 webserver CROND[4121]: (root) CMD (bash /root/Documents/log.sh)
Nov 19 19:09:01 webserver CROND[4127]: (root) CMD (bash /root/Documents/log.sh)
Nov 19 19:10:01 webserver CROND[4132]: (root) CMD (bash /root/Documents/log.sh)
Nov 19 19:11:01 webserver CROND[4138]: (root) CMD (bash /root/Documents/log.sh)
Nov 19 19:12:02 webserver CROND[4144]: (root) CMD (bash /root/Documents/log.sh)
Nov 19 19:13:01 webserver CROND[4149]: (root) CMD (bash /root/Documents/log.sh)
Nov 19 19:14:01 webserver CROND[4155]: (root) CMD (bash /root/Documents/log.sh)
Nov 19 19:15:01 webserver CROND[4161]: (root) CMD (bash /root/Documents/log.sh)
Nov 19 19:16:01 webserver CROND[4166]: (root) CMD (bash /root/Documents/log.sh)
Nov 19 19:17:01 webserver CROND[4172]: (root) CMD (bash /root/Documents/log.sh)
Nov 19 19:18:01 webserver CROND[4177]: (root) CMD (bash /root/Documents/log.sh)
Nov 19 19:19:01 webserver CROND[4183]: (root) CMD (bash /root/Documents/log.sh)
Nov 19 19:20:01 webserver CROND[4188]: (root) CMD (bash /root/Documents/log.sh)
Nov 19 19:21:01 webserver CROND[4193]: (root) CMD (bash /root/Documents/log.sh)
Nov 19 19:22:01 webserver CROND[4198]: (root) CMD (bash /root/Documents/log.sh)
Nov 19 19:23:01 webserver CROND[4204]: (root) CMD (bash /root/Documents/log.sh)
Nov 19 19:24:01 webserver CROND[4210]: (root) CMD (bash /root/Documents/log.sh)
Nov 19 19:25:01 webserver CROND[4216]: (root) CMD (bash /root/Documents/log.sh)
Nov 19 19:26:01 webserver CROND[4221]: (root) CMD (bash /root/Documents/log.sh)
Nov 19 19:27:01 webserver CROND[4226]: (root) CMD (bash /root/Documents/log.sh)
Nov 19 19:28:01 webserver CROND[4232]: (root) CMD (bash /root/Documents/log.sh)
Nov 19 19:29:01 webserver CROND[4238]: (root) CMD (bash /root/Documents/log.sh)
Nov 19 19:30:01 webserver CROND[4244]: (root) CMD (bash /root/Documents/log.sh)
Nov 19 19:31:01 webserver CROND[4249]: (root) CMD (bash /root/Documents/log.sh)
Nov 19 19:32:01 webserver CROND[4254]: (root) CMD (bash /root/Documents/log.sh)
Nov 19 19:33:01 webserver CROND[4260]: (root) CMD (bash /root/Documents/log.sh)
Nov 19 19:34:01 webserver CROND[4266]: (root) CMD (bash /root/Documents/log.sh)
Nov 19 19:35:01 webserver CROND[4272]: (root) CMD (bash /root/Documents/log.sh)
Nov 19 19:36:01 webserver CROND[4277]: (root) CMD (bash /root/Documents/log.sh)
Nov 19 19:37:01 webserver CROND[4282]: (root) CMD (bash /root/Documents/log.sh)
Nov 19 19:38:01 webserver CROND[4288]: (root) CMD (bash /root/Documents/log.sh)
Nov 19 19:39:01 webserver CROND[4294]: (root) CMD (bash /root/Documents/log.sh)
Nov 19 19:40:01 webserver CROND[4305]: (root) CMD (bash /root/Documents/log.sh)
Nov 19 19:41:01 webserver CROND[4310]: (root) CMD (bash /root/Documents/log.sh)
Nov 19 19:42:01 webserver CROND[4315]: (root) CMD (bash /root/Documents/log.sh)
Nov 19 19:43:01 webserver CROND[4320]: (root) CMD (bash /root/Documents/log.sh)
Nov 19 19:44:01 webserver CROND[4330]: (root) CMD (bash /root/Documents/log.sh)
Nov 19 19:45:01 webserver CROND[4341]: (root) CMD (bash /root/Documents/log.sh)
Nov 19 19:46:01 webserver CROND[4346]: (root) CMD (bash /root/Documents/log.sh)
Nov 19 19:47:01 webserver CROND[4352]: (root) CMD (bash /root/Documents/log.sh)
Nov 19 19:48:01 webserver CROND[4357]: (root) CMD (bash /root/Documents/log.sh)
Nov 19 19:49:01 webserver CROND[4364]: (root) CMD (bash /root/Documents/log.sh)
Nov 19 19:50:01 webserver CROND[4370]: (root) CMD (bash /root/Documents/log.sh)
Nov 19 19:51:01 webserver CROND[4375]: (root) CMD (bash /root/Documents/log.sh)
Nov 19 19:52:01 webserver CROND[4380]: (root) CMD (bash /root/Documents/log.sh)
Nov 19 19:53:01 webserver CROND[4385]: (root) CMD (bash /root/Documents/log.sh)
Nov 19 19:54:01 webserver CROND[4392]: (root) CMD (bash /root/Documents/log.sh)
Nov 19 19:55:02 webserver CROND[4398]: (root) CMD (bash /root/Documents/log.sh)
Nov 19 19:56:01 webserver CROND[4403]: (root) CMD (bash /root/Documents/log.sh)
Nov 19 19:57:01 webserver CROND[4408]: (root) CMD (bash /root/Documents/log.sh)
Nov 19 19:58:01 webserver CROND[4413]: (root) CMD (bash /root/Documents/log.sh)
Nov 19 19:59:01 webserver CROND[4420]: (root) CMD (bash /root/Documents/log.sh)
Nov 19 20:00:01 webserver CROND[4425]: (root) CMD (bash /root/Documents/log.sh)
Nov 19 20:01:01 webserver CROND[4433]: (root) CMD (run-parts /etc/cron.hourly)
Nov 19 20:01:01 webserver CROND[4434]: (root) CMD (bash /root/Documents/log.sh)
Nov 19 20:01:01 localhost CROND[29450]: (root) CMD (run-parts /etc/cron.hourly)
Nov 19 20:02:01 webserver CROND[4455]: (root) CMD (bash /root/Documents/log.sh)
Nov 19 20:03:01 webserver CROND[4460]: (root) CMD (bash /root/Documents/log.sh)
Nov 19 20:04:01 webserver CROND[4466]: (root) CMD (bash /root/Documents/log.sh)
Nov 19 20:05:01 webserver CROND[4473]: (root) CMD (bash /root/Documents/log.sh)
Nov 19 20:06:01 webserver CROND[4478]: (root) CMD (bash /root/Documents/log.sh)
Nov 19 20:07:01 webserver CROND[4483]: (root) CMD (bash /root/Documents/log.sh)
Nov 19 20:08:01 webserver CROND[4488]: (root) CMD (bash /root/Documents/log.sh)
Nov 19 20:09:01 webserver CROND[4494]: (root) CMD (bash /root/Documents/log.sh)
Nov 19 20:10:01 webserver CROND[4500]: (root) CMD (bash /root/Documents/log.sh)
Nov 19 20:11:01 webserver CROND[4505]: (root) CMD (bash /root/Documents/log.sh)
Nov 19 20:12:01 webserver CROND[4510]: (root) CMD (bash /root/Documents/log.sh)
Nov 19 20:13:01 webserver CROND[4515]: (root) CMD (bash /root/Documents/log.sh)
Nov 19 20:14:01 webserver CROND[4521]: (root) CMD (bash /root/Documents/log.sh)
Nov 19 20:15:02 webserver CROND[4528]: (root) CMD (bash /root/Documents/log.sh)
Nov 19 20:16:01 webserver CROND[4533]: (root) CMD (bash /root/Documents/log.sh)
Nov 19 20:17:01 webserver CROND[4538]: (root) CMD (bash /root/Documents/log.sh)
Nov 19 20:18:01 webserver CROND[4544]: (root) CMD (bash /root/Documents/log.sh)
Nov 19 20:19:01 webserver CROND[4550]: (root) CMD (bash /root/Documents/log.sh)
Nov 19 20:20:01 webserver CROND[4556]: (root) CMD (bash /root/Documents/log.sh)
Nov 19 20:21:01 webserver CROND[4561]: (root) CMD (bash /root/Documents/log.sh)
Nov 19 20:22:01 webserver CROND[4566]: (root) CMD (bash /root/Documents/log.sh)
Nov 19 20:23:01 webserver CROND[4571]: (root) CMD (bash /root/Documents/log.sh)
Nov 19 20:24:01 webserver CROND[4578]: (root) CMD (bash /root/Documents/log.sh)
Nov 19 20:25:01 webserver CROND[4584]: (root) CMD (bash /root/Documents/log.sh)
Nov 19 20:26:01 webserver CROND[4590]: (root) CMD (bash /root/Documents/log.sh)
Nov 19 20:27:01 webserver CROND[4595]: (root) CMD (bash /root/Documents/log.sh)
Nov 19 20:28:01 webserver CROND[4600]: (root) CMD (bash /root/Documents/log.sh)
Nov 19 20:29:01 webserver CROND[4606]: (root) CMD (bash /root/Documents/log.sh)
Nov 19 20:30:01 webserver CROND[4611]: (root) CMD (bash /root/Documents/log.sh)
Nov 19 20:31:01 webserver CROND[4617]: (root) CMD (bash /root/Documents/log.sh)
Nov 19 20:32:01 webserver CROND[4622]: (root) CMD (bash /root/Documents/log.sh)
Nov 19 20:33:01 webserver CROND[4627]: (root) CMD (bash /root/Documents/log.sh)
Nov 19 20:34:01 webserver CROND[4633]: (root) CMD (bash /root/Documents/log.sh)
Nov 19 20:35:01 webserver CROND[4639]: (root) CMD (bash /root/Documents/log.sh)
Nov 19 20:36:02 webserver CROND[4645]: (root) CMD (bash /root/Documents/log.sh)
Nov 19 20:37:01 webserver CROND[4650]: (root) CMD (bash /root/Documents/log.sh)
Nov 19 20:38:01 webserver CROND[4655]: (root) CMD (bash /root/Documents/log.sh)
Nov 19 20:39:01 webserver CROND[4661]: (root) CMD (bash /root/Documents/log.sh)
Nov 19 20:40:01 webserver CROND[4666]: (root) CMD (bash /root/Documents/log.sh)
Nov 19 20:41:01 webserver CROND[4672]: (root) CMD (bash /root/Documents/log.sh)
Nov 19 20:42:01 webserver CROND[4677]: (root) CMD (bash /root/Documents/log.sh)
Nov 19 20:43:01 webserver CROND[4682]: (root) CMD (bash /root/Documents/log.sh)
Nov 19 20:44:01 webserver CROND[4691]: (root) CMD (bash /root/Documents/log.sh)
Nov 19 20:45:01 webserver CROND[4702]: (root) CMD (bash /root/Documents/log.sh)
Nov 19 20:46:01 webserver CROND[4707]: (root) CMD (bash /root/Documents/log.sh)
Nov 19 20:47:01 webserver CROND[4714]: (root) CMD (bash /root/Documents/log.sh)
Nov 19 20:48:01 webserver CROND[4719]: (root) CMD (bash /root/Documents/log.sh)
Nov 19 20:49:01 webserver CROND[4725]: (root) CMD (bash /root/Documents/log.sh)
Nov 19 20:50:01 webserver CROND[4730]: (root) CMD (bash /root/Documents/log.sh)
Nov 19 20:51:01 webserver CROND[4735]: (root) CMD (bash /root/Documents/log.sh)
Nov 19 20:52:01 webserver CROND[4741]: (root) CMD (bash /root/Documents/log.sh)
Nov 19 20:53:01 webserver CROND[4746]: (root) CMD (bash /root/Documents/log.sh)
Nov 19 20:54:01 webserver CROND[4752]: (root) CMD (bash /root/Documents/log.sh)
Nov 19 20:55:01 webserver CROND[4759]: (root) CMD (bash /root/Documents/log.sh)
Nov 19 20:56:01 webserver CROND[4764]: (root) CMD (bash /root/Documents/log.sh)
Nov 19 20:57:02 webserver CROND[4770]: (root) CMD (bash /root/Documents/log.sh)
Nov 19 20:58:01 webserver CROND[4775]: (root) CMD (bash /root/Documents/log.sh)
Nov 19 20:59:01 webserver CROND[4781]: (root) CMD (bash /root/Documents/log.sh)
Nov 19 21:00:01 webserver CROND[4786]: (root) CMD (bash /root/Documents/log.sh)
Nov 19 21:01:01 webserver CROND[4793]: (root) CMD (bash /root/Documents/log.sh)
Nov 19 21:01:01 webserver CROND[4794]: (root) CMD (run-parts /etc/cron.hourly)
Nov 19 21:01:01 localhost CROND[32335]: (root) CMD (run-parts /etc/cron.hourly)
Nov 19 21:02:01 webserver CROND[4816]: (root) CMD (bash /root/Documents/log.sh)
Nov 19 21:03:01 webserver CROND[4821]: (root) CMD (bash /root/Documents/log.sh)
Nov 19 21:04:01 webserver CROND[4827]: (root) CMD (bash /root/Documents/log.sh)
Nov 19 21:05:01 webserver CROND[4833]: (root) CMD (bash /root/Documents/log.sh)
Nov 19 21:06:01 webserver CROND[4838]: (root) CMD (bash /root/Documents/log.sh)
Nov 19 21:07:01 webserver CROND[4843]: (root) CMD (bash /root/Documents/log.sh)
Nov 19 21:08:01 webserver CROND[4849]: (root) CMD (bash /root/Documents/log.sh)
Nov 19 21:09:01 webserver CROND[4855]: (root) CMD (bash /root/Documents/log.sh)
Nov 19 21:10:01 webserver CROND[4860]: (root) CMD (bash /root/Documents/log.sh)
Nov 19 21:11:01 webserver CROND[4865]: (root) CMD (bash /root/Documents/log.sh)
Nov 19 21:12:01 webserver CROND[4870]: (root) CMD (bash /root/Documents/log.sh)
Nov 19 21:13:01 webserver CROND[4876]: (root) CMD (bash /root/Documents/log.sh)
Nov 19 21:14:01 webserver CROND[4882]: (root) CMD (bash /root/Documents/log.sh)
Nov 19 21:15:01 webserver CROND[4888]: (root) CMD (bash /root/Documents/log.sh)
Nov 19 21:16:01 webserver CROND[4893]: (root) CMD (bash /root/Documents/log.sh)
Nov 19 21:17:02 webserver CROND[4898]: (root) CMD (bash /root/Documents/log.sh)
Nov 19 21:18:01 webserver CROND[4905]: (root) CMD (bash /root/Documents/log.sh)
Nov 19 21:19:01 webserver CROND[4915]: (root) CMD (bash /root/Documents/log.sh)
Nov 19 21:20:01 webserver CROND[4920]: (root) CMD (bash /root/Documents/log.sh)
Nov 19 21:21:01 webserver CROND[4925]: (root) CMD (bash /root/Documents/log.sh)
Nov 19 21:22:01 webserver CROND[4930]: (root) CMD (bash /root/Documents/log.sh)
Nov 19 21:23:01 webserver CROND[4936]: (root) CMD (bash /root/Documents/log.sh)
Nov 19 21:24:01 webserver CROND[4942]: (root) CMD (bash /root/Documents/log.sh)
Nov 19 21:25:01 webserver CROND[4948]: (root) CMD (bash /root/Documents/log.sh)
Nov 19 21:26:01 webserver CROND[4953]: (root) CMD (bash /root/Documents/log.sh)
Nov 19 21:27:01 webserver CROND[4958]: (root) CMD (bash /root/Documents/log.sh)
Nov 19 21:28:01 webserver CROND[4964]: (root) CMD (bash /root/Documents/log.sh)
Nov 19 21:29:01 webserver CROND[4971]: (root) CMD (bash /root/Documents/log.sh)
Nov 19 21:29:01 localhost CROND[1139]: (root) CMD ("/root/Downloads/back.sh")
Nov 19 21:30:01 webserver CROND[4976]: (root) CMD (bash /root/Documents/log.sh)
Nov 19 21:30:01 localhost CROND[1187]: (root) CMD ("/root/Downloads/sn.sh")
Nov 19 21:30:04 localhost CROND[1185]: (root) CMDOUT (Spawning daemon child...)
Nov 19 21:30:04 localhost CROND[1185]: (root) CMDOUT (My daemon child 1201 lives...)
Nov 19 21:30:04 localhost CROND[1185]: (root) CMDOUT (Daemon parent exiting (0))
Nov 19 21:31:01 webserver CROND[4981]: (root) CMD (bash /root/Documents/log.sh)
Nov 19 21:32:01 webserver CROND[4987]: (root) CMD (bash /root/Documents/log.sh)
Nov 19 21:33:01 webserver CROND[4992]: (root) CMD (bash /root/Documents/log.sh)
Nov 19 21:34:01 webserver CROND[5000]: (root) CMD (bash /root/Documents/log.sh)
Nov 19 21:35:01 webserver CROND[5009]: (root) CMD (bash /root/Documents/log.sh)
Nov 19 21:36:01 webserver CROND[5014]: (root) CMD (bash /root/Documents/log.sh)
Nov 19 21:37:01 webserver CROND[5021]: (root) CMD (bash /root/Documents/log.sh)
Nov 19 21:38:02 webserver CROND[5026]: (root) CMD (bash /root/Documents/log.sh)
Nov 19 21:39:01 webserver CROND[5033]: (root) CMD (bash /root/Documents/log.sh)
Nov 19 21:40:01 webserver CROND[5038]: (root) CMD (bash /root/Documents/log.sh)
Nov 19 21:41:01 webserver CROND[5044]: (root) CMD (bash /root/Documents/log.sh)
Nov 19 21:42:01 webserver CROND[5050]: (root) CMD (bash /root/Documents/log.sh)
Nov 19 21:43:01 webserver CROND[5055]: (root) CMD (bash /root/Documents/log.sh)
Nov 19 21:44:01 webserver CROND[5065]: (root) CMD (bash /root/Documents/log.sh)
Nov 19 21:45:01 webserver CROND[5076]: (root) CMD (bash /root/Documents/log.sh)
Nov 19 21:46:01 webserver CROND[5081]: (root) CMD (bash /root/Documents/log.sh)
Nov 19 21:47:01 webserver CROND[5086]: (root) CMD (bash /root/Documents/log.sh)
Nov 19 21:48:01 webserver CROND[5091]: (root) CMD (bash /root/Documents/log.sh)
Nov 19 21:49:01 webserver CROND[5097]: (root) CMD (bash /root/Documents/log.sh)
Nov 19 21:50:01 webserver CROND[5105]: (root) CMD (bash /root/Documents/log.sh)
Nov 19 21:51:01 webserver CROND[5110]: (root) CMD (bash /root/Documents/log.sh)
Nov 19 21:52:01 webserver CROND[5115]: (root) CMD (bash /root/Documents/log.sh)
Nov 19 21:53:01 webserver CROND[5120]: (root) CMD (bash /root/Documents/log.sh)
Nov 19 21:54:01 webserver CROND[5126]: (root) CMD (bash /root/Documents/log.sh)
Nov 19 21:55:01 webserver CROND[5133]: (root) CMD (bash /root/Documents/log.sh)
Nov 19 21:56:01 webserver CROND[5139]: (root) CMD (bash /root/Documents/log.sh)
Nov 19 21:57:01 webserver CROND[5144]: (root) CMD (bash /root/Documents/log.sh)
Nov 19 21:58:01 webserver CROND[5150]: (root) CMD (bash /root/Documents/log.sh)
Nov 19 21:59:02 webserver CROND[5156]: (root) CMD (bash /root/Documents/log.sh)
Nov 19 22:00:01 webserver CROND[5162]: (root) CMD (bash /root/Documents/log.sh)
Nov 19 22:01:01 webserver CROND[5169]: (root) CMD (bash /root/Documents/log.sh)
Nov 19 22:01:01 webserver CROND[5170]: (root) CMD (run-parts /etc/cron.hourly)
Nov 19 22:01:01 localhost CROND[2658]: (root) CMD (run-parts /etc/cron.hourly)
Nov 19 22:02:01 webserver CROND[5191]: (root) CMD (bash /root/Documents/log.sh)
Nov 19 22:03:01 webserver CROND[5196]: (root) CMD (bash /root/Documents/log.sh)
Nov 19 22:04:01 webserver CROND[5202]: (root) CMD (bash /root/Documents/log.sh)
Nov 19 22:05:01 webserver CROND[5209]: (root) CMD (bash /root/Documents/log.sh)
Nov 19 22:06:01 webserver CROND[5214]: (root) CMD (bash /root/Documents/log.sh)
Nov 19 22:07:01 webserver CROND[5219]: (root) CMD (bash /root/Documents/log.sh)
Nov 19 22:08:01 webserver CROND[5224]: (root) CMD (bash /root/Documents/log.sh)
Nov 19 22:09:01 webserver CROND[5230]: (root) CMD (bash /root/Documents/log.sh)
Nov 19 22:10:01 webserver CROND[5235]: (root) CMD (bash /root/Documents/log.sh)
Nov 19 22:11:01 webserver CROND[5241]: (root) CMD (bash /root/Documents/log.sh)
Nov 19 22:12:01 webserver CROND[5246]: (root) CMD (bash /root/Documents/log.sh)
Nov 19 22:13:01 webserver CROND[5251]: (root) CMD (bash /root/Documents/log.sh)
Nov 19 22:14:01 webserver CROND[5257]: (root) CMD (bash /root/Documents/log.sh)
Nov 19 22:15:01 webserver CROND[5263]: (root) CMD (bash /root/Documents/log.sh)
Nov 19 22:16:01 webserver CROND[5269]: (root) CMD (bash /root/Documents/log.sh)
Nov 19 22:17:01 webserver CROND[5275]: (root) CMD (bash /root/Documents/log.sh)
Nov 19 22:18:01 webserver CROND[5280]: (root) CMD (bash /root/Documents/log.sh)
Nov 19 22:19:02 webserver CROND[5286]: (root) CMD (bash /root/Documents/log.sh)
Nov 19 22:20:01 webserver CROND[5291]: (root) CMD (bash /root/Documents/log.sh)
Nov 19 22:21:01 webserver CROND[5297]: (root) CMD (bash /root/Documents/log.sh)
Nov 19 22:22:01 webserver CROND[5302]: (root) CMD (bash /root/Documents/log.sh)
Nov 19 22:23:01 webserver CROND[5307]: (root) CMD (bash /root/Documents/log.sh)
Nov 19 22:24:01 webserver CROND[5313]: (root) CMD (bash /root/Documents/log.sh)
Nov 19 22:25:01 webserver CROND[5320]: (root) CMD (bash /root/Documents/log.sh)
Nov 19 22:26:01 webserver CROND[5326]: (root) CMD (bash /root/Documents/log.sh)
Nov 19 22:27:01 webserver CROND[5331]: (root) CMD (bash /root/Documents/log.sh)
Nov 19 22:28:01 webserver CROND[5336]: (root) CMD (bash /root/Documents/log.sh)
Nov 19 22:29:01 webserver CROND[5342]: (root) CMD (bash /root/Documents/log.sh)
Nov 19 22:30:01 webserver CROND[5347]: (root) CMD (bash /root/Documents/log.sh)
Nov 19 22:31:01 webserver CROND[5352]: (root) CMD (bash /root/Documents/log.sh)
Nov 19 22:32:01 webserver CROND[5358]: (root) CMD (bash /root/Documents/log.sh)
Nov 19 22:33:01 webserver CROND[5363]: (root) CMD (bash /root/Documents/log.sh)
Nov 19 22:34:01 webserver CROND[5369]: (root) CMD (bash /root/Documents/log.sh)
Nov 19 22:35:01 webserver CROND[5375]: (root) CMD (bash /root/Documents/log.sh)
Nov 19 22:36:01 webserver CROND[5381]: (root) CMD (bash /root/Documents/log.sh)
Nov 19 22:37:01 webserver CROND[5387]: (root) CMD (bash /root/Documents/log.sh)
Nov 19 22:38:01 webserver CROND[5392]: (root) CMD (bash /root/Documents/log.sh)
Nov 19 22:39:01 webserver CROND[5398]: (root) CMD (bash /root/Documents/log.sh)
Nov 19 22:40:02 webserver CROND[5403]: (root) CMD (bash /root/Documents/log.sh)
Nov 19 22:41:01 webserver CROND[5408]: (root) CMD (bash /root/Documents/log.sh)
Nov 19 22:42:01 webserver CROND[5414]: (root) CMD (bash /root/Documents/log.sh)
Nov 19 22:43:01 webserver CROND[5420]: (root) CMD (bash /root/Documents/log.sh)
Nov 19 22:44:01 webserver CROND[5430]: (root) CMD (bash /root/Documents/log.sh)
Nov 19 22:45:01 webserver CROND[5441]: (root) CMD (bash /root/Documents/log.sh)
Nov 19 22:46:01 webserver CROND[5446]: (root) CMD (bash /root/Documents/log.sh)
Nov 19 22:47:01 webserver CROND[5452]: (root) CMD (bash /root/Documents/log.sh)
Nov 19 22:48:01 webserver CROND[5457]: (root) CMD (bash /root/Documents/log.sh)
Nov 19 22:49:01 webserver CROND[5463]: (root) CMD (bash /root/Documents/log.sh)
Nov 19 22:50:01 webserver CROND[5470]: (root) CMD (bash /root/Documents/log.sh)
Nov 19 22:51:01 webserver CROND[5475]: (root) CMD (bash /root/Documents/log.sh)
Nov 19 22:52:01 webserver CROND[5480]: (root) CMD (bash /root/Documents/log.sh)
Nov 19 22:53:01 webserver CROND[5486]: (root) CMD (bash /root/Documents/log.sh)
Nov 19 22:54:01 webserver CROND[5492]: (root) CMD (bash /root/Documents/log.sh)
Nov 19 22:55:01 webserver CROND[5498]: (root) CMD (bash /root/Documents/log.sh)
Nov 19 22:56:01 webserver CROND[5503]: (root) CMD (bash /root/Documents/log.sh)
Nov 19 22:57:01 webserver CROND[5508]: (root) CMD (bash /root/Documents/log.sh)
Nov 19 22:58:01 webserver CROND[5515]: (root) CMD (bash /root/Documents/log.sh)
Nov 19 22:59:01 webserver CROND[5521]: (root) CMD (bash /root/Documents/log.sh)
Nov 19 23:00:01 webserver CROND[5526]: (root) CMD (bash /root/Documents/log.sh)
Nov 19 23:01:01 localhost CROND[5339]: (root) CMD (run-parts /etc/cron.hourly)
Nov 19 23:01:02 webserver CROND[5533]: (root) CMD (run-parts /etc/cron.hourly)
Nov 19 23:01:02 webserver CROND[5535]: (root) CMD (bash /root/Documents/log.sh)
Nov 19 23:02:01 webserver CROND[5555]: (root) CMD (bash /root/Documents/log.sh)
Nov 19 23:03:01 webserver CROND[5561]: (root) CMD (bash /root/Documents/log.sh)
Nov 19 23:04:01 webserver CROND[5567]: (root) CMD (bash /root/Documents/log.sh)
Nov 19 23:05:01 webserver CROND[5573]: (root) CMD (bash /root/Documents/log.sh)
Nov 19 23:06:01 webserver CROND[5578]: (root) CMD (bash /root/Documents/log.sh)
Nov 19 23:07:01 webserver CROND[5583]: (root) CMD (bash /root/Documents/log.sh)
Nov 19 23:08:01 webserver CROND[5589]: (root) CMD (bash /root/Documents/log.sh)
Nov 19 23:09:01 webserver CROND[5595]: (root) CMD (bash /root/Documents/log.sh)
Nov 19 23:10:01 webserver CROND[5600]: (root) CMD (bash /root/Documents/log.sh)
Nov 19 23:11:01 webserver CROND[5605]: (root) CMD (bash /root/Documents/log.sh)
Nov 19 23:12:01 webserver CROND[5610]: (root) CMD (bash /root/Documents/log.sh)
Nov 19 23:13:01 webserver CROND[5615]: (root) CMD (bash /root/Documents/log.sh)
Nov 19 23:14:01 webserver CROND[5622]: (root) CMD (bash /root/Documents/log.sh)
Nov 19 23:15:01 webserver CROND[5628]: (root) CMD (bash /root/Documents/log.sh)
Nov 19 23:16:01 webserver CROND[5633]: (root) CMD (bash /root/Documents/log.sh)
Nov 19 23:17:01 webserver CROND[5638]: (root) CMD (bash /root/Documents/log.sh)
Nov 19 23:18:01 webserver CROND[5643]: (root) CMD (bash /root/Documents/log.sh)
Nov 19 23:19:01 webserver CROND[5650]: (root) CMD (bash /root/Documents/log.sh)
Nov 19 23:20:01 webserver CROND[5655]: (root) CMD (bash /root/Documents/log.sh)
Nov 19 23:21:02 webserver CROND[5660]: (root) CMD (bash /root/Documents/log.sh)
Nov 19 23:22:01 webserver CROND[5665]: (root) CMD (bash /root/Documents/log.sh)
Nov 19 23:23:01 webserver CROND[5670]: (root) CMD (bash /root/Documents/log.sh)
Nov 19 23:24:01 webserver CROND[5676]: (root) CMD (bash /root/Documents/log.sh)
Nov 19 23:25:01 webserver CROND[5683]: (root) CMD (bash /root/Documents/log.sh)
Nov 19 23:26:01 webserver CROND[5688]: (root) CMD (bash /root/Documents/log.sh)
Nov 19 23:27:01 webserver CROND[5693]: (root) CMD (bash /root/Documents/log.sh)
Nov 19 23:28:01 webserver CROND[5699]: (root) CMD (bash /root/Documents/log.sh)
Nov 19 23:29:01 webserver CROND[5705]: (root) CMD (bash /root/Documents/log.sh)
Nov 19 23:30:01 webserver CROND[5711]: (root) CMD (bash /root/Documents/log.sh)
Nov 19 23:31:01 webserver CROND[5716]: (root) CMD (bash /root/Documents/log.sh)
Nov 19 23:32:01 webserver CROND[5721]: (root) CMD (bash /root/Documents/log.sh)
Nov 19 23:33:01 webserver CROND[5726]: (root) CMD (bash /root/Documents/log.sh)
Nov 19 23:34:01 webserver CROND[5731]: (root) CMD (bash /root/Documents/log.sh)
Nov 19 23:35:01 webserver CROND[5740]: (root) CMD (bash /root/Documents/log.sh)
Nov 19 23:36:01 webserver CROND[5745]: (root) CMD (bash /root/Documents/log.sh)
Nov 19 23:37:01 webserver CROND[5750]: (root) CMD (bash /root/Documents/log.sh)
Nov 19 23:38:01 webserver CROND[5755]: (root) CMD (bash /root/Documents/log.sh)
Nov 19 23:39:01 webserver CROND[5760]: (root) CMD (bash /root/Documents/log.sh)
Nov 19 23:40:01 webserver CROND[5767]: (root) CMD (bash /root/Documents/log.sh)
Nov 19 23:41:01 webserver CROND[5773]: (root) CMD (bash /root/Documents/log.sh)
Nov 19 23:42:02 webserver CROND[5778]: (root) CMD (bash /root/Documents/log.sh)
Nov 19 23:43:01 webserver CROND[5783]: (root) CMD (bash /root/Documents/log.sh)
Nov 19 23:44:01 webserver CROND[5791]: (root) CMD (bash /root/Documents/log.sh)
Nov 19 23:45:01 webserver CROND[5804]: (root) CMD (bash /root/Documents/log.sh)
Nov 19 23:46:01 webserver CROND[5809]: (root) CMD (bash /root/Documents/log.sh)
Nov 19 23:47:01 webserver CROND[5814]: (root) CMD (bash /root/Documents/log.sh)
Nov 19 23:48:01 webserver CROND[5819]: (root) CMD (bash /root/Documents/log.sh)
Nov 19 23:49:01 webserver CROND[5825]: (root) CMD (bash /root/Documents/log.sh)
Nov 19 23:50:01 webserver CROND[5833]: (root) CMD (bash /root/Documents/log.sh)
Nov 19 23:51:01 webserver CROND[5838]: (root) CMD (bash /root/Documents/log.sh)
Nov 19 23:52:01 webserver CROND[5843]: (root) CMD (bash /root/Documents/log.sh)
Nov 19 23:53:01 webserver CROND[5848]: (root) CMD (bash /root/Documents/log.sh)
Nov 19 23:54:01 webserver CROND[5853]: (root) CMD (bash /root/Documents/log.sh)
Nov 19 23:55:01 webserver CROND[5860]: (root) CMD (bash /root/Documents/log.sh)
Nov 19 23:56:01 webserver CROND[5866]: (root) CMD (bash /root/Documents/log.sh)
Nov 19 23:57:01 webserver CROND[5871]: (root) CMD (bash /root/Documents/log.sh)
Nov 19 23:58:01 webserver CROND[5876]: (root) CMD (bash /root/Documents/log.sh)
Nov 19 23:59:01 webserver CROND[5881]: (root) CMD (bash /root/Documents/log.sh)
