Nov 19 00:01:01 webserver run-parts(/etc/cron.hourly)[2936 starting 0anacron
Nov 19 00:01:01 webserver run-parts(/etc/cron.hourly)[2938 finished 0anacron
Nov 19 00:01:01 webserver run-parts(/etc/cron.hourly)[2936 starting mcelog.cron
Nov 19 00:01:01 webserver run-parts(/etc/cron.hourly)[2938 finished mcelog.cron
Nov 19 00:01:01 localhost run-parts(/etc/cron.hourly)[1840 starting 0anacron
Nov 19 00:01:01 localhost run-parts(/etc/cron.hourly)[1841 finished 0anacron
Nov 19 00:01:01 localhost run-parts(/etc/cron.hourly)[1840 starting mcelog.cron
Nov 19 00:01:01 localhost run-parts(/etc/cron.hourly)[1842 finished mcelog.cron
Nov 19 01:01:01 webserver run-parts(/etc/cron.hourly)[2973 starting 0anacron
Nov 19 01:01:01 webserver run-parts(/etc/cron.hourly)[2974 finished 0anacron
Nov 19 01:01:01 webserver run-parts(/etc/cron.hourly)[2973 starting mcelog.cron
Nov 19 01:01:01 webserver run-parts(/etc/cron.hourly)[2975 finished mcelog.cron
Nov 19 01:01:01 localhost run-parts(/etc/cron.hourly)[2140 starting 0anacron
Nov 19 01:01:01 localhost run-parts(/etc/cron.hourly)[2141 finished 0anacron
Nov 19 01:01:01 localhost run-parts(/etc/cron.hourly)[2140 starting mcelog.cron
Nov 19 01:01:01 localhost run-parts(/etc/cron.hourly)[2142 finished mcelog.cron
Nov 19 02:01:01 webserver run-parts(/etc/cron.hourly)[3010 starting 0anacron
Nov 19 02:01:01 webserver run-parts(/etc/cron.hourly)[3011 finished 0anacron
Nov 19 02:01:01 webserver run-parts(/etc/cron.hourly)[3010 starting mcelog.cron
Nov 19 02:01:01 webserver run-parts(/etc/cron.hourly)[3012 finished mcelog.cron
Nov 19 02:01:02 localhost run-parts(/etc/cron.hourly)[2382 starting 0anacron
Nov 19 02:01:02 localhost run-parts(/etc/cron.hourly)[2384 finished 0anacron
Nov 19 02:01:02 localhost run-parts(/etc/cron.hourly)[2382 starting mcelog.cron
Nov 19 02:01:02 localhost run-parts(/etc/cron.hourly)[2384 finished mcelog.cron
Nov 19 03:01:01 webserver run-parts(/etc/cron.hourly)[3046 starting 0anacron
Nov 19 03:01:01 webserver run-parts(/etc/cron.hourly)[3047 finished 0anacron
Nov 19 03:01:01 webserver run-parts(/etc/cron.hourly)[3046 starting mcelog.cron
Nov 19 03:01:01 webserver run-parts(/etc/cron.hourly)[3048 finished mcelog.cron
Nov 19 03:01:01 localhost run-parts(/etc/cron.hourly)[2486 starting 0anacron
Nov 19 03:01:01 localhost run-parts(/etc/cron.hourly)[2488 finished 0anacron
Nov 19 03:01:01 localhost run-parts(/etc/cron.hourly)[2486 starting mcelog.cron
Nov 19 03:01:01 localhost run-parts(/etc/cron.hourly)[2488 finished mcelog.cron
Nov 19 03:10:01 localhost run-parts(/etc/cron.daily)[24889 starting logrotate
Nov 19 03:10:04 localhost run-parts(/etc/cron.daily)[24931 finished logrotate
Nov 19 03:10:04 localhost run-parts(/etc/cron.daily)[24889 starting man-db.cron
Nov 19 03:10:06 localhost run-parts(/etc/cron.daily)[24942 finished man-db.cron
Nov 19 03:10:06 localhost run-parts(/etc/cron.daily)[24889 starting mlocate
Nov 19 03:10:06 localhost run-parts(/etc/cron.daily)[24953 finished mlocate
Nov 19 15:01:01 localhost run-parts(/etc/cron.hourly)[2592 starting 0anacron
Nov 19 15:01:01 localhost run-parts(/etc/cron.hourly)[2593 finished 0anacron
Nov 19 15:01:01 localhost run-parts(/etc/cron.hourly)[2592 starting mcelog.cron
Nov 19 15:01:01 localhost run-parts(/etc/cron.hourly)[2593 finished mcelog.cron
Nov 19 15:01:01 webserver run-parts(/etc/cron.hourly)[2607 starting 0anacron
Nov 19 15:01:01 webserver run-parts(/etc/cron.hourly)[2617 finished 0anacron
Nov 19 15:01:01 webserver run-parts(/etc/cron.hourly)[2607 starting mcelog.cron
Nov 19 15:01:01 webserver run-parts(/etc/cron.hourly)[2623 finished mcelog.cron
Nov 19 16:01:01 localhost run-parts(/etc/cron.hourly)[2711 starting 0anacron
Nov 19 16:01:01 localhost run-parts(/etc/cron.hourly)[2712 finished 0anacron
Nov 19 16:01:01 localhost run-parts(/etc/cron.hourly)[2711 starting mcelog.cron
Nov 19 16:01:01 localhost run-parts(/etc/cron.hourly)[2712 finished mcelog.cron
Nov 19 16:01:01 webserver run-parts(/etc/cron.hourly)[2978 starting 0anacron
Nov 19 16:01:01 webserver run-parts(/etc/cron.hourly)[2990 finished 0anacron
Nov 19 16:01:01 webserver run-parts(/etc/cron.hourly)[2978 starting mcelog.cron
Nov 19 16:01:01 webserver run-parts(/etc/cron.hourly)[2996 finished mcelog.cron
Nov 19 17:01:01 webserver run-parts(/etc/cron.hourly)[3344 starting 0anacron
Nov 19 17:01:01 webserver run-parts(/etc/cron.hourly)[3354 finished 0anacron
Nov 19 17:01:01 webserver run-parts(/etc/cron.hourly)[3344 starting mcelog.cron
Nov 19 17:01:01 localhost run-parts(/etc/cron.hourly)[2744 starting 0anacron
Nov 19 17:01:01 localhost run-parts(/etc/cron.hourly)[2745 finished 0anacron
Nov 19 17:01:01 webserver run-parts(/etc/cron.hourly)[3360 finished mcelog.cron
Nov 19 17:01:01 localhost run-parts(/etc/cron.hourly)[2744 starting mcelog.cron
Nov 19 17:01:01 localhost run-parts(/etc/cron.hourly)[2745 finished mcelog.cron
Nov 19 18:01:01 webserver run-parts(/etc/cron.hourly)[3703 starting 0anacron
Nov 19 18:01:01 webserver run-parts(/etc/cron.hourly)[3714 finished 0anacron
Nov 19 18:01:01 webserver run-parts(/etc/cron.hourly)[3703 starting mcelog.cron
Nov 19 18:01:01 webserver run-parts(/etc/cron.hourly)[3720 finished mcelog.cron
Nov 19 18:01:01 localhost run-parts(/etc/cron.hourly)[2755 starting 0anacron
Nov 19 18:01:01 localhost run-parts(/etc/cron.hourly)[2756 finished 0anacron
Nov 19 18:01:01 localhost run-parts(/etc/cron.hourly)[2755 starting mcelog.cron
Nov 19 18:01:01 localhost run-parts(/etc/cron.hourly)[2756 finished mcelog.cron
Nov 19 19:01:01 webserver run-parts(/etc/cron.hourly)[4064 starting 0anacron
Nov 19 19:01:01 webserver run-parts(/etc/cron.hourly)[4076 finished 0anacron
Nov 19 19:01:01 webserver run-parts(/etc/cron.hourly)[4064 starting mcelog.cron
Nov 19 19:01:01 webserver run-parts(/etc/cron.hourly)[4082 finished mcelog.cron
Nov 19 19:01:01 localhost run-parts(/etc/cron.hourly)[2800 starting 0anacron
Nov 19 19:01:01 localhost run-parts(/etc/cron.hourly)[2801 finished 0anacron
Nov 19 19:01:01 localhost run-parts(/etc/cron.hourly)[2800 starting mcelog.cron
Nov 19 19:01:01 localhost run-parts(/etc/cron.hourly)[2802 finished mcelog.cron
Nov 19 20:01:01 webserver run-parts(/etc/cron.hourly)[4433 starting 0anacron
Nov 19 20:01:01 webserver run-parts(/etc/cron.hourly)[4445 finished 0anacron
Nov 19 20:01:01 webserver run-parts(/etc/cron.hourly)[4433 starting mcelog.cron
Nov 19 20:01:01 webserver run-parts(/etc/cron.hourly)[4451 finished mcelog.cron
Nov 19 20:01:01 localhost run-parts(/etc/cron.hourly)[2945 starting 0anacron
Nov 19 20:01:01 localhost run-parts(/etc/cron.hourly)[2945 finished 0anacron
Nov 19 20:01:01 localhost run-parts(/etc/cron.hourly)[2945 starting mcelog.cron
Nov 19 20:01:01 localhost run-parts(/etc/cron.hourly)[2946 finished mcelog.cron
Nov 19 21:01:01 webserver run-parts(/etc/cron.hourly)[4794 starting 0anacron
Nov 19 21:01:01 webserver run-parts(/etc/cron.hourly)[4805 finished 0anacron
Nov 19 21:01:01 webserver run-parts(/etc/cron.hourly)[4794 starting mcelog.cron
Nov 19 21:01:01 webserver run-parts(/etc/cron.hourly)[4811 finished mcelog.cron
Nov 19 21:01:01 localhost run-parts(/etc/cron.hourly)[3233 starting 0anacron
Nov 19 21:01:01 localhost run-parts(/etc/cron.hourly)[3234 finished 0anacron
Nov 19 21:01:01 localhost run-parts(/etc/cron.hourly)[3233 starting mcelog.cron
Nov 19 21:01:01 localhost run-parts(/etc/cron.hourly)[3235 finished mcelog.cron
Nov 19 22:01:01 webserver run-parts(/etc/cron.hourly)[5170 starting 0anacron
Nov 19 22:01:01 webserver run-parts(/etc/cron.hourly)[5181 finished 0anacron
Nov 19 22:01:01 webserver run-parts(/etc/cron.hourly)[5170 starting mcelog.cron
Nov 19 22:01:01 webserver run-parts(/etc/cron.hourly)[5187 finished mcelog.cron
Nov 19 22:01:01 localhost run-parts(/etc/cron.hourly)[2658 starting 0anacron
Nov 19 22:01:01 localhost run-parts(/etc/cron.hourly)[2667 finished 0anacron
Nov 19 22:01:01 localhost run-parts(/etc/cron.hourly)[2658 starting mcelog.cron
Nov 19 22:01:01 localhost run-parts(/etc/cron.hourly)[2673 finished mcelog.cron
Nov 19 23:01:01 localhost run-parts(/etc/cron.hourly)[5339 starting 0anacron
Nov 19 23:01:01 localhost run-parts(/etc/cron.hourly)[5348 finished 0anacron
Nov 19 23:01:01 localhost run-parts(/etc/cron.hourly)[5339 starting mcelog.cron
Nov 19 23:01:01 localhost run-parts(/etc/cron.hourly)[5354 finished mcelog.cron
Nov 19 23:01:02 webserver run-parts(/etc/cron.hourly)[5533 starting 0anacron
Nov 19 23:01:02 webserver run-parts(/etc/cron.hourly)[5545 finished 0anacron
Nov 19 23:01:02 webserver run-parts(/etc/cron.hourly)[5533 starting mcelog.cron
Nov 19 23:01:02 webserver run-parts(/etc/cron.hourly)[5551 finished mcelog.cron
