Nov 14 00:01:01 localhost run-parts(/etc/cron.hourly)[6331 starting 0anacron
Nov 14 00:01:01 localhost run-parts(/etc/cron.hourly)[6343 finished 0anacron
Nov 14 00:01:01 localhost run-parts(/etc/cron.hourly)[6331 starting mcelog.cron
Nov 14 00:01:01 localhost run-parts(/etc/cron.hourly)[6349 finished mcelog.cron
Nov 14 00:01:01 webserver run-parts(/etc/cron.hourly)[1762 starting 0anacron
Nov 14 00:01:01 webserver run-parts(/etc/cron.hourly)[1763 finished 0anacron
Nov 14 00:01:01 webserver run-parts(/etc/cron.hourly)[1762 starting mcelog.cron
Nov 14 00:01:01 webserver run-parts(/etc/cron.hourly)[1764 finished mcelog.cron
Nov 14 01:01:01 localhost run-parts(/etc/cron.hourly)[6681 starting 0anacron
Nov 14 01:01:01 localhost run-parts(/etc/cron.hourly)[6693 finished 0anacron
Nov 14 01:01:01 localhost run-parts(/etc/cron.hourly)[6681 starting mcelog.cron
Nov 14 01:01:01 localhost run-parts(/etc/cron.hourly)[6699 finished mcelog.cron
Nov 14 01:01:01 webserver run-parts(/etc/cron.hourly)[1799 starting 0anacron
Nov 14 01:01:01 webserver run-parts(/etc/cron.hourly)[1800 finished 0anacron
Nov 14 01:01:01 webserver run-parts(/etc/cron.hourly)[1799 starting mcelog.cron
Nov 14 01:01:01 webserver run-parts(/etc/cron.hourly)[1800 finished mcelog.cron
Nov 14 02:01:01 localhost run-parts(/etc/cron.hourly)[7176 starting 0anacron
Nov 14 02:01:01 localhost run-parts(/etc/cron.hourly)[7188 finished 0anacron
Nov 14 02:01:01 localhost run-parts(/etc/cron.hourly)[7176 starting mcelog.cron
Nov 14 02:01:01 localhost run-parts(/etc/cron.hourly)[7194 finished mcelog.cron
Nov 14 02:01:01 webserver run-parts(/etc/cron.hourly)[1835 starting 0anacron
Nov 14 02:01:01 webserver run-parts(/etc/cron.hourly)[1836 finished 0anacron
Nov 14 02:01:01 webserver run-parts(/etc/cron.hourly)[1835 starting mcelog.cron
Nov 14 02:01:01 webserver run-parts(/etc/cron.hourly)[1836 finished mcelog.cron
Nov 14 03:01:01 localhost run-parts(/etc/cron.hourly)[7509 starting 0anacron
Nov 14 03:01:01 localhost run-parts(/etc/cron.hourly)[7521 finished 0anacron
Nov 14 03:01:01 localhost run-parts(/etc/cron.hourly)[7509 starting mcelog.cron
Nov 14 03:01:01 localhost run-parts(/etc/cron.hourly)[7527 finished mcelog.cron
Nov 14 03:01:01 webserver run-parts(/etc/cron.hourly)[1871 starting 0anacron
Nov 14 03:01:01 webserver run-parts(/etc/cron.hourly)[1873 finished 0anacron
Nov 14 03:01:01 webserver run-parts(/etc/cron.hourly)[1871 starting mcelog.cron
Nov 14 03:01:01 webserver run-parts(/etc/cron.hourly)[1873 finished mcelog.cron
Nov 14 03:14:01 localhost run-parts(/etc/cron.daily)[7529] starting logrotate
Nov 14 03:14:05 localhost run-parts(/etc/cron.daily)[7573] finished logrotate
Nov 14 03:14:05 localhost run-parts(/etc/cron.daily)[7529] starting man-db.cron
Nov 14 03:14:07 localhost run-parts(/etc/cron.daily)[7584] finished man-db.cron
Nov 14 03:14:07 localhost run-parts(/etc/cron.daily)[7529] starting mlocate
Nov 14 03:14:08 localhost run-parts(/etc/cron.daily)[7595] finished mlocate
Nov 14 03:20:01 webserver run-parts(/etc/cron.daily)[18843 starting logrotate
Nov 14 03:20:02 webserver run-parts(/etc/cron.daily)[18851 finished logrotate
Nov 14 03:20:02 webserver run-parts(/etc/cron.daily)[18843 starting man-db.cron
Nov 14 03:20:06 webserver run-parts(/etc/cron.daily)[18862 finished man-db.cron
Nov 14 03:20:06 webserver run-parts(/etc/cron.daily)[18843 starting mlocate
Nov 14 03:20:10 webserver run-parts(/etc/cron.daily)[18873 finished mlocate
Nov 14 04:01:01 localhost run-parts(/etc/cron.hourly)[7641 starting 0anacron
Nov 14 04:01:01 localhost run-parts(/etc/cron.hourly)[7650 finished 0anacron
Nov 14 04:01:01 localhost run-parts(/etc/cron.hourly)[7641 starting mcelog.cron
Nov 14 04:01:01 localhost run-parts(/etc/cron.hourly)[7656 finished mcelog.cron
Nov 14 04:01:01 webserver run-parts(/etc/cron.hourly)[1911 starting 0anacron
Nov 14 04:01:01 webserver run-parts(/etc/cron.hourly)[1912 finished 0anacron
Nov 14 04:01:01 webserver run-parts(/etc/cron.hourly)[1911 starting mcelog.cron
Nov 14 04:01:01 webserver run-parts(/etc/cron.hourly)[1912 finished mcelog.cron
Nov 14 05:01:01 localhost run-parts(/etc/cron.hourly)[8209 starting 0anacron
Nov 14 05:01:01 localhost run-parts(/etc/cron.hourly)[8218 finished 0anacron
Nov 14 05:01:01 localhost run-parts(/etc/cron.hourly)[8209 starting mcelog.cron
Nov 14 05:01:01 localhost run-parts(/etc/cron.hourly)[8224 finished mcelog.cron
Nov 14 05:01:01 webserver run-parts(/etc/cron.hourly)[1947 starting 0anacron
Nov 14 05:01:01 webserver run-parts(/etc/cron.hourly)[1948 finished 0anacron
Nov 14 05:01:01 webserver run-parts(/etc/cron.hourly)[1947 starting mcelog.cron
Nov 14 05:01:01 webserver run-parts(/etc/cron.hourly)[1949 finished mcelog.cron
Nov 14 06:01:01 webserver run-parts(/etc/cron.hourly)[1983 starting 0anacron
Nov 14 06:01:01 localhost run-parts(/etc/cron.hourly)[8239 starting 0anacron
Nov 14 06:01:01 webserver run-parts(/etc/cron.hourly)[1984 finished 0anacron
Nov 14 06:01:01 localhost run-parts(/etc/cron.hourly)[8248 finished 0anacron
Nov 14 06:01:01 webserver run-parts(/etc/cron.hourly)[1983 starting mcelog.cron
Nov 14 06:01:01 localhost run-parts(/etc/cron.hourly)[8239 starting mcelog.cron
Nov 14 06:01:01 localhost run-parts(/etc/cron.hourly)[8254 finished mcelog.cron
Nov 14 06:01:01 webserver run-parts(/etc/cron.hourly)[1985 finished mcelog.cron
Nov 14 07:01:01 localhost run-parts(/etc/cron.hourly)[8292 starting 0anacron
Nov 14 07:01:01 localhost run-parts(/etc/cron.hourly)[8301 finished 0anacron
Nov 14 07:01:01 localhost run-parts(/etc/cron.hourly)[8292 starting mcelog.cron
Nov 14 07:01:01 localhost run-parts(/etc/cron.hourly)[8307 finished mcelog.cron
Nov 14 07:01:01 webserver run-parts(/etc/cron.hourly)[2021 starting 0anacron
Nov 14 07:01:01 webserver run-parts(/etc/cron.hourly)[2022 finished 0anacron
Nov 14 07:01:02 webserver run-parts(/etc/cron.hourly)[2021 starting mcelog.cron
Nov 14 07:01:02 webserver run-parts(/etc/cron.hourly)[2022 finished mcelog.cron
Nov 14 08:01:01 webserver run-parts(/etc/cron.hourly)[2057 starting 0anacron
Nov 14 08:01:01 webserver run-parts(/etc/cron.hourly)[2058 finished 0anacron
Nov 14 08:01:01 webserver run-parts(/etc/cron.hourly)[2057 starting mcelog.cron
Nov 14 08:01:01 localhost run-parts(/etc/cron.hourly)[8917 starting 0anacron
Nov 14 08:01:01 localhost run-parts(/etc/cron.hourly)[8926 finished 0anacron
Nov 14 08:01:01 localhost run-parts(/etc/cron.hourly)[8917 starting mcelog.cron
Nov 14 08:01:01 localhost run-parts(/etc/cron.hourly)[8932 finished mcelog.cron
Nov 14 08:01:01 webserver run-parts(/etc/cron.hourly)[2058 finished mcelog.cron
Nov 14 09:01:01 webserver run-parts(/etc/cron.hourly)[2093 starting 0anacron
Nov 14 09:01:01 webserver run-parts(/etc/cron.hourly)[2094 finished 0anacron
Nov 14 09:01:01 webserver run-parts(/etc/cron.hourly)[2093 starting mcelog.cron
Nov 14 09:01:01 webserver run-parts(/etc/cron.hourly)[2095 finished mcelog.cron
Nov 14 09:01:01 localhost run-parts(/etc/cron.hourly)[9208 starting 0anacron
Nov 14 09:01:01 localhost run-parts(/etc/cron.hourly)[9217 finished 0anacron
Nov 14 09:01:01 localhost run-parts(/etc/cron.hourly)[9208 starting mcelog.cron
Nov 14 09:01:01 localhost run-parts(/etc/cron.hourly)[9223 finished mcelog.cron
Nov 14 10:01:01 localhost run-parts(/etc/cron.hourly)[9373 starting 0anacron
Nov 14 10:01:01 localhost run-parts(/etc/cron.hourly)[9382 finished 0anacron
Nov 14 10:01:01 localhost run-parts(/etc/cron.hourly)[9373 starting mcelog.cron
Nov 14 10:01:01 localhost run-parts(/etc/cron.hourly)[9388 finished mcelog.cron
Nov 14 10:01:01 webserver run-parts(/etc/cron.hourly)[2130 starting 0anacron
Nov 14 10:01:01 webserver run-parts(/etc/cron.hourly)[2131 finished 0anacron
Nov 14 10:01:01 webserver run-parts(/etc/cron.hourly)[2130 starting mcelog.cron
Nov 14 10:01:01 webserver run-parts(/etc/cron.hourly)[2131 finished mcelog.cron
Nov 14 11:01:01 localhost run-parts(/etc/cron.hourly)[9429 starting 0anacron
Nov 14 11:01:01 localhost run-parts(/etc/cron.hourly)[9438 finished 0anacron
Nov 14 11:01:01 localhost run-parts(/etc/cron.hourly)[9429 starting mcelog.cron
Nov 14 11:01:01 localhost run-parts(/etc/cron.hourly)[9444 finished mcelog.cron
Nov 14 11:01:01 webserver run-parts(/etc/cron.hourly)[2166 starting 0anacron
Nov 14 11:01:01 webserver run-parts(/etc/cron.hourly)[2167 finished 0anacron
Nov 14 11:01:01 webserver run-parts(/etc/cron.hourly)[2166 starting mcelog.cron
Nov 14 11:01:01 webserver run-parts(/etc/cron.hourly)[2168 finished mcelog.cron
Nov 14 12:01:01 localhost run-parts(/etc/cron.hourly)[9506 starting 0anacron
Nov 14 12:01:01 localhost run-parts(/etc/cron.hourly)[9515 finished 0anacron
Nov 14 12:01:01 localhost run-parts(/etc/cron.hourly)[9506 starting mcelog.cron
Nov 14 12:01:01 localhost run-parts(/etc/cron.hourly)[9521 finished mcelog.cron
Nov 14 12:01:01 webserver run-parts(/etc/cron.hourly)[2202 starting 0anacron
Nov 14 12:01:01 webserver run-parts(/etc/cron.hourly)[2203 finished 0anacron
Nov 14 12:01:01 webserver run-parts(/etc/cron.hourly)[2202 starting mcelog.cron
Nov 14 12:01:01 webserver run-parts(/etc/cron.hourly)[2204 finished mcelog.cron
Nov 14 13:01:01 localhost run-parts(/etc/cron.hourly)[1022 starting 0anacron
Nov 14 13:01:01 localhost run-parts(/etc/cron.hourly)[1023 finished 0anacron
Nov 14 13:01:01 localhost run-parts(/etc/cron.hourly)[1022 starting mcelog.cron
Nov 14 13:01:01 localhost run-parts(/etc/cron.hourly)[1024 finished mcelog.cron
Nov 14 13:01:01 webserver run-parts(/etc/cron.hourly)[2238 starting 0anacron
Nov 14 13:01:01 webserver run-parts(/etc/cron.hourly)[2239 finished 0anacron
Nov 14 13:01:01 webserver run-parts(/etc/cron.hourly)[2238 starting mcelog.cron
Nov 14 13:01:01 webserver run-parts(/etc/cron.hourly)[2240 finished mcelog.cron
Nov 14 14:01:01 webserver run-parts(/etc/cron.hourly)[2274 starting 0anacron
Nov 14 14:01:01 webserver run-parts(/etc/cron.hourly)[2276 finished 0anacron
Nov 14 14:01:01 webserver run-parts(/etc/cron.hourly)[2274 starting mcelog.cron
Nov 14 14:01:01 localhost run-parts(/etc/cron.hourly)[1025 starting 0anacron
Nov 14 14:01:01 localhost run-parts(/etc/cron.hourly)[1026 finished 0anacron
Nov 14 14:01:01 localhost run-parts(/etc/cron.hourly)[1025 starting mcelog.cron
Nov 14 14:01:01 webserver run-parts(/etc/cron.hourly)[2276 finished mcelog.cron
Nov 14 14:01:01 localhost run-parts(/etc/cron.hourly)[1027 finished mcelog.cron
Nov 14 15:01:01 webserver run-parts(/etc/cron.hourly)[2311 starting 0anacron
Nov 14 15:01:01 webserver run-parts(/etc/cron.hourly)[2312 finished 0anacron
Nov 14 15:01:01 webserver run-parts(/etc/cron.hourly)[2311 starting mcelog.cron
Nov 14 15:01:01 webserver run-parts(/etc/cron.hourly)[2313 finished mcelog.cron
Nov 14 15:01:01 localhost run-parts(/etc/cron.hourly)[1131 starting 0anacron
Nov 14 15:01:01 localhost run-parts(/etc/cron.hourly)[1132 finished 0anacron
Nov 14 15:01:01 localhost run-parts(/etc/cron.hourly)[1131 starting mcelog.cron
Nov 14 15:01:01 localhost run-parts(/etc/cron.hourly)[1133 finished mcelog.cron
Nov 14 16:01:01 webserver run-parts(/etc/cron.hourly)[2348 starting 0anacron
Nov 14 16:01:01 webserver run-parts(/etc/cron.hourly)[2349 finished 0anacron
Nov 14 16:01:01 webserver run-parts(/etc/cron.hourly)[2348 starting mcelog.cron
Nov 14 16:01:01 webserver run-parts(/etc/cron.hourly)[2350 finished mcelog.cron
Nov 14 16:01:01 localhost run-parts(/etc/cron.hourly)[1277 starting 0anacron
Nov 14 16:01:01 localhost run-parts(/etc/cron.hourly)[1278 finished 0anacron
Nov 14 16:01:01 localhost run-parts(/etc/cron.hourly)[1277 starting mcelog.cron
Nov 14 16:01:01 localhost run-parts(/etc/cron.hourly)[1279 finished mcelog.cron
Nov 14 17:01:01 webserver run-parts(/etc/cron.hourly)[2385 starting 0anacron
Nov 14 17:01:01 webserver run-parts(/etc/cron.hourly)[2386 finished 0anacron
Nov 14 17:01:01 webserver run-parts(/etc/cron.hourly)[2385 starting mcelog.cron
Nov 14 17:01:01 webserver run-parts(/etc/cron.hourly)[2386 finished mcelog.cron
Nov 14 17:01:01 localhost run-parts(/etc/cron.hourly)[1280 starting 0anacron
Nov 14 17:01:01 localhost run-parts(/etc/cron.hourly)[1281 finished 0anacron
Nov 14 17:01:01 localhost run-parts(/etc/cron.hourly)[1280 starting mcelog.cron
Nov 14 17:01:01 localhost run-parts(/etc/cron.hourly)[1282 finished mcelog.cron
Nov 14 18:01:01 webserver run-parts(/etc/cron.hourly)[2421 starting 0anacron
Nov 14 18:01:01 webserver run-parts(/etc/cron.hourly)[2422 finished 0anacron
Nov 14 18:01:01 webserver run-parts(/etc/cron.hourly)[2421 starting mcelog.cron
Nov 14 18:01:01 webserver run-parts(/etc/cron.hourly)[2422 finished mcelog.cron
Nov 14 18:01:01 localhost run-parts(/etc/cron.hourly)[1412 starting 0anacron
Nov 14 18:01:01 localhost run-parts(/etc/cron.hourly)[1413 finished 0anacron
Nov 14 18:01:01 localhost run-parts(/etc/cron.hourly)[1412 starting mcelog.cron
Nov 14 18:01:01 localhost run-parts(/etc/cron.hourly)[1413 finished mcelog.cron
Nov 14 19:01:01 webserver run-parts(/etc/cron.hourly)[2457 starting 0anacron
Nov 14 19:01:01 webserver run-parts(/etc/cron.hourly)[2458 finished 0anacron
Nov 14 19:01:01 webserver run-parts(/etc/cron.hourly)[2457 starting mcelog.cron
Nov 14 19:01:01 webserver run-parts(/etc/cron.hourly)[2458 finished mcelog.cron
Nov 14 19:01:01 localhost run-parts(/etc/cron.hourly)[1418 starting 0anacron
Nov 14 19:01:01 localhost run-parts(/etc/cron.hourly)[1419 finished 0anacron
Nov 14 19:01:01 localhost run-parts(/etc/cron.hourly)[1418 starting mcelog.cron
Nov 14 19:01:01 localhost run-parts(/etc/cron.hourly)[1419 finished mcelog.cron
Nov 14 20:01:01 webserver run-parts(/etc/cron.hourly)[2493 starting 0anacron
Nov 14 20:01:01 webserver run-parts(/etc/cron.hourly)[2494 finished 0anacron
Nov 14 20:01:01 webserver run-parts(/etc/cron.hourly)[2493 starting mcelog.cron
Nov 14 20:01:01 webserver run-parts(/etc/cron.hourly)[2495 finished mcelog.cron
Nov 14 20:01:01 localhost run-parts(/etc/cron.hourly)[1466 starting 0anacron
Nov 14 20:01:01 localhost run-parts(/etc/cron.hourly)[1467 finished 0anacron
Nov 14 20:01:01 localhost run-parts(/etc/cron.hourly)[1466 starting mcelog.cron
Nov 14 20:01:01 localhost run-parts(/etc/cron.hourly)[1467 finished mcelog.cron
Nov 14 21:01:01 localhost run-parts(/etc/cron.hourly)[1612 starting 0anacron
Nov 14 21:01:01 localhost run-parts(/etc/cron.hourly)[1613 finished 0anacron
Nov 14 21:01:01 localhost run-parts(/etc/cron.hourly)[1612 starting mcelog.cron
Nov 14 21:01:01 localhost run-parts(/etc/cron.hourly)[1614 finished mcelog.cron
Nov 14 21:01:01 webserver run-parts(/etc/cron.hourly)[2529 starting 0anacron
Nov 14 21:01:01 webserver run-parts(/etc/cron.hourly)[2530 finished 0anacron
Nov 14 21:01:01 webserver run-parts(/etc/cron.hourly)[2529 starting mcelog.cron
Nov 14 21:01:01 webserver run-parts(/etc/cron.hourly)[2531 finished mcelog.cron
Nov 14 22:01:01 webserver run-parts(/etc/cron.hourly)[2566 starting 0anacron
Nov 14 22:01:01 webserver run-parts(/etc/cron.hourly)[2567 finished 0anacron
Nov 14 22:01:01 webserver run-parts(/etc/cron.hourly)[2566 starting mcelog.cron
Nov 14 22:01:01 webserver run-parts(/etc/cron.hourly)[2567 finished mcelog.cron
Nov 14 22:01:01 localhost run-parts(/etc/cron.hourly)[1629 starting 0anacron
Nov 14 22:01:01 localhost run-parts(/etc/cron.hourly)[1630 finished 0anacron
Nov 14 22:01:01 localhost run-parts(/etc/cron.hourly)[1629 starting mcelog.cron
Nov 14 22:01:01 localhost run-parts(/etc/cron.hourly)[1631 finished mcelog.cron
Nov 14 23:01:01 webserver run-parts(/etc/cron.hourly)[2602 starting 0anacron
Nov 14 23:01:01 webserver run-parts(/etc/cron.hourly)[2603 finished 0anacron
Nov 14 23:01:01 webserver run-parts(/etc/cron.hourly)[2602 starting mcelog.cron
Nov 14 23:01:01 webserver run-parts(/etc/cron.hourly)[2603 finished mcelog.cron
Nov 14 23:01:01 localhost run-parts(/etc/cron.hourly)[1632 starting 0anacron
Nov 14 23:01:01 localhost run-parts(/etc/cron.hourly)[1633 finished 0anacron
Nov 14 23:01:01 localhost run-parts(/etc/cron.hourly)[1632 starting mcelog.cron
Nov 14 23:01:01 localhost run-parts(/etc/cron.hourly)[1634 finished mcelog.cron
