Nov 11 00:15:45 localhost dnf: Config time: 0.006
Nov 11 00:15:45 localhost dnf: cachedir: /var/cache/dnf/x86_64/20
Nov 11 00:15:45 localhost dnf: dnf version: 0.4.8
Nov 11 00:15:45 localhost dnf: Making cache files for all metadata files.
Nov 11 00:15:45 localhost dnf: fedora: will expire after 140333 seconds.
Nov 11 00:15:45 localhost dnf: updates: has expired and will be refreshed.
Nov 11 00:15:45 localhost dnf: repo: using cache for: fedora
Nov 11 00:15:45 localhost dnf: not found deltainfo for: Fedora 20 - x86_64
Nov 11 00:15:45 localhost dnf: Error: Problem with repo 'updates': Cannot prepare internal mirrorlist: Curl error: Couldn't resolve host name for https://mirrors.fedoraproject.org/metalink?repo=updates-released-f20&arch=x86_64
Nov 11 00:38:36 webserver dnf: Config time: 0.011
Nov 11 00:38:36 webserver dnf: cachedir: /var/cache/dnf/x86_64/20
Nov 11 00:38:36 webserver dnf: dnf version: 0.4.8
Nov 11 00:38:36 webserver dnf: Making cache files for all metadata files.
Nov 11 00:38:36 webserver dnf: Metadata cache refreshed recently.
Nov 11 01:15:45 localhost dnf: Config time: 0.006
Nov 11 01:15:45 localhost dnf: cachedir: /var/cache/dnf/x86_64/20
Nov 11 01:15:45 localhost dnf: dnf version: 0.4.8
Nov 11 01:15:45 localhost dnf: Making cache files for all metadata files.
Nov 11 01:15:45 localhost dnf: Metadata cache refreshed recently.
Nov 11 01:38:36 webserver dnf: Config time: 0.011
Nov 11 01:38:36 webserver dnf: cachedir: /var/cache/dnf/x86_64/20
Nov 11 01:38:36 webserver dnf: dnf version: 0.4.8
Nov 11 01:38:36 webserver dnf: Making cache files for all metadata files.
Nov 11 01:38:36 webserver dnf: Metadata cache refreshed recently.
Nov 11 02:15:46 localhost dnf: Config time: 0.006
Nov 11 02:15:46 localhost dnf: cachedir: /var/cache/dnf/x86_64/20
Nov 11 02:15:46 localhost dnf: dnf version: 0.4.8
Nov 11 02:15:46 localhost dnf: Making cache files for all metadata files.
Nov 11 02:15:46 localhost dnf: Metadata cache refreshed recently.
Nov 11 02:38:37 webserver dnf: Config time: 0.011
Nov 11 02:38:37 webserver dnf: cachedir: /var/cache/dnf/x86_64/20
Nov 11 02:38:37 webserver dnf: dnf version: 0.4.8
Nov 11 02:38:37 webserver dnf: Making cache files for all metadata files.
Nov 11 02:38:37 webserver dnf: fedora: will expire after 129433 seconds.
Nov 11 02:38:37 webserver dnf: updates: will expire after 32372 seconds.
Nov 11 02:38:37 webserver dnf: repo: using cache for: fedora
Nov 11 02:38:37 webserver dnf: not found deltainfo for: Fedora 20 - x86_64
Nov 11 02:38:37 webserver dnf: repo: using cache for: updates
Nov 11 02:38:37 webserver dnf: hawkey sack setup time: 0.525
Nov 11 02:38:37 webserver dnf: Metadata Cache Created
Nov 11 03:15:46 localhost dnf: Config time: 0.007
Nov 11 03:15:46 localhost dnf: cachedir: /var/cache/dnf/x86_64/20
Nov 11 03:15:46 localhost dnf: dnf version: 0.4.8
Nov 11 03:15:46 localhost dnf: Making cache files for all metadata files.
Nov 11 03:15:46 localhost dnf: fedora: will expire after 129532 seconds.
Nov 11 03:15:46 localhost dnf: updates: has expired and will be refreshed.
Nov 11 03:15:46 localhost dnf: repo: using cache for: fedora
Nov 11 03:15:46 localhost dnf: not found deltainfo for: Fedora 20 - x86_64
Nov 11 03:15:46 localhost dnf: Error: Problem with repo 'updates': Cannot prepare internal mirrorlist: Curl error: Couldn't resolve host name for https://mirrors.fedoraproject.org/metalink?repo=updates-released-f20&arch=x86_64
Nov 11 03:38:38 webserver dnf: Config time: 0.012
Nov 11 03:38:38 webserver dnf: cachedir: /var/cache/dnf/x86_64/20
Nov 11 03:38:38 webserver dnf: dnf version: 0.4.8
Nov 11 03:38:38 webserver dnf: Making cache files for all metadata files.
Nov 11 03:38:38 webserver dnf: Metadata cache refreshed recently.
Nov 11 04:15:46 localhost dnf: Config time: 0.006
Nov 11 04:15:46 localhost dnf: cachedir: /var/cache/dnf/x86_64/20
Nov 11 04:15:46 localhost dnf: dnf version: 0.4.8
Nov 11 04:15:46 localhost dnf: Making cache files for all metadata files.
Nov 11 04:15:46 localhost dnf: Metadata cache refreshed recently.
Nov 11 04:38:39 webserver dnf: Config time: 0.074
Nov 11 04:38:39 webserver dnf: cachedir: /var/cache/dnf/x86_64/20
Nov 11 04:38:39 webserver dnf: dnf version: 0.4.8
Nov 11 04:38:39 webserver dnf: Making cache files for all metadata files.
Nov 11 04:38:39 webserver dnf: Metadata cache refreshed recently.
Nov 11 05:15:46 localhost dnf: Config time: 0.006
Nov 11 05:15:46 localhost dnf: cachedir: /var/cache/dnf/x86_64/20
Nov 11 05:15:46 localhost dnf: dnf version: 0.4.8
Nov 11 05:15:46 localhost dnf: Making cache files for all metadata files.
Nov 11 05:15:46 localhost dnf: Metadata cache refreshed recently.
Nov 11 05:38:39 webserver dnf: Config time: 0.011
Nov 11 05:38:39 webserver dnf: cachedir: /var/cache/dnf/x86_64/20
Nov 11 05:38:39 webserver dnf: dnf version: 0.4.8
Nov 11 05:38:39 webserver dnf: Making cache files for all metadata files.
Nov 11 05:38:39 webserver dnf: fedora: will expire after 118631 seconds.
Nov 11 05:38:39 webserver dnf: updates: will expire after 21569 seconds.
Nov 11 05:38:39 webserver dnf: repo: using cache for: fedora
Nov 11 05:38:39 webserver dnf: not found deltainfo for: Fedora 20 - x86_64
Nov 11 05:38:40 webserver dnf: repo: using cache for: updates
Nov 11 05:38:41 webserver dnf: hawkey sack setup time: 1.472
Nov 11 05:38:41 webserver dnf: Metadata Cache Created
Nov 11 06:15:46 localhost dnf: Config time: 0.006
Nov 11 06:15:46 localhost dnf: cachedir: /var/cache/dnf/x86_64/20
Nov 11 06:15:46 localhost dnf: dnf version: 0.4.8
Nov 11 06:15:46 localhost dnf: Making cache files for all metadata files.
Nov 11 06:15:46 localhost dnf: fedora: will expire after 118732 seconds.
Nov 11 06:15:46 localhost dnf: updates: has expired and will be refreshed.
Nov 11 06:15:46 localhost dnf: repo: using cache for: fedora
Nov 11 06:15:46 localhost dnf: not found deltainfo for: Fedora 20 - x86_64
Nov 11 06:15:47 localhost dnf: Error: Problem with repo 'updates': Cannot prepare internal mirrorlist: Curl error: Couldn't resolve host name for https://mirrors.fedoraproject.org/metalink?repo=updates-released-f20&arch=x86_64
Nov 11 06:38:41 webserver dnf: Config time: 0.011
Nov 11 06:38:41 webserver dnf: cachedir: /var/cache/dnf/x86_64/20
Nov 11 06:38:41 webserver dnf: dnf version: 0.4.8
Nov 11 06:38:41 webserver dnf: Making cache files for all metadata files.
Nov 11 06:38:41 webserver dnf: Metadata cache refreshed recently.
Nov 11 07:15:47 localhost dnf: Config time: 0.006
Nov 11 07:15:47 localhost dnf: cachedir: /var/cache/dnf/x86_64/20
Nov 11 07:15:47 localhost dnf: dnf version: 0.4.8
Nov 11 07:15:47 localhost dnf: Making cache files for all metadata files.
Nov 11 07:15:47 localhost dnf: Metadata cache refreshed recently.
Nov 11 07:38:41 webserver dnf: Config time: 0.011
Nov 11 07:38:41 webserver dnf: cachedir: /var/cache/dnf/x86_64/20
Nov 11 07:38:41 webserver dnf: dnf version: 0.4.8
Nov 11 07:38:41 webserver dnf: Making cache files for all metadata files.
Nov 11 07:38:41 webserver dnf: Metadata cache refreshed recently.
Nov 11 08:15:47 localhost dnf: Config time: 0.006
Nov 11 08:15:47 localhost dnf: cachedir: /var/cache/dnf/x86_64/20
Nov 11 08:15:47 localhost dnf: dnf version: 0.4.8
Nov 11 08:15:47 localhost dnf: Making cache files for all metadata files.
Nov 11 08:15:47 localhost dnf: Metadata cache refreshed recently.
Nov 11 08:38:42 webserver dnf: Config time: 0.011
Nov 11 08:38:42 webserver dnf: cachedir: /var/cache/dnf/x86_64/20
Nov 11 08:38:42 webserver dnf: dnf version: 0.4.8
Nov 11 08:38:42 webserver dnf: Making cache files for all metadata files.
Nov 11 08:38:42 webserver dnf: fedora: will expire after 107828 seconds.
Nov 11 08:38:42 webserver dnf: updates: metadata will expire after 10767 seconds and will be refreshed now
Nov 11 08:38:42 webserver dnf: repo: using cache for: fedora
Nov 11 08:38:42 webserver dnf: not found deltainfo for: Fedora 20 - x86_64
Nov 11 08:38:44 webserver dnf: reviving: failed for 'updates', mismatched sha256 sum.
Nov 11 08:38:44 webserver dnf: repo: downloading from remote: updates
Nov 11 08:39:13 webserver dnf: hawkey sack setup time: 31.402
Nov 11 08:39:13 webserver dnf: Metadata Cache Created
Nov 11 09:15:47 localhost dnf: Config time: 0.006
Nov 11 09:15:47 localhost dnf: cachedir: /var/cache/dnf/x86_64/20
Nov 11 09:15:47 localhost dnf: dnf version: 0.4.8
Nov 11 09:15:47 localhost dnf: Making cache files for all metadata files.
Nov 11 09:15:47 localhost dnf: fedora: will expire after 107931 seconds.
Nov 11 09:15:47 localhost dnf: updates: has expired and will be refreshed.
Nov 11 09:15:47 localhost dnf: repo: using cache for: fedora
Nov 11 09:15:47 localhost dnf: not found deltainfo for: Fedora 20 - x86_64
Nov 11 09:15:47 localhost dnf: Error: Problem with repo 'updates': Cannot prepare internal mirrorlist: Curl error: Couldn't resolve host name for https://mirrors.fedoraproject.org/metalink?repo=updates-released-f20&arch=x86_64
Nov 11 09:39:13 webserver dnf: Config time: 0.011
Nov 11 09:39:13 webserver dnf: cachedir: /var/cache/dnf/x86_64/20
Nov 11 09:39:13 webserver dnf: dnf version: 0.4.8
Nov 11 09:39:13 webserver dnf: Making cache files for all metadata files.
Nov 11 09:39:13 webserver dnf: Metadata cache refreshed recently.
Nov 11 10:15:47 localhost dnf: Config time: 0.007
Nov 11 10:15:47 localhost dnf: cachedir: /var/cache/dnf/x86_64/20
Nov 11 10:15:47 localhost dnf: dnf version: 0.4.8
Nov 11 10:15:47 localhost dnf: Making cache files for all metadata files.
Nov 11 10:15:47 localhost dnf: Metadata cache refreshed recently.
Nov 11 10:39:14 webserver dnf: Config time: 0.011
Nov 11 10:39:14 webserver dnf: cachedir: /var/cache/dnf/x86_64/20
Nov 11 10:39:14 webserver dnf: dnf version: 0.4.8
Nov 11 10:39:14 webserver dnf: Making cache files for all metadata files.
Nov 11 10:39:14 webserver dnf: Metadata cache refreshed recently.
Nov 11 11:15:48 localhost dnf: Config time: 0.006
Nov 11 11:15:48 localhost dnf: cachedir: /var/cache/dnf/x86_64/20
Nov 11 11:15:48 localhost dnf: dnf version: 0.4.8
Nov 11 11:15:48 localhost dnf: Making cache files for all metadata files.
Nov 11 11:15:48 localhost dnf: Metadata cache refreshed recently.
Nov 11 11:39:14 webserver dnf: Config time: 0.011
Nov 11 11:39:14 webserver dnf: cachedir: /var/cache/dnf/x86_64/20
Nov 11 11:39:14 webserver dnf: dnf version: 0.4.8
Nov 11 11:39:14 webserver dnf: Making cache files for all metadata files.
Nov 11 11:39:14 webserver dnf: fedora: will expire after 96996 seconds.
Nov 11 11:39:14 webserver dnf: updates: will expire after 161976 seconds.
Nov 11 11:39:14 webserver dnf: repo: using cache for: fedora
Nov 11 11:39:14 webserver dnf: not found deltainfo for: Fedora 20 - x86_64
Nov 11 11:39:14 webserver dnf: repo: using cache for: updates
Nov 11 11:39:15 webserver dnf: hawkey sack setup time: 0.525
Nov 11 11:39:15 webserver dnf: Metadata Cache Created
Nov 11 12:15:48 localhost dnf: Config time: 0.006
Nov 11 12:15:48 localhost dnf: cachedir: /var/cache/dnf/x86_64/20
Nov 11 12:15:48 localhost dnf: dnf version: 0.4.8
Nov 11 12:15:48 localhost dnf: Making cache files for all metadata files.
Nov 11 12:15:48 localhost dnf: fedora: will expire after 97130 seconds.
Nov 11 12:15:48 localhost dnf: updates: has expired and will be refreshed.
Nov 11 12:15:48 localhost dnf: repo: using cache for: fedora
Nov 11 12:15:48 localhost dnf: not found deltainfo for: Fedora 20 - x86_64
Nov 11 12:15:48 localhost dnf: Error: Problem with repo 'updates': Cannot prepare internal mirrorlist: Curl error: Couldn't resolve host name for https://mirrors.fedoraproject.org/metalink?repo=updates-released-f20&arch=x86_64
Nov 11 12:39:15 webserver dnf: Config time: 0.011
Nov 11 12:39:15 webserver dnf: cachedir: /var/cache/dnf/x86_64/20
Nov 11 12:39:15 webserver dnf: dnf version: 0.4.8
Nov 11 12:39:15 webserver dnf: Making cache files for all metadata files.
Nov 11 12:39:15 webserver dnf: Metadata cache refreshed recently.
Nov 11 13:15:48 localhost dnf: Config time: 0.006
Nov 11 13:15:48 localhost dnf: cachedir: /var/cache/dnf/x86_64/20
Nov 11 13:15:48 localhost dnf: dnf version: 0.4.8
Nov 11 13:15:48 localhost dnf: Making cache files for all metadata files.
Nov 11 13:15:48 localhost dnf: Metadata cache refreshed recently.
Nov 11 13:39:15 webserver dnf: Config time: 0.011
Nov 11 13:39:15 webserver dnf: cachedir: /var/cache/dnf/x86_64/20
Nov 11 13:39:15 webserver dnf: dnf version: 0.4.8
Nov 11 13:39:15 webserver dnf: Making cache files for all metadata files.
Nov 11 13:39:15 webserver dnf: Metadata cache refreshed recently.
Nov 11 14:15:48 localhost dnf: Config time: 0.006
Nov 11 14:15:48 localhost dnf: cachedir: /var/cache/dnf/x86_64/20
Nov 11 14:15:48 localhost dnf: dnf version: 0.4.8
Nov 11 14:15:48 localhost dnf: Making cache files for all metadata files.
Nov 11 14:15:48 localhost dnf: Metadata cache refreshed recently.
Nov 11 14:39:16 webserver dnf: Config time: 0.011
Nov 11 14:39:16 webserver dnf: cachedir: /var/cache/dnf/x86_64/20
Nov 11 14:39:16 webserver dnf: dnf version: 0.4.8
Nov 11 14:39:16 webserver dnf: Making cache files for all metadata files.
Nov 11 14:39:16 webserver dnf: fedora: will expire after 86195 seconds.
Nov 11 14:39:16 webserver dnf: updates: will expire after 151174 seconds.
Nov 11 14:39:16 webserver dnf: repo: using cache for: fedora
Nov 11 14:39:16 webserver dnf: not found deltainfo for: Fedora 20 - x86_64
Nov 11 14:39:16 webserver dnf: repo: using cache for: updates
Nov 11 14:39:16 webserver dnf: hawkey sack setup time: 0.525
Nov 11 14:39:16 webserver dnf: Metadata Cache Created
Nov 11 15:15:48 localhost dnf: Config time: 0.006
Nov 11 15:15:48 localhost dnf: cachedir: /var/cache/dnf/x86_64/20
Nov 11 15:15:48 localhost dnf: dnf version: 0.4.8
Nov 11 15:15:48 localhost dnf: Making cache files for all metadata files.
Nov 11 15:15:48 localhost dnf: fedora: will expire after 86330 seconds.
Nov 11 15:15:48 localhost dnf: updates: has expired and will be refreshed.
Nov 11 15:15:48 localhost dnf: repo: using cache for: fedora
Nov 11 15:15:48 localhost dnf: not found deltainfo for: Fedora 20 - x86_64
Nov 11 15:15:49 localhost dnf: Error: Problem with repo 'updates': Cannot prepare internal mirrorlist: Curl error: Couldn't resolve host name for https://mirrors.fedoraproject.org/metalink?repo=updates-released-f20&arch=x86_64
Nov 11 15:39:16 webserver dnf: Config time: 0.011
Nov 11 15:39:16 webserver dnf: cachedir: /var/cache/dnf/x86_64/20
Nov 11 15:39:16 webserver dnf: dnf version: 0.4.8
Nov 11 15:39:16 webserver dnf: Making cache files for all metadata files.
Nov 11 15:39:16 webserver dnf: Metadata cache refreshed recently.
Nov 11 16:15:49 localhost dnf: Config time: 0.007
Nov 11 16:15:49 localhost dnf: cachedir: /var/cache/dnf/x86_64/20
Nov 11 16:15:49 localhost dnf: dnf version: 0.4.8
Nov 11 16:15:49 localhost dnf: Making cache files for all metadata files.
Nov 11 16:15:49 localhost dnf: Metadata cache refreshed recently.
Nov 11 16:39:17 webserver dnf: Config time: 0.011
Nov 11 16:39:17 webserver dnf: cachedir: /var/cache/dnf/x86_64/20
Nov 11 16:39:17 webserver dnf: dnf version: 0.4.8
Nov 11 16:39:17 webserver dnf: Making cache files for all metadata files.
Nov 11 16:39:17 webserver dnf: Metadata cache refreshed recently.
Nov 11 17:15:49 localhost dnf: Config time: 0.006
Nov 11 17:15:49 localhost dnf: cachedir: /var/cache/dnf/x86_64/20
Nov 11 17:15:49 localhost dnf: dnf version: 0.4.8
Nov 11 17:15:49 localhost dnf: Making cache files for all metadata files.
Nov 11 17:15:49 localhost dnf: Metadata cache refreshed recently.
Nov 11 17:39:17 webserver dnf: Config time: 0.011
Nov 11 17:39:17 webserver dnf: cachedir: /var/cache/dnf/x86_64/20
Nov 11 17:39:17 webserver dnf: dnf version: 0.4.8
Nov 11 17:39:17 webserver dnf: Making cache files for all metadata files.
Nov 11 17:39:17 webserver dnf: fedora: will expire after 75393 seconds.
Nov 11 17:39:17 webserver dnf: updates: will expire after 140373 seconds.
Nov 11 17:39:17 webserver dnf: repo: using cache for: fedora
Nov 11 17:39:17 webserver dnf: not found deltainfo for: Fedora 20 - x86_64
Nov 11 17:39:18 webserver dnf: repo: using cache for: updates
Nov 11 17:39:18 webserver dnf: hawkey sack setup time: 0.526
Nov 11 17:39:18 webserver dnf: Metadata Cache Created
Nov 11 18:15:49 localhost dnf: Config time: 0.006
Nov 11 18:15:49 localhost dnf: cachedir: /var/cache/dnf/x86_64/20
Nov 11 18:15:49 localhost dnf: dnf version: 0.4.8
Nov 11 18:15:49 localhost dnf: Making cache files for all metadata files.
Nov 11 18:15:49 localhost dnf: fedora: will expire after 75529 seconds.
Nov 11 18:15:49 localhost dnf: updates: has expired and will be refreshed.
Nov 11 18:15:49 localhost dnf: repo: using cache for: fedora
Nov 11 18:15:49 localhost dnf: not found deltainfo for: Fedora 20 - x86_64
Nov 11 18:15:49 localhost dnf: Error: Problem with repo 'updates': Cannot prepare internal mirrorlist: Curl error: Couldn't resolve host name for https://mirrors.fedoraproject.org/metalink?repo=updates-released-f20&arch=x86_64
Nov 11 18:39:18 webserver dnf: Config time: 0.011
Nov 11 18:39:18 webserver dnf: cachedir: /var/cache/dnf/x86_64/20
Nov 11 18:39:18 webserver dnf: dnf version: 0.4.8
Nov 11 18:39:18 webserver dnf: Making cache files for all metadata files.
Nov 11 18:39:18 webserver dnf: Metadata cache refreshed recently.
Nov 11 19:15:49 localhost dnf: Config time: 0.006
Nov 11 19:15:49 localhost dnf: cachedir: /var/cache/dnf/x86_64/20
Nov 11 19:15:49 localhost dnf: dnf version: 0.4.8
Nov 11 19:15:49 localhost dnf: Making cache files for all metadata files.
Nov 11 19:15:49 localhost dnf: Metadata cache refreshed recently.
Nov 11 19:39:18 webserver dnf: Config time: 0.011
Nov 11 19:39:18 webserver dnf: cachedir: /var/cache/dnf/x86_64/20
Nov 11 19:39:18 webserver dnf: dnf version: 0.4.8
Nov 11 19:39:18 webserver dnf: Making cache files for all metadata files.
Nov 11 19:39:18 webserver dnf: Metadata cache refreshed recently.
Nov 11 20:15:50 localhost dnf: Config time: 0.006
Nov 11 20:15:50 localhost dnf: cachedir: /var/cache/dnf/x86_64/20
Nov 11 20:15:50 localhost dnf: dnf version: 0.4.8
Nov 11 20:15:50 localhost dnf: Making cache files for all metadata files.
Nov 11 20:15:50 localhost dnf: Metadata cache refreshed recently.
Nov 11 20:39:19 webserver dnf: Config time: 0.011
Nov 11 20:39:19 webserver dnf: cachedir: /var/cache/dnf/x86_64/20
Nov 11 20:39:19 webserver dnf: dnf version: 0.4.8
Nov 11 20:39:19 webserver dnf: Making cache files for all metadata files.
Nov 11 20:39:19 webserver dnf: fedora: will expire after 64591 seconds.
Nov 11 20:39:19 webserver dnf: updates: will expire after 129571 seconds.
Nov 11 20:39:19 webserver dnf: repo: using cache for: fedora
Nov 11 20:39:19 webserver dnf: not found deltainfo for: Fedora 20 - x86_64
Nov 11 20:39:19 webserver dnf: repo: using cache for: updates
Nov 11 20:39:19 webserver dnf: hawkey sack setup time: 0.526
Nov 11 20:39:19 webserver dnf: Metadata Cache Created
Nov 11 21:15:50 localhost dnf: Config time: 0.006
Nov 11 21:15:50 localhost dnf: cachedir: /var/cache/dnf/x86_64/20
Nov 11 21:15:50 localhost dnf: dnf version: 0.4.8
Nov 11 21:15:50 localhost dnf: Making cache files for all metadata files.
Nov 11 21:15:50 localhost dnf: fedora: will expire after 64728 seconds.
Nov 11 21:15:50 localhost dnf: updates: has expired and will be refreshed.
Nov 11 21:15:50 localhost dnf: repo: using cache for: fedora
Nov 11 21:15:50 localhost dnf: not found deltainfo for: Fedora 20 - x86_64
Nov 11 21:15:50 localhost dnf: Error: Problem with repo 'updates': Cannot prepare internal mirrorlist: Curl error: Couldn't resolve host name for https://mirrors.fedoraproject.org/metalink?repo=updates-released-f20&arch=x86_64
Nov 11 21:39:20 webserver dnf: Config time: 0.012
Nov 11 21:39:20 webserver dnf: cachedir: /var/cache/dnf/x86_64/20
Nov 11 21:39:20 webserver dnf: dnf version: 0.4.8
Nov 11 21:39:20 webserver dnf: Making cache files for all metadata files.
Nov 11 21:39:20 webserver dnf: Metadata cache refreshed recently.
Nov 11 22:15:50 localhost dnf: Config time: 0.007
Nov 11 22:15:50 localhost dnf: cachedir: /var/cache/dnf/x86_64/20
Nov 11 22:15:50 localhost dnf: dnf version: 0.4.8
Nov 11 22:15:50 localhost dnf: Making cache files for all metadata files.
Nov 11 22:15:50 localhost dnf: Metadata cache refreshed recently.
Nov 11 22:39:20 webserver dnf: Config time: 0.011
Nov 11 22:39:20 webserver dnf: cachedir: /var/cache/dnf/x86_64/20
Nov 11 22:39:20 webserver dnf: dnf version: 0.4.8
Nov 11 22:39:20 webserver dnf: Making cache files for all metadata files.
Nov 11 22:39:20 webserver dnf: Metadata cache refreshed recently.
Nov 11 23:15:50 localhost dnf: Config time: 0.006
Nov 11 23:15:50 localhost dnf: cachedir: /var/cache/dnf/x86_64/20
Nov 11 23:15:50 localhost dnf: dnf version: 0.4.8
Nov 11 23:15:50 localhost dnf: Making cache files for all metadata files.
Nov 11 23:15:50 localhost dnf: Metadata cache refreshed recently.
Nov 11 23:39:20 webserver dnf: Config time: 0.011
Nov 11 23:39:20 webserver dnf: cachedir: /var/cache/dnf/x86_64/20
Nov 11 23:39:20 webserver dnf: dnf version: 0.4.8
Nov 11 23:39:20 webserver dnf: Making cache files for all metadata files.
Nov 11 23:39:20 webserver dnf: fedora: will expire after 53790 seconds.
Nov 11 23:39:20 webserver dnf: updates: will expire after 118769 seconds.
Nov 11 23:39:20 webserver dnf: repo: using cache for: fedora
Nov 11 23:39:20 webserver dnf: not found deltainfo for: Fedora 20 - x86_64
Nov 11 23:39:21 webserver dnf: repo: using cache for: updates
Nov 11 23:39:21 webserver dnf: hawkey sack setup time: 0.524
Nov 11 23:39:21 webserver dnf: Metadata Cache Created
