Nov 11 00:01:01 webserver run-parts(/etc/cron.hourly)[2322 starting 0anacron
Nov 11 00:01:01 webserver run-parts(/etc/cron.hourly)[2323 finished 0anacron
Nov 11 00:01:01 webserver run-parts(/etc/cron.hourly)[2322 starting mcelog.cron
Nov 11 00:01:01 webserver run-parts(/etc/cron.hourly)[2324 finished mcelog.cron
Nov 11 00:01:01 localhost run-parts(/etc/cron.hourly)[4471 starting 0anacron
Nov 11 00:01:01 localhost run-parts(/etc/cron.hourly)[4483 finished 0anacron
Nov 11 00:01:01 localhost run-parts(/etc/cron.hourly)[4471 starting mcelog.cron
Nov 11 00:01:01 localhost run-parts(/etc/cron.hourly)[4489 finished mcelog.cron
Nov 11 01:01:01 webserver run-parts(/etc/cron.hourly)[2358 starting 0anacron
Nov 11 01:01:01 webserver run-parts(/etc/cron.hourly)[2360 finished 0anacron
Nov 11 01:01:01 webserver run-parts(/etc/cron.hourly)[2358 starting mcelog.cron
Nov 11 01:01:01 webserver run-parts(/etc/cron.hourly)[2360 finished mcelog.cron
Nov 11 01:01:01 localhost run-parts(/etc/cron.hourly)[4524 starting 0anacron
Nov 11 01:01:01 localhost run-parts(/etc/cron.hourly)[4536 finished 0anacron
Nov 11 01:01:01 localhost run-parts(/etc/cron.hourly)[4524 starting mcelog.cron
Nov 11 01:01:01 localhost run-parts(/etc/cron.hourly)[4542 finished mcelog.cron
Nov 11 02:01:01 webserver run-parts(/etc/cron.hourly)[2395 starting 0anacron
Nov 11 02:01:01 webserver run-parts(/etc/cron.hourly)[2396 finished 0anacron
Nov 11 02:01:01 webserver run-parts(/etc/cron.hourly)[2395 starting mcelog.cron
Nov 11 02:01:01 webserver run-parts(/etc/cron.hourly)[2397 finished mcelog.cron
Nov 11 02:01:01 localhost run-parts(/etc/cron.hourly)[4569 starting 0anacron
Nov 11 02:01:01 localhost run-parts(/etc/cron.hourly)[4581 finished 0anacron
Nov 11 02:01:01 localhost run-parts(/etc/cron.hourly)[4569 starting mcelog.cron
Nov 11 02:01:01 localhost run-parts(/etc/cron.hourly)[4587 finished mcelog.cron
Nov 11 03:01:01 webserver run-parts(/etc/cron.hourly)[2431 starting 0anacron
Nov 11 03:01:01 webserver run-parts(/etc/cron.hourly)[2433 finished 0anacron
Nov 11 03:01:01 webserver run-parts(/etc/cron.hourly)[2431 starting mcelog.cron
Nov 11 03:01:01 webserver run-parts(/etc/cron.hourly)[2433 finished mcelog.cron
Nov 11 03:01:01 localhost run-parts(/etc/cron.hourly)[4613 starting 0anacron
Nov 11 03:01:01 localhost run-parts(/etc/cron.hourly)[4625 finished 0anacron
Nov 11 03:01:01 localhost run-parts(/etc/cron.hourly)[4613 starting mcelog.cron
Nov 11 03:01:01 localhost run-parts(/etc/cron.hourly)[4631 finished mcelog.cron
Nov 11 03:11:01 localhost run-parts(/etc/cron.daily)[4643] starting logrotate
Nov 11 03:11:06 localhost run-parts(/etc/cron.daily)[4686] finished logrotate
Nov 11 03:11:06 localhost run-parts(/etc/cron.daily)[4643] starting man-db.cron
Nov 11 03:11:08 localhost run-parts(/etc/cron.daily)[4697] finished man-db.cron
Nov 11 03:11:08 localhost run-parts(/etc/cron.daily)[4643] starting mlocate
Nov 11 03:11:10 localhost run-parts(/etc/cron.daily)[4708] finished mlocate
Nov 11 03:13:01 webserver run-parts(/etc/cron.daily)[24403 starting logrotate
Nov 11 03:13:01 webserver run-parts(/etc/cron.daily)[24411 finished logrotate
Nov 11 03:13:01 webserver run-parts(/etc/cron.daily)[24403 starting man-db.cron
Nov 11 03:13:04 webserver run-parts(/etc/cron.daily)[24422 finished man-db.cron
Nov 11 03:13:04 webserver run-parts(/etc/cron.daily)[24403 starting mlocate
Nov 11 03:13:04 webserver run-parts(/etc/cron.daily)[24433 finished mlocate
Nov 11 04:01:01 localhost run-parts(/etc/cron.hourly)[5597 starting 0anacron
Nov 11 04:01:01 localhost run-parts(/etc/cron.hourly)[5606 finished 0anacron
Nov 11 04:01:01 localhost run-parts(/etc/cron.hourly)[5597 starting mcelog.cron
Nov 11 04:01:01 localhost run-parts(/etc/cron.hourly)[5612 finished mcelog.cron
Nov 11 04:01:02 webserver run-parts(/etc/cron.hourly)[2471 starting 0anacron
Nov 11 04:01:02 webserver run-parts(/etc/cron.hourly)[2472 finished 0anacron
Nov 11 04:01:02 webserver run-parts(/etc/cron.hourly)[2471 starting mcelog.cron
Nov 11 04:01:02 webserver run-parts(/etc/cron.hourly)[2472 finished mcelog.cron
Nov 11 05:01:01 webserver run-parts(/etc/cron.hourly)[2507 starting 0anacron
Nov 11 05:01:01 webserver run-parts(/etc/cron.hourly)[2508 finished 0anacron
Nov 11 05:01:01 webserver run-parts(/etc/cron.hourly)[2507 starting mcelog.cron
Nov 11 05:01:01 webserver run-parts(/etc/cron.hourly)[2509 finished mcelog.cron
Nov 11 05:01:02 localhost run-parts(/etc/cron.hourly)[6400 starting 0anacron
Nov 11 05:01:02 localhost run-parts(/etc/cron.hourly)[6409 finished 0anacron
Nov 11 05:01:02 localhost run-parts(/etc/cron.hourly)[6400 starting mcelog.cron
Nov 11 05:01:02 localhost run-parts(/etc/cron.hourly)[6415 finished mcelog.cron
Nov 11 06:01:01 webserver run-parts(/etc/cron.hourly)[2543 starting 0anacron
Nov 11 06:01:01 webserver run-parts(/etc/cron.hourly)[2544 finished 0anacron
Nov 11 06:01:01 webserver run-parts(/etc/cron.hourly)[2543 starting mcelog.cron
Nov 11 06:01:01 webserver run-parts(/etc/cron.hourly)[2545 finished mcelog.cron
Nov 11 06:01:01 localhost run-parts(/etc/cron.hourly)[6443 starting 0anacron
Nov 11 06:01:01 localhost run-parts(/etc/cron.hourly)[6452 finished 0anacron
Nov 11 06:01:01 localhost run-parts(/etc/cron.hourly)[6443 starting mcelog.cron
Nov 11 06:01:01 localhost run-parts(/etc/cron.hourly)[6458 finished mcelog.cron
Nov 11 07:01:01 localhost run-parts(/etc/cron.hourly)[6489 starting 0anacron
Nov 11 07:01:01 localhost run-parts(/etc/cron.hourly)[6498 finished 0anacron
Nov 11 07:01:01 localhost run-parts(/etc/cron.hourly)[6489 starting mcelog.cron
Nov 11 07:01:01 localhost run-parts(/etc/cron.hourly)[6504 finished mcelog.cron
Nov 11 07:01:02 webserver run-parts(/etc/cron.hourly)[2580 starting 0anacron
Nov 11 07:01:02 webserver run-parts(/etc/cron.hourly)[2581 finished 0anacron
Nov 11 07:01:02 webserver run-parts(/etc/cron.hourly)[2580 starting mcelog.cron
Nov 11 07:01:02 webserver run-parts(/etc/cron.hourly)[2581 finished mcelog.cron
Nov 11 09:01:01 localhost run-parts(/etc/cron.hourly)[6853 starting 0anacron
Nov 11 09:01:01 localhost run-parts(/etc/cron.hourly)[6862 finished 0anacron
Nov 11 09:01:01 localhost run-parts(/etc/cron.hourly)[6853 starting mcelog.cron
Nov 11 09:01:01 localhost run-parts(/etc/cron.hourly)[6868 finished mcelog.cron
Nov 11 09:01:01 webserver run-parts(/etc/cron.hourly)[2653 starting 0anacron
Nov 11 09:01:01 webserver run-parts(/etc/cron.hourly)[2654 finished 0anacron
Nov 11 09:01:01 webserver run-parts(/etc/cron.hourly)[2653 starting mcelog.cron
Nov 11 09:01:02 webserver run-parts(/etc/cron.hourly)[2655 finished mcelog.cron
Nov 11 10:01:01 localhost run-parts(/etc/cron.hourly)[8276 starting 0anacron
Nov 11 10:01:01 localhost run-parts(/etc/cron.hourly)[8285 finished 0anacron
Nov 11 10:01:01 localhost run-parts(/etc/cron.hourly)[8276 starting mcelog.cron
Nov 11 10:01:01 localhost run-parts(/etc/cron.hourly)[8291 finished mcelog.cron
Nov 11 10:01:01 webserver run-parts(/etc/cron.hourly)[2689 starting 0anacron
Nov 11 10:01:01 webserver run-parts(/etc/cron.hourly)[2690 finished 0anacron
Nov 11 10:01:01 webserver run-parts(/etc/cron.hourly)[2689 starting mcelog.cron
Nov 11 10:01:01 webserver run-parts(/etc/cron.hourly)[2691 finished mcelog.cron
Nov 11 11:01:01 localhost run-parts(/etc/cron.hourly)[1058 starting 0anacron
Nov 11 11:01:01 localhost run-parts(/etc/cron.hourly)[1059 finished 0anacron
Nov 11 11:01:01 localhost run-parts(/etc/cron.hourly)[1058 starting mcelog.cron
Nov 11 11:01:01 localhost run-parts(/etc/cron.hourly)[1060 finished mcelog.cron
Nov 11 11:01:01 webserver run-parts(/etc/cron.hourly)[2726 starting 0anacron
Nov 11 11:01:01 webserver run-parts(/etc/cron.hourly)[2727 finished 0anacron
Nov 11 11:01:01 webserver run-parts(/etc/cron.hourly)[2726 starting mcelog.cron
Nov 11 11:01:01 webserver run-parts(/etc/cron.hourly)[2727 finished mcelog.cron
Nov 11 12:01:01 localhost run-parts(/etc/cron.hourly)[1365 starting 0anacron
Nov 11 12:01:01 localhost run-parts(/etc/cron.hourly)[1366 finished 0anacron
Nov 11 12:01:01 localhost run-parts(/etc/cron.hourly)[1365 starting mcelog.cron
Nov 11 12:01:01 localhost run-parts(/etc/cron.hourly)[1366 finished mcelog.cron
Nov 11 12:01:01 webserver run-parts(/etc/cron.hourly)[2762 starting 0anacron
Nov 11 12:01:01 webserver run-parts(/etc/cron.hourly)[2763 finished 0anacron
Nov 11 12:01:01 webserver run-parts(/etc/cron.hourly)[2762 starting mcelog.cron
Nov 11 12:01:01 webserver run-parts(/etc/cron.hourly)[2763 finished mcelog.cron
Nov 11 13:01:01 localhost run-parts(/etc/cron.hourly)[1641 starting 0anacron
Nov 11 13:01:01 localhost run-parts(/etc/cron.hourly)[1642 finished 0anacron
Nov 11 13:01:01 localhost run-parts(/etc/cron.hourly)[1641 starting mcelog.cron
Nov 11 13:01:01 localhost run-parts(/etc/cron.hourly)[1643 finished mcelog.cron
Nov 11 13:01:01 webserver run-parts(/etc/cron.hourly)[2798 starting 0anacron
Nov 11 13:01:01 webserver run-parts(/etc/cron.hourly)[2799 finished 0anacron
Nov 11 13:01:01 webserver run-parts(/etc/cron.hourly)[2798 starting mcelog.cron
Nov 11 13:01:01 webserver run-parts(/etc/cron.hourly)[2800 finished mcelog.cron
Nov 11 14:01:01 webserver run-parts(/etc/cron.hourly)[2834 starting 0anacron
Nov 11 14:01:01 webserver run-parts(/etc/cron.hourly)[2836 finished 0anacron
Nov 11 14:01:01 localhost run-parts(/etc/cron.hourly)[1970 starting 0anacron
Nov 11 14:01:01 localhost run-parts(/etc/cron.hourly)[1971 finished 0anacron
Nov 11 14:01:01 webserver run-parts(/etc/cron.hourly)[2834 starting mcelog.cron
Nov 11 14:01:01 webserver run-parts(/etc/cron.hourly)[2836 finished mcelog.cron
Nov 11 14:01:01 localhost run-parts(/etc/cron.hourly)[1970 starting mcelog.cron
Nov 11 14:01:01 localhost run-parts(/etc/cron.hourly)[1972 finished mcelog.cron
Nov 11 15:01:01 webserver run-parts(/etc/cron.hourly)[2871 starting 0anacron
Nov 11 15:01:01 webserver run-parts(/etc/cron.hourly)[2872 finished 0anacron
Nov 11 15:01:01 webserver run-parts(/etc/cron.hourly)[2871 starting mcelog.cron
Nov 11 15:01:01 webserver run-parts(/etc/cron.hourly)[2873 finished mcelog.cron
Nov 11 15:01:01 localhost run-parts(/etc/cron.hourly)[2251 starting 0anacron
Nov 11 15:01:01 localhost run-parts(/etc/cron.hourly)[2252 finished 0anacron
Nov 11 15:01:01 localhost run-parts(/etc/cron.hourly)[2251 starting mcelog.cron
Nov 11 15:01:01 localhost run-parts(/etc/cron.hourly)[2252 finished mcelog.cron
Nov 11 16:01:01 webserver run-parts(/etc/cron.hourly)[2908 starting 0anacron
Nov 11 16:01:01 webserver run-parts(/etc/cron.hourly)[2909 finished 0anacron
Nov 11 16:01:01 webserver run-parts(/etc/cron.hourly)[2908 starting mcelog.cron
Nov 11 16:01:01 webserver run-parts(/etc/cron.hourly)[2910 finished mcelog.cron
Nov 11 16:01:01 localhost run-parts(/etc/cron.hourly)[2533 starting 0anacron
Nov 11 16:01:01 localhost run-parts(/etc/cron.hourly)[2534 finished 0anacron
Nov 11 16:01:01 localhost run-parts(/etc/cron.hourly)[2533 starting mcelog.cron
Nov 11 16:01:01 localhost run-parts(/etc/cron.hourly)[2535 finished mcelog.cron
Nov 11 17:01:01 webserver run-parts(/etc/cron.hourly)[2945 starting 0anacron
Nov 11 17:01:01 webserver run-parts(/etc/cron.hourly)[2946 finished 0anacron
Nov 11 17:01:01 webserver run-parts(/etc/cron.hourly)[2945 starting mcelog.cron
Nov 11 17:01:01 webserver run-parts(/etc/cron.hourly)[2946 finished mcelog.cron
Nov 11 17:01:01 localhost run-parts(/etc/cron.hourly)[2712 starting 0anacron
Nov 11 17:01:01 localhost run-parts(/etc/cron.hourly)[2713 finished 0anacron
Nov 11 17:01:01 localhost run-parts(/etc/cron.hourly)[2712 starting mcelog.cron
Nov 11 17:01:01 localhost run-parts(/etc/cron.hourly)[2714 finished mcelog.cron
Nov 11 18:01:01 webserver run-parts(/etc/cron.hourly)[2981 starting 0anacron
Nov 11 18:01:01 webserver run-parts(/etc/cron.hourly)[2982 finished 0anacron
Nov 11 18:01:01 webserver run-parts(/etc/cron.hourly)[2981 starting mcelog.cron
Nov 11 18:01:01 webserver run-parts(/etc/cron.hourly)[2982 finished mcelog.cron
Nov 11 18:01:01 localhost run-parts(/etc/cron.hourly)[2765 starting 0anacron
Nov 11 18:01:01 localhost run-parts(/etc/cron.hourly)[2766 finished 0anacron
Nov 11 18:01:01 localhost run-parts(/etc/cron.hourly)[2765 starting mcelog.cron
Nov 11 18:01:01 localhost run-parts(/etc/cron.hourly)[2767 finished mcelog.cron
Nov 11 19:01:01 webserver run-parts(/etc/cron.hourly)[3017 starting 0anacron
Nov 11 19:01:01 webserver run-parts(/etc/cron.hourly)[3018 finished 0anacron
Nov 11 19:01:01 webserver run-parts(/etc/cron.hourly)[3017 starting mcelog.cron
Nov 11 19:01:01 webserver run-parts(/etc/cron.hourly)[3019 finished mcelog.cron
Nov 11 19:01:01 localhost run-parts(/etc/cron.hourly)[2786 starting 0anacron
Nov 11 19:01:01 localhost run-parts(/etc/cron.hourly)[2787 finished 0anacron
Nov 11 19:01:01 localhost run-parts(/etc/cron.hourly)[2786 starting mcelog.cron
Nov 11 19:01:01 localhost run-parts(/etc/cron.hourly)[2787 finished mcelog.cron
Nov 11 20:01:01 localhost run-parts(/etc/cron.hourly)[2793 starting 0anacron
Nov 11 20:01:01 localhost run-parts(/etc/cron.hourly)[2794 finished 0anacron
Nov 11 20:01:01 localhost run-parts(/etc/cron.hourly)[2793 starting mcelog.cron
Nov 11 20:01:01 localhost run-parts(/etc/cron.hourly)[2795 finished mcelog.cron
Nov 11 20:01:01 webserver run-parts(/etc/cron.hourly)[3054 starting 0anacron
Nov 11 20:01:01 webserver run-parts(/etc/cron.hourly)[3055 finished 0anacron
Nov 11 20:01:01 webserver run-parts(/etc/cron.hourly)[3054 starting mcelog.cron
Nov 11 20:01:01 webserver run-parts(/etc/cron.hourly)[3055 finished mcelog.cron
Nov 11 21:01:01 localhost run-parts(/etc/cron.hourly)[2820 starting 0anacron
Nov 11 21:01:01 localhost run-parts(/etc/cron.hourly)[2821 finished 0anacron
Nov 11 21:01:01 localhost run-parts(/etc/cron.hourly)[2820 starting mcelog.cron
Nov 11 21:01:01 localhost run-parts(/etc/cron.hourly)[2822 finished mcelog.cron
Nov 11 21:01:01 webserver run-parts(/etc/cron.hourly)[3090 starting 0anacron
Nov 11 21:01:01 webserver run-parts(/etc/cron.hourly)[3091 finished 0anacron
Nov 11 21:01:01 webserver run-parts(/etc/cron.hourly)[3090 starting mcelog.cron
Nov 11 21:01:01 webserver run-parts(/etc/cron.hourly)[3091 finished mcelog.cron
Nov 11 22:01:01 localhost run-parts(/etc/cron.hourly)[3003 starting 0anacron
Nov 11 22:01:01 localhost run-parts(/etc/cron.hourly)[3004 finished 0anacron
Nov 11 22:01:01 localhost run-parts(/etc/cron.hourly)[3003 starting mcelog.cron
Nov 11 22:01:01 localhost run-parts(/etc/cron.hourly)[3004 finished mcelog.cron
Nov 11 22:01:01 webserver run-parts(/etc/cron.hourly)[3137 starting 0anacron
Nov 11 22:01:01 webserver run-parts(/etc/cron.hourly)[3138 finished 0anacron
Nov 11 22:01:01 webserver run-parts(/etc/cron.hourly)[3137 starting mcelog.cron
Nov 11 22:01:01 webserver run-parts(/etc/cron.hourly)[3139 finished mcelog.cron
Nov 11 23:01:01 localhost run-parts(/etc/cron.hourly)[3101 starting 0anacron
Nov 11 23:01:01 localhost run-parts(/etc/cron.hourly)[3102 finished 0anacron
Nov 11 23:01:01 localhost run-parts(/etc/cron.hourly)[3101 starting mcelog.cron
Nov 11 23:01:01 localhost run-parts(/etc/cron.hourly)[3103 finished mcelog.cron
Nov 11 23:01:01 webserver run-parts(/etc/cron.hourly)[3174 starting 0anacron
Nov 11 23:01:01 webserver run-parts(/etc/cron.hourly)[3175 finished 0anacron
Nov 11 23:01:01 webserver run-parts(/etc/cron.hourly)[3174 starting mcelog.cron
Nov 11 23:01:01 webserver run-parts(/etc/cron.hourly)[3175 finished mcelog.cron
