Nov 16 00:01:01 webserver run-parts(/etc/cron.hourly)[2948 starting 0anacron
Nov 16 00:01:01 webserver run-parts(/etc/cron.hourly)[2962 finished 0anacron
Nov 16 00:01:01 webserver run-parts(/etc/cron.hourly)[2948 starting mcelog.cron
Nov 16 00:01:01 webserver run-parts(/etc/cron.hourly)[2968 finished mcelog.cron
Nov 16 00:01:01 localhost run-parts(/etc/cron.hourly)[2531 starting 0anacron
Nov 16 00:01:01 localhost run-parts(/etc/cron.hourly)[2532 finished 0anacron
Nov 16 00:01:01 localhost run-parts(/etc/cron.hourly)[2531 starting mcelog.cron
Nov 16 00:01:01 localhost run-parts(/etc/cron.hourly)[2532 finished mcelog.cron
Nov 16 01:01:01 webserver run-parts(/etc/cron.hourly)[3318 starting 0anacron
Nov 16 01:01:01 webserver run-parts(/etc/cron.hourly)[3333 finished 0anacron
Nov 16 01:01:01 webserver run-parts(/etc/cron.hourly)[3318 starting mcelog.cron
Nov 16 01:01:01 webserver run-parts(/etc/cron.hourly)[3339 finished mcelog.cron
Nov 16 01:01:01 localhost run-parts(/etc/cron.hourly)[2563 starting 0anacron
Nov 16 01:01:01 localhost run-parts(/etc/cron.hourly)[2565 finished 0anacron
Nov 16 01:01:01 localhost run-parts(/etc/cron.hourly)[2563 starting mcelog.cron
Nov 16 01:01:01 localhost run-parts(/etc/cron.hourly)[2565 finished mcelog.cron
Nov 16 02:01:01 webserver run-parts(/etc/cron.hourly)[3686 starting 0anacron
Nov 16 02:01:01 webserver run-parts(/etc/cron.hourly)[3701 finished 0anacron
Nov 16 02:01:01 webserver run-parts(/etc/cron.hourly)[3686 starting mcelog.cron
Nov 16 02:01:01 webserver run-parts(/etc/cron.hourly)[3707 finished mcelog.cron
Nov 16 02:01:02 localhost run-parts(/etc/cron.hourly)[2571 starting 0anacron
Nov 16 02:01:02 localhost run-parts(/etc/cron.hourly)[2572 finished 0anacron
Nov 16 02:01:02 localhost run-parts(/etc/cron.hourly)[2571 starting mcelog.cron
Nov 16 02:01:02 localhost run-parts(/etc/cron.hourly)[2573 finished mcelog.cron
Nov 16 03:01:01 localhost run-parts(/etc/cron.hourly)[2596 starting 0anacron
Nov 16 03:01:01 localhost run-parts(/etc/cron.hourly)[2597 finished 0anacron
Nov 16 03:01:01 localhost run-parts(/etc/cron.hourly)[2596 starting mcelog.cron
Nov 16 03:01:01 localhost run-parts(/etc/cron.hourly)[2597 finished mcelog.cron
Nov 16 03:01:01 webserver run-parts(/etc/cron.hourly)[4053 starting 0anacron
Nov 16 03:01:01 webserver run-parts(/etc/cron.hourly)[4067 finished 0anacron
Nov 16 03:01:01 webserver run-parts(/etc/cron.hourly)[4053 starting mcelog.cron
Nov 16 03:01:01 webserver run-parts(/etc/cron.hourly)[4073 finished mcelog.cron
Nov 16 03:36:01 webserver run-parts(/etc/cron.daily)[4271] starting logrotate
Nov 16 03:36:02 webserver run-parts(/etc/cron.daily)[4287] finished logrotate
Nov 16 03:36:02 webserver run-parts(/etc/cron.daily)[4271] starting man-db.cron
Nov 16 03:36:07 webserver run-parts(/etc/cron.daily)[4303] finished man-db.cron
Nov 16 03:36:07 webserver run-parts(/etc/cron.daily)[4271] starting mlocate
Nov 16 03:36:09 webserver run-parts(/etc/cron.daily)[4314] finished mlocate
Nov 16 03:43:01 localhost run-parts(/etc/cron.daily)[26096 starting logrotate
Nov 16 03:43:04 localhost run-parts(/etc/cron.daily)[26143 finished logrotate
Nov 16 03:43:04 localhost run-parts(/etc/cron.daily)[26096 starting man-db.cron
Nov 16 03:43:06 localhost run-parts(/etc/cron.daily)[26154 finished man-db.cron
Nov 16 03:43:06 localhost run-parts(/etc/cron.daily)[26096 starting mlocate
Nov 16 03:43:06 localhost run-parts(/etc/cron.daily)[26165 finished mlocate
Nov 16 04:01:01 localhost run-parts(/etc/cron.hourly)[2617 starting 0anacron
Nov 16 04:01:01 localhost run-parts(/etc/cron.hourly)[2618 finished 0anacron
Nov 16 04:01:01 localhost run-parts(/etc/cron.hourly)[2617 starting mcelog.cron
Nov 16 04:01:01 localhost run-parts(/etc/cron.hourly)[2618 finished mcelog.cron
Nov 16 04:01:01 webserver run-parts(/etc/cron.hourly)[4464 starting 0anacron
Nov 16 04:01:01 webserver run-parts(/etc/cron.hourly)[4475 finished 0anacron
Nov 16 04:01:01 webserver run-parts(/etc/cron.hourly)[4464 starting mcelog.cron
Nov 16 04:01:01 webserver run-parts(/etc/cron.hourly)[4481 finished mcelog.cron
Nov 16 05:01:01 localhost run-parts(/etc/cron.hourly)[2620 starting 0anacron
Nov 16 05:01:01 localhost run-parts(/etc/cron.hourly)[2621 finished 0anacron
Nov 16 05:01:01 localhost run-parts(/etc/cron.hourly)[2620 starting mcelog.cron
Nov 16 05:01:01 localhost run-parts(/etc/cron.hourly)[2622 finished mcelog.cron
Nov 16 05:01:01 webserver run-parts(/etc/cron.hourly)[4824 starting 0anacron
Nov 16 05:01:01 webserver run-parts(/etc/cron.hourly)[4835 finished 0anacron
Nov 16 05:01:01 webserver run-parts(/etc/cron.hourly)[4824 starting mcelog.cron
Nov 16 05:01:01 webserver run-parts(/etc/cron.hourly)[4841 finished mcelog.cron
Nov 16 06:01:01 webserver run-parts(/etc/cron.hourly)[5200 starting 0anacron
Nov 16 06:01:01 webserver run-parts(/etc/cron.hourly)[5212 finished 0anacron
Nov 16 06:01:01 webserver run-parts(/etc/cron.hourly)[5200 starting mcelog.cron
Nov 16 06:01:01 webserver run-parts(/etc/cron.hourly)[5218 finished mcelog.cron
Nov 16 06:01:01 localhost run-parts(/etc/cron.hourly)[2623 starting 0anacron
Nov 16 06:01:01 localhost run-parts(/etc/cron.hourly)[2624 finished 0anacron
Nov 16 06:01:01 localhost run-parts(/etc/cron.hourly)[2623 starting mcelog.cron
Nov 16 06:01:01 localhost run-parts(/etc/cron.hourly)[2625 finished mcelog.cron
Nov 16 07:01:01 webserver run-parts(/etc/cron.hourly)[5564 starting 0anacron
Nov 16 07:01:01 webserver run-parts(/etc/cron.hourly)[5576 finished 0anacron
Nov 16 07:01:01 webserver run-parts(/etc/cron.hourly)[5564 starting mcelog.cron
Nov 16 07:01:01 webserver run-parts(/etc/cron.hourly)[5582 finished mcelog.cron
Nov 16 07:01:01 localhost run-parts(/etc/cron.hourly)[2637 starting 0anacron
Nov 16 07:01:01 localhost run-parts(/etc/cron.hourly)[2638 finished 0anacron
Nov 16 07:01:01 localhost run-parts(/etc/cron.hourly)[2637 starting mcelog.cron
Nov 16 07:01:01 localhost run-parts(/etc/cron.hourly)[2638 finished mcelog.cron
Nov 16 08:01:01 webserver run-parts(/etc/cron.hourly)[5926 starting 0anacron
Nov 16 08:01:01 webserver run-parts(/etc/cron.hourly)[5936 finished 0anacron
Nov 16 08:01:01 webserver run-parts(/etc/cron.hourly)[5926 starting mcelog.cron
Nov 16 08:01:01 webserver run-parts(/etc/cron.hourly)[5942 finished mcelog.cron
Nov 16 08:01:01 localhost run-parts(/etc/cron.hourly)[2665 starting 0anacron
Nov 16 08:01:01 localhost run-parts(/etc/cron.hourly)[2666 finished 0anacron
Nov 16 08:01:01 localhost run-parts(/etc/cron.hourly)[2665 starting mcelog.cron
Nov 16 08:01:01 localhost run-parts(/etc/cron.hourly)[2666 finished mcelog.cron
Nov 16 09:01:01 localhost run-parts(/etc/cron.hourly)[2744 starting 0anacron
Nov 16 09:01:01 localhost run-parts(/etc/cron.hourly)[2745 finished 0anacron
Nov 16 09:01:01 localhost run-parts(/etc/cron.hourly)[2744 starting mcelog.cron
Nov 16 09:01:01 localhost run-parts(/etc/cron.hourly)[2746 finished mcelog.cron
Nov 16 09:01:02 webserver run-parts(/etc/cron.hourly)[6288 starting 0anacron
Nov 16 09:01:02 webserver run-parts(/etc/cron.hourly)[6300 finished 0anacron
Nov 16 09:01:02 webserver run-parts(/etc/cron.hourly)[6288 starting mcelog.cron
Nov 16 09:01:02 webserver run-parts(/etc/cron.hourly)[6306 finished mcelog.cron
Nov 16 10:01:01 localhost run-parts(/etc/cron.hourly)[2807 starting 0anacron
Nov 16 10:01:02 webserver run-parts(/etc/cron.hourly)[6654 starting 0anacron
Nov 16 10:01:01 localhost run-parts(/etc/cron.hourly)[2808 finished 0anacron
Nov 16 10:01:01 localhost run-parts(/etc/cron.hourly)[2807 starting mcelog.cron
Nov 16 10:01:01 localhost run-parts(/etc/cron.hourly)[2809 finished mcelog.cron
Nov 16 10:01:02 webserver run-parts(/etc/cron.hourly)[6665 finished 0anacron
Nov 16 10:01:02 webserver run-parts(/etc/cron.hourly)[6654 starting mcelog.cron
Nov 16 10:01:02 webserver run-parts(/etc/cron.hourly)[6671 finished mcelog.cron
Nov 16 11:01:01 webserver run-parts(/etc/cron.hourly)[7020 starting 0anacron
Nov 16 11:01:01 webserver run-parts(/etc/cron.hourly)[7030 finished 0anacron
Nov 16 11:01:01 webserver run-parts(/etc/cron.hourly)[7020 starting mcelog.cron
Nov 16 11:01:01 webserver run-parts(/etc/cron.hourly)[7036 finished mcelog.cron
Nov 16 11:01:01 localhost run-parts(/etc/cron.hourly)[2811 starting 0anacron
Nov 16 11:01:01 localhost run-parts(/etc/cron.hourly)[2812 finished 0anacron
Nov 16 11:01:01 localhost run-parts(/etc/cron.hourly)[2811 starting mcelog.cron
Nov 16 11:01:01 localhost run-parts(/etc/cron.hourly)[2812 finished mcelog.cron
Nov 16 12:01:01 localhost run-parts(/etc/cron.hourly)[2814 starting 0anacron
Nov 16 12:01:01 localhost run-parts(/etc/cron.hourly)[2815 finished 0anacron
Nov 16 12:01:01 localhost run-parts(/etc/cron.hourly)[2814 starting mcelog.cron
Nov 16 12:01:01 localhost run-parts(/etc/cron.hourly)[2815 finished mcelog.cron
Nov 16 12:01:01 webserver run-parts(/etc/cron.hourly)[7382 starting 0anacron
Nov 16 12:01:01 webserver run-parts(/etc/cron.hourly)[7392 finished 0anacron
Nov 16 12:01:01 webserver run-parts(/etc/cron.hourly)[7382 starting mcelog.cron
Nov 16 12:01:01 webserver run-parts(/etc/cron.hourly)[7398 finished mcelog.cron
Nov 16 13:01:01 localhost run-parts(/etc/cron.hourly)[2824 starting 0anacron
Nov 16 13:01:01 localhost run-parts(/etc/cron.hourly)[2825 finished 0anacron
Nov 16 13:01:01 localhost run-parts(/etc/cron.hourly)[2824 starting mcelog.cron
Nov 16 13:01:01 localhost run-parts(/etc/cron.hourly)[2825 finished mcelog.cron
Nov 16 13:01:01 webserver run-parts(/etc/cron.hourly)[7748 starting 0anacron
Nov 16 13:01:01 webserver run-parts(/etc/cron.hourly)[7758 finished 0anacron
Nov 16 13:01:01 webserver run-parts(/etc/cron.hourly)[7748 starting mcelog.cron
Nov 16 13:01:01 webserver run-parts(/etc/cron.hourly)[7764 finished mcelog.cron
Nov 16 14:01:01 localhost run-parts(/etc/cron.hourly)[2832 starting 0anacron
Nov 16 14:01:01 localhost run-parts(/etc/cron.hourly)[2833 finished 0anacron
Nov 16 14:01:01 localhost run-parts(/etc/cron.hourly)[2832 starting mcelog.cron
Nov 16 14:01:01 localhost run-parts(/etc/cron.hourly)[2834 finished mcelog.cron
Nov 16 14:01:01 webserver run-parts(/etc/cron.hourly)[8110 starting 0anacron
Nov 16 14:01:01 webserver run-parts(/etc/cron.hourly)[8121 finished 0anacron
Nov 16 14:01:01 webserver run-parts(/etc/cron.hourly)[8110 starting mcelog.cron
Nov 16 14:01:01 webserver run-parts(/etc/cron.hourly)[8127 finished mcelog.cron
Nov 16 15:01:01 localhost run-parts(/etc/cron.hourly)[2836 starting 0anacron
Nov 16 15:01:01 localhost run-parts(/etc/cron.hourly)[2837 finished 0anacron
Nov 16 15:01:01 localhost run-parts(/etc/cron.hourly)[2836 starting mcelog.cron
Nov 16 15:01:01 localhost run-parts(/etc/cron.hourly)[2837 finished mcelog.cron
Nov 16 15:01:01 webserver run-parts(/etc/cron.hourly)[8474 starting 0anacron
Nov 16 15:01:01 webserver run-parts(/etc/cron.hourly)[8484 finished 0anacron
Nov 16 15:01:01 webserver run-parts(/etc/cron.hourly)[8474 starting mcelog.cron
Nov 16 15:01:01 webserver run-parts(/etc/cron.hourly)[8490 finished mcelog.cron
Nov 16 16:01:01 webserver run-parts(/etc/cron.hourly)[8847 starting 0anacron
Nov 16 16:01:01 webserver run-parts(/etc/cron.hourly)[8857 finished 0anacron
Nov 16 16:01:01 webserver run-parts(/etc/cron.hourly)[8847 starting mcelog.cron
Nov 16 16:01:01 webserver run-parts(/etc/cron.hourly)[8863 finished mcelog.cron
Nov 16 16:01:01 localhost run-parts(/etc/cron.hourly)[2892 starting 0anacron
Nov 16 16:01:01 localhost run-parts(/etc/cron.hourly)[2893 finished 0anacron
Nov 16 16:01:01 localhost run-parts(/etc/cron.hourly)[2892 starting mcelog.cron
Nov 16 16:01:01 localhost run-parts(/etc/cron.hourly)[2894 finished mcelog.cron
Nov 16 17:01:01 webserver run-parts(/etc/cron.hourly)[9208 starting 0anacron
Nov 16 17:01:01 webserver run-parts(/etc/cron.hourly)[9220 finished 0anacron
Nov 16 17:01:01 webserver run-parts(/etc/cron.hourly)[9208 starting mcelog.cron
Nov 16 17:01:01 webserver run-parts(/etc/cron.hourly)[9226 finished mcelog.cron
Nov 16 17:01:01 localhost run-parts(/etc/cron.hourly)[2896 starting 0anacron
Nov 16 17:01:01 localhost run-parts(/etc/cron.hourly)[2896 finished 0anacron
Nov 16 17:01:01 localhost run-parts(/etc/cron.hourly)[2896 starting mcelog.cron
Nov 16 17:01:01 localhost run-parts(/etc/cron.hourly)[2897 finished mcelog.cron
Nov 16 18:01:01 webserver run-parts(/etc/cron.hourly)[9569 starting 0anacron
Nov 16 18:01:01 webserver run-parts(/etc/cron.hourly)[9580 finished 0anacron
Nov 16 18:01:01 webserver run-parts(/etc/cron.hourly)[9569 starting mcelog.cron
Nov 16 18:01:01 webserver run-parts(/etc/cron.hourly)[9586 finished mcelog.cron
Nov 16 18:01:01 localhost run-parts(/etc/cron.hourly)[2900 starting 0anacron
Nov 16 18:01:01 localhost run-parts(/etc/cron.hourly)[2901 finished 0anacron
Nov 16 18:01:01 localhost run-parts(/etc/cron.hourly)[2900 starting mcelog.cron
Nov 16 18:01:01 localhost run-parts(/etc/cron.hourly)[2901 finished mcelog.cron
Nov 16 19:01:01 webserver run-parts(/etc/cron.hourly)[9930 starting 0anacron
Nov 16 19:01:01 webserver run-parts(/etc/cron.hourly)[9941 finished 0anacron
Nov 16 19:01:01 webserver run-parts(/etc/cron.hourly)[9930 starting mcelog.cron
Nov 16 19:01:01 webserver run-parts(/etc/cron.hourly)[9947 finished mcelog.cron
Nov 16 19:01:01 localhost run-parts(/etc/cron.hourly)[2947 starting 0anacron
Nov 16 19:01:01 localhost run-parts(/etc/cron.hourly)[2948 finished 0anacron
Nov 16 19:01:01 localhost run-parts(/etc/cron.hourly)[2947 starting mcelog.cron
Nov 16 19:01:01 localhost run-parts(/etc/cron.hourly)[2949 finished mcelog.cron
Nov 16 20:01:01 webserver run-parts(/etc/cron.hourly)[1029 starting 0anacron
Nov 16 20:01:01 webserver run-parts(/etc/cron.hourly)[1030 finished 0anacron
Nov 16 20:01:01 webserver run-parts(/etc/cron.hourly)[1029 starting mcelog.cron
Nov 16 20:01:01 webserver run-parts(/etc/cron.hourly)[1031 finished mcelog.cron
Nov 16 20:01:01 localhost run-parts(/etc/cron.hourly)[2984 starting 0anacron
Nov 16 20:01:01 localhost run-parts(/etc/cron.hourly)[2985 finished 0anacron
Nov 16 20:01:01 localhost run-parts(/etc/cron.hourly)[2984 starting mcelog.cron
Nov 16 20:01:01 localhost run-parts(/etc/cron.hourly)[2985 finished mcelog.cron
Nov 16 21:01:01 webserver run-parts(/etc/cron.hourly)[1065 starting 0anacron
Nov 16 21:01:01 webserver run-parts(/etc/cron.hourly)[1066 finished 0anacron
Nov 16 21:01:01 webserver run-parts(/etc/cron.hourly)[1065 starting mcelog.cron
Nov 16 21:01:01 webserver run-parts(/etc/cron.hourly)[1067 finished mcelog.cron
Nov 16 21:01:01 localhost run-parts(/etc/cron.hourly)[3005 starting 0anacron
Nov 16 21:01:01 localhost run-parts(/etc/cron.hourly)[3006 finished 0anacron
Nov 16 21:01:01 localhost run-parts(/etc/cron.hourly)[3005 starting mcelog.cron
Nov 16 21:01:01 localhost run-parts(/etc/cron.hourly)[3007 finished mcelog.cron
Nov 16 22:01:01 webserver run-parts(/etc/cron.hourly)[1102 starting 0anacron
Nov 16 22:01:01 webserver run-parts(/etc/cron.hourly)[1103 finished 0anacron
Nov 16 22:01:01 webserver run-parts(/etc/cron.hourly)[1102 starting mcelog.cron
Nov 16 22:01:01 webserver run-parts(/etc/cron.hourly)[1103 finished mcelog.cron
Nov 16 22:01:02 localhost run-parts(/etc/cron.hourly)[3010 starting 0anacron
Nov 16 22:01:02 localhost run-parts(/etc/cron.hourly)[3011 finished 0anacron
Nov 16 22:01:02 localhost run-parts(/etc/cron.hourly)[3010 starting mcelog.cron
Nov 16 22:01:02 localhost run-parts(/etc/cron.hourly)[3012 finished mcelog.cron
Nov 16 23:01:01 localhost run-parts(/etc/cron.hourly)[3013 starting 0anacron
Nov 16 23:01:01 localhost run-parts(/etc/cron.hourly)[3014 finished 0anacron
Nov 16 23:01:01 localhost run-parts(/etc/cron.hourly)[3013 starting mcelog.cron
Nov 16 23:01:01 localhost run-parts(/etc/cron.hourly)[3015 finished mcelog.cron
Nov 16 23:01:01 webserver run-parts(/etc/cron.hourly)[1138 starting 0anacron
Nov 16 23:01:01 webserver run-parts(/etc/cron.hourly)[1139 finished 0anacron
Nov 16 23:01:01 webserver run-parts(/etc/cron.hourly)[1138 starting mcelog.cron
Nov 16 23:01:01 webserver run-parts(/etc/cron.hourly)[1140 finished mcelog.cron
