Nov 20 00:01:01 localhost run-parts(/etc/cron.hourly)[8003 starting 0anacron
Nov 20 00:01:01 localhost run-parts(/etc/cron.hourly)[8015 finished 0anacron
Nov 20 00:01:01 localhost run-parts(/etc/cron.hourly)[8003 starting mcelog.cron
Nov 20 00:01:01 localhost run-parts(/etc/cron.hourly)[8021 finished mcelog.cron
Nov 20 00:01:01 webserver run-parts(/etc/cron.hourly)[5901 starting 0anacron
Nov 20 00:01:01 webserver run-parts(/etc/cron.hourly)[5914 finished 0anacron
Nov 20 00:01:01 webserver run-parts(/etc/cron.hourly)[5901 starting mcelog.cron
Nov 20 00:01:02 webserver run-parts(/etc/cron.hourly)[5920 finished mcelog.cron
Nov 20 01:01:01 localhost run-parts(/etc/cron.hourly)[1062 starting 0anacron
Nov 20 01:01:01 localhost run-parts(/etc/cron.hourly)[1063 finished 0anacron
Nov 20 01:01:01 localhost run-parts(/etc/cron.hourly)[1062 starting mcelog.cron
Nov 20 01:01:01 localhost run-parts(/etc/cron.hourly)[1064 finished mcelog.cron
Nov 20 01:01:01 webserver run-parts(/etc/cron.hourly)[6266 starting 0anacron
Nov 20 01:01:01 webserver run-parts(/etc/cron.hourly)[6279 finished 0anacron
Nov 20 01:01:01 webserver run-parts(/etc/cron.hourly)[6266 starting mcelog.cron
Nov 20 01:01:01 webserver run-parts(/etc/cron.hourly)[6285 finished mcelog.cron
Nov 20 02:01:01 localhost run-parts(/etc/cron.hourly)[1347 starting 0anacron
Nov 20 02:01:01 localhost run-parts(/etc/cron.hourly)[1348 finished 0anacron
Nov 20 02:01:01 localhost run-parts(/etc/cron.hourly)[1347 starting mcelog.cron
Nov 20 02:01:01 localhost run-parts(/etc/cron.hourly)[1349 finished mcelog.cron
Nov 20 02:01:01 webserver run-parts(/etc/cron.hourly)[6632 starting 0anacron
Nov 20 02:01:01 webserver run-parts(/etc/cron.hourly)[6646 finished 0anacron
Nov 20 02:01:01 webserver run-parts(/etc/cron.hourly)[6632 starting mcelog.cron
Nov 20 02:01:01 webserver run-parts(/etc/cron.hourly)[6652 finished mcelog.cron
Nov 20 03:01:01 localhost run-parts(/etc/cron.hourly)[1613 starting 0anacron
Nov 20 03:01:01 localhost run-parts(/etc/cron.hourly)[1614 finished 0anacron
Nov 20 03:01:01 localhost run-parts(/etc/cron.hourly)[1613 starting mcelog.cron
Nov 20 03:01:01 localhost run-parts(/etc/cron.hourly)[1614 finished mcelog.cron
Nov 20 03:01:01 webserver run-parts(/etc/cron.hourly)[7002 starting 0anacron
Nov 20 03:01:01 webserver run-parts(/etc/cron.hourly)[7016 finished 0anacron
Nov 20 03:01:01 webserver run-parts(/etc/cron.hourly)[7002 starting mcelog.cron
Nov 20 03:01:01 webserver run-parts(/etc/cron.hourly)[7022 finished mcelog.cron
Nov 20 03:06:01 localhost run-parts(/etc/cron.daily)[16365 starting logrotate
Nov 20 03:06:05 localhost run-parts(/etc/cron.daily)[16412 finished logrotate
Nov 20 03:06:05 localhost run-parts(/etc/cron.daily)[16365 starting man-db.cron
Nov 20 03:06:08 localhost run-parts(/etc/cron.daily)[16424 finished man-db.cron
Nov 20 03:06:08 localhost run-parts(/etc/cron.daily)[16365 starting mlocate
Nov 20 03:06:08 localhost run-parts(/etc/cron.daily)[16435 finished mlocate
Nov 20 03:31:01 webserver run-parts(/etc/cron.daily)[7190] starting logrotate
Nov 20 03:31:02 webserver run-parts(/etc/cron.daily)[7198] finished logrotate
Nov 20 03:31:02 webserver run-parts(/etc/cron.daily)[7190] starting man-db.cron
Nov 20 03:31:05 webserver run-parts(/etc/cron.daily)[7209] finished man-db.cron
Nov 20 03:31:05 webserver run-parts(/etc/cron.daily)[7190] starting mlocate
Nov 20 03:31:07 webserver run-parts(/etc/cron.daily)[7220] finished mlocate
Nov 20 04:01:01 webserver run-parts(/etc/cron.hourly)[7397 starting 0anacron
Nov 20 04:01:01 webserver run-parts(/etc/cron.hourly)[7409 finished 0anacron
Nov 20 04:01:01 webserver run-parts(/etc/cron.hourly)[7397 starting mcelog.cron
Nov 20 04:01:01 webserver run-parts(/etc/cron.hourly)[7415 finished mcelog.cron
Nov 20 04:01:01 localhost run-parts(/etc/cron.hourly)[2690 starting 0anacron
Nov 20 04:01:01 localhost run-parts(/etc/cron.hourly)[2691 finished 0anacron
Nov 20 04:01:01 localhost run-parts(/etc/cron.hourly)[2690 starting mcelog.cron
Nov 20 04:01:01 localhost run-parts(/etc/cron.hourly)[2692 finished mcelog.cron
Nov 20 05:01:01 webserver run-parts(/etc/cron.hourly)[7764 starting 0anacron
Nov 20 05:01:01 webserver run-parts(/etc/cron.hourly)[7774 finished 0anacron
Nov 20 05:01:01 webserver run-parts(/etc/cron.hourly)[7764 starting mcelog.cron
Nov 20 05:01:01 webserver run-parts(/etc/cron.hourly)[7780 finished mcelog.cron
Nov 20 05:01:01 localhost run-parts(/etc/cron.hourly)[6795 starting 0anacron
Nov 20 05:01:01 localhost run-parts(/etc/cron.hourly)[6804 finished 0anacron
Nov 20 05:01:01 localhost run-parts(/etc/cron.hourly)[6795 starting mcelog.cron
Nov 20 05:01:01 localhost run-parts(/etc/cron.hourly)[6810 finished mcelog.cron
Nov 20 06:01:01 webserver run-parts(/etc/cron.hourly)[8128 starting 0anacron
Nov 20 06:01:01 webserver run-parts(/etc/cron.hourly)[8138 finished 0anacron
Nov 20 06:01:01 webserver run-parts(/etc/cron.hourly)[8128 starting mcelog.cron
Nov 20 06:01:01 webserver run-parts(/etc/cron.hourly)[8144 finished mcelog.cron
Nov 20 06:01:01 localhost run-parts(/etc/cron.hourly)[1101 starting 0anacron
Nov 20 06:01:01 localhost run-parts(/etc/cron.hourly)[1102 finished 0anacron
Nov 20 06:01:01 localhost run-parts(/etc/cron.hourly)[1101 starting mcelog.cron
Nov 20 06:01:01 localhost run-parts(/etc/cron.hourly)[1102 finished mcelog.cron
Nov 20 07:01:01 localhost run-parts(/etc/cron.hourly)[1386 starting 0anacron
Nov 20 07:01:01 localhost run-parts(/etc/cron.hourly)[1386 finished 0anacron
Nov 20 07:01:01 localhost run-parts(/etc/cron.hourly)[1386 starting mcelog.cron
Nov 20 07:01:01 localhost run-parts(/etc/cron.hourly)[1387 finished mcelog.cron
Nov 20 07:01:01 webserver run-parts(/etc/cron.hourly)[8488 starting 0anacron
Nov 20 07:01:01 webserver run-parts(/etc/cron.hourly)[8500 finished 0anacron
Nov 20 07:01:01 webserver run-parts(/etc/cron.hourly)[8488 starting mcelog.cron
Nov 20 07:01:01 webserver run-parts(/etc/cron.hourly)[8506 finished mcelog.cron
Nov 20 08:01:01 webserver run-parts(/etc/cron.hourly)[8852 starting 0anacron
Nov 20 08:01:01 localhost run-parts(/etc/cron.hourly)[1649 starting 0anacron
Nov 20 08:01:01 localhost run-parts(/etc/cron.hourly)[1650 finished 0anacron
Nov 20 08:01:01 localhost run-parts(/etc/cron.hourly)[1649 starting mcelog.cron
Nov 20 08:01:01 localhost run-parts(/etc/cron.hourly)[1650 finished mcelog.cron
Nov 20 08:01:01 webserver run-parts(/etc/cron.hourly)[8863 finished 0anacron
Nov 20 08:01:01 webserver run-parts(/etc/cron.hourly)[8852 starting mcelog.cron
Nov 20 08:01:01 webserver run-parts(/etc/cron.hourly)[8869 finished mcelog.cron
Nov 20 09:01:01 webserver run-parts(/etc/cron.hourly)[9212 starting 0anacron
Nov 20 09:01:01 webserver run-parts(/etc/cron.hourly)[9223 finished 0anacron
Nov 20 09:01:01 webserver run-parts(/etc/cron.hourly)[9212 starting mcelog.cron
Nov 20 09:01:01 webserver run-parts(/etc/cron.hourly)[9229 finished mcelog.cron
Nov 20 09:01:01 localhost run-parts(/etc/cron.hourly)[1678 starting 0anacron
Nov 20 09:01:01 localhost run-parts(/etc/cron.hourly)[1679 finished 0anacron
Nov 20 09:01:01 localhost run-parts(/etc/cron.hourly)[1678 starting mcelog.cron
Nov 20 09:01:01 localhost run-parts(/etc/cron.hourly)[1680 finished mcelog.cron
Nov 20 10:01:01 webserver run-parts(/etc/cron.hourly)[9575 starting 0anacron
Nov 20 10:01:01 webserver run-parts(/etc/cron.hourly)[9586 finished 0anacron
Nov 20 10:01:01 webserver run-parts(/etc/cron.hourly)[9575 starting mcelog.cron
Nov 20 10:01:01 webserver run-parts(/etc/cron.hourly)[9592 finished mcelog.cron
Nov 20 10:01:01 localhost run-parts(/etc/cron.hourly)[1684 starting 0anacron
Nov 20 10:01:01 localhost run-parts(/etc/cron.hourly)[1684 finished 0anacron
Nov 20 10:01:01 localhost run-parts(/etc/cron.hourly)[1684 starting mcelog.cron
Nov 20 10:01:01 localhost run-parts(/etc/cron.hourly)[1685 finished mcelog.cron
Nov 20 11:01:01 localhost run-parts(/etc/cron.hourly)[1694 starting 0anacron
Nov 20 11:01:01 localhost run-parts(/etc/cron.hourly)[1695 finished 0anacron
Nov 20 11:01:01 localhost run-parts(/etc/cron.hourly)[1694 starting mcelog.cron
Nov 20 11:01:01 localhost run-parts(/etc/cron.hourly)[1695 finished mcelog.cron
Nov 20 11:01:02 webserver run-parts(/etc/cron.hourly)[9938 starting 0anacron
Nov 20 11:01:02 webserver run-parts(/etc/cron.hourly)[9948 finished 0anacron
Nov 20 11:01:02 webserver run-parts(/etc/cron.hourly)[9938 starting mcelog.cron
Nov 20 11:01:02 webserver run-parts(/etc/cron.hourly)[9954 finished mcelog.cron
Nov 20 12:01:01 localhost run-parts(/etc/cron.hourly)[1697 starting 0anacron
Nov 20 12:01:01 localhost run-parts(/etc/cron.hourly)[1698 finished 0anacron
Nov 20 12:01:01 localhost run-parts(/etc/cron.hourly)[1697 starting mcelog.cron
Nov 20 12:01:01 localhost run-parts(/etc/cron.hourly)[1698 finished mcelog.cron
Nov 20 12:01:01 webserver run-parts(/etc/cron.hourly)[1030 starting 0anacron
Nov 20 12:01:01 webserver run-parts(/etc/cron.hourly)[1031 finished 0anacron
Nov 20 12:01:01 webserver run-parts(/etc/cron.hourly)[1030 starting mcelog.cron
Nov 20 12:01:01 webserver run-parts(/etc/cron.hourly)[1031 finished mcelog.cron
Nov 20 13:01:01 localhost run-parts(/etc/cron.hourly)[1702 starting 0anacron
Nov 20 13:01:01 localhost run-parts(/etc/cron.hourly)[1703 finished 0anacron
Nov 20 13:01:01 localhost run-parts(/etc/cron.hourly)[1702 starting mcelog.cron
Nov 20 13:01:01 localhost run-parts(/etc/cron.hourly)[1704 finished mcelog.cron
Nov 20 13:01:01 webserver run-parts(/etc/cron.hourly)[1077 starting 0anacron
Nov 20 13:01:02 webserver run-parts(/etc/cron.hourly)[1078 finished 0anacron
Nov 20 13:01:02 webserver run-parts(/etc/cron.hourly)[1077 starting mcelog.cron
Nov 20 13:01:02 webserver run-parts(/etc/cron.hourly)[1079 finished mcelog.cron
Nov 20 14:01:01 webserver run-parts(/etc/cron.hourly)[1114 starting 0anacron
Nov 20 14:01:01 webserver run-parts(/etc/cron.hourly)[1115 finished 0anacron
Nov 20 14:01:01 webserver run-parts(/etc/cron.hourly)[1114 starting mcelog.cron
Nov 20 14:01:01 webserver run-parts(/etc/cron.hourly)[1115 finished mcelog.cron
Nov 20 14:01:01 localhost run-parts(/etc/cron.hourly)[1819 starting 0anacron
Nov 20 14:01:01 localhost run-parts(/etc/cron.hourly)[1820 finished 0anacron
Nov 20 14:01:01 localhost run-parts(/etc/cron.hourly)[1819 starting mcelog.cron
Nov 20 14:01:01 localhost run-parts(/etc/cron.hourly)[1820 finished mcelog.cron
Nov 20 15:01:01 webserver run-parts(/etc/cron.hourly)[1150 starting 0anacron
Nov 20 15:01:01 webserver run-parts(/etc/cron.hourly)[1151 finished 0anacron
Nov 20 15:01:01 webserver run-parts(/etc/cron.hourly)[1150 starting mcelog.cron
Nov 20 15:01:01 webserver run-parts(/etc/cron.hourly)[1152 finished mcelog.cron
Nov 20 15:01:01 localhost run-parts(/etc/cron.hourly)[2083 starting 0anacron
Nov 20 15:01:01 localhost run-parts(/etc/cron.hourly)[2084 finished 0anacron
Nov 20 15:01:01 localhost run-parts(/etc/cron.hourly)[2083 starting mcelog.cron
Nov 20 15:01:01 localhost run-parts(/etc/cron.hourly)[2084 finished mcelog.cron
Nov 20 16:01:01 webserver run-parts(/etc/cron.hourly)[1187 starting 0anacron
Nov 20 16:01:01 webserver run-parts(/etc/cron.hourly)[1188 finished 0anacron
Nov 20 16:01:01 webserver run-parts(/etc/cron.hourly)[1187 starting mcelog.cron
Nov 20 16:01:01 webserver run-parts(/etc/cron.hourly)[1189 finished mcelog.cron
Nov 20 16:01:02 localhost run-parts(/etc/cron.hourly)[2344 starting 0anacron
Nov 20 16:01:02 localhost run-parts(/etc/cron.hourly)[2345 finished 0anacron
Nov 20 16:01:02 localhost run-parts(/etc/cron.hourly)[2344 starting mcelog.cron
Nov 20 16:01:02 localhost run-parts(/etc/cron.hourly)[2346 finished mcelog.cron
Nov 20 17:01:01 localhost run-parts(/etc/cron.hourly)[2435 starting 0anacron
Nov 20 17:01:01 localhost run-parts(/etc/cron.hourly)[2436 finished 0anacron
Nov 20 17:01:01 localhost run-parts(/etc/cron.hourly)[2435 starting mcelog.cron
Nov 20 17:01:01 localhost run-parts(/etc/cron.hourly)[2437 finished mcelog.cron
Nov 20 17:01:01 webserver run-parts(/etc/cron.hourly)[1223 starting 0anacron
Nov 20 17:01:01 webserver run-parts(/etc/cron.hourly)[1225 finished 0anacron
Nov 20 17:01:01 webserver run-parts(/etc/cron.hourly)[1223 starting mcelog.cron
Nov 20 17:01:01 webserver run-parts(/etc/cron.hourly)[1225 finished mcelog.cron
Nov 20 18:01:01 localhost run-parts(/etc/cron.hourly)[2480 starting 0anacron
Nov 20 18:01:01 localhost run-parts(/etc/cron.hourly)[2481 finished 0anacron
Nov 20 18:01:01 localhost run-parts(/etc/cron.hourly)[2480 starting mcelog.cron
Nov 20 18:01:01 localhost run-parts(/etc/cron.hourly)[2482 finished mcelog.cron
Nov 20 18:01:01 webserver run-parts(/etc/cron.hourly)[1261 starting 0anacron
Nov 20 18:01:01 webserver run-parts(/etc/cron.hourly)[1262 finished 0anacron
Nov 20 18:01:01 webserver run-parts(/etc/cron.hourly)[1261 starting mcelog.cron
Nov 20 18:01:01 webserver run-parts(/etc/cron.hourly)[1262 finished mcelog.cron
Nov 20 19:01:01 webserver run-parts(/etc/cron.hourly)[1297 starting 0anacron
Nov 20 19:01:01 webserver run-parts(/etc/cron.hourly)[1298 finished 0anacron
Nov 20 19:01:01 webserver run-parts(/etc/cron.hourly)[1297 starting mcelog.cron
Nov 20 19:01:01 webserver run-parts(/etc/cron.hourly)[1298 finished mcelog.cron
Nov 20 19:01:01 localhost run-parts(/etc/cron.hourly)[2525 starting 0anacron
Nov 20 19:01:01 localhost run-parts(/etc/cron.hourly)[2526 finished 0anacron
Nov 20 19:01:01 localhost run-parts(/etc/cron.hourly)[2525 starting mcelog.cron
Nov 20 19:01:01 localhost run-parts(/etc/cron.hourly)[2527 finished mcelog.cron
Nov 20 20:01:01 webserver run-parts(/etc/cron.hourly)[1333 starting 0anacron
Nov 20 20:01:01 webserver run-parts(/etc/cron.hourly)[1334 finished 0anacron
Nov 20 20:01:01 webserver run-parts(/etc/cron.hourly)[1333 starting mcelog.cron
Nov 20 20:01:01 webserver run-parts(/etc/cron.hourly)[1335 finished mcelog.cron
Nov 20 20:01:01 localhost run-parts(/etc/cron.hourly)[2530 starting 0anacron
Nov 20 20:01:01 localhost run-parts(/etc/cron.hourly)[2530 finished 0anacron
Nov 20 20:01:01 localhost run-parts(/etc/cron.hourly)[2530 starting mcelog.cron
Nov 20 20:01:01 localhost run-parts(/etc/cron.hourly)[2531 finished mcelog.cron
Nov 20 21:01:01 webserver run-parts(/etc/cron.hourly)[1369 starting 0anacron
Nov 20 21:01:01 webserver run-parts(/etc/cron.hourly)[1370 finished 0anacron
Nov 20 21:01:01 webserver run-parts(/etc/cron.hourly)[1369 starting mcelog.cron
Nov 20 21:01:01 webserver run-parts(/etc/cron.hourly)[1371 finished mcelog.cron
Nov 20 21:01:01 localhost run-parts(/etc/cron.hourly)[2330 starting 0anacron
Nov 20 21:01:01 localhost run-parts(/etc/cron.hourly)[2339 finished 0anacron
Nov 20 21:01:01 localhost run-parts(/etc/cron.hourly)[2330 starting mcelog.cron
Nov 20 21:01:01 localhost run-parts(/etc/cron.hourly)[2345 finished mcelog.cron
Nov 20 22:01:01 webserver run-parts(/etc/cron.hourly)[1405 starting 0anacron
Nov 20 22:01:01 webserver run-parts(/etc/cron.hourly)[1406 finished 0anacron
Nov 20 22:01:01 webserver run-parts(/etc/cron.hourly)[1405 starting mcelog.cron
Nov 20 22:01:01 webserver run-parts(/etc/cron.hourly)[1407 finished mcelog.cron
Nov 20 22:01:01 localhost run-parts(/etc/cron.hourly)[1474 starting 0anacron
Nov 20 22:01:01 localhost run-parts(/etc/cron.hourly)[1475 finished 0anacron
Nov 20 22:01:01 localhost run-parts(/etc/cron.hourly)[1474 starting mcelog.cron
Nov 20 22:01:01 localhost run-parts(/etc/cron.hourly)[1476 finished mcelog.cron
Nov 20 23:01:01 webserver run-parts(/etc/cron.hourly)[1441 starting 0anacron
Nov 20 23:01:01 webserver run-parts(/etc/cron.hourly)[1443 finished 0anacron
Nov 20 23:01:01 webserver run-parts(/etc/cron.hourly)[1441 starting mcelog.cron
Nov 20 23:01:01 webserver run-parts(/etc/cron.hourly)[1443 finished mcelog.cron
Nov 20 23:01:01 localhost run-parts(/etc/cron.hourly)[2281 starting 0anacron
Nov 20 23:01:01 localhost run-parts(/etc/cron.hourly)[2282 finished 0anacron
Nov 20 23:01:01 localhost run-parts(/etc/cron.hourly)[2281 starting mcelog.cron
Nov 20 23:01:01 localhost run-parts(/etc/cron.hourly)[2283 finished mcelog.cron
