Nov 18 00:01:01 localhost run-parts(/etc/cron.hourly)[8279 starting 0anacron
Nov 18 00:01:01 localhost run-parts(/etc/cron.hourly)[8291 finished 0anacron
Nov 18 00:01:01 localhost run-parts(/etc/cron.hourly)[8279 starting mcelog.cron
Nov 18 00:01:01 localhost run-parts(/etc/cron.hourly)[8297 finished mcelog.cron
Nov 18 00:01:02 webserver run-parts(/etc/cron.hourly)[2053 starting 0anacron
Nov 18 00:01:02 webserver run-parts(/etc/cron.hourly)[2054 finished 0anacron
Nov 18 00:01:02 webserver run-parts(/etc/cron.hourly)[2053 starting mcelog.cron
Nov 18 00:01:02 webserver run-parts(/etc/cron.hourly)[2054 finished mcelog.cron
Nov 18 01:01:01 localhost run-parts(/etc/cron.hourly)[8313 starting 0anacron
Nov 18 01:01:01 localhost run-parts(/etc/cron.hourly)[8325 finished 0anacron
Nov 18 01:01:01 localhost run-parts(/etc/cron.hourly)[8313 starting mcelog.cron
Nov 18 01:01:01 localhost run-parts(/etc/cron.hourly)[8331 finished mcelog.cron
Nov 18 01:01:01 webserver run-parts(/etc/cron.hourly)[2089 starting 0anacron
Nov 18 01:01:01 webserver run-parts(/etc/cron.hourly)[2090 finished 0anacron
Nov 18 01:01:01 webserver run-parts(/etc/cron.hourly)[2089 starting mcelog.cron
Nov 18 01:01:01 webserver run-parts(/etc/cron.hourly)[2091 finished mcelog.cron
Nov 18 02:01:01 localhost run-parts(/etc/cron.hourly)[8425 starting 0anacron
Nov 18 02:01:01 webserver run-parts(/etc/cron.hourly)[2126 starting 0anacron
Nov 18 02:01:01 localhost run-parts(/etc/cron.hourly)[8437 finished 0anacron
Nov 18 02:01:01 localhost run-parts(/etc/cron.hourly)[8425 starting mcelog.cron
Nov 18 02:01:01 localhost run-parts(/etc/cron.hourly)[8443 finished mcelog.cron
Nov 18 02:01:01 webserver run-parts(/etc/cron.hourly)[2127 finished 0anacron
Nov 18 02:01:01 webserver run-parts(/etc/cron.hourly)[2126 starting mcelog.cron
Nov 18 02:01:01 webserver run-parts(/etc/cron.hourly)[2128 finished mcelog.cron
Nov 18 03:01:01 webserver run-parts(/etc/cron.hourly)[2162 starting 0anacron
Nov 18 03:01:01 webserver run-parts(/etc/cron.hourly)[2164 finished 0anacron
Nov 18 03:01:01 webserver run-parts(/etc/cron.hourly)[2162 starting mcelog.cron
Nov 18 03:01:01 webserver run-parts(/etc/cron.hourly)[2164 finished mcelog.cron
Nov 18 03:01:01 localhost run-parts(/etc/cron.hourly)[8727 starting 0anacron
Nov 18 03:01:01 localhost run-parts(/etc/cron.hourly)[8739 finished 0anacron
Nov 18 03:01:01 localhost run-parts(/etc/cron.hourly)[8727 starting mcelog.cron
Nov 18 03:01:01 localhost run-parts(/etc/cron.hourly)[8745 finished mcelog.cron
Nov 18 03:11:01 webserver run-parts(/etc/cron.daily)[21705 starting logrotate
Nov 18 03:11:01 webserver run-parts(/etc/cron.daily)[21713 finished logrotate
Nov 18 03:11:01 webserver run-parts(/etc/cron.daily)[21705 starting man-db.cron
Nov 18 03:11:05 webserver run-parts(/etc/cron.daily)[21724 finished man-db.cron
Nov 18 03:11:05 webserver run-parts(/etc/cron.daily)[21705 starting mlocate
Nov 18 03:11:06 webserver run-parts(/etc/cron.daily)[21735 finished mlocate
Nov 18 03:22:01 localhost run-parts(/etc/cron.daily)[8753] starting logrotate
Nov 18 03:22:05 localhost run-parts(/etc/cron.daily)[8797] finished logrotate
Nov 18 03:22:05 localhost run-parts(/etc/cron.daily)[8753] starting man-db.cron
Nov 18 03:22:08 localhost run-parts(/etc/cron.daily)[8808] finished man-db.cron
Nov 18 03:22:08 localhost run-parts(/etc/cron.daily)[8753] starting mlocate
Nov 18 03:22:08 localhost run-parts(/etc/cron.daily)[8819] finished mlocate
Nov 18 04:01:01 webserver run-parts(/etc/cron.hourly)[2202 starting 0anacron
Nov 18 04:01:01 webserver run-parts(/etc/cron.hourly)[2203 finished 0anacron
Nov 18 04:01:01 webserver run-parts(/etc/cron.hourly)[2202 starting mcelog.cron
Nov 18 04:01:01 webserver run-parts(/etc/cron.hourly)[2204 finished mcelog.cron
Nov 18 04:01:01 localhost run-parts(/etc/cron.hourly)[9019 starting 0anacron
Nov 18 04:01:01 localhost run-parts(/etc/cron.hourly)[9028 finished 0anacron
Nov 18 04:01:01 localhost run-parts(/etc/cron.hourly)[9019 starting mcelog.cron
Nov 18 04:01:01 localhost run-parts(/etc/cron.hourly)[9034 finished mcelog.cron
Nov 18 05:01:01 webserver run-parts(/etc/cron.hourly)[2238 starting 0anacron
Nov 18 05:01:01 webserver run-parts(/etc/cron.hourly)[2239 finished 0anacron
Nov 18 05:01:01 webserver run-parts(/etc/cron.hourly)[2238 starting mcelog.cron
Nov 18 05:01:01 webserver run-parts(/etc/cron.hourly)[2240 finished mcelog.cron
Nov 18 05:01:01 localhost run-parts(/etc/cron.hourly)[9047 starting 0anacron
Nov 18 05:01:01 localhost run-parts(/etc/cron.hourly)[9056 finished 0anacron
Nov 18 05:01:01 localhost run-parts(/etc/cron.hourly)[9047 starting mcelog.cron
Nov 18 05:01:01 localhost run-parts(/etc/cron.hourly)[9062 finished mcelog.cron
Nov 18 06:01:01 webserver run-parts(/etc/cron.hourly)[2274 starting 0anacron
Nov 18 06:01:01 webserver run-parts(/etc/cron.hourly)[2276 finished 0anacron
Nov 18 06:01:01 webserver run-parts(/etc/cron.hourly)[2274 starting mcelog.cron
Nov 18 06:01:01 webserver run-parts(/etc/cron.hourly)[2276 finished mcelog.cron
Nov 18 06:01:02 localhost run-parts(/etc/cron.hourly)[9080 starting 0anacron
Nov 18 06:01:02 localhost run-parts(/etc/cron.hourly)[9089 finished 0anacron
Nov 18 06:01:02 localhost run-parts(/etc/cron.hourly)[9080 starting mcelog.cron
Nov 18 06:01:02 localhost run-parts(/etc/cron.hourly)[9095 finished mcelog.cron
Nov 18 07:01:01 localhost run-parts(/etc/cron.hourly)[9133 starting 0anacron
Nov 18 07:01:01 localhost run-parts(/etc/cron.hourly)[9142 finished 0anacron
Nov 18 07:01:01 localhost run-parts(/etc/cron.hourly)[9133 starting mcelog.cron
Nov 18 07:01:01 localhost run-parts(/etc/cron.hourly)[9148 finished mcelog.cron
Nov 18 07:01:01 webserver run-parts(/etc/cron.hourly)[2311 starting 0anacron
Nov 18 07:01:01 webserver run-parts(/etc/cron.hourly)[2312 finished 0anacron
Nov 18 07:01:01 webserver run-parts(/etc/cron.hourly)[2311 starting mcelog.cron
Nov 18 07:01:01 webserver run-parts(/etc/cron.hourly)[2313 finished mcelog.cron
Nov 18 08:01:01 webserver run-parts(/etc/cron.hourly)[2347 starting 0anacron
Nov 18 08:01:01 webserver run-parts(/etc/cron.hourly)[2348 finished 0anacron
Nov 18 08:01:01 webserver run-parts(/etc/cron.hourly)[2347 starting mcelog.cron
Nov 18 08:01:01 webserver run-parts(/etc/cron.hourly)[2349 finished mcelog.cron
Nov 18 08:01:01 localhost run-parts(/etc/cron.hourly)[1031 starting 0anacron
Nov 18 08:01:01 localhost run-parts(/etc/cron.hourly)[1032 finished 0anacron
Nov 18 08:01:01 localhost run-parts(/etc/cron.hourly)[1031 starting mcelog.cron
Nov 18 08:01:01 localhost run-parts(/etc/cron.hourly)[1032 finished mcelog.cron
Nov 18 09:01:01 webserver run-parts(/etc/cron.hourly)[2383 starting 0anacron
Nov 18 09:01:01 webserver run-parts(/etc/cron.hourly)[2384 finished 0anacron
Nov 18 09:01:01 webserver run-parts(/etc/cron.hourly)[2383 starting mcelog.cron
Nov 18 09:01:01 webserver run-parts(/etc/cron.hourly)[2385 finished mcelog.cron
Nov 18 09:01:01 localhost run-parts(/etc/cron.hourly)[1322 starting 0anacron
Nov 18 09:01:01 localhost run-parts(/etc/cron.hourly)[1323 finished 0anacron
Nov 18 09:01:01 localhost run-parts(/etc/cron.hourly)[1322 starting mcelog.cron
Nov 18 09:01:01 localhost run-parts(/etc/cron.hourly)[1323 finished mcelog.cron
Nov 18 10:01:01 webserver run-parts(/etc/cron.hourly)[2419 starting 0anacron
Nov 18 10:01:01 webserver run-parts(/etc/cron.hourly)[2420 finished 0anacron
Nov 18 10:01:01 webserver run-parts(/etc/cron.hourly)[2419 starting mcelog.cron
Nov 18 10:01:01 webserver run-parts(/etc/cron.hourly)[2421 finished mcelog.cron
Nov 18 10:01:01 localhost run-parts(/etc/cron.hourly)[1562 starting 0anacron
Nov 18 10:01:01 localhost run-parts(/etc/cron.hourly)[1563 finished 0anacron
Nov 18 10:01:01 localhost run-parts(/etc/cron.hourly)[1562 starting mcelog.cron
Nov 18 10:01:01 localhost run-parts(/etc/cron.hourly)[1563 finished mcelog.cron
Nov 18 11:01:01 webserver run-parts(/etc/cron.hourly)[2456 starting 0anacron
Nov 18 11:01:01 webserver run-parts(/etc/cron.hourly)[2457 finished 0anacron
Nov 18 11:01:01 webserver run-parts(/etc/cron.hourly)[2456 starting mcelog.cron
Nov 18 11:01:01 webserver run-parts(/etc/cron.hourly)[2457 finished mcelog.cron
Nov 18 11:01:01 localhost run-parts(/etc/cron.hourly)[1811 starting 0anacron
Nov 18 11:01:01 localhost run-parts(/etc/cron.hourly)[1812 finished 0anacron
Nov 18 11:01:01 localhost run-parts(/etc/cron.hourly)[1811 starting mcelog.cron
Nov 18 11:01:01 localhost run-parts(/etc/cron.hourly)[1812 finished mcelog.cron
Nov 18 12:01:01 webserver run-parts(/etc/cron.hourly)[2499 starting 0anacron
Nov 18 12:01:01 webserver run-parts(/etc/cron.hourly)[2500 finished 0anacron
Nov 18 12:01:01 webserver run-parts(/etc/cron.hourly)[2499 starting mcelog.cron
Nov 18 12:01:01 webserver run-parts(/etc/cron.hourly)[2500 finished mcelog.cron
Nov 18 12:01:01 localhost run-parts(/etc/cron.hourly)[2054 starting 0anacron
Nov 18 12:01:01 localhost run-parts(/etc/cron.hourly)[2055 finished 0anacron
Nov 18 12:01:01 localhost run-parts(/etc/cron.hourly)[2054 starting mcelog.cron
Nov 18 12:01:01 localhost run-parts(/etc/cron.hourly)[2055 finished mcelog.cron
Nov 18 13:01:01 webserver run-parts(/etc/cron.hourly)[2535 starting 0anacron
Nov 18 13:01:01 webserver run-parts(/etc/cron.hourly)[2536 finished 0anacron
Nov 18 13:01:01 webserver run-parts(/etc/cron.hourly)[2535 starting mcelog.cron
Nov 18 13:01:01 webserver run-parts(/etc/cron.hourly)[2537 finished mcelog.cron
Nov 18 13:01:01 localhost run-parts(/etc/cron.hourly)[2318 starting 0anacron
Nov 18 13:01:01 localhost run-parts(/etc/cron.hourly)[2319 finished 0anacron
Nov 18 13:01:01 localhost run-parts(/etc/cron.hourly)[2318 starting mcelog.cron
Nov 18 13:01:01 localhost run-parts(/etc/cron.hourly)[2319 finished mcelog.cron
Nov 18 14:01:01 webserver run-parts(/etc/cron.hourly)[2571 starting 0anacron
Nov 18 14:01:01 webserver run-parts(/etc/cron.hourly)[2572 finished 0anacron
Nov 18 14:01:01 webserver run-parts(/etc/cron.hourly)[2571 starting mcelog.cron
Nov 18 14:01:01 webserver run-parts(/etc/cron.hourly)[2573 finished mcelog.cron
Nov 18 14:01:01 localhost run-parts(/etc/cron.hourly)[2562 starting 0anacron
Nov 18 14:01:01 localhost run-parts(/etc/cron.hourly)[2563 finished 0anacron
Nov 18 14:01:01 localhost run-parts(/etc/cron.hourly)[2562 starting mcelog.cron
Nov 18 14:01:01 localhost run-parts(/etc/cron.hourly)[2564 finished mcelog.cron
Nov 18 15:01:01 webserver run-parts(/etc/cron.hourly)[2608 starting 0anacron
Nov 18 15:01:01 webserver run-parts(/etc/cron.hourly)[2609 finished 0anacron
Nov 18 15:01:01 webserver run-parts(/etc/cron.hourly)[2608 starting mcelog.cron
Nov 18 15:01:01 webserver run-parts(/etc/cron.hourly)[2609 finished mcelog.cron
Nov 18 15:01:01 localhost run-parts(/etc/cron.hourly)[2796 starting 0anacron
Nov 18 15:01:01 localhost run-parts(/etc/cron.hourly)[2797 finished 0anacron
Nov 18 15:01:01 localhost run-parts(/etc/cron.hourly)[2796 starting mcelog.cron
Nov 18 15:01:01 localhost run-parts(/etc/cron.hourly)[2798 finished mcelog.cron
Nov 18 16:01:01 webserver run-parts(/etc/cron.hourly)[2645 starting 0anacron
Nov 18 16:01:01 webserver run-parts(/etc/cron.hourly)[2646 finished 0anacron
Nov 18 16:01:01 webserver run-parts(/etc/cron.hourly)[2645 starting mcelog.cron
Nov 18 16:01:01 webserver run-parts(/etc/cron.hourly)[2646 finished mcelog.cron
Nov 18 16:01:01 localhost run-parts(/etc/cron.hourly)[3035 starting 0anacron
Nov 18 16:01:01 localhost run-parts(/etc/cron.hourly)[3036 finished 0anacron
Nov 18 16:01:01 localhost run-parts(/etc/cron.hourly)[3035 starting mcelog.cron
Nov 18 16:01:01 localhost run-parts(/etc/cron.hourly)[3037 finished mcelog.cron
Nov 18 17:01:01 localhost run-parts(/etc/cron.hourly)[3237 starting 0anacron
Nov 18 17:01:01 localhost run-parts(/etc/cron.hourly)[3238 finished 0anacron
Nov 18 17:01:01 localhost run-parts(/etc/cron.hourly)[3237 starting mcelog.cron
Nov 18 17:01:01 localhost run-parts(/etc/cron.hourly)[3238 finished mcelog.cron
Nov 18 17:01:01 webserver run-parts(/etc/cron.hourly)[2681 starting 0anacron
Nov 18 17:01:01 webserver run-parts(/etc/cron.hourly)[2682 finished 0anacron
Nov 18 17:01:01 webserver run-parts(/etc/cron.hourly)[2681 starting mcelog.cron
Nov 18 17:01:01 webserver run-parts(/etc/cron.hourly)[2683 finished mcelog.cron
Nov 18 18:01:01 localhost run-parts(/etc/cron.hourly)[2534 starting 0anacron
Nov 18 18:01:01 localhost run-parts(/etc/cron.hourly)[2543 finished 0anacron
Nov 18 18:01:01 localhost run-parts(/etc/cron.hourly)[2534 starting mcelog.cron
Nov 18 18:01:01 localhost run-parts(/etc/cron.hourly)[2550 finished mcelog.cron
Nov 18 18:01:01 webserver run-parts(/etc/cron.hourly)[2718 starting 0anacron
Nov 18 18:01:01 webserver run-parts(/etc/cron.hourly)[2719 finished 0anacron
Nov 18 18:01:01 webserver run-parts(/etc/cron.hourly)[2718 starting mcelog.cron
Nov 18 18:01:01 webserver run-parts(/etc/cron.hourly)[2719 finished mcelog.cron
Nov 18 19:01:01 localhost run-parts(/etc/cron.hourly)[5135 starting 0anacron
Nov 18 19:01:01 localhost run-parts(/etc/cron.hourly)[5144 finished 0anacron
Nov 18 19:01:01 localhost run-parts(/etc/cron.hourly)[5135 starting mcelog.cron
Nov 18 19:01:01 localhost run-parts(/etc/cron.hourly)[5150 finished mcelog.cron
Nov 18 19:01:01 webserver run-parts(/etc/cron.hourly)[2754 starting 0anacron
Nov 18 19:01:01 webserver run-parts(/etc/cron.hourly)[2755 finished 0anacron
Nov 18 19:01:01 webserver run-parts(/etc/cron.hourly)[2754 starting mcelog.cron
Nov 18 19:01:01 webserver run-parts(/etc/cron.hourly)[2756 finished mcelog.cron
Nov 18 20:01:01 localhost run-parts(/etc/cron.hourly)[8363 starting 0anacron
Nov 18 20:01:01 localhost run-parts(/etc/cron.hourly)[8372 finished 0anacron
Nov 18 20:01:01 localhost run-parts(/etc/cron.hourly)[8363 starting mcelog.cron
Nov 18 20:01:01 localhost run-parts(/etc/cron.hourly)[8378 finished mcelog.cron
Nov 18 20:01:01 webserver run-parts(/etc/cron.hourly)[2790 starting 0anacron
Nov 18 20:01:01 webserver run-parts(/etc/cron.hourly)[2791 finished 0anacron
Nov 18 20:01:01 webserver run-parts(/etc/cron.hourly)[2790 starting mcelog.cron
Nov 18 20:01:01 webserver run-parts(/etc/cron.hourly)[2792 finished mcelog.cron
Nov 18 21:01:01 webserver run-parts(/etc/cron.hourly)[2827 starting 0anacron
Nov 18 21:01:01 webserver run-parts(/etc/cron.hourly)[2828 finished 0anacron
Nov 18 21:01:01 webserver run-parts(/etc/cron.hourly)[2827 starting mcelog.cron
Nov 18 21:01:01 webserver run-parts(/etc/cron.hourly)[2829 finished mcelog.cron
Nov 18 21:01:01 localhost run-parts(/etc/cron.hourly)[1075 starting 0anacron
Nov 18 21:01:01 localhost run-parts(/etc/cron.hourly)[1076 finished 0anacron
Nov 18 21:01:01 localhost run-parts(/etc/cron.hourly)[1075 starting mcelog.cron
Nov 18 21:01:01 localhost run-parts(/etc/cron.hourly)[1077 finished mcelog.cron
Nov 18 22:01:01 webserver run-parts(/etc/cron.hourly)[2863 starting 0anacron
Nov 18 22:01:01 webserver run-parts(/etc/cron.hourly)[2864 finished 0anacron
Nov 18 22:01:01 webserver run-parts(/etc/cron.hourly)[2863 starting mcelog.cron
Nov 18 22:01:01 webserver run-parts(/etc/cron.hourly)[2865 finished mcelog.cron
Nov 18 22:01:01 localhost run-parts(/etc/cron.hourly)[1332 starting 0anacron
Nov 18 22:01:01 localhost run-parts(/etc/cron.hourly)[1333 finished 0anacron
Nov 18 22:01:01 localhost run-parts(/etc/cron.hourly)[1332 starting mcelog.cron
Nov 18 22:01:01 localhost run-parts(/etc/cron.hourly)[1333 finished mcelog.cron
Nov 18 23:01:01 webserver run-parts(/etc/cron.hourly)[2899 starting 0anacron
Nov 18 23:01:01 webserver run-parts(/etc/cron.hourly)[2901 finished 0anacron
Nov 18 23:01:01 webserver run-parts(/etc/cron.hourly)[2899 starting mcelog.cron
Nov 18 23:01:01 webserver run-parts(/etc/cron.hourly)[2901 finished mcelog.cron
Nov 18 23:01:01 localhost run-parts(/etc/cron.hourly)[1593 starting 0anacron
Nov 18 23:01:01 localhost run-parts(/etc/cron.hourly)[1594 finished 0anacron
Nov 18 23:01:01 localhost run-parts(/etc/cron.hourly)[1593 starting mcelog.cron
Nov 18 23:01:01 localhost run-parts(/etc/cron.hourly)[1594 finished mcelog.cron
