Nov  5 00:01:01 webserver run-parts(/etc/cron.hourly)[2350 starting 0anacron
Nov  5 00:01:01 webserver run-parts(/etc/cron.hourly)[2367 finished 0anacron
Nov  5 00:01:01 webserver run-parts(/etc/cron.hourly)[2350 starting mcelog.cron
Nov  5 00:01:01 webserver run-parts(/etc/cron.hourly)[2373 finished mcelog.cron
Nov  5 00:01:02 localhost run-parts(/etc/cron.hourly)[1544 starting 0anacron
Nov  5 00:01:02 localhost run-parts(/etc/cron.hourly)[1545 finished 0anacron
Nov  5 00:01:02 localhost run-parts(/etc/cron.hourly)[1544 starting mcelog.cron
Nov  5 00:01:02 localhost run-parts(/etc/cron.hourly)[1545 finished mcelog.cron
Nov  5 01:01:01 webserver run-parts(/etc/cron.hourly)[2719 starting 0anacron
Nov  5 01:01:01 webserver run-parts(/etc/cron.hourly)[2733 finished 0anacron
Nov  5 01:01:01 webserver run-parts(/etc/cron.hourly)[2719 starting mcelog.cron
Nov  5 01:01:01 webserver run-parts(/etc/cron.hourly)[2739 finished mcelog.cron
Nov  5 01:01:01 localhost run-parts(/etc/cron.hourly)[1578 starting 0anacron
Nov  5 01:01:01 localhost run-parts(/etc/cron.hourly)[1580 finished 0anacron
Nov  5 01:01:01 localhost run-parts(/etc/cron.hourly)[1578 starting mcelog.cron
Nov  5 01:01:01 localhost run-parts(/etc/cron.hourly)[1580 finished mcelog.cron
Nov  5 02:01:01 localhost run-parts(/etc/cron.hourly)[1761 starting 0anacron
Nov  5 02:01:01 localhost run-parts(/etc/cron.hourly)[1762 finished 0anacron
Nov  5 02:01:01 localhost run-parts(/etc/cron.hourly)[1761 starting mcelog.cron
Nov  5 02:01:01 localhost run-parts(/etc/cron.hourly)[1762 finished mcelog.cron
Nov  5 02:01:02 webserver run-parts(/etc/cron.hourly)[3084 starting 0anacron
Nov  5 02:01:02 webserver run-parts(/etc/cron.hourly)[3098 finished 0anacron
Nov  5 02:01:02 webserver run-parts(/etc/cron.hourly)[3084 starting mcelog.cron
Nov  5 02:01:02 webserver run-parts(/etc/cron.hourly)[3104 finished mcelog.cron
Nov  5 03:01:01 localhost run-parts(/etc/cron.hourly)[1967 starting 0anacron
Nov  5 03:01:01 localhost run-parts(/etc/cron.hourly)[1968 finished 0anacron
Nov  5 03:01:01 localhost run-parts(/etc/cron.hourly)[1967 starting mcelog.cron
Nov  5 03:01:01 localhost run-parts(/etc/cron.hourly)[1968 finished mcelog.cron
Nov  5 03:01:02 webserver run-parts(/etc/cron.hourly)[3447 starting 0anacron
Nov  5 03:01:02 webserver run-parts(/etc/cron.hourly)[3461 finished 0anacron
Nov  5 03:01:02 webserver run-parts(/etc/cron.hourly)[3447 starting mcelog.cron
Nov  5 03:01:02 webserver run-parts(/etc/cron.hourly)[3467 finished mcelog.cron
Nov  5 03:11:02 webserver run-parts(/etc/cron.daily)[3526] starting logrotate
Nov  5 03:11:02 webserver run-parts(/etc/cron.daily)[3534] finished logrotate
Nov  5 03:11:02 webserver run-parts(/etc/cron.daily)[3526] starting man-db.cron
Nov  5 03:11:05 webserver run-parts(/etc/cron.daily)[3545] finished man-db.cron
Nov  5 03:11:05 webserver run-parts(/etc/cron.daily)[3526] starting mlocate
Nov  5 03:11:09 webserver run-parts(/etc/cron.daily)[3556] finished mlocate
Nov  5 03:27:01 localhost run-parts(/etc/cron.daily)[20610 starting logrotate
Nov  5 03:27:04 localhost run-parts(/etc/cron.daily)[20655 finished logrotate
Nov  5 03:27:04 localhost run-parts(/etc/cron.daily)[20610 starting man-db.cron
Nov  5 03:27:06 localhost run-parts(/etc/cron.daily)[20667 finished man-db.cron
Nov  5 03:27:06 localhost run-parts(/etc/cron.daily)[20610 starting mlocate
Nov  5 03:27:07 localhost run-parts(/etc/cron.daily)[20678 finished mlocate
Nov  5 04:01:01 localhost run-parts(/etc/cron.hourly)[2177 starting 0anacron
Nov  5 04:01:01 localhost run-parts(/etc/cron.hourly)[2178 finished 0anacron
Nov  5 04:01:01 localhost run-parts(/etc/cron.hourly)[2177 starting mcelog.cron
Nov  5 04:01:01 localhost run-parts(/etc/cron.hourly)[2179 finished mcelog.cron
Nov  5 04:01:02 webserver run-parts(/etc/cron.hourly)[3845 starting 0anacron
Nov  5 04:01:02 webserver run-parts(/etc/cron.hourly)[3856 finished 0anacron
Nov  5 04:01:02 webserver run-parts(/etc/cron.hourly)[3845 starting mcelog.cron
Nov  5 04:01:02 webserver run-parts(/etc/cron.hourly)[3862 finished mcelog.cron
Nov  5 05:01:01 localhost run-parts(/etc/cron.hourly)[2416 starting 0anacron
Nov  5 05:01:01 localhost run-parts(/etc/cron.hourly)[2417 finished 0anacron
Nov  5 05:01:01 localhost run-parts(/etc/cron.hourly)[2416 starting mcelog.cron
Nov  5 05:01:01 localhost run-parts(/etc/cron.hourly)[2417 finished mcelog.cron
Nov  5 05:01:02 webserver run-parts(/etc/cron.hourly)[4210 starting 0anacron
Nov  5 05:01:02 webserver run-parts(/etc/cron.hourly)[4220 finished 0anacron
Nov  5 05:01:02 webserver run-parts(/etc/cron.hourly)[4210 starting mcelog.cron
Nov  5 05:01:02 webserver run-parts(/etc/cron.hourly)[4226 finished mcelog.cron
Nov  5 06:01:01 webserver run-parts(/etc/cron.hourly)[4573 starting 0anacron
Nov  5 06:01:01 webserver run-parts(/etc/cron.hourly)[4583 finished 0anacron
Nov  5 06:01:01 webserver run-parts(/etc/cron.hourly)[4573 starting mcelog.cron
Nov  5 06:01:01 webserver run-parts(/etc/cron.hourly)[4589 finished mcelog.cron
Nov  5 06:01:01 localhost run-parts(/etc/cron.hourly)[2649 starting 0anacron
Nov  5 06:01:01 localhost run-parts(/etc/cron.hourly)[2650 finished 0anacron
Nov  5 06:01:01 localhost run-parts(/etc/cron.hourly)[2649 starting mcelog.cron
Nov  5 06:01:02 localhost run-parts(/etc/cron.hourly)[2651 finished mcelog.cron
Nov  5 07:01:01 localhost run-parts(/etc/cron.hourly)[2999 starting 0anacron
Nov  5 07:01:01 localhost run-parts(/etc/cron.hourly)[3000 finished 0anacron
Nov  5 07:01:01 localhost run-parts(/etc/cron.hourly)[2999 starting mcelog.cron
Nov  5 07:01:01 localhost run-parts(/etc/cron.hourly)[3001 finished mcelog.cron
Nov  5 07:01:01 webserver run-parts(/etc/cron.hourly)[4939 starting 0anacron
Nov  5 07:01:01 webserver run-parts(/etc/cron.hourly)[4949 finished 0anacron
Nov  5 07:01:01 webserver run-parts(/etc/cron.hourly)[4939 starting mcelog.cron
Nov  5 07:01:01 webserver run-parts(/etc/cron.hourly)[4955 finished mcelog.cron
Nov  5 08:01:01 localhost run-parts(/etc/cron.hourly)[3202 starting 0anacron
Nov  5 08:01:01 localhost run-parts(/etc/cron.hourly)[3203 finished 0anacron
Nov  5 08:01:01 localhost run-parts(/etc/cron.hourly)[3202 starting mcelog.cron
Nov  5 08:01:01 localhost run-parts(/etc/cron.hourly)[3203 finished mcelog.cron
Nov  5 08:01:01 webserver run-parts(/etc/cron.hourly)[5349 starting 0anacron
Nov  5 08:01:01 webserver run-parts(/etc/cron.hourly)[5360 finished 0anacron
Nov  5 08:01:01 webserver run-parts(/etc/cron.hourly)[5349 starting mcelog.cron
Nov  5 08:01:01 webserver run-parts(/etc/cron.hourly)[5367 finished mcelog.cron
Nov  5 09:01:01 localhost run-parts(/etc/cron.hourly)[1077 starting 0anacron
Nov  5 09:01:01 localhost run-parts(/etc/cron.hourly)[1086 finished 0anacron
Nov  5 09:01:01 localhost run-parts(/etc/cron.hourly)[1077 starting mcelog.cron
Nov  5 09:01:01 localhost run-parts(/etc/cron.hourly)[1092 finished mcelog.cron
Nov  5 09:01:01 webserver run-parts(/etc/cron.hourly)[5711 starting 0anacron
Nov  5 09:01:01 webserver run-parts(/etc/cron.hourly)[5721 finished 0anacron
Nov  5 09:01:01 webserver run-parts(/etc/cron.hourly)[5711 starting mcelog.cron
Nov  5 09:01:01 webserver run-parts(/etc/cron.hourly)[5727 finished mcelog.cron
Nov  5 10:01:01 localhost run-parts(/etc/cron.hourly)[1123 starting 0anacron
Nov  5 10:01:01 localhost run-parts(/etc/cron.hourly)[1132 finished 0anacron
Nov  5 10:01:01 localhost run-parts(/etc/cron.hourly)[1123 starting mcelog.cron
Nov  5 10:01:01 localhost run-parts(/etc/cron.hourly)[1138 finished mcelog.cron
Nov  5 10:01:01 webserver run-parts(/etc/cron.hourly)[6071 starting 0anacron
Nov  5 10:01:01 webserver run-parts(/etc/cron.hourly)[6082 finished 0anacron
Nov  5 10:01:01 webserver run-parts(/etc/cron.hourly)[6071 starting mcelog.cron
Nov  5 10:01:01 webserver run-parts(/etc/cron.hourly)[6088 finished mcelog.cron
Nov  5 11:01:01 localhost run-parts(/etc/cron.hourly)[1895 starting 0anacron
Nov  5 11:01:01 localhost run-parts(/etc/cron.hourly)[1906 finished 0anacron
Nov  5 11:01:01 localhost run-parts(/etc/cron.hourly)[1895 starting mcelog.cron
Nov  5 11:01:01 localhost run-parts(/etc/cron.hourly)[1913 finished mcelog.cron
Nov  5 11:01:01 webserver run-parts(/etc/cron.hourly)[6525 starting 0anacron
Nov  5 11:01:01 webserver run-parts(/etc/cron.hourly)[6538 finished 0anacron
Nov  5 11:01:01 webserver run-parts(/etc/cron.hourly)[6525 starting mcelog.cron
Nov  5 11:01:01 webserver run-parts(/etc/cron.hourly)[6544 finished mcelog.cron
Nov  5 12:01:01 localhost run-parts(/etc/cron.hourly)[1940 starting 0anacron
Nov  5 12:01:01 localhost run-parts(/etc/cron.hourly)[1949 finished 0anacron
Nov  5 12:01:01 localhost run-parts(/etc/cron.hourly)[1940 starting mcelog.cron
Nov  5 12:01:01 localhost run-parts(/etc/cron.hourly)[1955 finished mcelog.cron
Nov  5 12:01:02 webserver run-parts(/etc/cron.hourly)[6993 starting 0anacron
Nov  5 12:01:02 webserver run-parts(/etc/cron.hourly)[7004 finished 0anacron
Nov  5 12:01:02 webserver run-parts(/etc/cron.hourly)[6993 starting mcelog.cron
Nov  5 12:01:02 webserver run-parts(/etc/cron.hourly)[7010 finished mcelog.cron
Nov  5 13:01:01 localhost run-parts(/etc/cron.hourly)[1982 starting 0anacron
Nov  5 13:01:01 localhost run-parts(/etc/cron.hourly)[1991 finished 0anacron
Nov  5 13:01:01 localhost run-parts(/etc/cron.hourly)[1982 starting mcelog.cron
Nov  5 13:01:01 localhost run-parts(/etc/cron.hourly)[1997 finished mcelog.cron
Nov  5 13:01:02 webserver run-parts(/etc/cron.hourly)[7356 starting 0anacron
Nov  5 13:01:02 webserver run-parts(/etc/cron.hourly)[7366 finished 0anacron
Nov  5 13:01:02 webserver run-parts(/etc/cron.hourly)[7356 starting mcelog.cron
Nov  5 13:01:02 webserver run-parts(/etc/cron.hourly)[7372 finished mcelog.cron
Nov  5 14:01:01 webserver run-parts(/etc/cron.hourly)[7716 starting 0anacron
Nov  5 14:01:01 localhost run-parts(/etc/cron.hourly)[2023 starting 0anacron
Nov  5 14:01:01 localhost run-parts(/etc/cron.hourly)[2032 finished 0anacron
Nov  5 14:01:01 localhost run-parts(/etc/cron.hourly)[2023 starting mcelog.cron
Nov  5 14:01:02 localhost run-parts(/etc/cron.hourly)[2038 finished mcelog.cron
Nov  5 14:01:02 webserver run-parts(/etc/cron.hourly)[7727 finished 0anacron
Nov  5 14:01:02 webserver run-parts(/etc/cron.hourly)[7716 starting mcelog.cron
Nov  5 14:01:02 webserver run-parts(/etc/cron.hourly)[7733 finished mcelog.cron
Nov  5 15:01:01 localhost run-parts(/etc/cron.hourly)[2155 starting 0anacron
Nov  5 15:01:01 localhost run-parts(/etc/cron.hourly)[2164 finished 0anacron
Nov  5 15:01:01 localhost run-parts(/etc/cron.hourly)[2155 starting mcelog.cron
Nov  5 15:01:01 localhost run-parts(/etc/cron.hourly)[2170 finished mcelog.cron
Nov  5 15:01:02 webserver run-parts(/etc/cron.hourly)[8089 starting 0anacron
Nov  5 15:01:02 webserver run-parts(/etc/cron.hourly)[8100 finished 0anacron
Nov  5 15:01:02 webserver run-parts(/etc/cron.hourly)[8089 starting mcelog.cron
Nov  5 15:01:02 webserver run-parts(/etc/cron.hourly)[8106 finished mcelog.cron
Nov  5 16:01:01 localhost run-parts(/etc/cron.hourly)[2482 starting 0anacron
Nov  5 16:01:01 localhost run-parts(/etc/cron.hourly)[2491 finished 0anacron
Nov  5 16:01:01 localhost run-parts(/etc/cron.hourly)[2482 starting mcelog.cron
Nov  5 16:01:01 localhost run-parts(/etc/cron.hourly)[2497 finished mcelog.cron
Nov  5 16:01:02 webserver run-parts(/etc/cron.hourly)[8461 starting 0anacron
Nov  5 16:01:02 webserver run-parts(/etc/cron.hourly)[8471 finished 0anacron
Nov  5 16:01:02 webserver run-parts(/etc/cron.hourly)[8461 starting mcelog.cron
Nov  5 16:01:02 webserver run-parts(/etc/cron.hourly)[8477 finished mcelog.cron
Nov  5 17:01:01 localhost run-parts(/etc/cron.hourly)[2539 starting 0anacron
Nov  5 17:01:01 localhost run-parts(/etc/cron.hourly)[2548 finished 0anacron
Nov  5 17:01:01 localhost run-parts(/etc/cron.hourly)[2539 starting mcelog.cron
Nov  5 17:01:01 localhost run-parts(/etc/cron.hourly)[2554 finished mcelog.cron
Nov  5 17:01:02 webserver run-parts(/etc/cron.hourly)[8824 starting 0anacron
Nov  5 17:01:02 webserver run-parts(/etc/cron.hourly)[8835 finished 0anacron
Nov  5 17:01:02 webserver run-parts(/etc/cron.hourly)[8824 starting mcelog.cron
Nov  5 17:01:02 webserver run-parts(/etc/cron.hourly)[8841 finished mcelog.cron
Nov  5 18:01:01 localhost run-parts(/etc/cron.hourly)[2845 starting 0anacron
Nov  5 18:01:01 localhost run-parts(/etc/cron.hourly)[2854 finished 0anacron
Nov  5 18:01:01 localhost run-parts(/etc/cron.hourly)[2845 starting mcelog.cron
Nov  5 18:01:01 localhost run-parts(/etc/cron.hourly)[2860 finished mcelog.cron
Nov  5 18:01:01 webserver run-parts(/etc/cron.hourly)[9186 starting 0anacron
Nov  5 18:01:01 webserver run-parts(/etc/cron.hourly)[9196 finished 0anacron
Nov  5 18:01:01 webserver run-parts(/etc/cron.hourly)[9186 starting mcelog.cron
Nov  5 18:01:01 webserver run-parts(/etc/cron.hourly)[9202 finished mcelog.cron
Nov  5 19:01:01 localhost run-parts(/etc/cron.hourly)[2897 starting 0anacron
Nov  5 19:01:01 localhost run-parts(/etc/cron.hourly)[2906 finished 0anacron
Nov  5 19:01:01 localhost run-parts(/etc/cron.hourly)[2897 starting mcelog.cron
Nov  5 19:01:01 localhost run-parts(/etc/cron.hourly)[2912 finished mcelog.cron
Nov  5 19:01:01 webserver run-parts(/etc/cron.hourly)[9553 starting 0anacron
Nov  5 19:01:01 webserver run-parts(/etc/cron.hourly)[9564 finished 0anacron
Nov  5 19:01:01 webserver run-parts(/etc/cron.hourly)[9553 starting mcelog.cron
Nov  5 19:01:01 webserver run-parts(/etc/cron.hourly)[9570 finished mcelog.cron
Nov  5 20:01:01 localhost run-parts(/etc/cron.hourly)[2938 starting 0anacron
Nov  5 20:01:01 localhost run-parts(/etc/cron.hourly)[2947 finished 0anacron
Nov  5 20:01:01 localhost run-parts(/etc/cron.hourly)[2938 starting mcelog.cron
Nov  5 20:01:01 localhost run-parts(/etc/cron.hourly)[2953 finished mcelog.cron
Nov  5 20:01:01 webserver run-parts(/etc/cron.hourly)[9919 starting 0anacron
Nov  5 20:01:01 webserver run-parts(/etc/cron.hourly)[9929 finished 0anacron
Nov  5 20:01:01 webserver run-parts(/etc/cron.hourly)[9919 starting mcelog.cron
Nov  5 20:01:01 webserver run-parts(/etc/cron.hourly)[9935 finished mcelog.cron
Nov  5 21:01:01 webserver run-parts(/etc/cron.hourly)[1028 starting 0anacron
Nov  5 21:01:01 webserver run-parts(/etc/cron.hourly)[1029 finished 0anacron
Nov  5 21:01:01 webserver run-parts(/etc/cron.hourly)[1028 starting mcelog.cron
Nov  5 21:01:01 webserver run-parts(/etc/cron.hourly)[1029 finished mcelog.cron
Nov  5 21:01:01 localhost run-parts(/etc/cron.hourly)[4573 starting 0anacron
Nov  5 21:01:01 localhost run-parts(/etc/cron.hourly)[4582 finished 0anacron
Nov  5 21:01:01 localhost run-parts(/etc/cron.hourly)[4573 starting mcelog.cron
Nov  5 21:01:01 localhost run-parts(/etc/cron.hourly)[4588 finished mcelog.cron
Nov  5 22:01:01 localhost run-parts(/etc/cron.hourly)[5045 starting 0anacron
Nov  5 22:01:01 localhost run-parts(/etc/cron.hourly)[5054 finished 0anacron
Nov  5 22:01:01 localhost run-parts(/etc/cron.hourly)[5045 starting mcelog.cron
Nov  5 22:01:01 localhost run-parts(/etc/cron.hourly)[5060 finished mcelog.cron
Nov  5 22:01:01 webserver run-parts(/etc/cron.hourly)[1064 starting 0anacron
Nov  5 22:01:01 webserver run-parts(/etc/cron.hourly)[1065 finished 0anacron
Nov  5 22:01:01 webserver run-parts(/etc/cron.hourly)[1064 starting mcelog.cron
Nov  5 22:01:01 webserver run-parts(/etc/cron.hourly)[1066 finished mcelog.cron
Nov  5 23:01:01 localhost run-parts(/etc/cron.hourly)[5322 starting 0anacron
Nov  5 23:01:01 localhost run-parts(/etc/cron.hourly)[5331 finished 0anacron
Nov  5 23:01:01 localhost run-parts(/etc/cron.hourly)[5322 starting mcelog.cron
Nov  5 23:01:01 localhost run-parts(/etc/cron.hourly)[5337 finished mcelog.cron
Nov  5 23:01:02 webserver run-parts(/etc/cron.hourly)[1117 starting 0anacron
Nov  5 23:01:02 webserver run-parts(/etc/cron.hourly)[1118 finished 0anacron
Nov  5 23:01:02 webserver run-parts(/etc/cron.hourly)[1117 starting mcelog.cron
Nov  5 23:01:02 webserver run-parts(/etc/cron.hourly)[1118 finished mcelog.cron
