Oct 30 18:08:01 localhost systemd: Starting Session 1530 of user root.
Oct 30 18:08:01 localhost systemd: Started Session 1530 of user root.
Oct 30 18:09:01 localhost systemd: Starting Session 1531 of user root.
Oct 30 18:09:01 localhost systemd: Started Session 1531 of user root.
Oct 30 18:10:01 localhost systemd: Starting Session 1532 of user root.
Oct 30 18:10:01 localhost systemd: Started Session 1532 of user root.
Oct 30 18:11:02 localhost systemd: Starting Session 1533 of user root.
Oct 30 18:11:02 localhost systemd: Started Session 1533 of user root.
Oct 30 18:12:01 localhost systemd: Starting Session 1534 of user root.
Oct 30 18:12:01 localhost systemd: Started Session 1534 of user root.
Oct 30 18:13:01 localhost systemd: Starting Session 1535 of user root.
Oct 30 18:13:01 localhost systemd: Started Session 1535 of user root.
Oct 30 18:14:01 localhost systemd: Starting Session 1536 of user root.
Oct 30 18:14:01 localhost systemd: Started Session 1536 of user root.
Oct 30 18:15:01 localhost systemd: Starting Session 1537 of user root.
Oct 30 18:15:01 localhost systemd: Started Session 1537 of user root.
Oct 30 18:16:01 localhost systemd: Starting Session 1538 of user root.
Oct 30 18:16:01 localhost systemd: Started Session 1538 of user root.
Oct 30 18:17:01 localhost systemd: Starting Session 1539 of user root.
Oct 30 18:17:01 localhost systemd: Started Session 1539 of user root.
Oct 30 18:18:01 localhost systemd: Starting Session 1540 of user root.
Oct 30 18:18:01 localhost systemd: Started Session 1540 of user root.
Oct 30 18:19:01 localhost systemd: Starting Session 1541 of user root.
Oct 30 18:19:01 localhost systemd: Started Session 1541 of user root.
Oct 30 18:20:01 localhost systemd: Starting Session 1542 of user root.
Oct 30 18:20:01 localhost systemd: Started Session 1542 of user root.
Oct 30 18:21:01 localhost systemd: Starting Session 1543 of user root.
Oct 30 18:21:01 localhost systemd: Started Session 1543 of user root.
Oct 30 18:22:01 localhost systemd: Starting Session 1544 of user root.
Oct 30 18:22:01 localhost systemd: Started Session 1544 of user root.
Oct 30 18:23:01 localhost systemd: Starting Session 1545 of user root.
Oct 30 18:23:01 localhost systemd: Started Session 1545 of user root.
Oct 30 18:24:01 localhost systemd: Starting Session 1546 of user root.
Oct 30 18:24:01 localhost systemd: Started Session 1546 of user root.
Oct 30 18:25:01 localhost systemd: Starting Session 1547 of user root.
Oct 30 18:25:01 localhost systemd: Started Session 1547 of user root.
Oct 30 18:26:01 localhost systemd: Starting Session 1548 of user root.
Oct 30 18:26:01 localhost systemd: Started Session 1548 of user root.
Oct 30 18:27:01 localhost systemd: Starting Session 1549 of user root.
Oct 30 18:27:01 localhost systemd: Started Session 1549 of user root.
Oct 30 18:28:01 localhost systemd: Starting Session 1550 of user root.
Oct 30 18:28:01 localhost systemd: Started Session 1550 of user root.
Oct 30 18:29:01 localhost systemd: Starting Session 1551 of user root.
Oct 30 18:29:01 localhost systemd: Started Session 1551 of user root.
Oct 30 18:30:01 localhost systemd: Starting Session 1552 of user root.
Oct 30 18:30:01 localhost systemd: Started Session 1552 of user root.
Oct 30 18:31:01 localhost systemd: Starting Session 1553 of user root.
Oct 30 18:31:01 localhost systemd: Started Session 1553 of user root.
Oct 30 18:32:01 localhost systemd: Starting Session 1554 of user root.
Oct 30 18:32:01 localhost systemd: Started Session 1554 of user root.
Oct 30 18:33:01 localhost systemd: Starting Session 1555 of user root.
Oct 30 18:33:01 localhost systemd: Started Session 1555 of user root.
Oct 30 18:34:01 localhost systemd: Starting Session 1556 of user root.
Oct 30 18:34:01 localhost systemd: Started Session 1556 of user root.
Oct 30 18:35:01 localhost systemd: Starting Session 1557 of user root.
Oct 30 18:35:01 localhost systemd: Started Session 1557 of user root.
Oct 30 18:36:01 localhost systemd: Starting Session 1558 of user root.
Oct 30 18:36:01 localhost systemd: Started Session 1558 of user root.
Oct 30 18:37:01 localhost systemd: Starting Session 1559 of user root.
Oct 30 18:37:01 localhost systemd: Started Session 1559 of user root.
Oct 30 18:38:01 localhost systemd: Starting Session 1560 of user root.
Oct 30 18:38:01 localhost systemd: Started Session 1560 of user root.
Oct 30 18:39:01 localhost systemd: Starting Session 1561 of user root.
Oct 30 18:39:01 localhost systemd: Started Session 1561 of user root.
Oct 30 18:40:01 localhost systemd: Starting Session 1562 of user root.
Oct 30 18:40:01 localhost systemd: Started Session 1562 of user root.
Oct 30 18:41:01 localhost systemd: Starting Session 1563 of user root.
Oct 30 18:41:01 localhost systemd: Started Session 1563 of user root.
Oct 30 18:42:01 localhost systemd: Starting Session 1564 of user root.
Oct 30 18:42:01 localhost systemd: Started Session 1564 of user root.
Oct 30 18:43:01 localhost systemd: Starting Session 1565 of user root.
Oct 30 18:43:01 localhost systemd: Started Session 1565 of user root.
Oct 30 18:44:01 localhost systemd: Starting Session 1566 of user root.
Oct 30 18:44:01 localhost systemd: Started Session 1566 of user root.
Oct 30 18:44:51 localhost systemd: Starting PackageKit Daemon...
Oct 30 18:44:51 localhost systemd: Started PackageKit Daemon.
Oct 30 18:45:01 localhost systemd: Starting Session 1567 of user root.
Oct 30 18:45:01 localhost systemd: Started Session 1567 of user root.
Oct 30 18:46:01 localhost systemd: Starting Session 1568 of user root.
Oct 30 18:46:01 localhost systemd: Started Session 1568 of user root.
Oct 30 18:47:01 localhost systemd: Starting Session 1569 of user root.
Oct 30 18:47:01 localhost systemd: Started Session 1569 of user root.
Oct 30 18:48:01 localhost systemd: Starting Session 1570 of user root.
Oct 30 18:48:01 localhost systemd: Started Session 1570 of user root.
Oct 30 18:49:01 localhost systemd: Starting Session 1571 of user root.
Oct 30 18:49:01 localhost systemd: Started Session 1571 of user root.
Oct 30 18:50:01 localhost systemd: Starting Session 1572 of user root.
Oct 30 18:50:01 localhost systemd: Started Session 1572 of user root.
Oct 30 18:51:01 localhost systemd: Starting Session 1573 of user root.
Oct 30 18:51:01 localhost systemd: Started Session 1573 of user root.
Oct 30 18:52:02 localhost systemd: Starting Session 1574 of user root.
Oct 30 18:52:02 localhost systemd: Started Session 1574 of user root.
Oct 30 18:53:01 localhost systemd: Starting Session 1575 of user root.
Oct 30 18:53:01 localhost systemd: Started Session 1575 of user root.
Oct 30 18:54:01 localhost systemd: Starting Session 1576 of user root.
Oct 30 18:54:01 localhost systemd: Started Session 1576 of user root.
Oct 30 18:54:09 localhost systemd: Starting dnf makecache...
Oct 30 18:54:09 localhost systemd: Started dnf makecache.
Oct 30 18:55:01 localhost systemd: Starting Session 1577 of user root.
Oct 30 18:55:01 localhost systemd: Started Session 1577 of user root.
Oct 30 18:56:01 localhost systemd: Starting Session 1578 of user root.
Oct 30 18:56:01 localhost systemd: Started Session 1578 of user root.
Oct 30 18:57:01 localhost systemd: Starting Session 1579 of user root.
Oct 30 18:57:01 localhost systemd: Started Session 1579 of user root.
Oct 30 18:58:01 localhost systemd: Starting Session 1580 of user root.
Oct 30 18:58:01 localhost systemd: Started Session 1580 of user root.
Oct 30 18:59:01 localhost systemd: Starting Session 1581 of user root.
Oct 30 18:59:01 localhost systemd: Started Session 1581 of user root.
Oct 30 19:00:01 localhost systemd: Starting Session 1582 of user root.
Oct 30 19:00:01 localhost systemd: Started Session 1582 of user root.
Oct 30 19:01:01 localhost systemd: Starting Session 1583 of user root.
Oct 30 19:01:01 localhost systemd: Started Session 1583 of user root.
Oct 30 19:01:01 localhost systemd: Starting Session 1584 of user root.
Oct 30 19:01:01 localhost systemd: Started Session 1584 of user root.
Oct 30 19:01:01 localhost systemd: Starting Session 16 of user root.
Oct 30 19:01:01 localhost systemd: Started Session 16 of user root.
Oct 30 19:02:01 localhost systemd: Starting Session 1585 of user root.
Oct 30 19:02:01 localhost systemd: Started Session 1585 of user root.
Oct 30 19:03:01 localhost systemd: Starting Session 1586 of user root.
Oct 30 19:03:01 localhost systemd: Started Session 1586 of user root.
Oct 30 19:04:01 localhost systemd: Starting Session 1587 of user root.
Oct 30 19:04:01 localhost systemd: Started Session 1587 of user root.
Oct 30 19:05:01 localhost systemd: Starting Session 1588 of user root.
Oct 30 19:05:01 localhost systemd: Started Session 1588 of user root.
Oct 30 19:06:01 localhost systemd: Starting Session 1589 of user root.
Oct 30 19:06:01 localhost systemd: Started Session 1589 of user root.
Oct 30 19:07:01 localhost systemd: Starting Session 1590 of user root.
Oct 30 19:07:01 localhost systemd: Started Session 1590 of user root.
Oct 30 19:07:09 localhost systemd: Starting dnf makecache...
Oct 30 19:07:09 localhost systemd: Started dnf makecache.
Oct 30 19:08:01 localhost systemd: Starting Session 1591 of user root.
Oct 30 19:08:01 localhost systemd: Started Session 1591 of user root.
Oct 30 19:09:01 localhost systemd: Starting Session 1592 of user root.
Oct 30 19:09:01 localhost systemd: Started Session 1592 of user root.
Oct 30 19:10:01 localhost systemd: Starting Session 1593 of user root.
Oct 30 19:10:01 localhost systemd: Started Session 1593 of user root.
Oct 30 19:11:01 localhost systemd: Starting Session 1594 of user root.
Oct 30 19:11:01 localhost systemd: Started Session 1594 of user root.
Oct 30 19:12:01 localhost systemd: Starting Session 1595 of user root.
Oct 30 19:12:01 localhost systemd: Started Session 1595 of user root.
Oct 30 19:13:01 localhost systemd: Starting Session 1596 of user root.
Oct 30 19:13:01 localhost systemd: Started Session 1596 of user root.
Oct 30 19:14:01 localhost systemd: Starting Session 1597 of user root.
Oct 30 19:14:01 localhost systemd: Started Session 1597 of user root.
Oct 30 19:15:01 localhost systemd: Starting Session 1598 of user root.
Oct 30 19:15:01 localhost systemd: Started Session 1598 of user root.
Oct 30 19:16:01 localhost systemd: Starting Session 1599 of user root.
Oct 30 19:16:01 localhost systemd: Started Session 1599 of user root.
Oct 30 19:17:01 localhost systemd: Starting Session 1600 of user root.
Oct 30 19:17:01 localhost systemd: Started Session 1600 of user root.
Oct 30 19:18:01 localhost systemd: Starting Session 1601 of user root.
Oct 30 19:18:01 localhost systemd: Started Session 1601 of user root.
Oct 30 19:19:01 localhost systemd: Starting Session 1602 of user root.
Oct 30 19:19:01 localhost systemd: Started Session 1602 of user root.
Oct 30 19:20:01 localhost systemd: Starting Session 1603 of user root.
Oct 30 19:20:01 localhost systemd: Started Session 1603 of user root.
Oct 30 19:21:01 localhost systemd: Starting Session 1604 of user root.
Oct 30 19:21:01 localhost systemd: Started Session 1604 of user root.
Oct 30 19:22:01 localhost systemd: Starting Session 1605 of user root.
Oct 30 19:22:01 localhost systemd: Started Session 1605 of user root.
Oct 30 19:23:01 localhost systemd: Starting Session 1606 of user root.
Oct 30 19:23:01 localhost systemd: Started Session 1606 of user root.
Oct 30 19:24:01 localhost systemd: Starting Session 1607 of user root.
Oct 30 19:24:01 localhost systemd: Started Session 1607 of user root.
Oct 30 19:25:01 localhost systemd: Starting Session 1608 of user root.
Oct 30 19:25:01 localhost systemd: Started Session 1608 of user root.
Oct 30 19:26:01 localhost systemd: Starting Session 1609 of user root.
Oct 30 19:26:01 localhost systemd: Started Session 1609 of user root.
Oct 30 19:27:01 localhost systemd: Starting Session 1610 of user root.
Oct 30 19:27:01 localhost systemd: Started Session 1610 of user root.
Oct 30 19:28:01 localhost systemd: Starting Session 1611 of user root.
Oct 30 19:28:01 localhost systemd: Started Session 1611 of user root.
Oct 30 19:29:01 localhost systemd: Starting Session 1612 of user root.
Oct 30 19:29:01 localhost systemd: Started Session 1612 of user root.
Oct 30 19:30:01 localhost systemd: Starting Session 1613 of user root.
Oct 30 19:30:01 localhost systemd: Started Session 1613 of user root.
Oct 30 19:31:01 localhost systemd: Starting Session 1614 of user root.
Oct 30 19:31:01 localhost systemd: Started Session 1614 of user root.
Oct 30 19:32:02 localhost systemd: Starting Session 1615 of user root.
Oct 30 19:32:02 localhost systemd: Started Session 1615 of user root.
Oct 30 19:33:01 localhost systemd: Starting Session 1616 of user root.
Oct 30 19:33:01 localhost systemd: Started Session 1616 of user root.
Oct 30 19:34:01 localhost systemd: Starting Session 1617 of user root.
Oct 30 19:34:01 localhost systemd: Started Session 1617 of user root.
Oct 30 19:35:01 localhost systemd: Starting Session 1618 of user root.
Oct 30 19:35:01 localhost systemd: Started Session 1618 of user root.
Oct 30 19:36:01 localhost systemd: Starting Session 1619 of user root.
Oct 30 19:36:01 localhost systemd: Started Session 1619 of user root.
Oct 30 19:37:01 localhost systemd: Starting Session 1620 of user root.
Oct 30 19:37:01 localhost systemd: Started Session 1620 of user root.
Oct 30 19:38:01 localhost systemd: Starting Session 1621 of user root.
Oct 30 19:38:01 localhost systemd: Started Session 1621 of user root.
Oct 30 19:39:01 localhost systemd: Starting Session 1622 of user root.
Oct 30 19:39:01 localhost systemd: Started Session 1622 of user root.
Oct 30 19:40:01 localhost systemd: Starting Session 1623 of user root.
Oct 30 19:40:01 localhost systemd: Started Session 1623 of user root.
Oct 30 19:41:01 localhost systemd: Starting Session 1624 of user root.
Oct 30 19:41:01 localhost systemd: Started Session 1624 of user root.
Oct 30 19:42:01 localhost systemd: Starting Session 1625 of user root.
Oct 30 19:42:01 localhost systemd: Started Session 1625 of user root.
Oct 30 19:43:01 localhost systemd: Starting Session 1626 of user root.
Oct 30 19:43:01 localhost systemd: Started Session 1626 of user root.
Oct 30 19:44:01 localhost systemd: Starting Session 1627 of user root.
Oct 30 19:44:01 localhost systemd: Started Session 1627 of user root.
Oct 30 19:44:51 localhost systemd: Starting PackageKit Daemon...
Oct 30 19:44:51 localhost systemd: Started PackageKit Daemon.
Oct 30 19:45:01 localhost systemd: Starting Session 1628 of user root.
Oct 30 19:45:01 localhost systemd: Started Session 1628 of user root.
Oct 30 19:46:01 localhost systemd: Starting Session 1629 of user root.
Oct 30 19:46:01 localhost systemd: Started Session 1629 of user root.
Oct 30 19:47:01 localhost systemd: Starting Session 1630 of user root.
Oct 30 19:47:01 localhost systemd: Started Session 1630 of user root.
Oct 30 19:48:01 localhost systemd: Starting Session 1631 of user root.
Oct 30 19:48:01 localhost systemd: Started Session 1631 of user root.
Oct 30 19:49:01 localhost systemd: Starting Session 1632 of user root.
Oct 30 19:49:01 localhost systemd: Started Session 1632 of user root.
Oct 30 19:50:01 localhost systemd: Starting Session 1633 of user root.
Oct 30 19:50:01 localhost systemd: Started Session 1633 of user root.
Oct 30 19:51:01 localhost systemd: Starting Session 1634 of user root.
Oct 30 19:51:01 localhost systemd: Started Session 1634 of user root.
Oct 30 19:52:01 localhost systemd: Starting Session 1635 of user root.
Oct 30 19:52:01 localhost systemd: Started Session 1635 of user root.
Oct 30 19:53:02 localhost systemd: Starting Session 1636 of user root.
Oct 30 19:53:02 localhost systemd: Started Session 1636 of user root.
Oct 30 19:54:01 localhost systemd: Starting Session 1637 of user root.
Oct 30 19:54:01 localhost systemd: Started Session 1637 of user root.
Oct 30 19:54:09 localhost systemd: Starting dnf makecache...
Oct 30 19:54:09 localhost systemd: Started dnf makecache.
Oct 30 19:55:01 localhost systemd: Starting Session 1638 of user root.
Oct 30 19:55:01 localhost systemd: Started Session 1638 of user root.
Oct 30 19:56:01 localhost systemd: Starting Session 1639 of user root.
Oct 30 19:56:01 localhost systemd: Started Session 1639 of user root.
Oct 30 19:57:01 localhost systemd: Starting Session 1640 of user root.
Oct 30 19:57:01 localhost systemd: Started Session 1640 of user root.
Oct 30 19:58:01 localhost systemd: Starting Session 1641 of user root.
Oct 30 19:58:01 localhost systemd: Started Session 1641 of user root.
Oct 30 19:59:01 localhost systemd: Starting Session 1642 of user root.
Oct 30 19:59:01 localhost systemd: Started Session 1642 of user root.
Oct 30 20:00:01 localhost systemd: Starting Session 1643 of user root.
Oct 30 20:00:01 localhost systemd: Started Session 1643 of user root.
Oct 30 20:01:01 localhost systemd: Starting Session 1645 of user root.
Oct 30 20:01:01 localhost systemd: Started Session 1645 of user root.
Oct 30 20:01:01 localhost systemd: Starting Session 1644 of user root.
Oct 30 20:01:01 localhost systemd: Started Session 1644 of user root.
Oct 30 20:01:01 localhost systemd: Starting Session 17 of user root.
Oct 30 20:01:01 localhost systemd: Started Session 17 of user root.
Oct 30 20:02:01 localhost systemd: Starting Session 1646 of user root.
Oct 30 20:02:01 localhost systemd: Started Session 1646 of user root.
Oct 30 20:03:01 localhost systemd: Starting Session 1647 of user root.
Oct 30 20:03:01 localhost systemd: Started Session 1647 of user root.
Oct 30 20:04:01 localhost systemd: Starting Session 1648 of user root.
Oct 30 20:04:01 localhost systemd: Started Session 1648 of user root.
Oct 30 20:05:01 localhost systemd: Starting Session 1649 of user root.
Oct 30 20:05:01 localhost systemd: Started Session 1649 of user root.
Oct 30 20:06:01 localhost systemd: Starting Session 1650 of user root.
Oct 30 20:06:01 localhost systemd: Started Session 1650 of user root.
Oct 30 20:07:01 localhost systemd: Starting Session 1651 of user root.
Oct 30 20:07:01 localhost systemd: Started Session 1651 of user root.
Oct 30 20:07:09 localhost systemd: Starting dnf makecache...
Oct 30 20:07:10 localhost systemd: Started dnf makecache.
Oct 30 20:08:01 localhost systemd: Starting Session 1652 of user root.
Oct 30 20:08:01 localhost systemd: Started Session 1652 of user root.
Oct 30 20:09:01 localhost systemd: Starting Session 1653 of user root.
Oct 30 20:09:01 localhost systemd: Started Session 1653 of user root.
Oct 30 20:10:01 localhost systemd: Starting Session 1654 of user root.
Oct 30 20:10:01 localhost systemd: Started Session 1654 of user root.
Oct 30 20:11:01 localhost systemd: Starting Session 1655 of user root.
Oct 30 20:11:01 localhost systemd: Started Session 1655 of user root.
Oct 30 20:12:01 localhost systemd: Starting Session 1656 of user root.
Oct 30 20:12:01 localhost systemd: Started Session 1656 of user root.
Oct 30 20:13:01 localhost systemd: Starting Session 1657 of user root.
Oct 30 20:13:01 localhost systemd: Started Session 1657 of user root.
Oct 30 20:14:01 localhost systemd: Starting Session 1658 of user root.
Oct 30 20:14:01 localhost systemd: Started Session 1658 of user root.
Oct 30 20:15:01 localhost systemd: Starting Session 1659 of user root.
Oct 30 20:15:01 localhost systemd: Started Session 1659 of user root.
Oct 30 20:16:01 localhost systemd: Starting Session 1660 of user root.
Oct 30 20:16:01 localhost systemd: Started Session 1660 of user root.
Oct 30 20:17:01 localhost systemd: Starting Session 1661 of user root.
Oct 30 20:17:01 localhost systemd: Started Session 1661 of user root.
Oct 30 20:18:01 localhost systemd: Starting Session 1662 of user root.
Oct 30 20:18:01 localhost systemd: Started Session 1662 of user root.
Oct 30 20:19:01 localhost systemd: Starting Session 1663 of user root.
Oct 30 20:19:01 localhost systemd: Started Session 1663 of user root.
Oct 30 20:20:01 localhost systemd: Starting Session 1664 of user root.
Oct 30 20:20:01 localhost systemd: Started Session 1664 of user root.
Oct 30 20:21:01 localhost systemd: Starting Session 1665 of user root.
Oct 30 20:21:01 localhost systemd: Started Session 1665 of user root.
Oct 30 20:22:01 localhost systemd: Starting Session 1666 of user root.
Oct 30 20:22:01 localhost systemd: Started Session 1666 of user root.
Oct 30 20:23:01 localhost systemd: Starting Session 1667 of user root.
Oct 30 20:23:01 localhost systemd: Started Session 1667 of user root.
Oct 30 20:24:01 localhost systemd: Starting Session 1668 of user root.
Oct 30 20:24:01 localhost systemd: Started Session 1668 of user root.
Oct 30 20:25:01 localhost systemd: Starting Session 1669 of user root.
Oct 30 20:25:01 localhost systemd: Started Session 1669 of user root.
Oct 30 20:26:01 localhost systemd: Starting Session 1670 of user root.
Oct 30 20:26:01 localhost systemd: Started Session 1670 of user root.
Oct 30 20:27:01 localhost systemd: Starting Session 1671 of user root.
Oct 30 20:27:01 localhost systemd: Started Session 1671 of user root.
Oct 30 20:28:01 localhost systemd: Starting Session 1672 of user root.
Oct 30 20:28:01 localhost systemd: Started Session 1672 of user root.
Oct 30 20:29:01 localhost systemd: Starting Session 1673 of user root.
Oct 30 20:29:01 localhost systemd: Started Session 1673 of user root.
Oct 30 20:30:01 localhost systemd: Starting Session 1674 of user root.
Oct 30 20:30:01 localhost systemd: Started Session 1674 of user root.
Oct 30 20:31:01 localhost systemd: Starting Session 1675 of user root.
Oct 30 20:31:01 localhost systemd: Started Session 1675 of user root.
Oct 30 20:32:01 localhost systemd: Starting Session 1676 of user root.
Oct 30 20:32:01 localhost systemd: Started Session 1676 of user root.
Oct 30 20:33:01 localhost systemd: Starting Session 1677 of user root.
Oct 30 20:33:01 localhost systemd: Started Session 1677 of user root.
Oct 30 20:34:01 localhost systemd: Starting Session 1678 of user root.
Oct 30 20:34:01 localhost systemd: Started Session 1678 of user root.
Oct 30 20:35:01 localhost systemd: Starting Session 1679 of user root.
Oct 30 20:35:01 localhost systemd: Started Session 1679 of user root.
Oct 30 20:36:01 localhost systemd: Starting Session 1680 of user root.
Oct 30 20:36:01 localhost systemd: Started Session 1680 of user root.
Oct 30 20:37:01 localhost systemd: Starting Session 1681 of user root.
Oct 30 20:37:01 localhost systemd: Started Session 1681 of user root.
Oct 30 20:38:01 localhost systemd: Starting Session 1682 of user root.
Oct 30 20:38:01 localhost systemd: Started Session 1682 of user root.
Oct 30 20:39:01 localhost systemd: Starting Session 1683 of user root.
Oct 30 20:39:01 localhost systemd: Started Session 1683 of user root.
Oct 30 20:40:01 localhost systemd: Starting Session 1684 of user root.
Oct 30 20:40:01 localhost systemd: Started Session 1684 of user root.
Oct 30 20:41:01 localhost systemd: Starting Session 1685 of user root.
Oct 30 20:41:01 localhost systemd: Started Session 1685 of user root.
Oct 30 20:42:01 localhost systemd: Starting Session 1686 of user root.
Oct 30 20:42:01 localhost systemd: Started Session 1686 of user root.
Oct 30 20:43:01 localhost systemd: Starting Session 1687 of user root.
Oct 30 20:43:01 localhost systemd: Started Session 1687 of user root.
Oct 30 20:44:01 localhost systemd: Starting Session 1688 of user root.
Oct 30 20:44:01 localhost systemd: Started Session 1688 of user root.
Oct 30 20:44:51 localhost systemd: Starting PackageKit Daemon...
Oct 30 20:44:51 localhost systemd: Started PackageKit Daemon.
Oct 30 20:45:01 localhost systemd: Starting Session 1689 of user root.
Oct 30 20:45:01 localhost systemd: Started Session 1689 of user root.
Oct 30 20:46:01 localhost systemd: Starting Session 1690 of user root.
Oct 30 20:46:01 localhost systemd: Started Session 1690 of user root.
Oct 30 20:47:01 localhost systemd: Starting Session 1691 of user root.
Oct 30 20:47:01 localhost systemd: Started Session 1691 of user root.
Oct 30 20:48:01 localhost systemd: Starting Session 1692 of user root.
Oct 30 20:48:01 localhost systemd: Started Session 1692 of user root.
Oct 30 20:49:01 localhost systemd: Starting Session 1693 of user root.
Oct 30 20:49:01 localhost systemd: Started Session 1693 of user root.
Oct 30 20:50:01 localhost systemd: Starting Session 1694 of user root.
Oct 30 20:50:01 localhost systemd: Started Session 1694 of user root.
Oct 30 20:51:01 localhost systemd: Starting Session 1695 of user root.
Oct 30 20:51:01 localhost systemd: Started Session 1695 of user root.
Oct 30 20:52:01 localhost systemd: Starting Session 1696 of user root.
Oct 30 20:52:01 localhost systemd: Started Session 1696 of user root.
Oct 30 20:53:01 localhost systemd: Starting Session 1697 of user root.
Oct 30 20:53:01 localhost systemd: Started Session 1697 of user root.
Oct 30 20:54:01 localhost systemd: Starting Session 1698 of user root.
Oct 30 20:54:01 localhost systemd: Started Session 1698 of user root.
Oct 30 20:54:09 localhost systemd: Starting dnf makecache...
Oct 30 20:54:10 localhost systemd: Started dnf makecache.
Oct 30 20:55:02 localhost systemd: Starting Session 1699 of user root.
Oct 30 20:55:02 localhost systemd: Started Session 1699 of user root.
Oct 30 20:56:01 localhost systemd: Starting Session 1700 of user root.
Oct 30 20:56:01 localhost systemd: Started Session 1700 of user root.
Oct 30 20:57:01 localhost systemd: Starting Session 1701 of user root.
Oct 30 20:57:01 localhost systemd: Started Session 1701 of user root.
Oct 30 20:58:01 localhost systemd: Starting Session 1702 of user root.
Oct 30 20:58:01 localhost systemd: Started Session 1702 of user root.
Oct 30 20:59:01 localhost systemd: Starting Session 1703 of user root.
Oct 30 20:59:01 localhost systemd: Started Session 1703 of user root.
Oct 30 21:00:01 localhost systemd: Starting Session 1704 of user root.
Oct 30 21:00:01 localhost systemd: Started Session 1704 of user root.
Oct 30 21:01:01 localhost systemd: Starting Session 1705 of user root.
Oct 30 21:01:01 localhost systemd: Started Session 1705 of user root.
Oct 30 21:01:01 localhost systemd: Starting Session 1706 of user root.
Oct 30 21:01:01 localhost systemd: Started Session 1706 of user root.
Oct 30 21:01:01 localhost systemd: Starting Session 18 of user root.
Oct 30 21:01:01 localhost systemd: Started Session 18 of user root.
Oct 30 21:02:01 localhost systemd: Starting Session 1707 of user root.
Oct 30 21:02:01 localhost systemd: Started Session 1707 of user root.
Oct 30 21:03:01 localhost systemd: Starting Session 1708 of user root.
Oct 30 21:03:01 localhost systemd: Started Session 1708 of user root.
Oct 30 21:04:01 localhost systemd: Starting Session 1709 of user root.
Oct 30 21:04:01 localhost systemd: Started Session 1709 of user root.
Oct 30 21:05:01 localhost systemd: Starting Session 1710 of user root.
Oct 30 21:05:01 localhost systemd: Started Session 1710 of user root.
Oct 30 21:06:01 localhost systemd: Starting Session 1711 of user root.
Oct 30 21:06:01 localhost systemd: Started Session 1711 of user root.
Oct 30 21:07:01 localhost systemd: Starting Session 1712 of user root.
Oct 30 21:07:01 localhost systemd: Started Session 1712 of user root.
Oct 30 21:07:10 localhost systemd: Starting dnf makecache...
Oct 30 21:07:10 localhost systemd: Started dnf makecache.
Oct 30 21:08:01 localhost systemd: Starting Session 1713 of user root.
Oct 30 21:08:01 localhost systemd: Started Session 1713 of user root.
Oct 30 21:09:01 localhost systemd: Starting Session 1714 of user root.
Oct 30 21:09:01 localhost systemd: Started Session 1714 of user root.
Oct 30 21:10:01 localhost systemd: Starting Session 1715 of user root.
Oct 30 21:10:01 localhost systemd: Started Session 1715 of user root.
Oct 30 21:11:01 localhost systemd: Starting Session 1716 of user root.
Oct 30 21:11:01 localhost systemd: Started Session 1716 of user root.
Oct 30 21:12:01 localhost systemd: Starting Session 1717 of user root.
Oct 30 21:12:01 localhost systemd: Started Session 1717 of user root.
Oct 30 21:13:01 localhost systemd: Starting Session 1718 of user root.
Oct 30 21:13:01 localhost systemd: Started Session 1718 of user root.
Oct 30 21:14:01 localhost systemd: Starting Session 1719 of user root.
Oct 30 21:14:01 localhost systemd: Started Session 1719 of user root.
Oct 30 21:15:01 localhost systemd: Starting Session 1720 of user root.
Oct 30 21:15:01 localhost systemd: Started Session 1720 of user root.
Oct 30 21:16:01 localhost systemd: Starting Session 1721 of user root.
Oct 30 21:16:01 localhost systemd: Started Session 1721 of user root.
Oct 30 21:17:01 localhost systemd: Starting Session 1722 of user root.
Oct 30 21:17:01 localhost systemd: Started Session 1722 of user root.
Oct 30 21:18:01 localhost systemd: Starting Session 1723 of user root.
Oct 30 21:18:01 localhost systemd: Started Session 1723 of user root.
Oct 30 21:19:01 localhost systemd: Starting Session 1724 of user root.
Oct 30 21:19:01 localhost systemd: Started Session 1724 of user root.
Oct 30 21:20:01 localhost systemd: Starting Session 1725 of user root.
Oct 30 21:20:01 localhost systemd: Started Session 1725 of user root.
Oct 30 21:21:01 localhost systemd: Starting Session 1726 of user root.
Oct 30 21:21:01 localhost systemd: Started Session 1726 of user root.
Oct 30 21:22:01 localhost systemd: Starting Session 1727 of user root.
Oct 30 21:22:01 localhost systemd: Started Session 1727 of user root.
Oct 30 21:23:01 localhost systemd: Starting Session 1728 of user root.
Oct 30 21:23:01 localhost systemd: Started Session 1728 of user root.
Oct 30 21:25:01 localhost systemd: Starting Session 1730 of user root.
Oct 30 21:25:01 localhost systemd: Started Session 1730 of user root.
Oct 30 21:26:01 localhost systemd: Starting Session 1731 of user root.
Oct 30 21:26:01 localhost systemd: Started Session 1731 of user root.
Oct 30 21:27:01 localhost systemd: Starting Session 1732 of user root.
Oct 30 21:27:01 localhost systemd: Started Session 1732 of user root.
Oct 30 21:28:01 localhost systemd: Starting Session 1733 of user root.
Oct 30 21:28:01 localhost systemd: Started Session 1733 of user root.
Oct 30 21:29:01 localhost systemd: Starting Session 1734 of user root.
Oct 30 21:29:01 localhost systemd: Started Session 1734 of user root.
Oct 30 21:30:01 localhost systemd: Starting Session 1735 of user root.
Oct 30 21:30:01 localhost systemd: Started Session 1735 of user root.
Oct 30 21:31:01 localhost systemd: Starting Session 1736 of user root.
Oct 30 21:31:01 localhost systemd: Started Session 1736 of user root.
Oct 30 21:32:01 localhost systemd: Starting Session 1737 of user root.
Oct 30 21:32:01 localhost systemd: Started Session 1737 of user root.
Oct 30 21:33:01 localhost systemd: Starting Session 1738 of user root.
Oct 30 21:33:01 localhost systemd: Started Session 1738 of user root.
Oct 30 21:34:01 localhost systemd: Starting Session 1739 of user root.
Oct 30 21:34:01 localhost systemd: Started Session 1739 of user root.
Oct 30 21:35:02 localhost systemd: Starting Session 1740 of user root.
Oct 30 21:35:02 localhost systemd: Started Session 1740 of user root.
Oct 30 21:36:01 localhost systemd: Starting Session 1741 of user root.
Oct 30 21:36:01 localhost systemd: Started Session 1741 of user root.
Oct 30 21:37:01 localhost systemd: Starting Session 1742 of user root.
Oct 30 21:37:01 localhost systemd: Started Session 1742 of user root.
Oct 30 21:38:01 localhost systemd: Starting Session 1743 of user root.
Oct 30 21:38:01 localhost systemd: Started Session 1743 of user root.
Oct 30 21:39:01 localhost systemd: Starting Session 1744 of user root.
Oct 30 21:39:01 localhost systemd: Started Session 1744 of user root.
Oct 30 21:40:01 localhost systemd: Starting Session 1745 of user root.
Oct 30 21:40:01 localhost systemd: Started Session 1745 of user root.
Oct 30 21:41:01 localhost systemd: Starting Session 1746 of user root.
Oct 30 21:41:01 localhost systemd: Started Session 1746 of user root.
Oct 30 21:42:01 localhost systemd: Starting Session 1747 of user root.
Oct 30 21:42:01 localhost systemd: Started Session 1747 of user root.
Oct 30 21:43:01 localhost systemd: Starting Session 1748 of user root.
Oct 30 21:43:01 localhost systemd: Started Session 1748 of user root.
Oct 30 21:44:01 localhost systemd: Starting Session 1749 of user root.
Oct 30 21:44:01 localhost systemd: Started Session 1749 of user root.
Oct 30 21:44:51 localhost systemd: Starting PackageKit Daemon...
Oct 30 21:44:51 localhost systemd: Started PackageKit Daemon.
Oct 30 21:45:01 localhost systemd: Starting Session 1750 of user root.
Oct 30 21:45:01 localhost systemd: Started Session 1750 of user root.
Oct 30 21:46:01 localhost systemd: Starting Session 1751 of user root.
Oct 30 21:46:01 localhost systemd: Started Session 1751 of user root.
Oct 30 21:47:01 localhost systemd: Starting Session 1752 of user root.
Oct 30 21:47:01 localhost systemd: Started Session 1752 of user root.
Oct 30 21:48:01 localhost systemd: Starting Session 1753 of user root.
Oct 30 21:48:01 localhost systemd: Started Session 1753 of user root.
Oct 30 21:49:01 localhost systemd: Starting Session 1754 of user root.
Oct 30 21:49:01 localhost systemd: Started Session 1754 of user root.
Oct 30 21:50:01 localhost systemd: Starting Session 1755 of user root.
Oct 30 21:50:01 localhost systemd: Started Session 1755 of user root.
Oct 30 21:51:01 localhost systemd: Starting Session 1756 of user root.
Oct 30 21:51:01 localhost systemd: Started Session 1756 of user root.
Oct 30 21:52:01 localhost systemd: Starting Session 1757 of user root.
Oct 30 21:52:01 localhost systemd: Started Session 1757 of user root.
Oct 30 21:53:01 localhost systemd: Starting Session 1758 of user root.
Oct 30 21:53:01 localhost systemd: Started Session 1758 of user root.
Oct 30 21:54:01 localhost systemd: Starting Session 1759 of user root.
Oct 30 21:54:01 localhost systemd: Started Session 1759 of user root.
Oct 30 21:54:10 localhost systemd: Starting dnf makecache...
Oct 30 21:54:11 localhost systemd: Started dnf makecache.
Oct 30 21:55:01 localhost systemd: Starting Session 1760 of user root.
Oct 30 21:55:01 localhost systemd: Started Session 1760 of user root.
Oct 30 21:56:01 localhost systemd: Starting Session 1761 of user root.
Oct 30 21:56:01 localhost systemd: Started Session 1761 of user root.
Oct 30 21:57:01 localhost systemd: Starting Session 1762 of user root.
Oct 30 21:57:01 localhost systemd: Started Session 1762 of user root.
Oct 30 21:58:01 localhost systemd: Starting Session 1763 of user root.
Oct 30 21:58:01 localhost systemd: Started Session 1763 of user root.
Oct 30 21:59:01 localhost systemd: Starting Session 1764 of user root.
Oct 30 21:59:01 localhost systemd: Started Session 1764 of user root.
Oct 30 22:00:01 localhost systemd: Starting Session 1765 of user root.
Oct 30 22:00:01 localhost systemd: Started Session 1765 of user root.
Oct 30 22:01:01 localhost systemd: Starting Session 1766 of user root.
Oct 30 22:01:01 localhost systemd: Started Session 1766 of user root.
Oct 30 22:01:01 localhost systemd: Starting Session 1767 of user root.
Oct 30 22:01:01 localhost systemd: Started Session 1767 of user root.
Oct 30 22:01:01 localhost systemd: Starting Session 19 of user root.
Oct 30 22:01:02 localhost systemd: Started Session 19 of user root.
Oct 30 22:02:01 localhost systemd: Starting Session 1768 of user root.
Oct 30 22:02:01 localhost systemd: Started Session 1768 of user root.
Oct 30 22:03:01 localhost systemd: Starting Session 1769 of user root.
Oct 30 22:03:01 localhost systemd: Started Session 1769 of user root.
Oct 30 22:04:01 localhost systemd: Starting Session 1770 of user root.
Oct 30 22:04:01 localhost systemd: Started Session 1770 of user root.
Oct 30 22:05:01 localhost systemd: Starting Session 1771 of user root.
Oct 30 22:05:01 localhost systemd: Started Session 1771 of user root.
Oct 30 22:06:01 localhost systemd: Starting Session 1772 of user root.
Oct 30 22:06:01 localhost systemd: Started Session 1772 of user root.
Oct 30 22:07:01 localhost systemd: Starting Session 1773 of user root.
Oct 30 22:07:01 localhost systemd: Started Session 1773 of user root.
Oct 30 22:07:10 localhost systemd: Starting dnf makecache...
Oct 30 22:07:10 localhost systemd: Started dnf makecache.
Oct 30 22:08:01 localhost systemd: Starting Session 1774 of user root.
Oct 30 22:08:01 localhost systemd: Started Session 1774 of user root.
Oct 30 22:09:01 localhost systemd: Starting Session 1775 of user root.
Oct 30 22:09:01 localhost systemd: Started Session 1775 of user root.
Oct 30 22:10:01 localhost systemd: Starting Session 1776 of user root.
Oct 30 22:10:01 localhost systemd: Started Session 1776 of user root.
Oct 30 22:11:01 localhost systemd: Starting Session 1777 of user root.
Oct 30 22:11:01 localhost systemd: Started Session 1777 of user root.
Oct 30 22:12:01 localhost systemd: Starting Session 1778 of user root.
Oct 30 22:12:01 localhost systemd: Started Session 1778 of user root.
Oct 30 22:13:01 localhost systemd: Starting Session 1779 of user root.
Oct 30 22:13:01 localhost systemd: Started Session 1779 of user root.
Oct 30 22:14:01 localhost systemd: Starting Session 1780 of user root.
Oct 30 22:14:01 localhost systemd: Started Session 1780 of user root.
Oct 30 22:15:02 localhost systemd: Starting Session 1781 of user root.
Oct 30 22:15:02 localhost systemd: Started Session 1781 of user root.
Oct 30 22:16:01 localhost systemd: Starting Session 1782 of user root.
Oct 30 22:16:01 localhost systemd: Started Session 1782 of user root.
Oct 30 22:17:01 localhost systemd: Starting Session 1783 of user root.
Oct 30 22:17:01 localhost systemd: Started Session 1783 of user root.
Oct 30 22:18:01 localhost systemd: Starting Session 1784 of user root.
Oct 30 22:18:01 localhost systemd: Started Session 1784 of user root.
Oct 30 22:19:01 localhost systemd: Starting Session 1785 of user root.
Oct 30 22:19:01 localhost systemd: Started Session 1785 of user root.
Oct 30 22:20:01 localhost systemd: Starting Session 1786 of user root.
Oct 30 22:20:01 localhost systemd: Started Session 1786 of user root.
Oct 30 22:21:01 localhost systemd: Starting Session 1787 of user root.
Oct 30 22:21:01 localhost systemd: Started Session 1787 of user root.
Oct 30 22:22:01 localhost systemd: Starting Session 1788 of user root.
Oct 30 22:22:01 localhost systemd: Started Session 1788 of user root.
Oct 30 22:23:01 localhost systemd: Starting Session 1789 of user root.
Oct 30 22:23:01 localhost systemd: Started Session 1789 of user root.
Oct 30 22:24:01 localhost systemd: Starting Session 1790 of user root.
Oct 30 22:24:01 localhost systemd: Started Session 1790 of user root.
Oct 30 22:25:01 localhost systemd: Starting Session 1791 of user root.
Oct 30 22:25:01 localhost systemd: Started Session 1791 of user root.
Oct 30 22:26:01 localhost systemd: Starting Session 1792 of user root.
Oct 30 22:26:01 localhost systemd: Started Session 1792 of user root.
Oct 30 22:27:01 localhost systemd: Starting Session 1793 of user root.
Oct 30 22:27:01 localhost systemd: Started Session 1793 of user root.
Oct 30 22:28:01 localhost systemd: Starting Session 1794 of user root.
Oct 30 22:28:01 localhost systemd: Started Session 1794 of user root.
Oct 30 22:29:01 localhost systemd: Starting Session 1795 of user root.
Oct 30 22:29:01 localhost systemd: Started Session 1795 of user root.
Oct 30 22:30:01 localhost systemd: Starting Session 1796 of user root.
Oct 30 22:30:01 localhost systemd: Started Session 1796 of user root.
Oct 30 22:31:01 localhost systemd: Starting Session 1797 of user root.
Oct 30 22:31:01 localhost systemd: Started Session 1797 of user root.
Oct 30 22:32:01 localhost systemd: Starting Session 1798 of user root.
Oct 30 22:32:01 localhost systemd: Started Session 1798 of user root.
Oct 30 22:33:01 localhost systemd: Starting Session 1799 of user root.
Oct 30 22:33:01 localhost systemd: Started Session 1799 of user root.
Oct 30 22:34:01 localhost systemd: Starting Session 1800 of user root.
Oct 30 22:34:01 localhost systemd: Started Session 1800 of user root.
Oct 30 22:35:01 localhost systemd: Starting Session 1801 of user root.
Oct 30 22:35:02 localhost systemd: Started Session 1801 of user root.
Oct 30 22:36:01 localhost systemd: Starting Session 1802 of user root.
Oct 30 22:36:01 localhost systemd: Started Session 1802 of user root.
Oct 30 22:37:01 localhost systemd: Starting Session 1803 of user root.
Oct 30 22:37:01 localhost systemd: Started Session 1803 of user root.
Oct 30 22:38:01 localhost systemd: Starting Session 1804 of user root.
Oct 30 22:38:01 localhost systemd: Started Session 1804 of user root.
Oct 30 22:39:01 localhost systemd: Starting Session 1805 of user root.
Oct 30 22:39:01 localhost systemd: Started Session 1805 of user root.
Oct 30 22:40:01 localhost systemd: Starting Session 1806 of user root.
Oct 30 22:40:01 localhost systemd: Started Session 1806 of user root.
Oct 30 22:41:01 localhost systemd: Starting Session 1807 of user root.
Oct 30 22:41:01 localhost systemd: Started Session 1807 of user root.
Oct 30 22:42:01 localhost systemd: Starting Session 1808 of user root.
Oct 30 22:42:01 localhost systemd: Started Session 1808 of user root.
Oct 30 22:43:01 localhost systemd: Starting Session 1809 of user root.
Oct 30 22:43:01 localhost systemd: Started Session 1809 of user root.
Oct 30 22:44:01 localhost systemd: Starting Session 1810 of user root.
Oct 30 22:44:01 localhost systemd: Started Session 1810 of user root.
Oct 30 22:44:51 localhost systemd: Starting PackageKit Daemon...
Oct 30 22:44:51 localhost systemd: Started PackageKit Daemon.
Oct 30 22:45:01 localhost systemd: Starting Session 1811 of user root.
Oct 30 22:45:01 localhost systemd: Started Session 1811 of user root.
Oct 30 22:46:01 localhost systemd: Starting Session 1812 of user root.
Oct 30 22:46:01 localhost systemd: Started Session 1812 of user root.
Oct 30 22:47:01 localhost systemd: Starting Session 1813 of user root.
Oct 30 22:47:01 localhost systemd: Started Session 1813 of user root.
Oct 30 22:48:01 localhost systemd: Starting Session 1814 of user root.
Oct 30 22:48:01 localhost systemd: Started Session 1814 of user root.
Oct 30 22:49:01 localhost systemd: Starting Session 1815 of user root.
Oct 30 22:49:01 localhost systemd: Started Session 1815 of user root.
Oct 30 22:50:01 localhost systemd: Starting Session 1816 of user root.
Oct 30 22:50:01 localhost systemd: Started Session 1816 of user root.
Oct 30 22:51:01 localhost systemd: Starting Session 1817 of user root.
Oct 30 22:51:01 localhost systemd: Started Session 1817 of user root.
Oct 30 22:52:01 localhost systemd: Starting Session 1818 of user root.
Oct 30 22:52:01 localhost systemd: Started Session 1818 of user root.
Oct 30 22:53:01 localhost systemd: Starting Session 1819 of user root.
Oct 30 22:53:01 localhost systemd: Started Session 1819 of user root.
Oct 30 22:54:01 localhost systemd: Starting Session 1820 of user root.
Oct 30 22:54:01 localhost systemd: Started Session 1820 of user root.
Oct 30 22:54:11 localhost systemd: Starting dnf makecache...
Oct 30 22:54:11 localhost systemd: Started dnf makecache.
Oct 30 22:55:01 localhost systemd: Starting Session 1821 of user root.
Oct 30 22:55:01 localhost systemd: Started Session 1821 of user root.
Oct 30 22:56:01 localhost systemd: Starting Session 1822 of user root.
Oct 30 22:56:01 localhost systemd: Started Session 1822 of user root.
Oct 30 22:57:02 localhost systemd: Starting Session 1823 of user root.
Oct 30 22:57:02 localhost systemd: Started Session 1823 of user root.
Oct 30 22:58:01 localhost systemd: Starting Session 1824 of user root.
Oct 30 22:58:01 localhost systemd: Started Session 1824 of user root.
Oct 30 22:59:01 localhost systemd: Starting Session 1825 of user root.
Oct 30 22:59:01 localhost systemd: Started Session 1825 of user root.
Oct 30 23:00:01 localhost systemd: Starting Session 1826 of user root.
Oct 30 23:00:01 localhost systemd: Started Session 1826 of user root.
Oct 30 23:01:01 localhost systemd: Starting Session 20 of user root.
Oct 30 23:01:01 localhost systemd: Started Session 20 of user root.
Oct 30 23:01:01 localhost systemd: Starting Session 1828 of user root.
Oct 30 23:01:01 localhost systemd: Started Session 1828 of user root.
Oct 30 23:01:01 localhost systemd: Starting Session 1827 of user root.
Oct 30 23:01:01 localhost systemd: Started Session 1827 of user root.
Oct 30 23:02:01 localhost systemd: Starting Session 1829 of user root.
Oct 30 23:02:01 localhost systemd: Started Session 1829 of user root.
Oct 30 23:03:01 localhost systemd: Starting Session 1830 of user root.
Oct 30 23:03:01 localhost systemd: Started Session 1830 of user root.
Oct 30 23:04:01 localhost systemd: Starting Session 1831 of user root.
Oct 30 23:04:01 localhost systemd: Started Session 1831 of user root.
Oct 30 23:05:01 localhost systemd: Starting Session 1832 of user root.
Oct 30 23:05:01 localhost systemd: Started Session 1832 of user root.
Oct 30 23:06:01 localhost systemd: Starting Session 1833 of user root.
Oct 30 23:06:01 localhost systemd: Started Session 1833 of user root.
Oct 30 23:07:01 localhost systemd: Starting Session 1834 of user root.
Oct 30 23:07:01 localhost systemd: Started Session 1834 of user root.
Oct 30 23:07:10 localhost systemd: Starting dnf makecache...
Oct 30 23:07:10 localhost systemd: Started dnf makecache.
Oct 30 23:08:01 localhost systemd: Starting Session 1835 of user root.
Oct 30 23:08:01 localhost systemd: Started Session 1835 of user root.
Oct 30 23:09:01 localhost systemd: Starting Session 1836 of user root.
Oct 30 23:09:01 localhost systemd: Started Session 1836 of user root.
Oct 30 23:10:01 localhost systemd: Starting Session 1837 of user root.
Oct 30 23:10:01 localhost systemd: Started Session 1837 of user root.
Oct 30 23:11:01 localhost systemd: Starting Session 1838 of user root.
Oct 30 23:11:01 localhost systemd: Started Session 1838 of user root.
Oct 30 23:12:01 localhost systemd: Starting Session 1839 of user root.
Oct 30 23:12:01 localhost systemd: Started Session 1839 of user root.
Oct 30 23:13:01 localhost systemd: Starting Session 1840 of user root.
Oct 30 23:13:01 localhost systemd: Started Session 1840 of user root.
Oct 30 23:14:01 localhost systemd: Starting Session 1841 of user root.
Oct 30 23:14:01 localhost systemd: Started Session 1841 of user root.
Oct 30 23:15:01 localhost systemd: Starting Session 1842 of user root.
Oct 30 23:15:01 localhost systemd: Started Session 1842 of user root.
Oct 30 23:16:01 localhost systemd: Starting Session 1843 of user root.
Oct 30 23:16:01 localhost systemd: Started Session 1843 of user root.
Oct 30 23:17:02 localhost systemd: Starting Session 1844 of user root.
Oct 30 23:17:02 localhost systemd: Started Session 1844 of user root.
Oct 30 23:18:01 localhost systemd: Starting Session 1845 of user root.
Oct 30 23:18:01 localhost systemd: Started Session 1845 of user root.
Oct 30 23:19:01 localhost systemd: Starting Session 1846 of user root.
Oct 30 23:19:01 localhost systemd: Started Session 1846 of user root.
Oct 30 23:20:01 localhost systemd: Starting Session 1847 of user root.
Oct 30 23:20:01 localhost systemd: Started Session 1847 of user root.
Oct 30 23:21:01 localhost systemd: Starting Session 1848 of user root.
Oct 30 23:21:01 localhost systemd: Started Session 1848 of user root.
Oct 30 23:22:01 localhost systemd: Starting Session 1849 of user root.
Oct 30 23:22:01 localhost systemd: Started Session 1849 of user root.
Oct 30 23:23:01 localhost systemd: Starting Session 1850 of user root.
Oct 30 23:23:01 localhost systemd: Started Session 1850 of user root.
Oct 30 23:24:01 localhost systemd: Starting Session 1851 of user root.
Oct 30 23:24:01 localhost systemd: Started Session 1851 of user root.
Oct 30 23:25:01 localhost systemd: Starting Session 1852 of user root.
Oct 30 23:25:01 localhost systemd: Started Session 1852 of user root.
Oct 30 23:26:01 localhost systemd: Starting Session 1853 of user root.
Oct 30 23:26:01 localhost systemd: Started Session 1853 of user root.
Oct 30 23:27:01 localhost systemd: Starting Session 1854 of user root.
Oct 30 23:27:01 localhost systemd: Started Session 1854 of user root.
Oct 30 23:28:01 localhost systemd: Starting Session 1855 of user root.
Oct 30 23:28:01 localhost systemd: Started Session 1855 of user root.
Oct 30 23:29:01 localhost systemd: Starting Session 1856 of user root.
Oct 30 23:29:01 localhost systemd: Started Session 1856 of user root.
Oct 30 23:30:01 localhost systemd: Starting Session 1857 of user root.
Oct 30 23:30:01 localhost systemd: Started Session 1857 of user root.
Oct 30 23:31:01 localhost systemd: Starting Session 1858 of user root.
Oct 30 23:31:01 localhost systemd: Started Session 1858 of user root.
Oct 30 23:32:01 localhost systemd: Starting Session 1859 of user root.
Oct 30 23:32:01 localhost systemd: Started Session 1859 of user root.
Oct 30 23:33:01 localhost systemd: Starting Session 1860 of user root.
Oct 30 23:33:01 localhost systemd: Started Session 1860 of user root.
Oct 30 23:34:01 localhost systemd: Starting Session 1861 of user root.
Oct 30 23:34:01 localhost systemd: Started Session 1861 of user root.
Oct 30 23:35:01 localhost systemd: Starting Session 1862 of user root.
Oct 30 23:35:01 localhost systemd: Started Session 1862 of user root.
Oct 30 23:36:01 localhost systemd: Starting Session 1863 of user root.
Oct 30 23:36:01 localhost systemd: Started Session 1863 of user root.
Oct 30 23:37:01 localhost systemd: Starting Session 1864 of user root.
Oct 30 23:37:01 localhost systemd: Started Session 1864 of user root.
Oct 30 23:38:01 localhost systemd: Starting Session 1865 of user root.
Oct 30 23:38:01 localhost systemd: Started Session 1865 of user root.
Oct 30 23:39:01 localhost systemd: Starting Session 1866 of user root.
Oct 30 23:39:01 localhost systemd: Started Session 1866 of user root.
Oct 30 23:40:01 localhost systemd: Starting Session 1867 of user root.
Oct 30 23:40:01 localhost systemd: Started Session 1867 of user root.
Oct 30 23:41:01 localhost systemd: Starting Session 1868 of user root.
Oct 30 23:41:01 localhost systemd: Started Session 1868 of user root.
Oct 30 23:42:01 localhost systemd: Starting Session 1869 of user root.
Oct 30 23:42:01 localhost systemd: Started Session 1869 of user root.
Oct 30 23:43:01 localhost systemd: Starting Session 1870 of user root.
Oct 30 23:43:01 localhost systemd: Started Session 1870 of user root.
Oct 30 23:44:01 localhost systemd: Starting Session 1871 of user root.
Oct 30 23:44:01 localhost systemd: Started Session 1871 of user root.
Oct 30 23:44:51 localhost systemd: Starting PackageKit Daemon...
Oct 30 23:44:51 localhost systemd: Started PackageKit Daemon.
Oct 30 23:45:01 localhost systemd: Starting Session 1872 of user root.
Oct 30 23:45:01 localhost systemd: Started Session 1872 of user root.
Oct 30 23:46:01 localhost systemd: Starting Session 1873 of user root.
Oct 30 23:46:01 localhost systemd: Started Session 1873 of user root.
Oct 30 23:47:01 localhost systemd: Starting Session 1874 of user root.
Oct 30 23:47:01 localhost systemd: Started Session 1874 of user root.
Oct 30 23:48:01 localhost systemd: Starting Session 1875 of user root.
Oct 30 23:48:01 localhost systemd: Started Session 1875 of user root.
Oct 30 23:49:01 localhost systemd: Starting Session 1876 of user root.
Oct 30 23:49:01 localhost systemd: Started Session 1876 of user root.
Oct 30 23:50:01 localhost systemd: Starting Session 1877 of user root.
Oct 30 23:50:01 localhost systemd: Started Session 1877 of user root.
Oct 30 23:51:01 localhost systemd: Starting Session 1878 of user root.
Oct 30 23:51:01 localhost systemd: Started Session 1878 of user root.
Oct 30 23:52:01 localhost systemd: Starting Session 1879 of user root.
Oct 30 23:52:01 localhost systemd: Started Session 1879 of user root.
Oct 30 23:53:01 localhost systemd: Starting Session 1880 of user root.
Oct 30 23:53:01 localhost systemd: Started Session 1880 of user root.
Oct 30 23:54:01 localhost systemd: Starting Session 1881 of user root.
Oct 30 23:54:01 localhost systemd: Started Session 1881 of user root.
Oct 30 23:54:11 localhost systemd: Starting dnf makecache...
Oct 30 23:54:12 localhost systemd: Started dnf makecache.
Oct 30 23:55:01 localhost systemd: Starting Session 1882 of user root.
Oct 30 23:55:01 localhost systemd: Started Session 1882 of user root.
Oct 30 23:56:01 localhost systemd: Starting Session 1883 of user root.
Oct 30 23:56:01 localhost systemd: Started Session 1883 of user root.
Oct 30 23:57:01 localhost systemd: Starting Session 1884 of user root.
Oct 30 23:57:01 localhost systemd: Started Session 1884 of user root.
Oct 30 23:58:02 localhost systemd: Starting Session 1885 of user root.
Oct 30 23:58:02 localhost systemd: Started Session 1885 of user root.
Oct 30 23:59:01 localhost systemd: Starting Session 1886 of user root.
Oct 30 23:59:01 localhost systemd: Started Session 1886 of user root.
