Nov  3 17:21:01 webserver CROND[23155]: (root) CMD (bash /root/Documents/log.sh)
Nov  3 17:22:01 webserver CROND[23160]: (root) CMD (bash /root/Documents/log.sh)
Nov  3 17:23:01 webserver CROND[23165]: (root) CMD (bash /root/Documents/log.sh)
Nov  3 17:24:02 webserver CROND[23170]: (root) CMD (bash /root/Documents/log.sh)
Nov  3 17:25:01 webserver CROND[23178]: (root) CMD (bash /root/Documents/log.sh)
Nov  3 17:26:01 webserver CROND[23183]: (root) CMD (bash /root/Documents/log.sh)
Nov  3 17:27:01 webserver CROND[23188]: (root) CMD (bash /root/Documents/log.sh)
Nov  3 17:28:01 webserver CROND[23193]: (root) CMD (bash /root/Documents/log.sh)
Nov  3 17:29:01 webserver CROND[23198]: (root) CMD (bash /root/Documents/log.sh)
Nov  3 17:30:01 webserver CROND[23205]: (root) CMD (bash /root/Documents/log.sh)
Nov  3 17:31:01 webserver CROND[23210]: (root) CMD (bash /root/Documents/log.sh)
Nov  3 17:32:01 webserver CROND[23215]: (root) CMD (bash /root/Documents/log.sh)
Nov  3 17:33:01 webserver CROND[23230]: (root) CMD (bash /root/Documents/log.sh)
Nov  3 17:34:01 webserver CROND[23235]: (root) CMD (bash /root/Documents/log.sh)
Nov  3 17:35:01 webserver CROND[23243]: (root) CMD (bash /root/Documents/log.sh)
Nov  3 17:36:01 webserver CROND[23248]: (root) CMD (bash /root/Documents/log.sh)
Nov  3 17:37:01 webserver CROND[23253]: (root) CMD (bash /root/Documents/log.sh)
Nov  3 17:38:01 webserver CROND[23258]: (root) CMD (bash /root/Documents/log.sh)
Nov  3 17:39:01 webserver CROND[23263]: (root) CMD (bash /root/Documents/log.sh)
Nov  3 17:40:01 webserver CROND[23269]: (root) CMD (bash /root/Documents/log.sh)
Nov  3 17:41:01 webserver CROND[23275]: (root) CMD (bash /root/Documents/log.sh)
Nov  3 17:42:01 webserver CROND[23280]: (root) CMD (bash /root/Documents/log.sh)
Nov  3 17:43:01 webserver CROND[23285]: (root) CMD (bash /root/Documents/log.sh)
Nov  3 17:44:01 webserver CROND[23290]: (root) CMD (bash /root/Documents/log.sh)
Nov  3 17:45:01 webserver CROND[23302]: (root) CMD (bash /root/Documents/log.sh)
Nov  3 17:46:01 webserver CROND[23308]: (root) CMD (bash /root/Documents/log.sh)
Nov  3 17:47:01 webserver CROND[23313]: (root) CMD (bash /root/Documents/log.sh)
Nov  3 17:48:01 webserver CROND[23319]: (root) CMD (bash /root/Documents/log.sh)
Nov  3 17:49:01 webserver CROND[23324]: (root) CMD (bash /root/Documents/log.sh)
Nov  3 17:50:01 webserver CROND[23331]: (root) CMD (bash /root/Documents/log.sh)
Nov  3 17:51:01 webserver CROND[23337]: (root) CMD (bash /root/Documents/log.sh)
Nov  3 17:52:01 webserver CROND[23342]: (root) CMD (bash /root/Documents/log.sh)
Nov  3 17:53:01 webserver CROND[23348]: (root) CMD (bash /root/Documents/log.sh)
Nov  3 17:54:01 webserver CROND[23354]: (root) CMD (bash /root/Documents/log.sh)
Nov  3 17:55:01 webserver CROND[23361]: (root) CMD (bash /root/Documents/log.sh)
Nov  3 17:56:01 webserver CROND[23367]: (root) CMD (bash /root/Documents/log.sh)
Nov  3 17:57:01 webserver CROND[23372]: (root) CMD (bash /root/Documents/log.sh)
Nov  3 17:58:01 webserver CROND[23377]: (root) CMD (bash /root/Documents/log.sh)
Nov  3 17:59:01 webserver CROND[23382]: (root) CMD (bash /root/Documents/log.sh)
Nov  3 18:00:01 webserver CROND[23388]: (root) CMD (bash /root/Documents/log.sh)
Nov  3 18:01:01 localhost CROND[4991]: (root) CMD (run-parts /etc/cron.hourly)
Nov  3 18:01:01 webserver CROND[23395]: (root) CMD (run-parts /etc/cron.hourly)
Nov  3 18:01:01 webserver CROND[23401]: (root) CMD (bash /root/Documents/log.sh)
Nov  3 18:02:01 webserver CROND[23418]: (root) CMD (bash /root/Documents/log.sh)
Nov  3 18:03:02 webserver CROND[23423]: (root) CMD (bash /root/Documents/log.sh)
Nov  3 18:04:01 webserver CROND[23428]: (root) CMD (bash /root/Documents/log.sh)
Nov  3 18:05:01 webserver CROND[23435]: (root) CMD (bash /root/Documents/log.sh)
Nov  3 18:06:01 webserver CROND[23440]: (root) CMD (bash /root/Documents/log.sh)
Nov  3 18:07:01 webserver CROND[23446]: (root) CMD (bash /root/Documents/log.sh)
Nov  3 18:08:01 webserver CROND[23451]: (root) CMD (bash /root/Documents/log.sh)
Nov  3 18:09:01 webserver CROND[23456]: (root) CMD (bash /root/Documents/log.sh)
Nov  3 18:10:01 webserver CROND[23463]: (root) CMD (bash /root/Documents/log.sh)
Nov  3 18:11:01 webserver CROND[23468]: (root) CMD (bash /root/Documents/log.sh)
Nov  3 18:12:01 webserver CROND[23474]: (root) CMD (bash /root/Documents/log.sh)
Nov  3 18:13:01 webserver CROND[23479]: (root) CMD (bash /root/Documents/log.sh)
Nov  3 18:14:01 webserver CROND[23484]: (root) CMD (bash /root/Documents/log.sh)
Nov  3 18:15:01 webserver CROND[23491]: (root) CMD (bash /root/Documents/log.sh)
Nov  3 18:16:01 webserver CROND[23496]: (root) CMD (bash /root/Documents/log.sh)
Nov  3 18:17:01 webserver CROND[23502]: (root) CMD (bash /root/Documents/log.sh)
Nov  3 18:18:01 webserver CROND[23508]: (root) CMD (bash /root/Documents/log.sh)
Nov  3 18:19:01 webserver CROND[23513]: (root) CMD (bash /root/Documents/log.sh)
Nov  3 18:20:01 webserver CROND[23519]: (root) CMD (bash /root/Documents/log.sh)
Nov  3 18:21:01 webserver CROND[23524]: (root) CMD (bash /root/Documents/log.sh)
Nov  3 18:22:01 webserver CROND[23529]: (root) CMD (bash /root/Documents/log.sh)
Nov  3 18:23:01 webserver CROND[23535]: (root) CMD (bash /root/Documents/log.sh)
Nov  3 18:24:02 webserver CROND[23540]: (root) CMD (bash /root/Documents/log.sh)
Nov  3 18:25:01 webserver CROND[23547]: (root) CMD (bash /root/Documents/log.sh)
Nov  3 18:26:01 webserver CROND[23552]: (root) CMD (bash /root/Documents/log.sh)
Nov  3 18:27:01 webserver CROND[23557]: (root) CMD (bash /root/Documents/log.sh)
Nov  3 18:28:01 webserver CROND[23563]: (root) CMD (bash /root/Documents/log.sh)
Nov  3 18:29:01 webserver CROND[23568]: (root) CMD (bash /root/Documents/log.sh)
Nov  3 18:30:01 webserver CROND[23574]: (root) CMD (bash /root/Documents/log.sh)
Nov  3 18:31:01 webserver CROND[23579]: (root) CMD (bash /root/Documents/log.sh)
Nov  3 18:32:01 webserver CROND[23584]: (root) CMD (bash /root/Documents/log.sh)
Nov  3 18:33:01 webserver CROND[23594]: (root) CMD (bash /root/Documents/log.sh)
Nov  3 18:34:01 webserver CROND[23599]: (root) CMD (bash /root/Documents/log.sh)
Nov  3 18:35:01 webserver CROND[23606]: (root) CMD (bash /root/Documents/log.sh)
Nov  3 18:36:01 webserver CROND[23611]: (root) CMD (bash /root/Documents/log.sh)
Nov  3 18:37:01 webserver CROND[23616]: (root) CMD (bash /root/Documents/log.sh)
Nov  3 18:38:01 webserver CROND[23622]: (root) CMD (bash /root/Documents/log.sh)
Nov  3 18:39:01 webserver CROND[23627]: (root) CMD (bash /root/Documents/log.sh)
Nov  3 18:40:01 webserver CROND[23633]: (root) CMD (bash /root/Documents/log.sh)
Nov  3 18:41:01 webserver CROND[23638]: (root) CMD (bash /root/Documents/log.sh)
Nov  3 18:42:01 webserver CROND[23643]: (root) CMD (bash /root/Documents/log.sh)
Nov  3 18:43:01 webserver CROND[23648]: (root) CMD (bash /root/Documents/log.sh)
Nov  3 18:44:01 webserver CROND[23654]: (root) CMD (bash /root/Documents/log.sh)
Nov  3 18:45:02 webserver CROND[23666]: (root) CMD (bash /root/Documents/log.sh)
Nov  3 18:46:01 webserver CROND[23672]: (root) CMD (bash /root/Documents/log.sh)
Nov  3 18:47:01 webserver CROND[23677]: (root) CMD (bash /root/Documents/log.sh)
Nov  3 18:48:01 webserver CROND[23682]: (root) CMD (bash /root/Documents/log.sh)
Nov  3 18:49:01 webserver CROND[23688]: (root) CMD (bash /root/Documents/log.sh)
Nov  3 18:50:01 webserver CROND[23695]: (root) CMD (bash /root/Documents/log.sh)
Nov  3 18:51:01 webserver CROND[23701]: (root) CMD (bash /root/Documents/log.sh)
Nov  3 18:52:01 webserver CROND[23706]: (root) CMD (bash /root/Documents/log.sh)
Nov  3 18:53:01 webserver CROND[23711]: (root) CMD (bash /root/Documents/log.sh)
Nov  3 18:54:01 webserver CROND[23717]: (root) CMD (bash /root/Documents/log.sh)
Nov  3 18:55:01 webserver CROND[23724]: (root) CMD (bash /root/Documents/log.sh)
Nov  3 18:56:01 webserver CROND[23729]: (root) CMD (bash /root/Documents/log.sh)
Nov  3 18:57:01 webserver CROND[23734]: (root) CMD (bash /root/Documents/log.sh)
Nov  3 18:58:01 webserver CROND[23739]: (root) CMD (bash /root/Documents/log.sh)
Nov  3 18:59:01 webserver CROND[23745]: (root) CMD (bash /root/Documents/log.sh)
Nov  3 19:00:01 webserver CROND[23751]: (root) CMD (bash /root/Documents/log.sh)
Nov  3 19:01:01 localhost CROND[5443]: (root) CMD (run-parts /etc/cron.hourly)
Nov  3 19:01:01 webserver CROND[23758]: (root) CMD (bash /root/Documents/log.sh)
Nov  3 19:01:01 webserver CROND[23759]: (root) CMD (run-parts /etc/cron.hourly)
Nov  3 19:02:01 webserver CROND[23781]: (root) CMD (bash /root/Documents/log.sh)
Nov  3 19:03:01 webserver CROND[23786]: (root) CMD (bash /root/Documents/log.sh)
Nov  3 19:04:02 webserver CROND[23791]: (root) CMD (bash /root/Documents/log.sh)
Nov  3 19:05:01 webserver CROND[23799]: (root) CMD (bash /root/Documents/log.sh)
Nov  3 19:06:01 webserver CROND[23804]: (root) CMD (bash /root/Documents/log.sh)
Nov  3 19:07:01 webserver CROND[23809]: (root) CMD (bash /root/Documents/log.sh)
Nov  3 19:08:01 webserver CROND[23814]: (root) CMD (bash /root/Documents/log.sh)
Nov  3 19:09:01 webserver CROND[23820]: (root) CMD (bash /root/Documents/log.sh)
Nov  3 19:10:01 webserver CROND[23827]: (root) CMD (bash /root/Documents/log.sh)
Nov  3 19:11:01 webserver CROND[23832]: (root) CMD (bash /root/Documents/log.sh)
Nov  3 19:12:01 webserver CROND[23837]: (root) CMD (bash /root/Documents/log.sh)
Nov  3 19:13:01 webserver CROND[23842]: (root) CMD (bash /root/Documents/log.sh)
Nov  3 19:14:01 webserver CROND[23847]: (root) CMD (bash /root/Documents/log.sh)
Nov  3 19:15:01 webserver CROND[23855]: (root) CMD (bash /root/Documents/log.sh)
Nov  3 19:16:01 webserver CROND[23860]: (root) CMD (bash /root/Documents/log.sh)
Nov  3 19:17:01 webserver CROND[23865]: (root) CMD (bash /root/Documents/log.sh)
Nov  3 19:18:01 webserver CROND[23870]: (root) CMD (bash /root/Documents/log.sh)
Nov  3 19:19:01 webserver CROND[23875]: (root) CMD (bash /root/Documents/log.sh)
Nov  3 19:20:01 webserver CROND[23882]: (root) CMD (bash /root/Documents/log.sh)
Nov  3 19:21:01 webserver CROND[23887]: (root) CMD (bash /root/Documents/log.sh)
Nov  3 19:22:01 webserver CROND[23893]: (root) CMD (bash /root/Documents/log.sh)
Nov  3 19:23:01 webserver CROND[23898]: (root) CMD (bash /root/Documents/log.sh)
Nov  3 19:24:01 webserver CROND[23903]: (root) CMD (bash /root/Documents/log.sh)
Nov  3 19:25:02 webserver CROND[23910]: (root) CMD (bash /root/Documents/log.sh)
Nov  3 19:26:01 webserver CROND[23920]: (root) CMD (bash /root/Documents/log.sh)
Nov  3 19:27:01 webserver CROND[23925]: (root) CMD (bash /root/Documents/log.sh)
Nov  3 19:28:01 webserver CROND[23930]: (root) CMD (bash /root/Documents/log.sh)
Nov  3 19:29:01 webserver CROND[23935]: (root) CMD (bash /root/Documents/log.sh)
Nov  3 19:30:01 webserver CROND[23941]: (root) CMD (bash /root/Documents/log.sh)
Nov  3 19:31:01 webserver CROND[23947]: (root) CMD (bash /root/Documents/log.sh)
Nov  3 19:32:01 webserver CROND[23952]: (root) CMD (bash /root/Documents/log.sh)
Nov  3 19:33:01 webserver CROND[23960]: (root) CMD (bash /root/Documents/log.sh)
Nov  3 19:34:01 webserver CROND[23965]: (root) CMD (bash /root/Documents/log.sh)
Nov  3 19:35:01 webserver CROND[23972]: (root) CMD (bash /root/Documents/log.sh)
Nov  3 19:36:01 webserver CROND[23979]: (root) CMD (bash /root/Documents/log.sh)
Nov  3 19:37:01 webserver CROND[23984]: (root) CMD (bash /root/Documents/log.sh)
Nov  3 19:38:01 webserver CROND[23989]: (root) CMD (bash /root/Documents/log.sh)
Nov  3 19:39:01 webserver CROND[23994]: (root) CMD (bash /root/Documents/log.sh)
Nov  3 19:40:01 webserver CROND[24000]: (root) CMD (bash /root/Documents/log.sh)
Nov  3 19:41:01 webserver CROND[24006]: (root) CMD (bash /root/Documents/log.sh)
Nov  3 19:42:01 webserver CROND[24012]: (root) CMD (bash /root/Documents/log.sh)
Nov  3 19:43:01 webserver CROND[24017]: (root) CMD (bash /root/Documents/log.sh)
Nov  3 19:44:01 webserver CROND[24022]: (root) CMD (bash /root/Documents/log.sh)
Nov  3 19:45:01 webserver CROND[24034]: (root) CMD (bash /root/Documents/log.sh)
Nov  3 19:46:02 webserver CROND[24039]: (root) CMD (bash /root/Documents/log.sh)
Nov  3 19:47:01 webserver CROND[24045]: (root) CMD (bash /root/Documents/log.sh)
Nov  3 19:48:01 webserver CROND[24050]: (root) CMD (bash /root/Documents/log.sh)
Nov  3 19:49:01 webserver CROND[24055]: (root) CMD (bash /root/Documents/log.sh)
Nov  3 19:50:01 webserver CROND[24062]: (root) CMD (bash /root/Documents/log.sh)
Nov  3 19:51:01 webserver CROND[24067]: (root) CMD (bash /root/Documents/log.sh)
Nov  3 19:52:01 webserver CROND[24073]: (root) CMD (bash /root/Documents/log.sh)
Nov  3 19:53:01 webserver CROND[24079]: (root) CMD (bash /root/Documents/log.sh)
Nov  3 19:54:01 webserver CROND[24084]: (root) CMD (bash /root/Documents/log.sh)
Nov  3 19:55:01 webserver CROND[24091]: (root) CMD (bash /root/Documents/log.sh)
Nov  3 19:56:01 webserver CROND[24096]: (root) CMD (bash /root/Documents/log.sh)
Nov  3 19:57:01 webserver CROND[24102]: (root) CMD (bash /root/Documents/log.sh)
Nov  3 19:58:01 webserver CROND[24108]: (root) CMD (bash /root/Documents/log.sh)
Nov  3 19:59:01 webserver CROND[24113]: (root) CMD (bash /root/Documents/log.sh)
Nov  3 20:00:01 webserver CROND[24119]: (root) CMD (bash /root/Documents/log.sh)
Nov  3 20:01:01 localhost CROND[6047]: (root) CMD (run-parts /etc/cron.hourly)
Nov  3 20:01:01 webserver CROND[24126]: (root) CMD (run-parts /etc/cron.hourly)
Nov  3 20:01:01 webserver CROND[24127]: (root) CMD (bash /root/Documents/log.sh)
Nov  3 20:02:01 webserver CROND[24149]: (root) CMD (bash /root/Documents/log.sh)
Nov  3 20:03:01 webserver CROND[24154]: (root) CMD (bash /root/Documents/log.sh)
Nov  3 20:04:01 webserver CROND[24160]: (root) CMD (bash /root/Documents/log.sh)
Nov  3 20:05:02 webserver CROND[24167]: (root) CMD (bash /root/Documents/log.sh)
Nov  3 20:06:01 webserver CROND[24172]: (root) CMD (bash /root/Documents/log.sh)
Nov  3 20:07:01 webserver CROND[24177]: (root) CMD (bash /root/Documents/log.sh)
Nov  3 20:08:01 webserver CROND[24183]: (root) CMD (bash /root/Documents/log.sh)
Nov  3 20:09:01 webserver CROND[24188]: (root) CMD (bash /root/Documents/log.sh)
Nov  3 20:10:01 webserver CROND[24194]: (root) CMD (bash /root/Documents/log.sh)
Nov  3 20:11:01 webserver CROND[24199]: (root) CMD (bash /root/Documents/log.sh)
Nov  3 20:12:01 webserver CROND[24204]: (root) CMD (bash /root/Documents/log.sh)
Nov  3 20:13:01 webserver CROND[24210]: (root) CMD (bash /root/Documents/log.sh)
Nov  3 20:14:01 webserver CROND[24215]: (root) CMD (bash /root/Documents/log.sh)
Nov  3 20:15:01 webserver CROND[24222]: (root) CMD (bash /root/Documents/log.sh)
Nov  3 20:16:01 webserver CROND[24227]: (root) CMD (bash /root/Documents/log.sh)
Nov  3 20:17:01 webserver CROND[24232]: (root) CMD (bash /root/Documents/log.sh)
Nov  3 20:18:01 webserver CROND[24238]: (root) CMD (bash /root/Documents/log.sh)
Nov  3 20:19:01 webserver CROND[24243]: (root) CMD (bash /root/Documents/log.sh)
Nov  3 20:20:01 webserver CROND[24249]: (root) CMD (bash /root/Documents/log.sh)
Nov  3 20:21:01 webserver CROND[24254]: (root) CMD (bash /root/Documents/log.sh)
Nov  3 20:22:01 webserver CROND[24259]: (root) CMD (bash /root/Documents/log.sh)
Nov  3 20:23:01 webserver CROND[24265]: (root) CMD (bash /root/Documents/log.sh)
Nov  3 20:24:01 webserver CROND[24270]: (root) CMD (bash /root/Documents/log.sh)
Nov  3 20:25:01 webserver CROND[24277]: (root) CMD (bash /root/Documents/log.sh)
Nov  3 20:26:02 webserver CROND[24283]: (root) CMD (bash /root/Documents/log.sh)
Nov  3 20:27:01 webserver CROND[24288]: (root) CMD (bash /root/Documents/log.sh)
Nov  3 20:28:01 webserver CROND[24293]: (root) CMD (bash /root/Documents/log.sh)
Nov  3 20:29:01 webserver CROND[24299]: (root) CMD (bash /root/Documents/log.sh)
Nov  3 20:30:01 webserver CROND[24305]: (root) CMD (bash /root/Documents/log.sh)
Nov  3 20:31:01 webserver CROND[24310]: (root) CMD (bash /root/Documents/log.sh)
Nov  3 20:32:01 webserver CROND[24315]: (root) CMD (bash /root/Documents/log.sh)
Nov  3 20:33:01 webserver CROND[24323]: (root) CMD (bash /root/Documents/log.sh)
Nov  3 20:34:01 webserver CROND[24329]: (root) CMD (bash /root/Documents/log.sh)
Nov  3 20:35:01 webserver CROND[24336]: (root) CMD (bash /root/Documents/log.sh)
Nov  3 20:36:01 webserver CROND[24341]: (root) CMD (bash /root/Documents/log.sh)
Nov  3 20:37:01 webserver CROND[24346]: (root) CMD (bash /root/Documents/log.sh)
Nov  3 20:38:01 webserver CROND[24352]: (root) CMD (bash /root/Documents/log.sh)
Nov  3 20:39:01 webserver CROND[24358]: (root) CMD (bash /root/Documents/log.sh)
Nov  3 20:40:01 webserver CROND[24364]: (root) CMD (bash /root/Documents/log.sh)
Nov  3 20:41:01 webserver CROND[24369]: (root) CMD (bash /root/Documents/log.sh)
Nov  3 20:42:01 webserver CROND[24374]: (root) CMD (bash /root/Documents/log.sh)
Nov  3 20:43:01 webserver CROND[24380]: (root) CMD (bash /root/Documents/log.sh)
Nov  3 20:44:01 webserver CROND[24386]: (root) CMD (bash /root/Documents/log.sh)
Nov  3 20:45:02 webserver CROND[24399]: (root) CMD (bash /root/Documents/log.sh)
Nov  3 20:46:02 webserver CROND[24404]: (root) CMD (bash /root/Documents/log.sh)
Nov  3 20:47:01 webserver CROND[24409]: (root) CMD (bash /root/Documents/log.sh)
Nov  3 20:48:01 webserver CROND[24414]: (root) CMD (bash /root/Documents/log.sh)
Nov  3 20:49:01 webserver CROND[24419]: (root) CMD (bash /root/Documents/log.sh)
Nov  3 20:50:01 webserver CROND[24427]: (root) CMD (bash /root/Documents/log.sh)
Nov  3 20:51:01 webserver CROND[24433]: (root) CMD (bash /root/Documents/log.sh)
Nov  3 20:52:01 webserver CROND[24438]: (root) CMD (bash /root/Documents/log.sh)
Nov  3 20:53:01 webserver CROND[24443]: (root) CMD (bash /root/Documents/log.sh)
Nov  3 20:54:01 webserver CROND[24448]: (root) CMD (bash /root/Documents/log.sh)
Nov  3 20:55:01 webserver CROND[24456]: (root) CMD (bash /root/Documents/log.sh)
Nov  3 20:56:01 webserver CROND[24461]: (root) CMD (bash /root/Documents/log.sh)
Nov  3 20:57:01 webserver CROND[24467]: (root) CMD (bash /root/Documents/log.sh)
Nov  3 20:58:01 webserver CROND[24472]: (root) CMD (bash /root/Documents/log.sh)
Nov  3 20:59:01 webserver CROND[24477]: (root) CMD (bash /root/Documents/log.sh)
Nov  3 21:00:01 webserver CROND[24484]: (root) CMD (bash /root/Documents/log.sh)
Nov  3 21:01:01 localhost CROND[6255]: (root) CMD (run-parts /etc/cron.hourly)
Nov  3 21:01:02 webserver CROND[24491]: (root) CMD (run-parts /etc/cron.hourly)
Nov  3 21:01:02 webserver CROND[24492]: (root) CMD (bash /root/Documents/log.sh)
Nov  3 21:02:01 webserver CROND[24513]: (root) CMD (bash /root/Documents/log.sh)
Nov  3 21:03:01 webserver CROND[24518]: (root) CMD (bash /root/Documents/log.sh)
Nov  3 21:04:01 webserver CROND[24524]: (root) CMD (bash /root/Documents/log.sh)
Nov  3 21:05:01 webserver CROND[24531]: (root) CMD (bash /root/Documents/log.sh)
Nov  3 21:06:01 webserver CROND[24537]: (root) CMD (bash /root/Documents/log.sh)
Nov  3 21:07:01 webserver CROND[24542]: (root) CMD (bash /root/Documents/log.sh)
Nov  3 21:08:01 webserver CROND[24547]: (root) CMD (bash /root/Documents/log.sh)
Nov  3 21:09:01 webserver CROND[24552]: (root) CMD (bash /root/Documents/log.sh)
Nov  3 21:10:01 webserver CROND[24557]: (root) CMD (bash /root/Documents/log.sh)
Nov  3 21:11:01 webserver CROND[24565]: (root) CMD (bash /root/Documents/log.sh)
Nov  3 21:12:01 webserver CROND[24570]: (root) CMD (bash /root/Documents/log.sh)
Nov  3 21:13:01 webserver CROND[24575]: (root) CMD (bash /root/Documents/log.sh)
Nov  3 21:14:01 webserver CROND[24580]: (root) CMD (bash /root/Documents/log.sh)
Nov  3 21:15:01 webserver CROND[24586]: (root) CMD (bash /root/Documents/log.sh)
Nov  3 21:16:01 webserver CROND[24593]: (root) CMD (bash /root/Documents/log.sh)
Nov  3 21:17:02 webserver CROND[24598]: (root) CMD (bash /root/Documents/log.sh)
Nov  3 21:18:01 webserver CROND[24603]: (root) CMD (bash /root/Documents/log.sh)
Nov  3 21:19:01 webserver CROND[24608]: (root) CMD (bash /root/Documents/log.sh)
Nov  3 21:20:01 webserver CROND[24613]: (root) CMD (bash /root/Documents/log.sh)
Nov  3 21:21:01 webserver CROND[24620]: (root) CMD (bash /root/Documents/log.sh)
Nov  3 21:22:01 webserver CROND[24625]: (root) CMD (bash /root/Documents/log.sh)
Nov  3 21:23:01 webserver CROND[24630]: (root) CMD (bash /root/Documents/log.sh)
Nov  3 21:24:01 webserver CROND[24635]: (root) CMD (bash /root/Documents/log.sh)
Nov  3 21:25:01 webserver CROND[24641]: (root) CMD (bash /root/Documents/log.sh)
Nov  3 21:26:01 webserver CROND[24649]: (root) CMD (bash /root/Documents/log.sh)
Nov  3 21:27:01 webserver CROND[24655]: (root) CMD (bash /root/Documents/log.sh)
Nov  3 21:28:01 webserver CROND[24660]: (root) CMD (bash /root/Documents/log.sh)
Nov  3 21:29:01 webserver CROND[24665]: (root) CMD (bash /root/Documents/log.sh)
Nov  3 21:30:01 localhost CROND[6759]: (root) CMD ("/root/Downloads/sn.sh")
Nov  3 21:30:01 localhost CROND[6757]: (root) CMDOUT (/bin/bash: /root/Downloads/sn.sh: Permission denied)
Nov  3 21:30:01 webserver CROND[24670]: (root) CMD (bash /root/Documents/log.sh)
Nov  3 21:31:01 webserver CROND[24676]: (root) CMD (bash /root/Documents/log.sh)
Nov  3 21:32:01 webserver CROND[24682]: (root) CMD (bash /root/Documents/log.sh)
Nov  3 21:33:01 webserver CROND[24690]: (root) CMD (bash /root/Documents/log.sh)
Nov  3 21:34:01 webserver CROND[24695]: (root) CMD (bash /root/Documents/log.sh)
Nov  3 21:35:01 webserver CROND[24701]: (root) CMD (bash /root/Documents/log.sh)
Nov  3 21:36:01 webserver CROND[24707]: (root) CMD (bash /root/Documents/log.sh)
Nov  3 21:37:01 webserver CROND[24714]: (root) CMD (bash /root/Documents/log.sh)
Nov  3 21:38:02 webserver CROND[24719]: (root) CMD (bash /root/Documents/log.sh)
Nov  3 21:39:01 webserver CROND[24724]: (root) CMD (bash /root/Documents/log.sh)
Nov  3 21:40:01 webserver CROND[24729]: (root) CMD (bash /root/Documents/log.sh)
Nov  3 21:41:01 webserver CROND[24735]: (root) CMD (bash /root/Documents/log.sh)
Nov  3 21:42:01 webserver CROND[24741]: (root) CMD (bash /root/Documents/log.sh)
Nov  3 21:43:01 webserver CROND[24746]: (root) CMD (bash /root/Documents/log.sh)
Nov  3 21:44:01 webserver CROND[24751]: (root) CMD (bash /root/Documents/log.sh)
Nov  3 21:45:01 webserver CROND[24762]: (root) CMD (bash /root/Documents/log.sh)
Nov  3 21:46:01 webserver CROND[24768]: (root) CMD (bash /root/Documents/log.sh)
Nov  3 21:47:01 webserver CROND[24774]: (root) CMD (bash /root/Documents/log.sh)
Nov  3 21:48:01 webserver CROND[24780]: (root) CMD (bash /root/Documents/log.sh)
Nov  3 21:49:01 webserver CROND[24785]: (root) CMD (bash /root/Documents/log.sh)
Nov  3 21:50:01 webserver CROND[24790]: (root) CMD (bash /root/Documents/log.sh)
Nov  3 21:51:01 webserver CROND[24796]: (root) CMD (bash /root/Documents/log.sh)
Nov  3 21:52:01 webserver CROND[24801]: (root) CMD (bash /root/Documents/log.sh)
Nov  3 21:53:01 webserver CROND[24807]: (root) CMD (bash /root/Documents/log.sh)
Nov  3 21:54:01 webserver CROND[24812]: (root) CMD (bash /root/Documents/log.sh)
Nov  3 21:55:01 webserver CROND[24818]: (root) CMD (bash /root/Documents/log.sh)
Nov  3 21:56:01 webserver CROND[24824]: (root) CMD (bash /root/Documents/log.sh)
Nov  3 21:57:01 webserver CROND[24829]: (root) CMD (bash /root/Documents/log.sh)
Nov  3 21:58:01 webserver CROND[24835]: (root) CMD (bash /root/Documents/log.sh)
Nov  3 21:59:02 webserver CROND[24840]: (root) CMD (bash /root/Documents/log.sh)
Nov  3 22:00:01 webserver CROND[24845]: (root) CMD (bash /root/Documents/log.sh)
Nov  3 22:01:01 webserver CROND[24853]: (root) CMD (bash /root/Documents/log.sh)
Nov  3 22:01:01 webserver CROND[24854]: (root) CMD (run-parts /etc/cron.hourly)
Nov  3 22:01:01 localhost CROND[6773]: (root) CMD (run-parts /etc/cron.hourly)
Nov  3 22:02:01 webserver CROND[24876]: (root) CMD (bash /root/Documents/log.sh)
Nov  3 22:03:01 webserver CROND[24882]: (root) CMD (bash /root/Documents/log.sh)
Nov  3 22:04:01 webserver CROND[24887]: (root) CMD (bash /root/Documents/log.sh)
Nov  3 22:05:01 webserver CROND[24893]: (root) CMD (bash /root/Documents/log.sh)
Nov  3 22:06:01 webserver CROND[24899]: (root) CMD (bash /root/Documents/log.sh)
Nov  3 22:07:01 webserver CROND[24904]: (root) CMD (bash /root/Documents/log.sh)
Nov  3 22:08:01 webserver CROND[24911]: (root) CMD (bash /root/Documents/log.sh)
Nov  3 22:09:01 webserver CROND[24916]: (root) CMD (bash /root/Documents/log.sh)
Nov  3 22:10:01 webserver CROND[24921]: (root) CMD (bash /root/Documents/log.sh)
Nov  3 22:11:01 webserver CROND[24927]: (root) CMD (bash /root/Documents/log.sh)
Nov  3 22:12:01 webserver CROND[24932]: (root) CMD (bash /root/Documents/log.sh)
Nov  3 22:13:01 webserver CROND[24937]: (root) CMD (bash /root/Documents/log.sh)
Nov  3 22:14:01 webserver CROND[24943]: (root) CMD (bash /root/Documents/log.sh)
Nov  3 22:15:01 webserver CROND[24949]: (root) CMD (bash /root/Documents/log.sh)
Nov  3 22:16:01 webserver CROND[24956]: (root) CMD (bash /root/Documents/log.sh)
Nov  3 22:17:01 webserver CROND[24961]: (root) CMD (bash /root/Documents/log.sh)
Nov  3 22:18:01 webserver CROND[24966]: (root) CMD (bash /root/Documents/log.sh)
Nov  3 22:19:02 webserver CROND[24972]: (root) CMD (bash /root/Documents/log.sh)
Nov  3 22:20:01 webserver CROND[24977]: (root) CMD (bash /root/Documents/log.sh)
Nov  3 22:21:01 webserver CROND[24983]: (root) CMD (bash /root/Documents/log.sh)
Nov  3 22:22:01 webserver CROND[24989]: (root) CMD (bash /root/Documents/log.sh)
Nov  3 22:23:01 webserver CROND[24994]: (root) CMD (bash /root/Documents/log.sh)
Nov  3 22:24:01 webserver CROND[25000]: (root) CMD (bash /root/Documents/log.sh)
Nov  3 22:25:01 webserver CROND[25006]: (root) CMD (bash /root/Documents/log.sh)
Nov  3 22:26:01 webserver CROND[25014]: (root) CMD (bash /root/Documents/log.sh)
Nov  3 22:27:01 webserver CROND[25019]: (root) CMD (bash /root/Documents/log.sh)
Nov  3 22:28:01 webserver CROND[25024]: (root) CMD (bash /root/Documents/log.sh)
Nov  3 22:29:01 webserver CROND[25030]: (root) CMD (bash /root/Documents/log.sh)
Nov  3 22:30:01 webserver CROND[25035]: (root) CMD (bash /root/Documents/log.sh)
Nov  3 22:31:01 webserver CROND[25041]: (root) CMD (bash /root/Documents/log.sh)
Nov  3 22:32:01 webserver CROND[25046]: (root) CMD (bash /root/Documents/log.sh)
Nov  3 22:33:01 webserver CROND[25054]: (root) CMD (bash /root/Documents/log.sh)
Nov  3 22:34:01 webserver CROND[25060]: (root) CMD (bash /root/Documents/log.sh)
Nov  3 22:35:01 webserver CROND[25067]: (root) CMD (bash /root/Documents/log.sh)
Nov  3 22:36:01 webserver CROND[25073]: (root) CMD (bash /root/Documents/log.sh)
Nov  3 22:37:01 webserver CROND[25078]: (root) CMD (bash /root/Documents/log.sh)
Nov  3 22:38:01 webserver CROND[25083]: (root) CMD (bash /root/Documents/log.sh)
Nov  3 22:39:01 webserver CROND[25089]: (root) CMD (bash /root/Documents/log.sh)
Nov  3 22:40:02 webserver CROND[25095]: (root) CMD (bash /root/Documents/log.sh)
Nov  3 22:41:01 webserver CROND[25101]: (root) CMD (bash /root/Documents/log.sh)
Nov  3 22:42:01 webserver CROND[25106]: (root) CMD (bash /root/Documents/log.sh)
Nov  3 22:43:01 webserver CROND[25111]: (root) CMD (bash /root/Documents/log.sh)
Nov  3 22:44:01 webserver CROND[25116]: (root) CMD (bash /root/Documents/log.sh)
Nov  3 22:45:01 webserver CROND[25128]: (root) CMD (bash /root/Documents/log.sh)
Nov  3 22:46:01 webserver CROND[25135]: (root) CMD (bash /root/Documents/log.sh)
Nov  3 22:47:01 webserver CROND[25140]: (root) CMD (bash /root/Documents/log.sh)
Nov  3 22:48:01 webserver CROND[25145]: (root) CMD (bash /root/Documents/log.sh)
Nov  3 22:49:01 webserver CROND[25150]: (root) CMD (bash /root/Documents/log.sh)
Nov  3 22:50:01 webserver CROND[25156]: (root) CMD (bash /root/Documents/log.sh)
Nov  3 22:51:01 webserver CROND[25162]: (root) CMD (bash /root/Documents/log.sh)
Nov  3 22:52:01 webserver CROND[25167]: (root) CMD (bash /root/Documents/log.sh)
Nov  3 22:53:01 webserver CROND[25172]: (root) CMD (bash /root/Documents/log.sh)
Nov  3 22:54:01 webserver CROND[25177]: (root) CMD (bash /root/Documents/log.sh)
Nov  3 22:55:01 webserver CROND[25183]: (root) CMD (bash /root/Documents/log.sh)
Nov  3 22:56:01 webserver CROND[25190]: (root) CMD (bash /root/Documents/log.sh)
Nov  3 22:57:01 webserver CROND[25195]: (root) CMD (bash /root/Documents/log.sh)
Nov  3 22:58:01 webserver CROND[25201]: (root) CMD (bash /root/Documents/log.sh)
Nov  3 22:59:01 webserver CROND[25206]: (root) CMD (bash /root/Documents/log.sh)
Nov  3 23:00:01 webserver CROND[25211]: (root) CMD (bash /root/Documents/log.sh)
Nov  3 23:01:01 localhost CROND[6815]: (root) CMD (run-parts /etc/cron.hourly)
Nov  3 23:01:02 webserver CROND[25220]: (root) CMD (bash /root/Documents/log.sh)
Nov  3 23:01:02 webserver CROND[25222]: (root) CMD (run-parts /etc/cron.hourly)
Nov  3 23:02:01 webserver CROND[25242]: (root) CMD (bash /root/Documents/log.sh)
Nov  3 23:03:01 webserver CROND[25247]: (root) CMD (bash /root/Documents/log.sh)
Nov  3 23:04:01 webserver CROND[25252]: (root) CMD (bash /root/Documents/log.sh)
Nov  3 23:05:01 webserver CROND[25258]: (root) CMD (bash /root/Documents/log.sh)
Nov  3 23:06:01 webserver CROND[25266]: (root) CMD (bash /root/Documents/log.sh)
Nov  3 23:07:01 webserver CROND[25271]: (root) CMD (bash /root/Documents/log.sh)
Nov  3 23:08:01 webserver CROND[25276]: (root) CMD (bash /root/Documents/log.sh)
Nov  3 23:09:01 webserver CROND[25281]: (root) CMD (bash /root/Documents/log.sh)
Nov  3 23:10:01 webserver CROND[25286]: (root) CMD (bash /root/Documents/log.sh)
Nov  3 23:11:01 webserver CROND[25293]: (root) CMD (bash /root/Documents/log.sh)
Nov  3 23:12:01 webserver CROND[25298]: (root) CMD (bash /root/Documents/log.sh)
Nov  3 23:13:01 webserver CROND[25303]: (root) CMD (bash /root/Documents/log.sh)
Nov  3 23:14:01 webserver CROND[25308]: (root) CMD (bash /root/Documents/log.sh)
Nov  3 23:15:01 webserver CROND[25314]: (root) CMD (bash /root/Documents/log.sh)
Nov  3 23:16:01 webserver CROND[25320]: (root) CMD (bash /root/Documents/log.sh)
Nov  3 23:17:01 webserver CROND[25326]: (root) CMD (bash /root/Documents/log.sh)
Nov  3 23:18:01 webserver CROND[25331]: (root) CMD (bash /root/Documents/log.sh)
Nov  3 23:19:01 webserver CROND[25336]: (root) CMD (bash /root/Documents/log.sh)
Nov  3 23:20:01 webserver CROND[25341]: (root) CMD (bash /root/Documents/log.sh)
Nov  3 23:21:01 webserver CROND[25347]: (root) CMD (bash /root/Documents/log.sh)
Nov  3 23:22:01 webserver CROND[25353]: (root) CMD (bash /root/Documents/log.sh)
Nov  3 23:23:01 webserver CROND[25358]: (root) CMD (bash /root/Documents/log.sh)
Nov  3 23:24:01 webserver CROND[25364]: (root) CMD (bash /root/Documents/log.sh)
Nov  3 23:25:01 webserver CROND[25370]: (root) CMD (bash /root/Documents/log.sh)
Nov  3 23:26:01 webserver CROND[25376]: (root) CMD (bash /root/Documents/log.sh)
Nov  3 23:27:01 webserver CROND[25382]: (root) CMD (bash /root/Documents/log.sh)
Nov  3 23:28:01 webserver CROND[25387]: (root) CMD (bash /root/Documents/log.sh)
Nov  3 23:29:01 webserver CROND[25392]: (root) CMD (bash /root/Documents/log.sh)
Nov  3 23:30:01 webserver CROND[25397]: (root) CMD (bash /root/Documents/log.sh)
Nov  3 23:31:01 webserver CROND[25403]: (root) CMD (bash /root/Documents/log.sh)
Nov  3 23:32:01 webserver CROND[25409]: (root) CMD (bash /root/Documents/log.sh)
Nov  3 23:33:01 webserver CROND[25417]: (root) CMD (bash /root/Documents/log.sh)
Nov  3 23:34:01 webserver CROND[25423]: (root) CMD (bash /root/Documents/log.sh)
Nov  3 23:35:01 webserver CROND[25429]: (root) CMD (bash /root/Documents/log.sh)
Nov  3 23:36:01 webserver CROND[25435]: (root) CMD (bash /root/Documents/log.sh)
Nov  3 23:37:01 webserver CROND[25440]: (root) CMD (bash /root/Documents/log.sh)
Nov  3 23:38:01 webserver CROND[25446]: (root) CMD (bash /root/Documents/log.sh)
Nov  3 23:39:01 webserver CROND[25451]: (root) CMD (bash /root/Documents/log.sh)
Nov  3 23:40:02 webserver CROND[25456]: (root) CMD (bash /root/Documents/log.sh)
Nov  3 23:41:02 webserver CROND[25463]: (root) CMD (bash /root/Documents/log.sh)
Nov  3 23:42:01 webserver CROND[25468]: (root) CMD (bash /root/Documents/log.sh)
Nov  3 23:43:01 webserver CROND[25474]: (root) CMD (bash /root/Documents/log.sh)
Nov  3 23:44:01 webserver CROND[25479]: (root) CMD (bash /root/Documents/log.sh)
Nov  3 23:45:01 webserver CROND[25490]: (root) CMD (bash /root/Documents/log.sh)
Nov  3 23:46:01 webserver CROND[25496]: (root) CMD (bash /root/Documents/log.sh)
Nov  3 23:47:01 webserver CROND[25501]: (root) CMD (bash /root/Documents/log.sh)
Nov  3 23:48:01 webserver CROND[25507]: (root) CMD (bash /root/Documents/log.sh)
Nov  3 23:49:01 webserver CROND[25512]: (root) CMD (bash /root/Documents/log.sh)
Nov  3 23:50:01 webserver CROND[25519]: (root) CMD (bash /root/Documents/log.sh)
Nov  3 23:51:01 webserver CROND[25525]: (root) CMD (bash /root/Documents/log.sh)
Nov  3 23:52:01 webserver CROND[25530]: (root) CMD (bash /root/Documents/log.sh)
Nov  3 23:53:01 webserver CROND[25536]: (root) CMD (bash /root/Documents/log.sh)
Nov  3 23:54:01 webserver CROND[25541]: (root) CMD (bash /root/Documents/log.sh)
Nov  3 23:55:01 webserver CROND[25547]: (root) CMD (bash /root/Documents/log.sh)
Nov  3 23:56:01 webserver CROND[25553]: (root) CMD (bash /root/Documents/log.sh)
Nov  3 23:57:01 webserver CROND[25558]: (root) CMD (bash /root/Documents/log.sh)
Nov  3 23:58:01 webserver CROND[25563]: (root) CMD (bash /root/Documents/log.sh)
Nov  3 23:59:01 webserver CROND[25569]: (root) CMD (bash /root/Documents/log.sh)
