Nov  3 17:18:45 localhost dbus[567]: [system] Activating via systemd: service name='org.freedesktop.NetworkManager' unit='dbus-org.freedesktop.NetworkManager.service'
Nov  3 17:18:45 localhost dbus[567]: [system] Successfully activated service 'org.freedesktop.NetworkManager'
Nov  3 17:21:42 localhost dbus[567]: [system] Activating via systemd: service name='org.freedesktop.hostname1' unit='dbus-org.freedesktop.hostname1.service'
Nov  3 17:21:42 localhost dbus[567]: [system] Successfully activated service 'org.freedesktop.hostname1'
Nov  3 17:31:10 localhost dbus[567]: [system] Activating via systemd: service name='org.freedesktop.PackageKit' unit='packagekit.service'
Nov  3 17:31:10 localhost dbus[567]: [system] Successfully activated service 'org.freedesktop.PackageKit'
Nov  3 17:31:15 localhost dbus[567]: [system] Activating via systemd: service name='org.freedesktop.PackageKit' unit='packagekit.service'
Nov  3 17:31:15 localhost dbus[567]: [system] Successfully activated service 'org.freedesktop.PackageKit'
Nov  3 17:31:16 localhost dbus[567]: [system] Activating via systemd: service name='org.freedesktop.PackageKit' unit='packagekit.service'
Nov  3 17:31:16 localhost dbus[567]: [system] Successfully activated service 'org.freedesktop.PackageKit'
Nov  3 17:31:20 localhost dbus[567]: [system] Activating via systemd: service name='org.freedesktop.PackageKit' unit='packagekit.service'
Nov  3 17:31:20 localhost dbus[567]: [system] Successfully activated service 'org.freedesktop.PackageKit'
Nov  3 17:31:22 localhost dbus[567]: [system] Activating via systemd: service name='org.freedesktop.PackageKit' unit='packagekit.service'
Nov  3 17:31:22 localhost dbus[567]: [system] Successfully activated service 'org.freedesktop.PackageKit'
Nov  3 17:31:23 localhost dbus[567]: [system] Activating via systemd: service name='org.freedesktop.PackageKit' unit='packagekit.service'
Nov  3 17:31:23 localhost dbus[567]: [system] Successfully activated service 'org.freedesktop.PackageKit'
Nov  3 17:32:01 localhost dbus[567]: [system] Activating via systemd: service name='org.freedesktop.PackageKit' unit='packagekit.service'
Nov  3 17:32:01 localhost dbus[567]: [system] Successfully activated service 'org.freedesktop.PackageKit'
Nov  3 17:32:10 localhost dbus[567]: [system] Activating via systemd: service name='org.freedesktop.PackageKit' unit='packagekit.service'
Nov  3 17:32:10 localhost dbus[567]: [system] Successfully activated service 'org.freedesktop.PackageKit'
Nov  3 17:35:53 localhost dbus[567]: [system] Activating via systemd: service name='org.freedesktop.hostname1' unit='dbus-org.freedesktop.hostname1.service'
Nov  3 17:35:53 localhost dbus[567]: [system] Successfully activated service 'org.freedesktop.hostname1'
Nov  3 17:43:39 localhost dbus[567]: [system] Activating via systemd: service name='org.freedesktop.nm_dispatcher' unit='dbus-org.freedesktop.nm-dispatcher.service'
Nov  3 17:43:39 localhost dbus[567]: [system] Successfully activated service 'org.freedesktop.nm_dispatcher'
Nov  3 17:44:51 webserver dbus[577]: [system] Activating via systemd: service name='org.freedesktop.PackageKit' unit='packagekit.service'
Nov  3 17:44:51 webserver dbus[577]: [system] Successfully activated service 'org.freedesktop.PackageKit'
Nov  3 18:00:07 localhost dbus[567]: [system] Activating via systemd: service name='org.freedesktop.nm_dispatcher' unit='dbus-org.freedesktop.nm-dispatcher.service'
Nov  3 18:00:07 localhost dbus[567]: [system] Successfully activated service 'org.freedesktop.nm_dispatcher'
Nov  3 18:44:51 webserver dbus[577]: [system] Activating via systemd: service name='org.freedesktop.PackageKit' unit='packagekit.service'
Nov  3 18:44:51 webserver dbus[577]: [system] Successfully activated service 'org.freedesktop.PackageKit'
Nov  3 19:44:51 webserver dbus[577]: [system] Activating via systemd: service name='org.freedesktop.PackageKit' unit='packagekit.service'
Nov  3 19:44:51 webserver dbus[577]: [system] Successfully activated service 'org.freedesktop.PackageKit'
Nov  3 20:44:51 webserver dbus[577]: [system] Activating via systemd: service name='org.freedesktop.PackageKit' unit='packagekit.service'
Nov  3 20:44:51 webserver dbus[577]: [system] Successfully activated service 'org.freedesktop.PackageKit'
Nov  3 21:44:51 webserver dbus[577]: [system] Activating via systemd: service name='org.freedesktop.PackageKit' unit='packagekit.service'
Nov  3 21:44:52 webserver dbus[577]: [system] Successfully activated service 'org.freedesktop.PackageKit'
Nov  3 22:44:51 webserver dbus[577]: [system] Activating via systemd: service name='org.freedesktop.PackageKit' unit='packagekit.service'
Nov  3 22:44:51 webserver dbus[577]: [system] Successfully activated service 'org.freedesktop.PackageKit'
Nov  3 23:44:51 webserver dbus[577]: [system] Activating via systemd: service name='org.freedesktop.PackageKit' unit='packagekit.service'
Nov  3 23:44:51 webserver dbus[577]: [system] Successfully activated service 'org.freedesktop.PackageKit'
