Nov  3 18:01:01 localhost run-parts(/etc/cron.hourly)[4991 starting 0anacron
Nov  3 18:01:01 localhost run-parts(/etc/cron.hourly)[5000 finished 0anacron
Nov  3 18:01:01 localhost run-parts(/etc/cron.hourly)[4991 starting mcelog.cron
Nov  3 18:01:01 localhost run-parts(/etc/cron.hourly)[5006 finished mcelog.cron
Nov  3 18:01:01 webserver run-parts(/etc/cron.hourly)[2339 starting 0anacron
Nov  3 18:01:01 webserver run-parts(/etc/cron.hourly)[2340 finished 0anacron
Nov  3 18:01:01 webserver run-parts(/etc/cron.hourly)[2339 starting mcelog.cron
Nov  3 18:01:01 webserver run-parts(/etc/cron.hourly)[2341 finished mcelog.cron
Nov  3 19:01:01 localhost run-parts(/etc/cron.hourly)[5443 starting 0anacron
Nov  3 19:01:01 localhost run-parts(/etc/cron.hourly)[5452 finished 0anacron
Nov  3 19:01:01 localhost run-parts(/etc/cron.hourly)[5443 starting mcelog.cron
Nov  3 19:01:01 localhost run-parts(/etc/cron.hourly)[5458 finished mcelog.cron
Nov  3 19:01:01 webserver run-parts(/etc/cron.hourly)[2375 starting 0anacron
Nov  3 19:01:01 webserver run-parts(/etc/cron.hourly)[2377 finished 0anacron
Nov  3 19:01:01 webserver run-parts(/etc/cron.hourly)[2375 starting mcelog.cron
Nov  3 19:01:01 webserver run-parts(/etc/cron.hourly)[2377 finished mcelog.cron
Nov  3 20:01:01 localhost run-parts(/etc/cron.hourly)[6047 starting 0anacron
Nov  3 20:01:01 localhost run-parts(/etc/cron.hourly)[6056 finished 0anacron
Nov  3 20:01:01 localhost run-parts(/etc/cron.hourly)[6047 starting mcelog.cron
Nov  3 20:01:01 localhost run-parts(/etc/cron.hourly)[6062 finished mcelog.cron
Nov  3 20:01:01 webserver run-parts(/etc/cron.hourly)[2412 starting 0anacron
Nov  3 20:01:01 webserver run-parts(/etc/cron.hourly)[2413 finished 0anacron
Nov  3 20:01:01 webserver run-parts(/etc/cron.hourly)[2412 starting mcelog.cron
Nov  3 20:01:01 webserver run-parts(/etc/cron.hourly)[2414 finished mcelog.cron
Nov  3 21:01:01 localhost run-parts(/etc/cron.hourly)[6255 starting 0anacron
Nov  3 21:01:01 localhost run-parts(/etc/cron.hourly)[6264 finished 0anacron
Nov  3 21:01:01 localhost run-parts(/etc/cron.hourly)[6255 starting mcelog.cron
Nov  3 21:01:01 localhost run-parts(/etc/cron.hourly)[6270 finished mcelog.cron
Nov  3 21:01:02 webserver run-parts(/etc/cron.hourly)[2449 starting 0anacron
Nov  3 21:01:02 webserver run-parts(/etc/cron.hourly)[2450 finished 0anacron
Nov  3 21:01:02 webserver run-parts(/etc/cron.hourly)[2449 starting mcelog.cron
Nov  3 21:01:02 webserver run-parts(/etc/cron.hourly)[2450 finished mcelog.cron
Nov  3 22:01:01 webserver run-parts(/etc/cron.hourly)[2485 starting 0anacron
Nov  3 22:01:01 webserver run-parts(/etc/cron.hourly)[2486 finished 0anacron
Nov  3 22:01:01 webserver run-parts(/etc/cron.hourly)[2485 starting mcelog.cron
Nov  3 22:01:01 webserver run-parts(/etc/cron.hourly)[2487 finished mcelog.cron
Nov  3 22:01:01 localhost run-parts(/etc/cron.hourly)[6773 starting 0anacron
Nov  3 22:01:01 localhost run-parts(/etc/cron.hourly)[6782 finished 0anacron
Nov  3 22:01:01 localhost run-parts(/etc/cron.hourly)[6773 starting mcelog.cron
Nov  3 22:01:01 localhost run-parts(/etc/cron.hourly)[6788 finished mcelog.cron
Nov  3 23:01:01 localhost run-parts(/etc/cron.hourly)[6815 starting 0anacron
Nov  3 23:01:01 localhost run-parts(/etc/cron.hourly)[6824 finished 0anacron
Nov  3 23:01:01 localhost run-parts(/etc/cron.hourly)[6815 starting mcelog.cron
Nov  3 23:01:01 localhost run-parts(/etc/cron.hourly)[6830 finished mcelog.cron
Nov  3 23:01:02 webserver run-parts(/etc/cron.hourly)[2522 starting 0anacron
Nov  3 23:01:02 webserver run-parts(/etc/cron.hourly)[2523 finished 0anacron
Nov  3 23:01:02 webserver run-parts(/etc/cron.hourly)[2522 starting mcelog.cron
Nov  3 23:01:02 webserver run-parts(/etc/cron.hourly)[2523 finished mcelog.cron
