Nov  3 17:18:45 localhost systemd: Stopping Network Manager...
Nov  3 17:18:45 localhost systemd: Stopped Network Manager.
Nov  3 17:18:45 localhost systemd: Starting Network Manager...
Nov  3 17:18:45 localhost systemd: Started Network Manager.
Nov  3 17:21:01 webserver systemd: Starting Session 7404 of user root.
Nov  3 17:21:01 webserver systemd: Started Session 7404 of user root.
Nov  3 17:21:42 localhost systemd: Starting Hostname Service...
Nov  3 17:21:42 localhost systemd: Started Hostname Service.
Nov  3 17:22:01 webserver systemd: Starting Session 7405 of user root.
Nov  3 17:22:01 webserver systemd: Started Session 7405 of user root.
Nov  3 17:23:01 webserver systemd: Starting Session 7406 of user root.
Nov  3 17:23:01 webserver systemd: Started Session 7406 of user root.
Nov  3 17:24:02 webserver systemd: Starting Session 7407 of user root.
Nov  3 17:24:02 webserver systemd: Started Session 7407 of user root.
Nov  3 17:25:01 webserver systemd: Starting Session 7408 of user root.
Nov  3 17:25:01 webserver systemd: Started Session 7408 of user root.
Nov  3 17:26:01 webserver systemd: Starting Session 7409 of user root.
Nov  3 17:26:01 webserver systemd: Started Session 7409 of user root.
Nov  3 17:27:01 webserver systemd: Starting Session 7410 of user root.
Nov  3 17:27:01 webserver systemd: Started Session 7410 of user root.
Nov  3 17:28:01 webserver systemd: Starting Session 7411 of user root.
Nov  3 17:28:01 webserver systemd: Started Session 7411 of user root.
Nov  3 17:29:01 webserver systemd: Starting Session 7412 of user root.
Nov  3 17:29:01 webserver systemd: Started Session 7412 of user root.
Nov  3 17:30:01 webserver systemd: Starting Session 7413 of user root.
Nov  3 17:30:01 webserver systemd: Started Session 7413 of user root.
Nov  3 17:31:01 webserver systemd: Starting Session 7414 of user root.
Nov  3 17:31:01 webserver systemd: Started Session 7414 of user root.
Nov  3 17:31:10 localhost systemd: Starting PackageKit Daemon...
Nov  3 17:31:10 localhost systemd: Started PackageKit Daemon.
Nov  3 17:31:15 localhost systemd: Starting PackageKit Daemon...
Nov  3 17:31:15 localhost systemd: Started PackageKit Daemon.
Nov  3 17:31:16 localhost systemd: Starting PackageKit Daemon...
Nov  3 17:31:16 localhost systemd: Started PackageKit Daemon.
Nov  3 17:31:20 localhost systemd: Starting PackageKit Daemon...
Nov  3 17:31:20 localhost systemd: Started PackageKit Daemon.
Nov  3 17:31:22 localhost systemd: Starting PackageKit Daemon...
Nov  3 17:31:22 localhost systemd: Started PackageKit Daemon.
Nov  3 17:31:23 localhost systemd: Starting PackageKit Daemon...
Nov  3 17:31:23 localhost systemd: Started PackageKit Daemon.
Nov  3 17:32:01 localhost systemd: Starting PackageKit Daemon...
Nov  3 17:32:01 localhost systemd: Started PackageKit Daemon.
Nov  3 17:32:01 webserver systemd: Starting Session 7415 of user root.
Nov  3 17:32:01 webserver systemd: Started Session 7415 of user root.
Nov  3 17:32:05 webserver systemd: Starting dnf makecache...
Nov  3 17:32:10 localhost systemd: Starting PackageKit Daemon...
Nov  3 17:32:10 localhost systemd: Started PackageKit Daemon.
Nov  3 17:32:43 webserver systemd: Started dnf makecache.
Nov  3 17:33:01 webserver systemd: Starting Session 7416 of user root.
Nov  3 17:33:01 webserver systemd: Started Session 7416 of user root.
Nov  3 17:34:01 webserver systemd: Starting Session 7417 of user root.
Nov  3 17:34:01 webserver systemd: Started Session 7417 of user root.
Nov  3 17:35:01 webserver systemd: Starting Session 7418 of user root.
Nov  3 17:35:01 webserver systemd: Started Session 7418 of user root.
Nov  3 17:35:53 localhost systemd: Starting Hostname Service...
Nov  3 17:35:53 localhost systemd: Started Hostname Service.
Nov  3 17:36:01 webserver systemd: Starting Session 7419 of user root.
Nov  3 17:36:01 webserver systemd: Started Session 7419 of user root.
Nov  3 17:37:01 webserver systemd: Starting Session 7420 of user root.
Nov  3 17:37:01 webserver systemd: Started Session 7420 of user root.
Nov  3 17:38:01 webserver systemd: Starting Session 7421 of user root.
Nov  3 17:38:01 webserver systemd: Started Session 7421 of user root.
Nov  3 17:39:01 webserver systemd: Starting Session 7422 of user root.
Nov  3 17:39:01 webserver systemd: Started Session 7422 of user root.
Nov  3 17:40:01 webserver systemd: Starting Session 7423 of user root.
Nov  3 17:40:01 webserver systemd: Started Session 7423 of user root.
Nov  3 17:41:01 webserver systemd: Starting Session 7424 of user root.
Nov  3 17:41:01 webserver systemd: Started Session 7424 of user root.
Nov  3 17:42:01 webserver systemd: Starting Session 7425 of user root.
Nov  3 17:42:01 webserver systemd: Started Session 7425 of user root.
Nov  3 17:43:01 webserver systemd: Starting Session 7426 of user root.
Nov  3 17:43:01 webserver systemd: Started Session 7426 of user root.
Nov  3 17:43:39 localhost systemd: Starting Network Manager Script Dispatcher Service...
Nov  3 17:43:39 localhost systemd: Started Network Manager Script Dispatcher Service.
Nov  3 17:44:01 webserver systemd: Starting Session 7427 of user root.
Nov  3 17:44:01 webserver systemd: Started Session 7427 of user root.
Nov  3 17:44:51 webserver systemd: Starting PackageKit Daemon...
Nov  3 17:44:51 webserver systemd: Started PackageKit Daemon.
Nov  3 17:45:01 webserver systemd: Starting Session 7428 of user root.
Nov  3 17:45:01 webserver systemd: Started Session 7428 of user root.
Nov  3 17:46:01 webserver systemd: Starting Session 7429 of user root.
Nov  3 17:46:01 webserver systemd: Started Session 7429 of user root.
Nov  3 17:47:01 webserver systemd: Starting Session 7430 of user root.
Nov  3 17:47:01 webserver systemd: Started Session 7430 of user root.
Nov  3 17:48:01 webserver systemd: Starting Session 7431 of user root.
Nov  3 17:48:01 webserver systemd: Started Session 7431 of user root.
Nov  3 17:49:01 webserver systemd: Starting Session 7432 of user root.
Nov  3 17:49:01 webserver systemd: Started Session 7432 of user root.
Nov  3 17:50:01 webserver systemd: Starting Session 7433 of user root.
Nov  3 17:50:01 webserver systemd: Started Session 7433 of user root.
Nov  3 17:51:01 webserver systemd: Starting Session 7434 of user root.
Nov  3 17:51:01 webserver systemd: Started Session 7434 of user root.
Nov  3 17:52:01 webserver systemd: Starting Session 7435 of user root.
Nov  3 17:52:01 webserver systemd: Started Session 7435 of user root.
Nov  3 17:53:01 webserver systemd: Starting Session 7436 of user root.
Nov  3 17:53:01 webserver systemd: Started Session 7436 of user root.
Nov  3 17:54:01 webserver systemd: Starting Session 7437 of user root.
Nov  3 17:54:01 webserver systemd: Started Session 7437 of user root.
Nov  3 17:55:01 webserver systemd: Starting Session 7438 of user root.
Nov  3 17:55:01 webserver systemd: Started Session 7438 of user root.
Nov  3 17:56:01 webserver systemd: Starting Session 7439 of user root.
Nov  3 17:56:01 webserver systemd: Started Session 7439 of user root.
Nov  3 17:57:01 webserver systemd: Starting Session 7440 of user root.
Nov  3 17:57:01 webserver systemd: Started Session 7440 of user root.
Nov  3 17:58:01 webserver systemd: Starting Session 7441 of user root.
Nov  3 17:58:01 webserver systemd: Started Session 7441 of user root.
Nov  3 17:59:01 webserver systemd: Starting Session 7442 of user root.
Nov  3 17:59:01 webserver systemd: Started Session 7442 of user root.
Nov  3 18:00:01 webserver systemd: Starting Session 7443 of user root.
Nov  3 18:00:01 webserver systemd: Started Session 7443 of user root.
Nov  3 18:00:07 localhost systemd: Starting Network Manager Script Dispatcher Service...
Nov  3 18:00:07 localhost systemd: Started Network Manager Script Dispatcher Service.
Nov  3 18:01:01 localhost systemd: Starting Session 2 of user root.
Nov  3 18:01:01 localhost systemd: Started Session 2 of user root.
Nov  3 18:01:01 webserver systemd: Starting Session 7444 of user root.
Nov  3 18:01:01 webserver systemd: Started Session 7444 of user root.
Nov  3 18:01:01 webserver systemd: Starting Session 7445 of user root.
Nov  3 18:01:01 webserver systemd: Started Session 7445 of user root.
Nov  3 18:02:01 webserver systemd: Starting Session 7446 of user root.
Nov  3 18:02:01 webserver systemd: Started Session 7446 of user root.
Nov  3 18:03:01 webserver systemd: Starting Session 7447 of user root.
Nov  3 18:03:02 webserver systemd: Started Session 7447 of user root.
Nov  3 18:04:01 webserver systemd: Starting Session 7448 of user root.
Nov  3 18:04:01 webserver systemd: Started Session 7448 of user root.
Nov  3 18:05:01 webserver systemd: Starting Session 7449 of user root.
Nov  3 18:05:01 webserver systemd: Started Session 7449 of user root.
Nov  3 18:06:01 webserver systemd: Starting Session 7450 of user root.
Nov  3 18:06:01 webserver systemd: Started Session 7450 of user root.
Nov  3 18:07:01 webserver systemd: Starting Session 7451 of user root.
Nov  3 18:07:01 webserver systemd: Started Session 7451 of user root.
Nov  3 18:08:01 webserver systemd: Starting Session 7452 of user root.
Nov  3 18:08:01 webserver systemd: Started Session 7452 of user root.
Nov  3 18:09:01 webserver systemd: Starting Session 7453 of user root.
Nov  3 18:09:01 webserver systemd: Started Session 7453 of user root.
Nov  3 18:10:01 webserver systemd: Starting Session 7454 of user root.
Nov  3 18:10:01 webserver systemd: Started Session 7454 of user root.
Nov  3 18:11:01 webserver systemd: Starting Session 7455 of user root.
Nov  3 18:11:01 webserver systemd: Started Session 7455 of user root.
Nov  3 18:12:01 webserver systemd: Starting Session 7456 of user root.
Nov  3 18:12:01 webserver systemd: Started Session 7456 of user root.
Nov  3 18:13:01 webserver systemd: Starting Session 7457 of user root.
Nov  3 18:13:01 webserver systemd: Started Session 7457 of user root.
Nov  3 18:13:54 localhost systemd: Starting dnf makecache...
Nov  3 18:14:01 webserver systemd: Starting Session 7458 of user root.
Nov  3 18:14:01 webserver systemd: Started Session 7458 of user root.
Nov  3 18:14:19 localhost systemd: Started dnf makecache.
Nov  3 18:15:01 webserver systemd: Starting Session 7459 of user root.
Nov  3 18:15:01 webserver systemd: Started Session 7459 of user root.
Nov  3 18:16:01 webserver systemd: Starting Session 7460 of user root.
Nov  3 18:16:01 webserver systemd: Started Session 7460 of user root.
Nov  3 18:17:01 webserver systemd: Starting Session 7461 of user root.
Nov  3 18:17:01 webserver systemd: Started Session 7461 of user root.
Nov  3 18:18:01 webserver systemd: Starting Session 7462 of user root.
Nov  3 18:18:01 webserver systemd: Started Session 7462 of user root.
Nov  3 18:19:01 webserver systemd: Starting Session 7463 of user root.
Nov  3 18:19:01 webserver systemd: Started Session 7463 of user root.
Nov  3 18:20:01 webserver systemd: Starting Session 7464 of user root.
Nov  3 18:20:01 webserver systemd: Started Session 7464 of user root.
Nov  3 18:21:01 webserver systemd: Starting Session 7465 of user root.
Nov  3 18:21:01 webserver systemd: Started Session 7465 of user root.
Nov  3 18:22:01 webserver systemd: Starting Session 7466 of user root.
Nov  3 18:22:01 webserver systemd: Started Session 7466 of user root.
Nov  3 18:23:01 webserver systemd: Starting Session 7467 of user root.
Nov  3 18:23:01 webserver systemd: Started Session 7467 of user root.
Nov  3 18:24:02 webserver systemd: Starting Session 7468 of user root.
Nov  3 18:24:02 webserver systemd: Started Session 7468 of user root.
Nov  3 18:25:01 webserver systemd: Starting Session 7469 of user root.
Nov  3 18:25:01 webserver systemd: Started Session 7469 of user root.
Nov  3 18:26:01 webserver systemd: Starting Session 7470 of user root.
Nov  3 18:26:01 webserver systemd: Started Session 7470 of user root.
Nov  3 18:27:01 webserver systemd: Starting Session 7471 of user root.
Nov  3 18:27:01 webserver systemd: Started Session 7471 of user root.
Nov  3 18:28:01 webserver systemd: Starting Session 7472 of user root.
Nov  3 18:28:01 webserver systemd: Started Session 7472 of user root.
Nov  3 18:29:01 webserver systemd: Starting Session 7473 of user root.
Nov  3 18:29:01 webserver systemd: Started Session 7473 of user root.
Nov  3 18:30:01 webserver systemd: Starting Session 7474 of user root.
Nov  3 18:30:01 webserver systemd: Started Session 7474 of user root.
Nov  3 18:31:01 webserver systemd: Starting Session 7475 of user root.
Nov  3 18:31:01 webserver systemd: Started Session 7475 of user root.
Nov  3 18:32:01 webserver systemd: Starting Session 7476 of user root.
Nov  3 18:32:01 webserver systemd: Started Session 7476 of user root.
Nov  3 18:32:43 webserver systemd: Starting dnf makecache...
Nov  3 18:32:43 webserver systemd: Started dnf makecache.
Nov  3 18:33:01 webserver systemd: Starting Session 7477 of user root.
Nov  3 18:33:01 webserver systemd: Started Session 7477 of user root.
Nov  3 18:34:01 webserver systemd: Starting Session 7478 of user root.
Nov  3 18:34:01 webserver systemd: Started Session 7478 of user root.
Nov  3 18:35:01 webserver systemd: Starting Session 7479 of user root.
Nov  3 18:35:01 webserver systemd: Started Session 7479 of user root.
Nov  3 18:36:01 webserver systemd: Starting Session 7480 of user root.
Nov  3 18:36:01 webserver systemd: Started Session 7480 of user root.
Nov  3 18:37:01 webserver systemd: Starting Session 7481 of user root.
Nov  3 18:37:01 webserver systemd: Started Session 7481 of user root.
Nov  3 18:38:01 webserver systemd: Starting Session 7482 of user root.
Nov  3 18:38:01 webserver systemd: Started Session 7482 of user root.
Nov  3 18:39:01 webserver systemd: Starting Session 7483 of user root.
Nov  3 18:39:01 webserver systemd: Started Session 7483 of user root.
Nov  3 18:40:01 webserver systemd: Starting Session 7484 of user root.
Nov  3 18:40:01 webserver systemd: Started Session 7484 of user root.
Nov  3 18:41:01 webserver systemd: Starting Session 7485 of user root.
Nov  3 18:41:01 webserver systemd: Started Session 7485 of user root.
Nov  3 18:42:01 webserver systemd: Starting Session 7486 of user root.
Nov  3 18:42:01 webserver systemd: Started Session 7486 of user root.
Nov  3 18:43:01 webserver systemd: Starting Session 7487 of user root.
Nov  3 18:43:01 webserver systemd: Started Session 7487 of user root.
Nov  3 18:44:01 webserver systemd: Starting Session 7488 of user root.
Nov  3 18:44:01 webserver systemd: Started Session 7488 of user root.
Nov  3 18:44:51 webserver systemd: Starting PackageKit Daemon...
Nov  3 18:44:51 webserver systemd: Started PackageKit Daemon.
Nov  3 18:45:02 webserver systemd: Starting Session 7489 of user root.
Nov  3 18:45:02 webserver systemd: Started Session 7489 of user root.
Nov  3 18:46:01 webserver systemd: Starting Session 7490 of user root.
Nov  3 18:46:01 webserver systemd: Started Session 7490 of user root.
Nov  3 18:47:01 webserver systemd: Starting Session 7491 of user root.
Nov  3 18:47:01 webserver systemd: Started Session 7491 of user root.
Nov  3 18:48:01 webserver systemd: Starting Session 7492 of user root.
Nov  3 18:48:01 webserver systemd: Started Session 7492 of user root.
Nov  3 18:49:01 webserver systemd: Starting Session 7493 of user root.
Nov  3 18:49:01 webserver systemd: Started Session 7493 of user root.
Nov  3 18:50:01 webserver systemd: Starting Session 7494 of user root.
Nov  3 18:50:01 webserver systemd: Started Session 7494 of user root.
Nov  3 18:51:01 webserver systemd: Starting Session 7495 of user root.
Nov  3 18:51:01 webserver systemd: Started Session 7495 of user root.
Nov  3 18:52:01 webserver systemd: Starting Session 7496 of user root.
Nov  3 18:52:01 webserver systemd: Started Session 7496 of user root.
Nov  3 18:53:01 webserver systemd: Starting Session 7497 of user root.
Nov  3 18:53:01 webserver systemd: Started Session 7497 of user root.
Nov  3 18:54:01 webserver systemd: Starting Session 7498 of user root.
Nov  3 18:54:01 webserver systemd: Started Session 7498 of user root.
Nov  3 18:55:01 webserver systemd: Starting Session 7499 of user root.
Nov  3 18:55:01 webserver systemd: Started Session 7499 of user root.
Nov  3 18:56:01 webserver systemd: Starting Session 7500 of user root.
Nov  3 18:56:01 webserver systemd: Started Session 7500 of user root.
Nov  3 18:57:01 webserver systemd: Starting Session 7501 of user root.
Nov  3 18:57:01 webserver systemd: Started Session 7501 of user root.
Nov  3 18:58:01 webserver systemd: Starting Session 7502 of user root.
Nov  3 18:58:01 webserver systemd: Started Session 7502 of user root.
Nov  3 18:59:01 webserver systemd: Starting Session 7503 of user root.
Nov  3 18:59:01 webserver systemd: Started Session 7503 of user root.
Nov  3 19:00:01 webserver systemd: Starting Session 7504 of user root.
Nov  3 19:00:01 webserver systemd: Started Session 7504 of user root.
Nov  3 19:01:01 localhost systemd: Starting Session 3 of user root.
Nov  3 19:01:01 localhost systemd: Started Session 3 of user root.
Nov  3 19:01:01 webserver systemd: Starting Session 7505 of user root.
Nov  3 19:01:01 webserver systemd: Started Session 7505 of user root.
Nov  3 19:01:01 webserver systemd: Starting Session 7506 of user root.
Nov  3 19:01:01 webserver systemd: Started Session 7506 of user root.
Nov  3 19:02:01 webserver systemd: Starting Session 7507 of user root.
Nov  3 19:02:01 webserver systemd: Started Session 7507 of user root.
Nov  3 19:03:01 webserver systemd: Starting Session 7508 of user root.
Nov  3 19:03:01 webserver systemd: Started Session 7508 of user root.
Nov  3 19:04:02 webserver systemd: Starting Session 7509 of user root.
Nov  3 19:04:02 webserver systemd: Started Session 7509 of user root.
Nov  3 19:05:01 webserver systemd: Starting Session 7510 of user root.
Nov  3 19:05:01 webserver systemd: Started Session 7510 of user root.
Nov  3 19:06:01 webserver systemd: Starting Session 7511 of user root.
Nov  3 19:06:01 webserver systemd: Started Session 7511 of user root.
Nov  3 19:07:01 webserver systemd: Starting Session 7512 of user root.
Nov  3 19:07:01 webserver systemd: Started Session 7512 of user root.
Nov  3 19:08:01 webserver systemd: Starting Session 7513 of user root.
Nov  3 19:08:01 webserver systemd: Started Session 7513 of user root.
Nov  3 19:09:01 webserver systemd: Starting Session 7514 of user root.
Nov  3 19:09:01 webserver systemd: Started Session 7514 of user root.
Nov  3 19:10:01 webserver systemd: Starting Session 7515 of user root.
Nov  3 19:10:01 webserver systemd: Started Session 7515 of user root.
Nov  3 19:11:01 webserver systemd: Starting Session 7516 of user root.
Nov  3 19:11:01 webserver systemd: Started Session 7516 of user root.
Nov  3 19:12:01 webserver systemd: Starting Session 7517 of user root.
Nov  3 19:12:01 webserver systemd: Started Session 7517 of user root.
Nov  3 19:13:01 webserver systemd: Starting Session 7518 of user root.
Nov  3 19:13:01 webserver systemd: Started Session 7518 of user root.
Nov  3 19:14:01 webserver systemd: Starting Session 7519 of user root.
Nov  3 19:14:01 webserver systemd: Started Session 7519 of user root.
Nov  3 19:14:19 localhost systemd: Starting dnf makecache...
Nov  3 19:14:19 localhost systemd: Started dnf makecache.
Nov  3 19:15:01 webserver systemd: Starting Session 7520 of user root.
Nov  3 19:15:01 webserver systemd: Started Session 7520 of user root.
Nov  3 19:16:01 webserver systemd: Starting Session 7521 of user root.
Nov  3 19:16:01 webserver systemd: Started Session 7521 of user root.
Nov  3 19:17:01 webserver systemd: Starting Session 7522 of user root.
Nov  3 19:17:01 webserver systemd: Started Session 7522 of user root.
Nov  3 19:18:01 webserver systemd: Starting Session 7523 of user root.
Nov  3 19:18:01 webserver systemd: Started Session 7523 of user root.
Nov  3 19:19:01 webserver systemd: Starting Session 7524 of user root.
Nov  3 19:19:01 webserver systemd: Started Session 7524 of user root.
Nov  3 19:20:01 webserver systemd: Starting Session 7525 of user root.
Nov  3 19:20:01 webserver systemd: Started Session 7525 of user root.
Nov  3 19:21:01 webserver systemd: Starting Session 7526 of user root.
Nov  3 19:21:01 webserver systemd: Started Session 7526 of user root.
Nov  3 19:22:01 webserver systemd: Starting Session 7527 of user root.
Nov  3 19:22:01 webserver systemd: Started Session 7527 of user root.
Nov  3 19:23:01 webserver systemd: Starting Session 7528 of user root.
Nov  3 19:23:01 webserver systemd: Started Session 7528 of user root.
Nov  3 19:24:01 webserver systemd: Starting Session 7529 of user root.
Nov  3 19:24:01 webserver systemd: Started Session 7529 of user root.
Nov  3 19:25:02 webserver systemd: Starting Session 7530 of user root.
Nov  3 19:25:02 webserver systemd: Started Session 7530 of user root.
Nov  3 19:26:01 webserver systemd: Starting Session 7531 of user root.
Nov  3 19:26:01 webserver systemd: Started Session 7531 of user root.
Nov  3 19:27:01 webserver systemd: Starting Session 7532 of user root.
Nov  3 19:27:01 webserver systemd: Started Session 7532 of user root.
Nov  3 19:28:01 webserver systemd: Starting Session 7533 of user root.
Nov  3 19:28:01 webserver systemd: Started Session 7533 of user root.
Nov  3 19:29:01 webserver systemd: Starting Session 7534 of user root.
Nov  3 19:29:01 webserver systemd: Started Session 7534 of user root.
Nov  3 19:30:01 webserver systemd: Starting Session 7535 of user root.
Nov  3 19:30:01 webserver systemd: Started Session 7535 of user root.
Nov  3 19:31:01 webserver systemd: Starting Session 7536 of user root.
Nov  3 19:31:01 webserver systemd: Started Session 7536 of user root.
Nov  3 19:32:01 webserver systemd: Starting Session 7537 of user root.
Nov  3 19:32:01 webserver systemd: Started Session 7537 of user root.
Nov  3 19:32:43 webserver systemd: Starting dnf makecache...
Nov  3 19:32:43 webserver systemd: Started dnf makecache.
Nov  3 19:33:01 webserver systemd: Starting Session 7538 of user root.
Nov  3 19:33:01 webserver systemd: Started Session 7538 of user root.
Nov  3 19:34:01 webserver systemd: Starting Session 7539 of user root.
Nov  3 19:34:01 webserver systemd: Started Session 7539 of user root.
Nov  3 19:35:01 webserver systemd: Starting Session 7540 of user root.
Nov  3 19:35:01 webserver systemd: Started Session 7540 of user root.
Nov  3 19:36:01 webserver systemd: Starting Session 7541 of user root.
Nov  3 19:36:01 webserver systemd: Started Session 7541 of user root.
Nov  3 19:37:01 webserver systemd: Starting Session 7542 of user root.
Nov  3 19:37:01 webserver systemd: Started Session 7542 of user root.
Nov  3 19:38:01 webserver systemd: Starting Session 7543 of user root.
Nov  3 19:38:01 webserver systemd: Started Session 7543 of user root.
Nov  3 19:39:01 webserver systemd: Starting Session 7544 of user root.
Nov  3 19:39:01 webserver systemd: Started Session 7544 of user root.
Nov  3 19:40:01 webserver systemd: Starting Session 7545 of user root.
Nov  3 19:40:01 webserver systemd: Started Session 7545 of user root.
Nov  3 19:41:01 webserver systemd: Starting Session 7546 of user root.
Nov  3 19:41:01 webserver systemd: Started Session 7546 of user root.
Nov  3 19:42:01 webserver systemd: Starting Session 7547 of user root.
Nov  3 19:42:01 webserver systemd: Started Session 7547 of user root.
Nov  3 19:43:01 webserver systemd: Starting Session 7548 of user root.
Nov  3 19:43:01 webserver systemd: Started Session 7548 of user root.
Nov  3 19:44:01 webserver systemd: Starting Session 7549 of user root.
Nov  3 19:44:01 webserver systemd: Started Session 7549 of user root.
Nov  3 19:44:51 webserver systemd: Starting PackageKit Daemon...
Nov  3 19:44:51 webserver systemd: Started PackageKit Daemon.
Nov  3 19:45:01 webserver systemd: Starting Session 7550 of user root.
Nov  3 19:45:01 webserver systemd: Started Session 7550 of user root.
Nov  3 19:46:02 webserver systemd: Starting Session 7551 of user root.
Nov  3 19:46:02 webserver systemd: Started Session 7551 of user root.
Nov  3 19:47:01 webserver systemd: Starting Session 7552 of user root.
Nov  3 19:47:01 webserver systemd: Started Session 7552 of user root.
Nov  3 19:48:01 webserver systemd: Starting Session 7553 of user root.
Nov  3 19:48:01 webserver systemd: Started Session 7553 of user root.
Nov  3 19:49:01 webserver systemd: Starting Session 7554 of user root.
Nov  3 19:49:01 webserver systemd: Started Session 7554 of user root.
Nov  3 19:50:01 webserver systemd: Starting Session 7555 of user root.
Nov  3 19:50:01 webserver systemd: Started Session 7555 of user root.
Nov  3 19:51:01 webserver systemd: Starting Session 7556 of user root.
Nov  3 19:51:01 webserver systemd: Started Session 7556 of user root.
Nov  3 19:52:01 webserver systemd: Starting Session 7557 of user root.
Nov  3 19:52:01 webserver systemd: Started Session 7557 of user root.
Nov  3 19:53:01 webserver systemd: Starting Session 7558 of user root.
Nov  3 19:53:01 webserver systemd: Started Session 7558 of user root.
Nov  3 19:54:01 webserver systemd: Starting Session 7559 of user root.
Nov  3 19:54:01 webserver systemd: Started Session 7559 of user root.
Nov  3 19:55:01 webserver systemd: Starting Session 7560 of user root.
Nov  3 19:55:01 webserver systemd: Started Session 7560 of user root.
Nov  3 19:56:01 webserver systemd: Starting Session 7561 of user root.
Nov  3 19:56:01 webserver systemd: Started Session 7561 of user root.
Nov  3 19:57:01 webserver systemd: Starting Session 7562 of user root.
Nov  3 19:57:01 webserver systemd: Started Session 7562 of user root.
Nov  3 19:58:01 webserver systemd: Starting Session 7563 of user root.
Nov  3 19:58:01 webserver systemd: Started Session 7563 of user root.
Nov  3 19:59:01 webserver systemd: Starting Session 7564 of user root.
Nov  3 19:59:01 webserver systemd: Started Session 7564 of user root.
Nov  3 20:00:01 webserver systemd: Starting Session 7565 of user root.
Nov  3 20:00:01 webserver systemd: Started Session 7565 of user root.
Nov  3 20:01:01 localhost systemd: Starting Session 4 of user root.
Nov  3 20:01:01 localhost systemd: Started Session 4 of user root.
Nov  3 20:01:01 webserver systemd: Starting Session 7567 of user root.
Nov  3 20:01:01 webserver systemd: Started Session 7567 of user root.
Nov  3 20:01:01 webserver systemd: Starting Session 7566 of user root.
Nov  3 20:01:01 webserver systemd: Started Session 7566 of user root.
Nov  3 20:02:01 webserver systemd: Starting Session 7568 of user root.
Nov  3 20:02:01 webserver systemd: Started Session 7568 of user root.
Nov  3 20:03:01 webserver systemd: Starting Session 7569 of user root.
Nov  3 20:03:01 webserver systemd: Started Session 7569 of user root.
Nov  3 20:04:01 webserver systemd: Starting Session 7570 of user root.
Nov  3 20:04:01 webserver systemd: Started Session 7570 of user root.
Nov  3 20:05:02 webserver systemd: Starting Session 7571 of user root.
Nov  3 20:05:02 webserver systemd: Started Session 7571 of user root.
Nov  3 20:06:01 webserver systemd: Starting Session 7572 of user root.
Nov  3 20:06:01 webserver systemd: Started Session 7572 of user root.
Nov  3 20:07:01 webserver systemd: Starting Session 7573 of user root.
Nov  3 20:07:01 webserver systemd: Started Session 7573 of user root.
Nov  3 20:08:01 webserver systemd: Starting Session 7574 of user root.
Nov  3 20:08:01 webserver systemd: Started Session 7574 of user root.
Nov  3 20:09:01 webserver systemd: Starting Session 7575 of user root.
Nov  3 20:09:01 webserver systemd: Started Session 7575 of user root.
Nov  3 20:10:01 webserver systemd: Starting Session 7576 of user root.
Nov  3 20:10:01 webserver systemd: Started Session 7576 of user root.
Nov  3 20:11:01 webserver systemd: Starting Session 7577 of user root.
Nov  3 20:11:01 webserver systemd: Started Session 7577 of user root.
Nov  3 20:12:01 webserver systemd: Starting Session 7578 of user root.
Nov  3 20:12:01 webserver systemd: Started Session 7578 of user root.
Nov  3 20:13:01 webserver systemd: Starting Session 7579 of user root.
Nov  3 20:13:01 webserver systemd: Started Session 7579 of user root.
Nov  3 20:14:01 webserver systemd: Starting Session 7580 of user root.
Nov  3 20:14:01 webserver systemd: Started Session 7580 of user root.
Nov  3 20:14:19 localhost systemd: Starting dnf makecache...
Nov  3 20:14:19 localhost systemd: Started dnf makecache.
Nov  3 20:15:01 webserver systemd: Starting Session 7581 of user root.
Nov  3 20:15:01 webserver systemd: Started Session 7581 of user root.
Nov  3 20:16:01 webserver systemd: Starting Session 7582 of user root.
Nov  3 20:16:01 webserver systemd: Started Session 7582 of user root.
Nov  3 20:17:01 webserver systemd: Starting Session 7583 of user root.
Nov  3 20:17:01 webserver systemd: Started Session 7583 of user root.
Nov  3 20:18:01 webserver systemd: Starting Session 7584 of user root.
Nov  3 20:18:01 webserver systemd: Started Session 7584 of user root.
Nov  3 20:19:01 webserver systemd: Starting Session 7585 of user root.
Nov  3 20:19:01 webserver systemd: Started Session 7585 of user root.
Nov  3 20:20:01 webserver systemd: Starting Session 7586 of user root.
Nov  3 20:20:01 webserver systemd: Started Session 7586 of user root.
Nov  3 20:21:01 webserver systemd: Starting Session 7587 of user root.
Nov  3 20:21:01 webserver systemd: Started Session 7587 of user root.
Nov  3 20:22:01 webserver systemd: Starting Session 7588 of user root.
Nov  3 20:22:01 webserver systemd: Started Session 7588 of user root.
Nov  3 20:23:01 webserver systemd: Starting Session 7589 of user root.
Nov  3 20:23:01 webserver systemd: Started Session 7589 of user root.
Nov  3 20:24:01 webserver systemd: Starting Session 7590 of user root.
Nov  3 20:24:01 webserver systemd: Started Session 7590 of user root.
Nov  3 20:25:01 webserver systemd: Starting Session 7591 of user root.
Nov  3 20:25:01 webserver systemd: Started Session 7591 of user root.
Nov  3 20:26:02 webserver systemd: Starting Session 7592 of user root.
Nov  3 20:26:02 webserver systemd: Started Session 7592 of user root.
Nov  3 20:27:01 webserver systemd: Starting Session 7593 of user root.
Nov  3 20:27:01 webserver systemd: Started Session 7593 of user root.
Nov  3 20:28:01 webserver systemd: Starting Session 7594 of user root.
Nov  3 20:28:01 webserver systemd: Started Session 7594 of user root.
Nov  3 20:29:01 webserver systemd: Starting Session 7595 of user root.
Nov  3 20:29:01 webserver systemd: Started Session 7595 of user root.
Nov  3 20:30:01 webserver systemd: Starting Session 7596 of user root.
Nov  3 20:30:01 webserver systemd: Started Session 7596 of user root.
Nov  3 20:31:01 webserver systemd: Starting Session 7597 of user root.
Nov  3 20:31:01 webserver systemd: Started Session 7597 of user root.
Nov  3 20:32:01 webserver systemd: Starting Session 7598 of user root.
Nov  3 20:32:01 webserver systemd: Started Session 7598 of user root.
Nov  3 20:32:43 webserver systemd: Starting dnf makecache...
Nov  3 20:32:44 webserver systemd: Started dnf makecache.
Nov  3 20:33:01 webserver systemd: Starting Session 7599 of user root.
Nov  3 20:33:01 webserver systemd: Started Session 7599 of user root.
Nov  3 20:34:01 webserver systemd: Starting Session 7600 of user root.
Nov  3 20:34:01 webserver systemd: Started Session 7600 of user root.
Nov  3 20:35:01 webserver systemd: Starting Session 7601 of user root.
Nov  3 20:35:01 webserver systemd: Started Session 7601 of user root.
Nov  3 20:36:01 webserver systemd: Starting Session 7602 of user root.
Nov  3 20:36:01 webserver systemd: Started Session 7602 of user root.
Nov  3 20:37:01 webserver systemd: Starting Session 7603 of user root.
Nov  3 20:37:01 webserver systemd: Started Session 7603 of user root.
Nov  3 20:38:01 webserver systemd: Starting Session 7604 of user root.
Nov  3 20:38:01 webserver systemd: Started Session 7604 of user root.
Nov  3 20:39:01 webserver systemd: Starting Session 7605 of user root.
Nov  3 20:39:01 webserver systemd: Started Session 7605 of user root.
Nov  3 20:40:01 webserver systemd: Starting Session 7606 of user root.
Nov  3 20:40:01 webserver systemd: Started Session 7606 of user root.
Nov  3 20:41:01 webserver systemd: Starting Session 7607 of user root.
Nov  3 20:41:01 webserver systemd: Started Session 7607 of user root.
Nov  3 20:42:01 webserver systemd: Starting Session 7608 of user root.
Nov  3 20:42:01 webserver systemd: Started Session 7608 of user root.
Nov  3 20:43:01 webserver systemd: Starting Session 7609 of user root.
Nov  3 20:43:01 webserver systemd: Started Session 7609 of user root.
Nov  3 20:44:01 webserver systemd: Starting Session 7610 of user root.
Nov  3 20:44:01 webserver systemd: Started Session 7610 of user root.
Nov  3 20:44:51 webserver systemd: Starting PackageKit Daemon...
Nov  3 20:44:51 webserver systemd: Started PackageKit Daemon.
Nov  3 20:45:02 webserver systemd: Starting Session 7611 of user root.
Nov  3 20:45:02 webserver systemd: Started Session 7611 of user root.
Nov  3 20:46:02 webserver systemd: Starting Session 7612 of user root.
Nov  3 20:46:02 webserver systemd: Started Session 7612 of user root.
Nov  3 20:47:01 webserver systemd: Starting Session 7613 of user root.
Nov  3 20:47:01 webserver systemd: Started Session 7613 of user root.
Nov  3 20:48:01 webserver systemd: Starting Session 7614 of user root.
Nov  3 20:48:01 webserver systemd: Started Session 7614 of user root.
Nov  3 20:49:01 webserver systemd: Starting Session 7615 of user root.
Nov  3 20:49:01 webserver systemd: Started Session 7615 of user root.
Nov  3 20:50:01 webserver systemd: Starting Session 7616 of user root.
Nov  3 20:50:01 webserver systemd: Started Session 7616 of user root.
Nov  3 20:51:01 webserver systemd: Starting Session 7617 of user root.
Nov  3 20:51:01 webserver systemd: Started Session 7617 of user root.
Nov  3 20:52:01 webserver systemd: Starting Session 7618 of user root.
Nov  3 20:52:01 webserver systemd: Started Session 7618 of user root.
Nov  3 20:53:01 webserver systemd: Starting Session 7619 of user root.
Nov  3 20:53:01 webserver systemd: Started Session 7619 of user root.
Nov  3 20:54:01 webserver systemd: Starting Session 7620 of user root.
Nov  3 20:54:01 webserver systemd: Started Session 7620 of user root.
Nov  3 20:55:01 webserver systemd: Starting Session 7621 of user root.
Nov  3 20:55:01 webserver systemd: Started Session 7621 of user root.
Nov  3 20:56:01 webserver systemd: Starting Session 7622 of user root.
Nov  3 20:56:01 webserver systemd: Started Session 7622 of user root.
Nov  3 20:57:01 webserver systemd: Starting Session 7623 of user root.
Nov  3 20:57:01 webserver systemd: Started Session 7623 of user root.
Nov  3 20:58:01 webserver systemd: Starting Session 7624 of user root.
Nov  3 20:58:01 webserver systemd: Started Session 7624 of user root.
Nov  3 20:59:01 webserver systemd: Starting Session 7625 of user root.
Nov  3 20:59:01 webserver systemd: Started Session 7625 of user root.
Nov  3 21:00:01 webserver systemd: Starting Session 7626 of user root.
Nov  3 21:00:01 webserver systemd: Started Session 7626 of user root.
Nov  3 21:01:01 localhost systemd: Starting Session 5 of user root.
Nov  3 21:01:01 localhost systemd: Started Session 5 of user root.
Nov  3 21:01:01 webserver systemd: Starting Session 7627 of user root.
Nov  3 21:01:02 webserver systemd: Started Session 7627 of user root.
Nov  3 21:01:02 webserver systemd: Starting Session 7628 of user root.
Nov  3 21:01:02 webserver systemd: Started Session 7628 of user root.
Nov  3 21:02:01 webserver systemd: Starting Session 7629 of user root.
Nov  3 21:02:01 webserver systemd: Started Session 7629 of user root.
Nov  3 21:03:01 webserver systemd: Starting Session 7630 of user root.
Nov  3 21:03:01 webserver systemd: Started Session 7630 of user root.
Nov  3 21:04:01 webserver systemd: Starting Session 7631 of user root.
Nov  3 21:04:01 webserver systemd: Started Session 7631 of user root.
Nov  3 21:05:01 webserver systemd: Starting Session 7632 of user root.
Nov  3 21:05:01 webserver systemd: Started Session 7632 of user root.
Nov  3 21:06:01 webserver systemd: Starting Session 7633 of user root.
Nov  3 21:06:01 webserver systemd: Started Session 7633 of user root.
Nov  3 21:07:01 webserver systemd: Starting Session 7634 of user root.
Nov  3 21:07:01 webserver systemd: Started Session 7634 of user root.
Nov  3 21:08:01 webserver systemd: Starting Session 7635 of user root.
Nov  3 21:08:01 webserver systemd: Started Session 7635 of user root.
Nov  3 21:09:01 webserver systemd: Starting Session 7636 of user root.
Nov  3 21:09:01 webserver systemd: Started Session 7636 of user root.
Nov  3 21:10:01 webserver systemd: Starting Session 7637 of user root.
Nov  3 21:10:01 webserver systemd: Started Session 7637 of user root.
Nov  3 21:11:01 webserver systemd: Starting Session 7638 of user root.
Nov  3 21:11:01 webserver systemd: Started Session 7638 of user root.
Nov  3 21:12:01 webserver systemd: Starting Session 7639 of user root.
Nov  3 21:12:01 webserver systemd: Started Session 7639 of user root.
Nov  3 21:13:01 webserver systemd: Starting Session 7640 of user root.
Nov  3 21:13:01 webserver systemd: Started Session 7640 of user root.
Nov  3 21:14:01 webserver systemd: Starting Session 7641 of user root.
Nov  3 21:14:01 webserver systemd: Started Session 7641 of user root.
Nov  3 21:14:19 localhost systemd: Starting dnf makecache...
Nov  3 21:14:20 localhost systemd: Started dnf makecache.
Nov  3 21:15:01 webserver systemd: Starting Session 7642 of user root.
Nov  3 21:15:01 webserver systemd: Started Session 7642 of user root.
Nov  3 21:16:01 webserver systemd: Starting Session 7643 of user root.
Nov  3 21:16:01 webserver systemd: Started Session 7643 of user root.
Nov  3 21:17:01 webserver systemd: Starting Session 7644 of user root.
Nov  3 21:17:02 webserver systemd: Started Session 7644 of user root.
Nov  3 21:18:01 webserver systemd: Starting Session 7645 of user root.
Nov  3 21:18:01 webserver systemd: Started Session 7645 of user root.
Nov  3 21:19:01 webserver systemd: Starting Session 7646 of user root.
Nov  3 21:19:01 webserver systemd: Started Session 7646 of user root.
Nov  3 21:20:01 webserver systemd: Starting Session 7647 of user root.
Nov  3 21:20:01 webserver systemd: Started Session 7647 of user root.
Nov  3 21:21:01 webserver systemd: Starting Session 7648 of user root.
Nov  3 21:21:01 webserver systemd: Started Session 7648 of user root.
Nov  3 21:22:01 webserver systemd: Starting Session 7649 of user root.
Nov  3 21:22:01 webserver systemd: Started Session 7649 of user root.
Nov  3 21:23:01 webserver systemd: Starting Session 7650 of user root.
Nov  3 21:23:01 webserver systemd: Started Session 7650 of user root.
Nov  3 21:24:01 webserver systemd: Starting Session 7651 of user root.
Nov  3 21:24:01 webserver systemd: Started Session 7651 of user root.
Nov  3 21:25:01 webserver systemd: Starting Session 7652 of user root.
Nov  3 21:25:01 webserver systemd: Started Session 7652 of user root.
Nov  3 21:26:01 webserver systemd: Starting Session 7653 of user root.
Nov  3 21:26:01 webserver systemd: Started Session 7653 of user root.
Nov  3 21:27:01 webserver systemd: Starting Session 7654 of user root.
Nov  3 21:27:01 webserver systemd: Started Session 7654 of user root.
Nov  3 21:28:01 webserver systemd: Starting Session 7655 of user root.
Nov  3 21:28:01 webserver systemd: Started Session 7655 of user root.
Nov  3 21:29:01 webserver systemd: Starting Session 7656 of user root.
Nov  3 21:29:01 webserver systemd: Started Session 7656 of user root.
Nov  3 21:30:01 localhost systemd: Starting Session 6 of user root.
Nov  3 21:30:01 localhost systemd: Started Session 6 of user root.
Nov  3 21:30:01 webserver systemd: Starting Session 7657 of user root.
Nov  3 21:30:01 webserver systemd: Started Session 7657 of user root.
Nov  3 21:31:01 webserver systemd: Starting Session 7658 of user root.
Nov  3 21:31:01 webserver systemd: Started Session 7658 of user root.
Nov  3 21:32:01 webserver systemd: Starting Session 7659 of user root.
Nov  3 21:32:01 webserver systemd: Started Session 7659 of user root.
Nov  3 21:32:44 webserver systemd: Starting dnf makecache...
Nov  3 21:32:45 webserver systemd: Started dnf makecache.
Nov  3 21:33:01 webserver systemd: Starting Session 7660 of user root.
Nov  3 21:33:01 webserver systemd: Started Session 7660 of user root.
Nov  3 21:34:01 webserver systemd: Starting Session 7661 of user root.
Nov  3 21:34:01 webserver systemd: Started Session 7661 of user root.
Nov  3 21:35:01 webserver systemd: Starting Session 7662 of user root.
Nov  3 21:35:01 webserver systemd: Started Session 7662 of user root.
Nov  3 21:36:01 webserver systemd: Starting Session 7663 of user root.
Nov  3 21:36:01 webserver systemd: Started Session 7663 of user root.
Nov  3 21:37:01 webserver systemd: Starting Session 7664 of user root.
Nov  3 21:37:01 webserver systemd: Started Session 7664 of user root.
Nov  3 21:38:01 webserver systemd: Starting Session 7665 of user root.
Nov  3 21:38:02 webserver systemd: Started Session 7665 of user root.
Nov  3 21:39:01 webserver systemd: Starting Session 7666 of user root.
Nov  3 21:39:01 webserver systemd: Started Session 7666 of user root.
Nov  3 21:40:01 webserver systemd: Starting Session 7667 of user root.
Nov  3 21:40:01 webserver systemd: Started Session 7667 of user root.
Nov  3 21:41:01 webserver systemd: Starting Session 7668 of user root.
Nov  3 21:41:01 webserver systemd: Started Session 7668 of user root.
Nov  3 21:42:01 webserver systemd: Starting Session 7669 of user root.
Nov  3 21:42:01 webserver systemd: Started Session 7669 of user root.
Nov  3 21:43:01 webserver systemd: Starting Session 7670 of user root.
Nov  3 21:43:01 webserver systemd: Started Session 7670 of user root.
Nov  3 21:44:01 webserver systemd: Starting Session 7671 of user root.
Nov  3 21:44:01 webserver systemd: Started Session 7671 of user root.
Nov  3 21:44:51 webserver systemd: Starting PackageKit Daemon...
Nov  3 21:44:52 webserver systemd: Started PackageKit Daemon.
Nov  3 21:45:01 webserver systemd: Starting Session 7672 of user root.
Nov  3 21:45:01 webserver systemd: Started Session 7672 of user root.
Nov  3 21:46:01 webserver systemd: Starting Session 7673 of user root.
Nov  3 21:46:01 webserver systemd: Started Session 7673 of user root.
Nov  3 21:47:01 webserver systemd: Starting Session 7674 of user root.
Nov  3 21:47:01 webserver systemd: Started Session 7674 of user root.
Nov  3 21:48:01 webserver systemd: Starting Session 7675 of user root.
Nov  3 21:48:01 webserver systemd: Started Session 7675 of user root.
Nov  3 21:49:01 webserver systemd: Starting Session 7676 of user root.
Nov  3 21:49:01 webserver systemd: Started Session 7676 of user root.
Nov  3 21:50:01 webserver systemd: Starting Session 7677 of user root.
Nov  3 21:50:01 webserver systemd: Started Session 7677 of user root.
Nov  3 21:51:01 webserver systemd: Starting Session 7678 of user root.
Nov  3 21:51:01 webserver systemd: Started Session 7678 of user root.
Nov  3 21:52:01 webserver systemd: Starting Session 7679 of user root.
Nov  3 21:52:01 webserver systemd: Started Session 7679 of user root.
Nov  3 21:53:01 webserver systemd: Starting Session 7680 of user root.
Nov  3 21:53:01 webserver systemd: Started Session 7680 of user root.
Nov  3 21:54:01 webserver systemd: Starting Session 7681 of user root.
Nov  3 21:54:01 webserver systemd: Started Session 7681 of user root.
Nov  3 21:55:01 webserver systemd: Starting Session 7682 of user root.
Nov  3 21:55:01 webserver systemd: Started Session 7682 of user root.
Nov  3 21:56:01 webserver systemd: Starting Session 7683 of user root.
Nov  3 21:56:01 webserver systemd: Started Session 7683 of user root.
Nov  3 21:57:01 webserver systemd: Starting Session 7684 of user root.
Nov  3 21:57:01 webserver systemd: Started Session 7684 of user root.
Nov  3 21:58:01 webserver systemd: Starting Session 7685 of user root.
Nov  3 21:58:01 webserver systemd: Started Session 7685 of user root.
Nov  3 21:59:01 webserver systemd: Starting Session 7686 of user root.
Nov  3 21:59:02 webserver systemd: Started Session 7686 of user root.
Nov  3 22:00:01 webserver systemd: Starting Session 7687 of user root.
Nov  3 22:00:01 webserver systemd: Started Session 7687 of user root.
Nov  3 22:01:01 webserver systemd: Starting Session 7688 of user root.
Nov  3 22:01:01 webserver systemd: Started Session 7688 of user root.
Nov  3 22:01:01 webserver systemd: Starting Session 7689 of user root.
Nov  3 22:01:01 webserver systemd: Started Session 7689 of user root.
Nov  3 22:01:01 localhost systemd: Starting Session 7 of user root.
Nov  3 22:01:01 localhost systemd: Started Session 7 of user root.
Nov  3 22:02:01 webserver systemd: Starting Session 7690 of user root.
Nov  3 22:02:01 webserver systemd: Started Session 7690 of user root.
Nov  3 22:03:01 webserver systemd: Starting Session 7691 of user root.
Nov  3 22:03:01 webserver systemd: Started Session 7691 of user root.
Nov  3 22:04:01 webserver systemd: Starting Session 7692 of user root.
Nov  3 22:04:01 webserver systemd: Started Session 7692 of user root.
Nov  3 22:05:01 webserver systemd: Starting Session 7693 of user root.
Nov  3 22:05:01 webserver systemd: Started Session 7693 of user root.
Nov  3 22:06:01 webserver systemd: Starting Session 7694 of user root.
Nov  3 22:06:01 webserver systemd: Started Session 7694 of user root.
Nov  3 22:07:01 webserver systemd: Starting Session 7695 of user root.
Nov  3 22:07:01 webserver systemd: Started Session 7695 of user root.
Nov  3 22:08:01 webserver systemd: Starting Session 7696 of user root.
Nov  3 22:08:01 webserver systemd: Started Session 7696 of user root.
Nov  3 22:09:01 webserver systemd: Starting Session 7697 of user root.
Nov  3 22:09:01 webserver systemd: Started Session 7697 of user root.
Nov  3 22:10:01 webserver systemd: Starting Session 7698 of user root.
Nov  3 22:10:01 webserver systemd: Started Session 7698 of user root.
Nov  3 22:11:01 webserver systemd: Starting Session 7699 of user root.
Nov  3 22:11:01 webserver systemd: Started Session 7699 of user root.
Nov  3 22:12:01 webserver systemd: Starting Session 7700 of user root.
Nov  3 22:12:01 webserver systemd: Started Session 7700 of user root.
Nov  3 22:13:01 webserver systemd: Starting Session 7701 of user root.
Nov  3 22:13:01 webserver systemd: Started Session 7701 of user root.
Nov  3 22:14:01 webserver systemd: Starting Session 7702 of user root.
Nov  3 22:14:01 webserver systemd: Started Session 7702 of user root.
Nov  3 22:14:20 localhost systemd: Starting dnf makecache...
Nov  3 22:14:20 localhost systemd: Started dnf makecache.
Nov  3 22:15:01 webserver systemd: Starting Session 7703 of user root.
Nov  3 22:15:01 webserver systemd: Started Session 7703 of user root.
Nov  3 22:16:01 webserver systemd: Starting Session 7704 of user root.
Nov  3 22:16:01 webserver systemd: Started Session 7704 of user root.
Nov  3 22:17:01 webserver systemd: Starting Session 7705 of user root.
Nov  3 22:17:01 webserver systemd: Started Session 7705 of user root.
Nov  3 22:18:01 webserver systemd: Starting Session 7706 of user root.
Nov  3 22:18:01 webserver systemd: Started Session 7706 of user root.
Nov  3 22:19:02 webserver systemd: Starting Session 7707 of user root.
Nov  3 22:19:02 webserver systemd: Started Session 7707 of user root.
Nov  3 22:20:01 webserver systemd: Starting Session 7708 of user root.
Nov  3 22:20:01 webserver systemd: Started Session 7708 of user root.
Nov  3 22:21:01 webserver systemd: Starting Session 7709 of user root.
Nov  3 22:21:01 webserver systemd: Started Session 7709 of user root.
Nov  3 22:22:01 webserver systemd: Starting Session 7710 of user root.
Nov  3 22:22:01 webserver systemd: Started Session 7710 of user root.
Nov  3 22:23:01 webserver systemd: Starting Session 7711 of user root.
Nov  3 22:23:01 webserver systemd: Started Session 7711 of user root.
Nov  3 22:24:01 webserver systemd: Starting Session 7712 of user root.
Nov  3 22:24:01 webserver systemd: Started Session 7712 of user root.
Nov  3 22:25:01 webserver systemd: Starting Session 7713 of user root.
Nov  3 22:25:01 webserver systemd: Started Session 7713 of user root.
Nov  3 22:26:01 webserver systemd: Starting Session 7714 of user root.
Nov  3 22:26:01 webserver systemd: Started Session 7714 of user root.
Nov  3 22:27:01 webserver systemd: Starting Session 7715 of user root.
Nov  3 22:27:01 webserver systemd: Started Session 7715 of user root.
Nov  3 22:28:01 webserver systemd: Starting Session 7716 of user root.
Nov  3 22:28:01 webserver systemd: Started Session 7716 of user root.
Nov  3 22:29:01 webserver systemd: Starting Session 7717 of user root.
Nov  3 22:29:01 webserver systemd: Started Session 7717 of user root.
Nov  3 22:30:01 webserver systemd: Starting Session 7718 of user root.
Nov  3 22:30:01 webserver systemd: Started Session 7718 of user root.
Nov  3 22:31:01 webserver systemd: Starting Session 7719 of user root.
Nov  3 22:31:01 webserver systemd: Started Session 7719 of user root.
Nov  3 22:32:01 webserver systemd: Starting Session 7720 of user root.
Nov  3 22:32:01 webserver systemd: Started Session 7720 of user root.
Nov  3 22:32:45 webserver systemd: Starting dnf makecache...
Nov  3 22:32:46 webserver systemd: Started dnf makecache.
Nov  3 22:33:01 webserver systemd: Starting Session 7721 of user root.
Nov  3 22:33:01 webserver systemd: Started Session 7721 of user root.
Nov  3 22:34:01 webserver systemd: Starting Session 7722 of user root.
Nov  3 22:34:01 webserver systemd: Started Session 7722 of user root.
Nov  3 22:35:01 webserver systemd: Starting Session 7723 of user root.
Nov  3 22:35:01 webserver systemd: Started Session 7723 of user root.
Nov  3 22:36:01 webserver systemd: Starting Session 7724 of user root.
Nov  3 22:36:01 webserver systemd: Started Session 7724 of user root.
Nov  3 22:37:01 webserver systemd: Starting Session 7725 of user root.
Nov  3 22:37:01 webserver systemd: Started Session 7725 of user root.
Nov  3 22:38:01 webserver systemd: Starting Session 7726 of user root.
Nov  3 22:38:01 webserver systemd: Started Session 7726 of user root.
Nov  3 22:39:01 webserver systemd: Starting Session 7727 of user root.
Nov  3 22:39:01 webserver systemd: Started Session 7727 of user root.
Nov  3 22:40:01 webserver systemd: Starting Session 7728 of user root.
Nov  3 22:40:02 webserver systemd: Started Session 7728 of user root.
Nov  3 22:41:01 webserver systemd: Starting Session 7729 of user root.
Nov  3 22:41:01 webserver systemd: Started Session 7729 of user root.
Nov  3 22:42:01 webserver systemd: Starting Session 7730 of user root.
Nov  3 22:42:01 webserver systemd: Started Session 7730 of user root.
Nov  3 22:43:01 webserver systemd: Starting Session 7731 of user root.
Nov  3 22:43:01 webserver systemd: Started Session 7731 of user root.
Nov  3 22:44:01 webserver systemd: Starting Session 7732 of user root.
Nov  3 22:44:01 webserver systemd: Started Session 7732 of user root.
Nov  3 22:44:51 webserver systemd: Starting PackageKit Daemon...
Nov  3 22:44:51 webserver systemd: Started PackageKit Daemon.
Nov  3 22:45:01 webserver systemd: Starting Session 7733 of user root.
Nov  3 22:45:01 webserver systemd: Started Session 7733 of user root.
Nov  3 22:46:01 webserver systemd: Starting Session 7734 of user root.
Nov  3 22:46:01 webserver systemd: Started Session 7734 of user root.
Nov  3 22:47:01 webserver systemd: Starting Session 7735 of user root.
Nov  3 22:47:01 webserver systemd: Started Session 7735 of user root.
Nov  3 22:48:01 webserver systemd: Starting Session 7736 of user root.
Nov  3 22:48:01 webserver systemd: Started Session 7736 of user root.
Nov  3 22:49:01 webserver systemd: Starting Session 7737 of user root.
Nov  3 22:49:01 webserver systemd: Started Session 7737 of user root.
Nov  3 22:50:01 webserver systemd: Starting Session 7738 of user root.
Nov  3 22:50:01 webserver systemd: Started Session 7738 of user root.
Nov  3 22:51:01 webserver systemd: Starting Session 7739 of user root.
Nov  3 22:51:01 webserver systemd: Started Session 7739 of user root.
Nov  3 22:52:01 webserver systemd: Starting Session 7740 of user root.
Nov  3 22:52:01 webserver systemd: Started Session 7740 of user root.
Nov  3 22:53:01 webserver systemd: Starting Session 7741 of user root.
Nov  3 22:53:01 webserver systemd: Started Session 7741 of user root.
Nov  3 22:54:01 webserver systemd: Starting Session 7742 of user root.
Nov  3 22:54:01 webserver systemd: Started Session 7742 of user root.
Nov  3 22:55:01 webserver systemd: Starting Session 7743 of user root.
Nov  3 22:55:01 webserver systemd: Started Session 7743 of user root.
Nov  3 22:56:01 webserver systemd: Starting Session 7744 of user root.
Nov  3 22:56:01 webserver systemd: Started Session 7744 of user root.
Nov  3 22:57:01 webserver systemd: Starting Session 7745 of user root.
Nov  3 22:57:01 webserver systemd: Started Session 7745 of user root.
Nov  3 22:58:01 webserver systemd: Starting Session 7746 of user root.
Nov  3 22:58:01 webserver systemd: Started Session 7746 of user root.
Nov  3 22:59:01 webserver systemd: Starting Session 7747 of user root.
Nov  3 22:59:01 webserver systemd: Started Session 7747 of user root.
Nov  3 23:00:01 webserver systemd: Starting Session 7748 of user root.
Nov  3 23:00:01 webserver systemd: Started Session 7748 of user root.
Nov  3 23:01:01 localhost systemd: Starting Session 8 of user root.
Nov  3 23:01:01 localhost systemd: Started Session 8 of user root.
Nov  3 23:01:02 webserver systemd: Starting Session 7749 of user root.
Nov  3 23:01:02 webserver systemd: Started Session 7749 of user root.
Nov  3 23:01:02 webserver systemd: Starting Session 7750 of user root.
Nov  3 23:01:02 webserver systemd: Started Session 7750 of user root.
Nov  3 23:02:01 webserver systemd: Starting Session 7751 of user root.
Nov  3 23:02:01 webserver systemd: Started Session 7751 of user root.
Nov  3 23:03:01 webserver systemd: Starting Session 7752 of user root.
Nov  3 23:03:01 webserver systemd: Started Session 7752 of user root.
Nov  3 23:04:01 webserver systemd: Starting Session 7753 of user root.
Nov  3 23:04:01 webserver systemd: Started Session 7753 of user root.
Nov  3 23:05:01 webserver systemd: Starting Session 7754 of user root.
Nov  3 23:05:01 webserver systemd: Started Session 7754 of user root.
Nov  3 23:06:01 webserver systemd: Starting Session 7755 of user root.
Nov  3 23:06:01 webserver systemd: Started Session 7755 of user root.
Nov  3 23:07:01 webserver systemd: Starting Session 7756 of user root.
Nov  3 23:07:01 webserver systemd: Started Session 7756 of user root.
Nov  3 23:08:01 webserver systemd: Starting Session 7757 of user root.
Nov  3 23:08:01 webserver systemd: Started Session 7757 of user root.
Nov  3 23:09:01 webserver systemd: Starting Session 7758 of user root.
Nov  3 23:09:01 webserver systemd: Started Session 7758 of user root.
Nov  3 23:10:01 webserver systemd: Starting Session 7759 of user root.
Nov  3 23:10:01 webserver systemd: Started Session 7759 of user root.
Nov  3 23:11:01 webserver systemd: Starting Session 7760 of user root.
Nov  3 23:11:01 webserver systemd: Started Session 7760 of user root.
Nov  3 23:12:01 webserver systemd: Starting Session 7761 of user root.
Nov  3 23:12:01 webserver systemd: Started Session 7761 of user root.
Nov  3 23:13:01 webserver systemd: Starting Session 7762 of user root.
Nov  3 23:13:01 webserver systemd: Started Session 7762 of user root.
Nov  3 23:14:01 webserver systemd: Starting Session 7763 of user root.
Nov  3 23:14:01 webserver systemd: Started Session 7763 of user root.
Nov  3 23:14:20 localhost systemd: Starting dnf makecache...
Nov  3 23:14:20 localhost systemd: Started dnf makecache.
Nov  3 23:15:01 webserver systemd: Starting Session 7764 of user root.
Nov  3 23:15:01 webserver systemd: Started Session 7764 of user root.
Nov  3 23:16:01 webserver systemd: Starting Session 7765 of user root.
Nov  3 23:16:01 webserver systemd: Started Session 7765 of user root.
Nov  3 23:17:01 webserver systemd: Starting Session 7766 of user root.
Nov  3 23:17:01 webserver systemd: Started Session 7766 of user root.
Nov  3 23:18:01 webserver systemd: Starting Session 7767 of user root.
Nov  3 23:18:01 webserver systemd: Started Session 7767 of user root.
Nov  3 23:19:01 webserver systemd: Starting Session 7768 of user root.
Nov  3 23:19:01 webserver systemd: Started Session 7768 of user root.
Nov  3 23:20:01 webserver systemd: Starting Session 7769 of user root.
Nov  3 23:20:01 webserver systemd: Started Session 7769 of user root.
Nov  3 23:21:01 webserver systemd: Starting Session 7770 of user root.
Nov  3 23:21:01 webserver systemd: Started Session 7770 of user root.
Nov  3 23:22:01 webserver systemd: Starting Session 7771 of user root.
Nov  3 23:22:01 webserver systemd: Started Session 7771 of user root.
Nov  3 23:23:01 webserver systemd: Starting Session 7772 of user root.
Nov  3 23:23:01 webserver systemd: Started Session 7772 of user root.
Nov  3 23:24:01 webserver systemd: Starting Session 7773 of user root.
Nov  3 23:24:01 webserver systemd: Started Session 7773 of user root.
Nov  3 23:25:01 webserver systemd: Starting Session 7774 of user root.
Nov  3 23:25:01 webserver systemd: Started Session 7774 of user root.
Nov  3 23:26:01 webserver systemd: Starting Session 7775 of user root.
Nov  3 23:26:01 webserver systemd: Started Session 7775 of user root.
Nov  3 23:27:01 webserver systemd: Starting Session 7776 of user root.
Nov  3 23:27:01 webserver systemd: Started Session 7776 of user root.
Nov  3 23:28:01 webserver systemd: Starting Session 7777 of user root.
Nov  3 23:28:01 webserver systemd: Started Session 7777 of user root.
Nov  3 23:29:01 webserver systemd: Starting Session 7778 of user root.
Nov  3 23:29:01 webserver systemd: Started Session 7778 of user root.
Nov  3 23:30:01 webserver systemd: Starting Session 7779 of user root.
Nov  3 23:30:01 webserver systemd: Started Session 7779 of user root.
Nov  3 23:31:01 webserver systemd: Starting Session 7780 of user root.
Nov  3 23:31:01 webserver systemd: Started Session 7780 of user root.
Nov  3 23:32:01 webserver systemd: Starting Session 7781 of user root.
Nov  3 23:32:01 webserver systemd: Started Session 7781 of user root.
Nov  3 23:32:46 webserver systemd: Starting dnf makecache...
Nov  3 23:32:47 webserver systemd: Started dnf makecache.
Nov  3 23:33:01 webserver systemd: Starting Session 7782 of user root.
Nov  3 23:33:01 webserver systemd: Started Session 7782 of user root.
Nov  3 23:34:01 webserver systemd: Starting Session 7783 of user root.
Nov  3 23:34:01 webserver systemd: Started Session 7783 of user root.
Nov  3 23:35:01 webserver systemd: Starting Session 7784 of user root.
Nov  3 23:35:01 webserver systemd: Started Session 7784 of user root.
Nov  3 23:36:01 webserver systemd: Starting Session 7785 of user root.
Nov  3 23:36:01 webserver systemd: Started Session 7785 of user root.
Nov  3 23:37:01 webserver systemd: Starting Session 7786 of user root.
Nov  3 23:37:01 webserver systemd: Started Session 7786 of user root.
Nov  3 23:38:01 webserver systemd: Starting Session 7787 of user root.
Nov  3 23:38:01 webserver systemd: Started Session 7787 of user root.
Nov  3 23:39:01 webserver systemd: Starting Session 7788 of user root.
Nov  3 23:39:01 webserver systemd: Started Session 7788 of user root.
Nov  3 23:40:01 webserver systemd: Starting Session 7789 of user root.
Nov  3 23:40:02 webserver systemd: Started Session 7789 of user root.
Nov  3 23:41:02 webserver systemd: Starting Session 7790 of user root.
Nov  3 23:41:02 webserver systemd: Started Session 7790 of user root.
Nov  3 23:42:01 webserver systemd: Starting Session 7791 of user root.
Nov  3 23:42:01 webserver systemd: Started Session 7791 of user root.
Nov  3 23:43:01 webserver systemd: Starting Session 7792 of user root.
Nov  3 23:43:01 webserver systemd: Started Session 7792 of user root.
Nov  3 23:44:01 webserver systemd: Starting Session 7793 of user root.
Nov  3 23:44:01 webserver systemd: Started Session 7793 of user root.
Nov  3 23:44:51 webserver systemd: Starting PackageKit Daemon...
Nov  3 23:44:51 webserver systemd: Started PackageKit Daemon.
Nov  3 23:45:01 webserver systemd: Starting Session 7794 of user root.
Nov  3 23:45:01 webserver systemd: Started Session 7794 of user root.
Nov  3 23:46:01 webserver systemd: Starting Session 7795 of user root.
Nov  3 23:46:01 webserver systemd: Started Session 7795 of user root.
Nov  3 23:47:01 webserver systemd: Starting Session 7796 of user root.
Nov  3 23:47:01 webserver systemd: Started Session 7796 of user root.
Nov  3 23:48:01 webserver systemd: Starting Session 7797 of user root.
Nov  3 23:48:01 webserver systemd: Started Session 7797 of user root.
Nov  3 23:49:01 webserver systemd: Starting Session 7798 of user root.
Nov  3 23:49:01 webserver systemd: Started Session 7798 of user root.
Nov  3 23:50:01 webserver systemd: Starting Session 7799 of user root.
Nov  3 23:50:01 webserver systemd: Started Session 7799 of user root.
Nov  3 23:51:01 webserver systemd: Starting Session 7800 of user root.
Nov  3 23:51:01 webserver systemd: Started Session 7800 of user root.
Nov  3 23:52:01 webserver systemd: Starting Session 7801 of user root.
Nov  3 23:52:01 webserver systemd: Started Session 7801 of user root.
Nov  3 23:53:01 webserver systemd: Starting Session 7802 of user root.
Nov  3 23:53:01 webserver systemd: Started Session 7802 of user root.
Nov  3 23:54:01 webserver systemd: Starting Session 7803 of user root.
Nov  3 23:54:01 webserver systemd: Started Session 7803 of user root.
Nov  3 23:55:01 webserver systemd: Starting Session 7804 of user root.
Nov  3 23:55:01 webserver systemd: Started Session 7804 of user root.
Nov  3 23:56:01 webserver systemd: Starting Session 7805 of user root.
Nov  3 23:56:01 webserver systemd: Started Session 7805 of user root.
Nov  3 23:57:01 webserver systemd: Starting Session 7806 of user root.
Nov  3 23:57:01 webserver systemd: Started Session 7806 of user root.
Nov  3 23:58:01 webserver systemd: Starting Session 7807 of user root.
Nov  3 23:58:01 webserver systemd: Started Session 7807 of user root.
Nov  3 23:59:01 webserver systemd: Starting Session 7808 of user root.
Nov  3 23:59:01 webserver systemd: Started Session 7808 of user root.
