Nov  6 00:44:51 webserver dbus[577]: [system] Activating via systemd: service name='org.freedesktop.PackageKit' unit='packagekit.service'
Nov  6 00:44:51 webserver dbus[577]: [system] Successfully activated service 'org.freedesktop.PackageKit'
Nov  6 01:44:51 webserver dbus[577]: [system] Activating via systemd: service name='org.freedesktop.PackageKit' unit='packagekit.service'
Nov  6 01:44:51 webserver dbus[577]: [system] Successfully activated service 'org.freedesktop.PackageKit'
Nov  6 02:44:51 webserver dbus[577]: [system] Activating via systemd: service name='org.freedesktop.PackageKit' unit='packagekit.service'
Nov  6 02:44:51 webserver dbus[577]: [system] Successfully activated service 'org.freedesktop.PackageKit'
Nov  6 03:44:51 webserver dbus[577]: [system] Activating via systemd: service name='org.freedesktop.PackageKit' unit='packagekit.service'
Nov  6 03:44:51 webserver dbus[577]: [system] Successfully activated service 'org.freedesktop.PackageKit'
Nov  6 04:44:51 webserver dbus[577]: [system] Activating via systemd: service name='org.freedesktop.PackageKit' unit='packagekit.service'
Nov  6 04:44:51 webserver dbus[577]: [system] Successfully activated service 'org.freedesktop.PackageKit'
Nov  6 05:44:51 webserver dbus[577]: [system] Activating via systemd: service name='org.freedesktop.PackageKit' unit='packagekit.service'
Nov  6 05:44:51 webserver dbus[577]: [system] Successfully activated service 'org.freedesktop.PackageKit'
Nov  6 06:44:51 webserver dbus[577]: [system] Activating via systemd: service name='org.freedesktop.PackageKit' unit='packagekit.service'
Nov  6 06:44:51 webserver dbus[577]: [system] Successfully activated service 'org.freedesktop.PackageKit'
Nov  6 07:44:51 webserver dbus[577]: [system] Activating via systemd: service name='org.freedesktop.PackageKit' unit='packagekit.service'
Nov  6 07:44:51 webserver dbus[577]: [system] Successfully activated service 'org.freedesktop.PackageKit'
Nov  6 08:44:51 webserver dbus[577]: [system] Activating via systemd: service name='org.freedesktop.PackageKit' unit='packagekit.service'
Nov  6 08:44:51 webserver dbus[577]: [system] Successfully activated service 'org.freedesktop.PackageKit'
Nov  6 08:53:39 localhost dbus[567]: [system] Activating via systemd: service name='org.freedesktop.nm_dispatcher' unit='dbus-org.freedesktop.nm-dispatcher.service'
Nov  6 08:53:39 localhost dbus[567]: [system] Successfully activated service 'org.freedesktop.nm_dispatcher'
Nov  6 09:44:51 webserver dbus[577]: [system] Activating via systemd: service name='org.freedesktop.PackageKit' unit='packagekit.service'
Nov  6 09:44:51 webserver dbus[577]: [system] Successfully activated service 'org.freedesktop.PackageKit'
Nov  6 10:44:51 webserver dbus[577]: [system] Activating via systemd: service name='org.freedesktop.PackageKit' unit='packagekit.service'
Nov  6 10:44:51 webserver dbus[577]: [system] Successfully activated service 'org.freedesktop.PackageKit'
Nov  6 11:44:51 webserver dbus[577]: [system] Activating via systemd: service name='org.freedesktop.PackageKit' unit='packagekit.service'
Nov  6 11:44:51 webserver dbus[577]: [system] Successfully activated service 'org.freedesktop.PackageKit'
Nov  6 12:44:51 webserver dbus[577]: [system] Activating via systemd: service name='org.freedesktop.PackageKit' unit='packagekit.service'
Nov  6 12:44:51 webserver dbus[577]: [system] Successfully activated service 'org.freedesktop.PackageKit'
Nov  6 13:44:51 webserver dbus[577]: [system] Activating via systemd: service name='org.freedesktop.PackageKit' unit='packagekit.service'
Nov  6 13:44:51 webserver dbus[577]: [system] Successfully activated service 'org.freedesktop.PackageKit'
Nov  6 14:44:51 webserver dbus[577]: [system] Activating via systemd: service name='org.freedesktop.PackageKit' unit='packagekit.service'
Nov  6 14:44:51 webserver dbus[577]: [system] Successfully activated service 'org.freedesktop.PackageKit'
Nov  6 15:44:51 webserver dbus[577]: [system] Activating via systemd: service name='org.freedesktop.PackageKit' unit='packagekit.service'
Nov  6 15:44:51 webserver dbus[577]: [system] Successfully activated service 'org.freedesktop.PackageKit'
Nov  6 16:44:51 webserver dbus[577]: [system] Activating via systemd: service name='org.freedesktop.PackageKit' unit='packagekit.service'
Nov  6 16:44:51 webserver dbus[577]: [system] Successfully activated service 'org.freedesktop.PackageKit'
Nov  6 17:44:51 webserver dbus[577]: [system] Activating via systemd: service name='org.freedesktop.PackageKit' unit='packagekit.service'
Nov  6 17:44:51 webserver dbus[577]: [system] Successfully activated service 'org.freedesktop.PackageKit'
Nov  6 18:44:51 webserver dbus[577]: [system] Activating via systemd: service name='org.freedesktop.PackageKit' unit='packagekit.service'
Nov  6 18:44:51 webserver dbus[577]: [system] Successfully activated service 'org.freedesktop.PackageKit'
Nov  6 19:03:21 localhost dbus[567]: [system] Activating via systemd: service name='net.reactivated.Fprint' unit='fprintd.service'
Nov  6 19:03:21 localhost dbus[567]: [system] Successfully activated service 'net.reactivated.Fprint'
Nov  6 19:05:01 localhost dbus[567]: [system] Activating via systemd: service name='org.freedesktop.hostname1' unit='dbus-org.freedesktop.hostname1.service'
Nov  6 19:05:02 localhost dbus[567]: [system] Successfully activated service 'org.freedesktop.hostname1'
Nov  6 19:15:39 localhost dbus[567]: [system] Activating via systemd: service name='org.freedesktop.hostname1' unit='dbus-org.freedesktop.hostname1.service'
Nov  6 19:15:39 localhost dbus[567]: [system] Successfully activated service 'org.freedesktop.hostname1'
Nov  6 19:44:51 webserver dbus[577]: [system] Activating via systemd: service name='org.freedesktop.PackageKit' unit='packagekit.service'
Nov  6 19:44:51 webserver dbus[577]: [system] Successfully activated service 'org.freedesktop.PackageKit'
Nov  6 20:44:51 webserver dbus[577]: [system] Activating via systemd: service name='org.freedesktop.PackageKit' unit='packagekit.service'
Nov  6 20:44:51 webserver dbus[577]: [system] Successfully activated service 'org.freedesktop.PackageKit'
Nov  6 21:44:51 webserver dbus[577]: [system] Activating via systemd: service name='org.freedesktop.PackageKit' unit='packagekit.service'
Nov  6 21:44:51 webserver dbus[577]: [system] Successfully activated service 'org.freedesktop.PackageKit'
Nov  6 22:44:51 webserver dbus[577]: [system] Activating via systemd: service name='org.freedesktop.PackageKit' unit='packagekit.service'
Nov  6 22:44:51 webserver dbus[577]: [system] Successfully activated service 'org.freedesktop.PackageKit'
Nov  6 23:44:51 webserver dbus[577]: [system] Activating via systemd: service name='org.freedesktop.PackageKit' unit='packagekit.service'
Nov  6 23:44:51 webserver dbus[577]: [system] Successfully activated service 'org.freedesktop.PackageKit'
