Nov  6 00:01:01 localhost run-parts(/etc/cron.hourly)[5407 starting 0anacron
Nov  6 00:01:01 localhost run-parts(/etc/cron.hourly)[5419 finished 0anacron
Nov  6 00:01:01 localhost run-parts(/etc/cron.hourly)[5407 starting mcelog.cron
Nov  6 00:01:01 localhost run-parts(/etc/cron.hourly)[5425 finished mcelog.cron
Nov  6 00:01:01 webserver run-parts(/etc/cron.hourly)[1153 starting 0anacron
Nov  6 00:01:01 webserver run-parts(/etc/cron.hourly)[1155 finished 0anacron
Nov  6 00:01:01 webserver run-parts(/etc/cron.hourly)[1153 starting mcelog.cron
Nov  6 00:01:01 webserver run-parts(/etc/cron.hourly)[1155 finished mcelog.cron
Nov  6 01:01:01 webserver run-parts(/etc/cron.hourly)[1190 starting 0anacron
Nov  6 01:01:01 webserver run-parts(/etc/cron.hourly)[1191 finished 0anacron
Nov  6 01:01:01 webserver run-parts(/etc/cron.hourly)[1190 starting mcelog.cron
Nov  6 01:01:01 webserver run-parts(/etc/cron.hourly)[1192 finished mcelog.cron
Nov  6 01:01:01 localhost run-parts(/etc/cron.hourly)[5452 starting 0anacron
Nov  6 01:01:01 localhost run-parts(/etc/cron.hourly)[5464 finished 0anacron
Nov  6 01:01:01 localhost run-parts(/etc/cron.hourly)[5452 starting mcelog.cron
Nov  6 01:01:01 localhost run-parts(/etc/cron.hourly)[5470 finished mcelog.cron
Nov  6 02:01:01 webserver run-parts(/etc/cron.hourly)[1227 starting 0anacron
Nov  6 02:01:01 webserver run-parts(/etc/cron.hourly)[1228 finished 0anacron
Nov  6 02:01:01 webserver run-parts(/etc/cron.hourly)[1227 starting mcelog.cron
Nov  6 02:01:01 webserver run-parts(/etc/cron.hourly)[1229 finished mcelog.cron
Nov  6 02:01:01 localhost run-parts(/etc/cron.hourly)[5498 starting 0anacron
Nov  6 02:01:01 localhost run-parts(/etc/cron.hourly)[5510 finished 0anacron
Nov  6 02:01:01 localhost run-parts(/etc/cron.hourly)[5498 starting mcelog.cron
Nov  6 02:01:01 localhost run-parts(/etc/cron.hourly)[5516 finished mcelog.cron
Nov  6 03:01:01 webserver run-parts(/etc/cron.hourly)[1263 starting 0anacron
Nov  6 03:01:01 webserver run-parts(/etc/cron.hourly)[1264 finished 0anacron
Nov  6 03:01:01 webserver run-parts(/etc/cron.hourly)[1263 starting mcelog.cron
Nov  6 03:01:01 webserver run-parts(/etc/cron.hourly)[1265 finished mcelog.cron
Nov  6 03:01:01 localhost run-parts(/etc/cron.hourly)[5541 starting 0anacron
Nov  6 03:01:01 localhost run-parts(/etc/cron.hourly)[5553 finished 0anacron
Nov  6 03:01:01 localhost run-parts(/etc/cron.hourly)[5541 starting mcelog.cron
Nov  6 03:01:01 localhost run-parts(/etc/cron.hourly)[5559 finished mcelog.cron
Nov  6 03:16:01 localhost run-parts(/etc/cron.daily)[5569] starting logrotate
Nov  6 03:16:04 localhost run-parts(/etc/cron.daily)[5611] finished logrotate
Nov  6 03:16:04 localhost run-parts(/etc/cron.daily)[5569] starting man-db.cron
Nov  6 03:16:06 localhost run-parts(/etc/cron.daily)[5622] finished man-db.cron
Nov  6 03:16:06 localhost run-parts(/etc/cron.daily)[5569] starting mlocate
Nov  6 03:16:06 localhost run-parts(/etc/cron.daily)[5633] finished mlocate
Nov  6 03:29:01 webserver run-parts(/etc/cron.daily)[12808 starting logrotate
Nov  6 03:29:01 webserver run-parts(/etc/cron.daily)[12821 finished logrotate
Nov  6 03:29:01 webserver run-parts(/etc/cron.daily)[12808 starting man-db.cron
Nov  6 03:29:06 webserver run-parts(/etc/cron.daily)[12832 finished man-db.cron
Nov  6 03:29:06 webserver run-parts(/etc/cron.daily)[12808 starting mlocate
Nov  6 03:29:10 webserver run-parts(/etc/cron.daily)[12843 finished mlocate
Nov  6 04:01:01 webserver run-parts(/etc/cron.hourly)[1302 starting 0anacron
Nov  6 04:01:01 webserver run-parts(/etc/cron.hourly)[1304 finished 0anacron
Nov  6 04:01:01 webserver run-parts(/etc/cron.hourly)[1302 starting mcelog.cron
Nov  6 04:01:01 webserver run-parts(/etc/cron.hourly)[1304 finished mcelog.cron
Nov  6 04:01:01 localhost run-parts(/etc/cron.hourly)[6166 starting 0anacron
Nov  6 04:01:01 localhost run-parts(/etc/cron.hourly)[6175 finished 0anacron
Nov  6 04:01:01 localhost run-parts(/etc/cron.hourly)[6166 starting mcelog.cron
Nov  6 04:01:01 localhost run-parts(/etc/cron.hourly)[6181 finished mcelog.cron
Nov  6 05:01:01 localhost run-parts(/etc/cron.hourly)[6212 starting 0anacron
Nov  6 05:01:01 localhost run-parts(/etc/cron.hourly)[6221 finished 0anacron
Nov  6 05:01:01 localhost run-parts(/etc/cron.hourly)[6212 starting mcelog.cron
Nov  6 05:01:01 localhost run-parts(/etc/cron.hourly)[6227 finished mcelog.cron
Nov  6 05:01:01 webserver run-parts(/etc/cron.hourly)[1339 starting 0anacron
Nov  6 05:01:01 webserver run-parts(/etc/cron.hourly)[1340 finished 0anacron
Nov  6 05:01:01 webserver run-parts(/etc/cron.hourly)[1339 starting mcelog.cron
Nov  6 05:01:01 webserver run-parts(/etc/cron.hourly)[1341 finished mcelog.cron
Nov  6 06:01:01 localhost run-parts(/etc/cron.hourly)[6712 starting 0anacron
Nov  6 06:01:01 localhost run-parts(/etc/cron.hourly)[6721 finished 0anacron
Nov  6 06:01:01 localhost run-parts(/etc/cron.hourly)[6712 starting mcelog.cron
Nov  6 06:01:01 localhost run-parts(/etc/cron.hourly)[6727 finished mcelog.cron
Nov  6 06:01:01 webserver run-parts(/etc/cron.hourly)[1375 starting 0anacron
Nov  6 06:01:01 webserver run-parts(/etc/cron.hourly)[1376 finished 0anacron
Nov  6 06:01:01 webserver run-parts(/etc/cron.hourly)[1375 starting mcelog.cron
Nov  6 06:01:01 webserver run-parts(/etc/cron.hourly)[1377 finished mcelog.cron
Nov  6 07:01:01 webserver run-parts(/etc/cron.hourly)[1411 starting 0anacron
Nov  6 07:01:01 webserver run-parts(/etc/cron.hourly)[1412 finished 0anacron
Nov  6 07:01:01 webserver run-parts(/etc/cron.hourly)[1411 starting mcelog.cron
Nov  6 07:01:01 webserver run-parts(/etc/cron.hourly)[1413 finished mcelog.cron
Nov  6 07:01:01 localhost run-parts(/etc/cron.hourly)[7620 starting 0anacron
Nov  6 07:01:01 localhost run-parts(/etc/cron.hourly)[7629 finished 0anacron
Nov  6 07:01:01 localhost run-parts(/etc/cron.hourly)[7620 starting mcelog.cron
Nov  6 07:01:01 localhost run-parts(/etc/cron.hourly)[7635 finished mcelog.cron
Nov  6 08:01:01 webserver run-parts(/etc/cron.hourly)[1448 starting 0anacron
Nov  6 08:01:01 webserver run-parts(/etc/cron.hourly)[1449 finished 0anacron
Nov  6 08:01:01 webserver run-parts(/etc/cron.hourly)[1448 starting mcelog.cron
Nov  6 08:01:01 webserver run-parts(/etc/cron.hourly)[1449 finished mcelog.cron
Nov  6 08:01:01 localhost run-parts(/etc/cron.hourly)[9391 starting 0anacron
Nov  6 08:01:01 localhost run-parts(/etc/cron.hourly)[9400 finished 0anacron
Nov  6 08:01:01 localhost run-parts(/etc/cron.hourly)[9391 starting mcelog.cron
Nov  6 08:01:01 localhost run-parts(/etc/cron.hourly)[9406 finished mcelog.cron
Nov  6 09:01:01 webserver run-parts(/etc/cron.hourly)[1484 starting 0anacron
Nov  6 09:01:01 webserver run-parts(/etc/cron.hourly)[1485 finished 0anacron
Nov  6 09:01:01 webserver run-parts(/etc/cron.hourly)[1484 starting mcelog.cron
Nov  6 09:01:01 webserver run-parts(/etc/cron.hourly)[1485 finished mcelog.cron
Nov  6 09:01:01 localhost run-parts(/etc/cron.hourly)[9920 starting 0anacron
Nov  6 09:01:01 localhost run-parts(/etc/cron.hourly)[9929 finished 0anacron
Nov  6 09:01:01 localhost run-parts(/etc/cron.hourly)[9920 starting mcelog.cron
Nov  6 09:01:01 localhost run-parts(/etc/cron.hourly)[9935 finished mcelog.cron
Nov  6 10:01:01 webserver run-parts(/etc/cron.hourly)[1520 starting 0anacron
Nov  6 10:01:01 webserver run-parts(/etc/cron.hourly)[1521 finished 0anacron
Nov  6 10:01:01 webserver run-parts(/etc/cron.hourly)[1520 starting mcelog.cron
Nov  6 10:01:01 webserver run-parts(/etc/cron.hourly)[1522 finished mcelog.cron
Nov  6 10:01:01 localhost run-parts(/etc/cron.hourly)[9964 starting 0anacron
Nov  6 10:01:01 localhost run-parts(/etc/cron.hourly)[9973 finished 0anacron
Nov  6 10:01:01 localhost run-parts(/etc/cron.hourly)[9964 starting mcelog.cron
Nov  6 10:01:01 localhost run-parts(/etc/cron.hourly)[9979 finished mcelog.cron
Nov  6 11:01:01 localhost run-parts(/etc/cron.hourly)[1000 starting 0anacron
Nov  6 11:01:01 localhost run-parts(/etc/cron.hourly)[1001 finished 0anacron
Nov  6 11:01:01 localhost run-parts(/etc/cron.hourly)[1000 starting mcelog.cron
Nov  6 11:01:01 localhost run-parts(/etc/cron.hourly)[1001 finished mcelog.cron
Nov  6 11:01:02 webserver run-parts(/etc/cron.hourly)[1556 starting 0anacron
Nov  6 11:01:02 webserver run-parts(/etc/cron.hourly)[1557 finished 0anacron
Nov  6 11:01:02 webserver run-parts(/etc/cron.hourly)[1556 starting mcelog.cron
Nov  6 11:01:02 webserver run-parts(/etc/cron.hourly)[1558 finished mcelog.cron
Nov  6 12:01:01 localhost run-parts(/etc/cron.hourly)[1058 starting 0anacron
Nov  6 12:01:01 localhost run-parts(/etc/cron.hourly)[1059 finished 0anacron
Nov  6 12:01:01 localhost run-parts(/etc/cron.hourly)[1058 starting mcelog.cron
Nov  6 12:01:02 localhost run-parts(/etc/cron.hourly)[1059 finished mcelog.cron
Nov  6 12:01:02 webserver run-parts(/etc/cron.hourly)[1593 starting 0anacron
Nov  6 12:01:02 webserver run-parts(/etc/cron.hourly)[1594 finished 0anacron
Nov  6 12:01:02 webserver run-parts(/etc/cron.hourly)[1593 starting mcelog.cron
Nov  6 12:01:02 webserver run-parts(/etc/cron.hourly)[1594 finished mcelog.cron
Nov  6 13:01:01 localhost run-parts(/etc/cron.hourly)[1083 starting 0anacron
Nov  6 13:01:01 localhost run-parts(/etc/cron.hourly)[1084 finished 0anacron
Nov  6 13:01:01 localhost run-parts(/etc/cron.hourly)[1083 starting mcelog.cron
Nov  6 13:01:01 localhost run-parts(/etc/cron.hourly)[1084 finished mcelog.cron
Nov  6 13:01:01 webserver run-parts(/etc/cron.hourly)[1629 starting 0anacron
Nov  6 13:01:01 webserver run-parts(/etc/cron.hourly)[1630 finished 0anacron
Nov  6 13:01:01 webserver run-parts(/etc/cron.hourly)[1629 starting mcelog.cron
Nov  6 13:01:01 webserver run-parts(/etc/cron.hourly)[1630 finished mcelog.cron
Nov  6 14:01:01 localhost run-parts(/etc/cron.hourly)[1087 starting 0anacron
Nov  6 14:01:01 localhost run-parts(/etc/cron.hourly)[1088 finished 0anacron
Nov  6 14:01:01 localhost run-parts(/etc/cron.hourly)[1087 starting mcelog.cron
Nov  6 14:01:01 localhost run-parts(/etc/cron.hourly)[1089 finished mcelog.cron
Nov  6 14:01:01 webserver run-parts(/etc/cron.hourly)[1665 starting 0anacron
Nov  6 14:01:01 webserver run-parts(/etc/cron.hourly)[1666 finished 0anacron
Nov  6 14:01:01 webserver run-parts(/etc/cron.hourly)[1665 starting mcelog.cron
Nov  6 14:01:01 webserver run-parts(/etc/cron.hourly)[1667 finished mcelog.cron
Nov  6 15:01:01 localhost run-parts(/etc/cron.hourly)[1092 starting 0anacron
Nov  6 15:01:01 localhost run-parts(/etc/cron.hourly)[1093 finished 0anacron
Nov  6 15:01:01 localhost run-parts(/etc/cron.hourly)[1092 starting mcelog.cron
Nov  6 15:01:01 localhost run-parts(/etc/cron.hourly)[1093 finished mcelog.cron
Nov  6 15:01:01 webserver run-parts(/etc/cron.hourly)[1701 starting 0anacron
Nov  6 15:01:01 webserver run-parts(/etc/cron.hourly)[1703 finished 0anacron
Nov  6 15:01:01 webserver run-parts(/etc/cron.hourly)[1701 starting mcelog.cron
Nov  6 15:01:01 webserver run-parts(/etc/cron.hourly)[1703 finished mcelog.cron
Nov  6 16:01:01 localhost run-parts(/etc/cron.hourly)[1124 starting 0anacron
Nov  6 16:01:01 localhost run-parts(/etc/cron.hourly)[1125 finished 0anacron
Nov  6 16:01:01 localhost run-parts(/etc/cron.hourly)[1124 starting mcelog.cron
Nov  6 16:01:01 localhost run-parts(/etc/cron.hourly)[1126 finished mcelog.cron
Nov  6 16:01:01 webserver run-parts(/etc/cron.hourly)[1739 starting 0anacron
Nov  6 16:01:01 webserver run-parts(/etc/cron.hourly)[1740 finished 0anacron
Nov  6 16:01:01 webserver run-parts(/etc/cron.hourly)[1739 starting mcelog.cron
Nov  6 16:01:01 webserver run-parts(/etc/cron.hourly)[1741 finished mcelog.cron
Nov  6 17:01:01 localhost run-parts(/etc/cron.hourly)[1206 starting 0anacron
Nov  6 17:01:01 localhost run-parts(/etc/cron.hourly)[1207 finished 0anacron
Nov  6 17:01:01 localhost run-parts(/etc/cron.hourly)[1206 starting mcelog.cron
Nov  6 17:01:01 localhost run-parts(/etc/cron.hourly)[1208 finished mcelog.cron
Nov  6 17:01:01 webserver run-parts(/etc/cron.hourly)[1775 starting 0anacron
Nov  6 17:01:01 webserver run-parts(/etc/cron.hourly)[1776 finished 0anacron
Nov  6 17:01:01 webserver run-parts(/etc/cron.hourly)[1775 starting mcelog.cron
Nov  6 17:01:01 webserver run-parts(/etc/cron.hourly)[1777 finished mcelog.cron
Nov  6 18:01:01 localhost run-parts(/etc/cron.hourly)[1211 starting 0anacron
Nov  6 18:01:01 localhost run-parts(/etc/cron.hourly)[1211 finished 0anacron
Nov  6 18:01:01 localhost run-parts(/etc/cron.hourly)[1211 starting mcelog.cron
Nov  6 18:01:01 localhost run-parts(/etc/cron.hourly)[1212 finished mcelog.cron
Nov  6 18:01:01 webserver run-parts(/etc/cron.hourly)[1811 starting 0anacron
Nov  6 18:01:01 webserver run-parts(/etc/cron.hourly)[1812 finished 0anacron
Nov  6 18:01:01 webserver run-parts(/etc/cron.hourly)[1811 starting mcelog.cron
Nov  6 18:01:01 webserver run-parts(/etc/cron.hourly)[1813 finished mcelog.cron
Nov  6 19:01:01 webserver run-parts(/etc/cron.hourly)[1848 starting 0anacron
Nov  6 19:01:01 webserver run-parts(/etc/cron.hourly)[1849 finished 0anacron
Nov  6 19:01:01 webserver run-parts(/etc/cron.hourly)[1848 starting mcelog.cron
Nov  6 19:01:01 webserver run-parts(/etc/cron.hourly)[1849 finished mcelog.cron
Nov  6 19:01:01 localhost run-parts(/etc/cron.hourly)[1216 starting 0anacron
Nov  6 19:01:01 localhost run-parts(/etc/cron.hourly)[1217 finished 0anacron
Nov  6 19:01:01 localhost run-parts(/etc/cron.hourly)[1216 starting mcelog.cron
Nov  6 19:01:01 localhost run-parts(/etc/cron.hourly)[1217 finished mcelog.cron
Nov  6 20:01:01 localhost run-parts(/etc/cron.hourly)[1284 starting 0anacron
Nov  6 20:01:01 localhost run-parts(/etc/cron.hourly)[1284 finished 0anacron
Nov  6 20:01:01 localhost run-parts(/etc/cron.hourly)[1284 starting mcelog.cron
Nov  6 20:01:01 webserver run-parts(/etc/cron.hourly)[1884 starting 0anacron
Nov  6 20:01:01 localhost run-parts(/etc/cron.hourly)[1285 finished mcelog.cron
Nov  6 20:01:01 webserver run-parts(/etc/cron.hourly)[1885 finished 0anacron
Nov  6 20:01:01 webserver run-parts(/etc/cron.hourly)[1884 starting mcelog.cron
Nov  6 20:01:01 webserver run-parts(/etc/cron.hourly)[1886 finished mcelog.cron
Nov  6 21:01:01 webserver run-parts(/etc/cron.hourly)[1920 starting 0anacron
Nov  6 21:01:01 webserver run-parts(/etc/cron.hourly)[1921 finished 0anacron
Nov  6 21:01:01 webserver run-parts(/etc/cron.hourly)[1920 starting mcelog.cron
Nov  6 21:01:01 webserver run-parts(/etc/cron.hourly)[1922 finished mcelog.cron
Nov  6 21:01:01 localhost run-parts(/etc/cron.hourly)[1290 starting 0anacron
Nov  6 21:01:01 localhost run-parts(/etc/cron.hourly)[1291 finished 0anacron
Nov  6 21:01:01 localhost run-parts(/etc/cron.hourly)[1290 starting mcelog.cron
Nov  6 21:01:01 localhost run-parts(/etc/cron.hourly)[1292 finished mcelog.cron
Nov  6 22:01:01 localhost run-parts(/etc/cron.hourly)[1311 starting 0anacron
Nov  6 22:01:01 localhost run-parts(/etc/cron.hourly)[1312 finished 0anacron
Nov  6 22:01:01 localhost run-parts(/etc/cron.hourly)[1311 starting mcelog.cron
Nov  6 22:01:01 localhost run-parts(/etc/cron.hourly)[1313 finished mcelog.cron
Nov  6 22:01:01 webserver run-parts(/etc/cron.hourly)[1957 starting 0anacron
Nov  6 22:01:01 webserver run-parts(/etc/cron.hourly)[1958 finished 0anacron
Nov  6 22:01:01 webserver run-parts(/etc/cron.hourly)[1957 starting mcelog.cron
Nov  6 22:01:01 webserver run-parts(/etc/cron.hourly)[1958 finished mcelog.cron
Nov  6 23:01:01 localhost run-parts(/etc/cron.hourly)[1386 starting 0anacron
Nov  6 23:01:01 localhost run-parts(/etc/cron.hourly)[1387 finished 0anacron
Nov  6 23:01:01 localhost run-parts(/etc/cron.hourly)[1386 starting mcelog.cron
Nov  6 23:01:01 localhost run-parts(/etc/cron.hourly)[1387 finished mcelog.cron
Nov  6 23:01:01 webserver run-parts(/etc/cron.hourly)[1994 starting 0anacron
Nov  6 23:01:01 webserver run-parts(/etc/cron.hourly)[1995 finished 0anacron
Nov  6 23:01:01 webserver run-parts(/etc/cron.hourly)[1994 starting mcelog.cron
Nov  6 23:01:01 webserver run-parts(/etc/cron.hourly)[1995 finished mcelog.cron
