Nov 22 00:01:01 webserver run-parts(/etc/cron.hourly)[2355 starting 0anacron
Nov 22 00:01:01 webserver run-parts(/etc/cron.hourly)[2356 finished 0anacron
Nov 22 00:01:01 webserver run-parts(/etc/cron.hourly)[2355 starting mcelog.cron
Nov 22 00:01:01 webserver run-parts(/etc/cron.hourly)[2357 finished mcelog.cron
Nov 22 00:01:01 localhost run-parts(/etc/cron.hourly)[2485 starting 0anacron
Nov 22 00:01:01 localhost run-parts(/etc/cron.hourly)[2486 finished 0anacron
Nov 22 00:01:01 localhost run-parts(/etc/cron.hourly)[2485 starting mcelog.cron
Nov 22 00:01:01 localhost run-parts(/etc/cron.hourly)[2486 finished mcelog.cron
Nov 22 01:01:01 webserver run-parts(/etc/cron.hourly)[2391 starting 0anacron
Nov 22 01:01:01 webserver run-parts(/etc/cron.hourly)[2393 finished 0anacron
Nov 22 01:01:01 webserver run-parts(/etc/cron.hourly)[2391 starting mcelog.cron
Nov 22 01:01:01 webserver run-parts(/etc/cron.hourly)[2393 finished mcelog.cron
Nov 22 01:01:01 localhost run-parts(/etc/cron.hourly)[2488 starting 0anacron
Nov 22 01:01:01 localhost run-parts(/etc/cron.hourly)[2489 finished 0anacron
Nov 22 01:01:01 localhost run-parts(/etc/cron.hourly)[2488 starting mcelog.cron
Nov 22 01:01:01 localhost run-parts(/etc/cron.hourly)[2490 finished mcelog.cron
Nov 22 02:01:01 localhost run-parts(/etc/cron.hourly)[2535 starting 0anacron
Nov 22 02:01:01 localhost run-parts(/etc/cron.hourly)[2536 finished 0anacron
Nov 22 02:01:01 localhost run-parts(/etc/cron.hourly)[2535 starting mcelog.cron
Nov 22 02:01:01 localhost run-parts(/etc/cron.hourly)[2537 finished mcelog.cron
Nov 22 02:01:02 webserver run-parts(/etc/cron.hourly)[2428 starting 0anacron
Nov 22 02:01:02 webserver run-parts(/etc/cron.hourly)[2429 finished 0anacron
Nov 22 02:01:02 webserver run-parts(/etc/cron.hourly)[2428 starting mcelog.cron
Nov 22 02:01:02 webserver run-parts(/etc/cron.hourly)[2430 finished mcelog.cron
Nov 22 03:01:01 localhost run-parts(/etc/cron.hourly)[2553 starting 0anacron
Nov 22 03:01:01 webserver run-parts(/etc/cron.hourly)[2464 starting 0anacron
Nov 22 03:01:01 localhost run-parts(/etc/cron.hourly)[2554 finished 0anacron
Nov 22 03:01:01 localhost run-parts(/etc/cron.hourly)[2553 starting mcelog.cron
Nov 22 03:01:01 localhost run-parts(/etc/cron.hourly)[2555 finished mcelog.cron
Nov 22 03:01:01 webserver run-parts(/etc/cron.hourly)[2466 finished 0anacron
Nov 22 03:01:01 webserver run-parts(/etc/cron.hourly)[2464 starting mcelog.cron
Nov 22 03:01:01 webserver run-parts(/etc/cron.hourly)[2466 finished mcelog.cron
Nov 22 03:20:01 localhost run-parts(/etc/cron.daily)[25578 starting logrotate
Nov 22 03:20:05 localhost run-parts(/etc/cron.daily)[25621 finished logrotate
Nov 22 03:20:05 localhost run-parts(/etc/cron.daily)[25578 starting man-db.cron
Nov 22 03:20:07 localhost run-parts(/etc/cron.daily)[25632 finished man-db.cron
Nov 22 03:20:07 localhost run-parts(/etc/cron.daily)[25578 starting mlocate
Nov 22 03:20:08 localhost run-parts(/etc/cron.daily)[25643 finished mlocate
Nov 22 03:33:02 webserver run-parts(/etc/cron.daily)[24846 starting logrotate
Nov 22 03:33:02 webserver run-parts(/etc/cron.daily)[24854 finished logrotate
Nov 22 03:33:02 webserver run-parts(/etc/cron.daily)[24846 starting man-db.cron
Nov 22 03:33:04 webserver run-parts(/etc/cron.daily)[24865 finished man-db.cron
Nov 22 03:33:04 webserver run-parts(/etc/cron.daily)[24846 starting mlocate
Nov 22 03:33:05 webserver run-parts(/etc/cron.daily)[24876 finished mlocate
Nov 22 04:01:01 webserver run-parts(/etc/cron.hourly)[2504 starting 0anacron
Nov 22 04:01:01 webserver run-parts(/etc/cron.hourly)[2505 finished 0anacron
Nov 22 04:01:01 webserver run-parts(/etc/cron.hourly)[2504 starting mcelog.cron
Nov 22 04:01:01 webserver run-parts(/etc/cron.hourly)[2506 finished mcelog.cron
Nov 22 04:01:01 localhost run-parts(/etc/cron.hourly)[2683 starting 0anacron
Nov 22 04:01:01 localhost run-parts(/etc/cron.hourly)[2684 finished 0anacron
Nov 22 04:01:01 localhost run-parts(/etc/cron.hourly)[2683 starting mcelog.cron
Nov 22 04:01:01 localhost run-parts(/etc/cron.hourly)[2684 finished mcelog.cron
Nov 22 05:01:01 webserver run-parts(/etc/cron.hourly)[2540 starting 0anacron
Nov 22 05:01:01 webserver run-parts(/etc/cron.hourly)[2541 finished 0anacron
Nov 22 05:01:01 webserver run-parts(/etc/cron.hourly)[2540 starting mcelog.cron
Nov 22 05:01:01 webserver run-parts(/etc/cron.hourly)[2542 finished mcelog.cron
Nov 22 05:01:01 localhost run-parts(/etc/cron.hourly)[2949 starting 0anacron
Nov 22 05:01:01 localhost run-parts(/etc/cron.hourly)[2950 finished 0anacron
Nov 22 05:01:01 localhost run-parts(/etc/cron.hourly)[2949 starting mcelog.cron
Nov 22 05:01:01 localhost run-parts(/etc/cron.hourly)[2951 finished mcelog.cron
Nov 22 06:01:01 webserver run-parts(/etc/cron.hourly)[2576 starting 0anacron
Nov 22 06:01:01 webserver run-parts(/etc/cron.hourly)[2577 finished 0anacron
Nov 22 06:01:01 webserver run-parts(/etc/cron.hourly)[2576 starting mcelog.cron
Nov 22 06:01:01 webserver run-parts(/etc/cron.hourly)[2578 finished mcelog.cron
Nov 22 06:01:01 localhost run-parts(/etc/cron.hourly)[3210 starting 0anacron
Nov 22 06:01:02 localhost run-parts(/etc/cron.hourly)[3211 finished 0anacron
Nov 22 06:01:02 localhost run-parts(/etc/cron.hourly)[3210 starting mcelog.cron
Nov 22 06:01:02 localhost run-parts(/etc/cron.hourly)[3211 finished mcelog.cron
Nov 22 07:01:01 localhost run-parts(/etc/cron.hourly)[592] starting 0anacron
Nov 22 07:01:01 localhost run-parts(/etc/cron.hourly)[602] finished 0anacron
Nov 22 07:01:01 localhost run-parts(/etc/cron.hourly)[592] starting mcelog.cron
Nov 22 07:01:01 localhost run-parts(/etc/cron.hourly)[608] finished mcelog.cron
Nov 22 07:01:01 webserver run-parts(/etc/cron.hourly)[2612 starting 0anacron
Nov 22 07:01:01 webserver run-parts(/etc/cron.hourly)[2613 finished 0anacron
Nov 22 07:01:01 webserver run-parts(/etc/cron.hourly)[2612 starting mcelog.cron
Nov 22 07:01:01 webserver run-parts(/etc/cron.hourly)[2614 finished mcelog.cron
Nov 22 08:01:01 webserver run-parts(/etc/cron.hourly)[2649 starting 0anacron
Nov 22 08:01:01 webserver run-parts(/etc/cron.hourly)[2650 finished 0anacron
Nov 22 08:01:01 webserver run-parts(/etc/cron.hourly)[2649 starting mcelog.cron
Nov 22 08:01:01 webserver run-parts(/etc/cron.hourly)[2650 finished mcelog.cron
Nov 22 08:01:01 localhost run-parts(/etc/cron.hourly)[621] starting 0anacron
Nov 22 08:01:01 localhost run-parts(/etc/cron.hourly)[630] finished 0anacron
Nov 22 08:01:01 localhost run-parts(/etc/cron.hourly)[621] starting mcelog.cron
Nov 22 08:01:01 localhost run-parts(/etc/cron.hourly)[637] finished mcelog.cron
Nov 22 09:01:01 webserver run-parts(/etc/cron.hourly)[2685 starting 0anacron
Nov 22 09:01:01 webserver run-parts(/etc/cron.hourly)[2686 finished 0anacron
Nov 22 09:01:01 webserver run-parts(/etc/cron.hourly)[2685 starting mcelog.cron
Nov 22 09:01:01 webserver run-parts(/etc/cron.hourly)[2686 finished mcelog.cron
Nov 22 09:01:01 localhost run-parts(/etc/cron.hourly)[653] starting 0anacron
Nov 22 09:01:01 localhost run-parts(/etc/cron.hourly)[662] finished 0anacron
Nov 22 09:01:01 localhost run-parts(/etc/cron.hourly)[653] starting mcelog.cron
Nov 22 09:01:01 localhost run-parts(/etc/cron.hourly)[668] finished mcelog.cron
Nov 22 10:01:01 webserver run-parts(/etc/cron.hourly)[2721 starting 0anacron
Nov 22 10:01:01 webserver run-parts(/etc/cron.hourly)[2722 finished 0anacron
Nov 22 10:01:01 webserver run-parts(/etc/cron.hourly)[2721 starting mcelog.cron
Nov 22 10:01:01 webserver run-parts(/etc/cron.hourly)[2723 finished mcelog.cron
Nov 22 10:01:01 localhost run-parts(/etc/cron.hourly)[721] starting 0anacron
Nov 22 10:01:01 localhost run-parts(/etc/cron.hourly)[730] finished 0anacron
Nov 22 10:01:01 localhost run-parts(/etc/cron.hourly)[721] starting mcelog.cron
Nov 22 10:01:01 localhost run-parts(/etc/cron.hourly)[736] finished mcelog.cron
Nov 22 11:01:01 webserver run-parts(/etc/cron.hourly)[2757 starting 0anacron
Nov 22 11:01:01 webserver run-parts(/etc/cron.hourly)[2758 finished 0anacron
Nov 22 11:01:01 webserver run-parts(/etc/cron.hourly)[2757 starting mcelog.cron
Nov 22 11:01:01 webserver run-parts(/etc/cron.hourly)[2759 finished mcelog.cron
Nov 22 11:01:01 localhost run-parts(/etc/cron.hourly)[999] starting 0anacron
Nov 22 11:01:01 localhost run-parts(/etc/cron.hourly)[1008 finished 0anacron
Nov 22 11:01:01 localhost run-parts(/etc/cron.hourly)[999] starting mcelog.cron
Nov 22 11:01:01 localhost run-parts(/etc/cron.hourly)[1014 finished mcelog.cron
Nov 22 12:01:01 localhost run-parts(/etc/cron.hourly)[1028 starting 0anacron
Nov 22 12:01:01 localhost run-parts(/etc/cron.hourly)[1037 finished 0anacron
Nov 22 12:01:01 localhost run-parts(/etc/cron.hourly)[1028 starting mcelog.cron
Nov 22 12:01:01 localhost run-parts(/etc/cron.hourly)[1043 finished mcelog.cron
Nov 22 12:01:01 webserver run-parts(/etc/cron.hourly)[2793 starting 0anacron
Nov 22 12:01:02 webserver run-parts(/etc/cron.hourly)[2794 finished 0anacron
Nov 22 12:01:02 webserver run-parts(/etc/cron.hourly)[2793 starting mcelog.cron
Nov 22 12:01:02 webserver run-parts(/etc/cron.hourly)[2795 finished mcelog.cron
Nov 22 13:01:01 webserver run-parts(/etc/cron.hourly)[2830 starting 0anacron
Nov 22 13:01:01 webserver run-parts(/etc/cron.hourly)[2831 finished 0anacron
Nov 22 13:01:01 webserver run-parts(/etc/cron.hourly)[2830 starting mcelog.cron
Nov 22 13:01:01 webserver run-parts(/etc/cron.hourly)[2831 finished mcelog.cron
Nov 22 13:01:01 localhost run-parts(/etc/cron.hourly)[1485 starting 0anacron
Nov 22 13:01:01 localhost run-parts(/etc/cron.hourly)[1494 finished 0anacron
Nov 22 13:01:01 localhost run-parts(/etc/cron.hourly)[1485 starting mcelog.cron
Nov 22 13:01:01 localhost run-parts(/etc/cron.hourly)[1500 finished mcelog.cron
Nov 22 14:01:01 webserver run-parts(/etc/cron.hourly)[2866 starting 0anacron
Nov 22 14:01:01 webserver run-parts(/etc/cron.hourly)[2867 finished 0anacron
Nov 22 14:01:01 webserver run-parts(/etc/cron.hourly)[2866 starting mcelog.cron
Nov 22 14:01:01 webserver run-parts(/etc/cron.hourly)[2867 finished mcelog.cron
Nov 22 14:01:01 localhost run-parts(/etc/cron.hourly)[4319 starting 0anacron
Nov 22 14:01:01 localhost run-parts(/etc/cron.hourly)[4328 finished 0anacron
Nov 22 14:01:01 localhost run-parts(/etc/cron.hourly)[4319 starting mcelog.cron
Nov 22 14:01:01 localhost run-parts(/etc/cron.hourly)[4334 finished mcelog.cron
Nov 22 15:01:01 webserver run-parts(/etc/cron.hourly)[2909 starting 0anacron
Nov 22 15:01:01 webserver run-parts(/etc/cron.hourly)[2910 finished 0anacron
Nov 22 15:01:01 webserver run-parts(/etc/cron.hourly)[2909 starting mcelog.cron
Nov 22 15:01:01 webserver run-parts(/etc/cron.hourly)[2911 finished mcelog.cron
Nov 22 15:01:01 localhost run-parts(/etc/cron.hourly)[6965 starting 0anacron
Nov 22 15:01:01 localhost run-parts(/etc/cron.hourly)[6974 finished 0anacron
Nov 22 15:01:01 localhost run-parts(/etc/cron.hourly)[6965 starting mcelog.cron
Nov 22 15:01:01 localhost run-parts(/etc/cron.hourly)[6980 finished mcelog.cron
Nov 22 16:01:01 localhost run-parts(/etc/cron.hourly)[8856 starting 0anacron
Nov 22 16:01:01 localhost run-parts(/etc/cron.hourly)[8865 finished 0anacron
Nov 22 16:01:01 localhost run-parts(/etc/cron.hourly)[8856 starting mcelog.cron
Nov 22 16:01:01 localhost run-parts(/etc/cron.hourly)[8871 finished mcelog.cron
Nov 22 16:01:01 webserver run-parts(/etc/cron.hourly)[2946 starting 0anacron
Nov 22 16:01:01 webserver run-parts(/etc/cron.hourly)[2947 finished 0anacron
Nov 22 16:01:01 webserver run-parts(/etc/cron.hourly)[2946 starting mcelog.cron
Nov 22 16:01:01 webserver run-parts(/etc/cron.hourly)[2948 finished mcelog.cron
Nov 22 17:01:01 localhost run-parts(/etc/cron.hourly)[8885 starting 0anacron
Nov 22 17:01:01 localhost run-parts(/etc/cron.hourly)[8894 finished 0anacron
Nov 22 17:01:01 localhost run-parts(/etc/cron.hourly)[8885 starting mcelog.cron
Nov 22 17:01:01 localhost run-parts(/etc/cron.hourly)[8900 finished mcelog.cron
Nov 22 17:01:01 webserver run-parts(/etc/cron.hourly)[2982 starting 0anacron
Nov 22 17:01:01 webserver run-parts(/etc/cron.hourly)[2984 finished 0anacron
Nov 22 17:01:01 webserver run-parts(/etc/cron.hourly)[2982 starting mcelog.cron
Nov 22 17:01:01 webserver run-parts(/etc/cron.hourly)[2984 finished mcelog.cron
Nov 22 18:01:01 webserver run-parts(/etc/cron.hourly)[3019 starting 0anacron
Nov 22 18:01:01 webserver run-parts(/etc/cron.hourly)[3020 finished 0anacron
Nov 22 18:01:01 webserver run-parts(/etc/cron.hourly)[3019 starting mcelog.cron
Nov 22 18:01:01 webserver run-parts(/etc/cron.hourly)[3020 finished mcelog.cron
Nov 22 18:01:01 localhost run-parts(/etc/cron.hourly)[8917 starting 0anacron
Nov 22 18:01:01 localhost run-parts(/etc/cron.hourly)[8926 finished 0anacron
Nov 22 18:01:01 localhost run-parts(/etc/cron.hourly)[8917 starting mcelog.cron
Nov 22 18:01:01 localhost run-parts(/etc/cron.hourly)[8932 finished mcelog.cron
Nov 22 19:01:01 webserver run-parts(/etc/cron.hourly)[3055 starting 0anacron
Nov 22 19:01:01 webserver run-parts(/etc/cron.hourly)[3056 finished 0anacron
Nov 22 19:01:01 webserver run-parts(/etc/cron.hourly)[3055 starting mcelog.cron
Nov 22 19:01:01 webserver run-parts(/etc/cron.hourly)[3057 finished mcelog.cron
Nov 22 19:01:01 localhost run-parts(/etc/cron.hourly)[8982 starting 0anacron
Nov 22 19:01:01 localhost run-parts(/etc/cron.hourly)[8991 finished 0anacron
Nov 22 19:01:01 localhost run-parts(/etc/cron.hourly)[8982 starting mcelog.cron
Nov 22 19:01:01 localhost run-parts(/etc/cron.hourly)[8997 finished mcelog.cron
Nov 22 20:01:01 localhost run-parts(/etc/cron.hourly)[9428 starting 0anacron
Nov 22 20:01:01 localhost run-parts(/etc/cron.hourly)[9437 finished 0anacron
Nov 22 20:01:01 localhost run-parts(/etc/cron.hourly)[9428 starting mcelog.cron
Nov 22 20:01:01 localhost run-parts(/etc/cron.hourly)[9443 finished mcelog.cron
Nov 22 20:01:02 webserver run-parts(/etc/cron.hourly)[3092 starting 0anacron
Nov 22 20:01:02 webserver run-parts(/etc/cron.hourly)[3093 finished 0anacron
Nov 22 20:01:02 webserver run-parts(/etc/cron.hourly)[3092 starting mcelog.cron
Nov 22 20:01:02 webserver run-parts(/etc/cron.hourly)[3093 finished mcelog.cron
Nov 22 21:01:01 localhost run-parts(/etc/cron.hourly)[9457 starting 0anacron
Nov 22 21:01:01 localhost run-parts(/etc/cron.hourly)[9466 finished 0anacron
Nov 22 21:01:01 localhost run-parts(/etc/cron.hourly)[9457 starting mcelog.cron
Nov 22 21:01:01 localhost run-parts(/etc/cron.hourly)[9472 finished mcelog.cron
Nov 22 21:01:01 webserver run-parts(/etc/cron.hourly)[3128 starting 0anacron
Nov 22 21:01:01 webserver run-parts(/etc/cron.hourly)[3129 finished 0anacron
Nov 22 21:01:01 webserver run-parts(/etc/cron.hourly)[3128 starting mcelog.cron
Nov 22 21:01:01 webserver run-parts(/etc/cron.hourly)[3129 finished mcelog.cron
Nov 22 22:01:01 webserver run-parts(/etc/cron.hourly)[3164 starting 0anacron
Nov 22 22:01:01 webserver run-parts(/etc/cron.hourly)[3165 finished 0anacron
Nov 22 22:01:01 webserver run-parts(/etc/cron.hourly)[3164 starting mcelog.cron
Nov 22 22:01:01 webserver run-parts(/etc/cron.hourly)[3165 finished mcelog.cron
Nov 22 22:01:01 localhost run-parts(/etc/cron.hourly)[9990 starting 0anacron
Nov 22 22:01:01 localhost run-parts(/etc/cron.hourly)[9999 finished 0anacron
Nov 22 22:01:01 localhost run-parts(/etc/cron.hourly)[9990 starting mcelog.cron
Nov 22 22:01:01 localhost run-parts(/etc/cron.hourly)[1000 finished mcelog.cron
Nov 22 23:01:01 webserver run-parts(/etc/cron.hourly)[3200 starting 0anacron
Nov 22 23:01:01 webserver run-parts(/etc/cron.hourly)[3201 finished 0anacron
Nov 22 23:01:01 webserver run-parts(/etc/cron.hourly)[3200 starting mcelog.cron
Nov 22 23:01:01 webserver run-parts(/etc/cron.hourly)[3202 finished mcelog.cron
Nov 22 23:01:01 localhost run-parts(/etc/cron.hourly)[1267 starting 0anacron
Nov 22 23:01:01 localhost run-parts(/etc/cron.hourly)[1268 finished 0anacron
Nov 22 23:01:01 localhost run-parts(/etc/cron.hourly)[1267 starting mcelog.cron
Nov 22 23:01:01 localhost run-parts(/etc/cron.hourly)[1268 finished mcelog.cron
