Nov 23 00:44:51 webserver dbus[577]: [system] Activating via systemd: service name='org.freedesktop.PackageKit' unit='packagekit.service'
Nov 23 00:44:51 webserver dbus[577]: [system] Successfully activated service 'org.freedesktop.PackageKit'
Nov 23 01:44:51 webserver dbus[577]: [system] Activating via systemd: service name='org.freedesktop.PackageKit' unit='packagekit.service'
Nov 23 01:44:51 webserver dbus[577]: [system] Successfully activated service 'org.freedesktop.PackageKit'
Nov 23 02:44:51 webserver dbus[577]: [system] Activating via systemd: service name='org.freedesktop.PackageKit' unit='packagekit.service'
Nov 23 02:44:51 webserver dbus[577]: [system] Successfully activated service 'org.freedesktop.PackageKit'
Nov 23 03:44:51 webserver dbus[577]: [system] Activating via systemd: service name='org.freedesktop.PackageKit' unit='packagekit.service'
Nov 23 03:44:51 webserver dbus[577]: [system] Successfully activated service 'org.freedesktop.PackageKit'
Nov 23 04:44:51 webserver dbus[577]: [system] Activating via systemd: service name='org.freedesktop.PackageKit' unit='packagekit.service'
Nov 23 04:44:51 webserver dbus[577]: [system] Successfully activated service 'org.freedesktop.PackageKit'
Nov 23 05:44:51 webserver dbus[577]: [system] Activating via systemd: service name='org.freedesktop.PackageKit' unit='packagekit.service'
Nov 23 05:44:51 webserver dbus[577]: [system] Successfully activated service 'org.freedesktop.PackageKit'
Nov 23 06:44:51 webserver dbus[577]: [system] Activating via systemd: service name='org.freedesktop.PackageKit' unit='packagekit.service'
Nov 23 06:44:51 webserver dbus[577]: [system] Successfully activated service 'org.freedesktop.PackageKit'
Nov 23 07:44:51 webserver dbus[577]: [system] Activating via systemd: service name='org.freedesktop.PackageKit' unit='packagekit.service'
Nov 23 07:44:51 webserver dbus[577]: [system] Successfully activated service 'org.freedesktop.PackageKit'
Nov 23 08:44:51 webserver dbus[577]: [system] Activating via systemd: service name='org.freedesktop.PackageKit' unit='packagekit.service'
Nov 23 08:44:51 webserver dbus[577]: [system] Successfully activated service 'org.freedesktop.PackageKit'
Nov 23 09:44:51 webserver dbus[577]: [system] Activating via systemd: service name='org.freedesktop.PackageKit' unit='packagekit.service'
Nov 23 09:44:51 webserver dbus[577]: [system] Successfully activated service 'org.freedesktop.PackageKit'
Nov 23 10:44:51 webserver dbus[577]: [system] Activating via systemd: service name='org.freedesktop.PackageKit' unit='packagekit.service'
Nov 23 10:44:51 webserver dbus[577]: [system] Successfully activated service 'org.freedesktop.PackageKit'
Nov 23 11:44:51 webserver dbus[577]: [system] Activating via systemd: service name='org.freedesktop.PackageKit' unit='packagekit.service'
Nov 23 11:44:51 webserver dbus[577]: [system] Successfully activated service 'org.freedesktop.PackageKit'
Nov 23 12:44:51 webserver dbus[577]: [system] Activating via systemd: service name='org.freedesktop.PackageKit' unit='packagekit.service'
Nov 23 12:44:51 webserver dbus[577]: [system] Successfully activated service 'org.freedesktop.PackageKit'
Nov 23 13:05:07 localhost dbus[567]: [system] Activating via systemd: service name='org.freedesktop.nm_dispatcher' unit='dbus-org.freedesktop.nm-dispatcher.service'
Nov 23 13:05:07 localhost dbus[567]: [system] Successfully activated service 'org.freedesktop.nm_dispatcher'
Nov 23 13:44:51 webserver dbus[577]: [system] Activating via systemd: service name='org.freedesktop.PackageKit' unit='packagekit.service'
Nov 23 13:44:51 webserver dbus[577]: [system] Successfully activated service 'org.freedesktop.PackageKit'
Nov 23 14:44:51 webserver dbus[577]: [system] Activating via systemd: service name='org.freedesktop.PackageKit' unit='packagekit.service'
Nov 23 14:44:51 webserver dbus[577]: [system] Successfully activated service 'org.freedesktop.PackageKit'
Nov 23 15:44:51 webserver dbus[577]: [system] Activating via systemd: service name='org.freedesktop.PackageKit' unit='packagekit.service'
Nov 23 15:44:51 webserver dbus[577]: [system] Successfully activated service 'org.freedesktop.PackageKit'
Nov 23 16:44:51 webserver dbus[577]: [system] Activating via systemd: service name='org.freedesktop.PackageKit' unit='packagekit.service'
Nov 23 16:44:51 webserver dbus[577]: [system] Successfully activated service 'org.freedesktop.PackageKit'
Nov 23 17:44:51 webserver dbus[577]: [system] Activating via systemd: service name='org.freedesktop.PackageKit' unit='packagekit.service'
Nov 23 17:44:51 webserver dbus[577]: [system] Successfully activated service 'org.freedesktop.PackageKit'
Nov 23 18:44:51 webserver dbus[577]: [system] Activating via systemd: service name='org.freedesktop.PackageKit' unit='packagekit.service'
Nov 23 18:44:51 webserver dbus[577]: [system] Successfully activated service 'org.freedesktop.PackageKit'
Nov 23 19:44:51 webserver dbus[577]: [system] Activating via systemd: service name='org.freedesktop.PackageKit' unit='packagekit.service'
Nov 23 19:44:51 webserver dbus[577]: [system] Successfully activated service 'org.freedesktop.PackageKit'
Nov 23 20:44:51 webserver dbus[577]: [system] Activating via systemd: service name='org.freedesktop.PackageKit' unit='packagekit.service'
Nov 23 20:44:51 webserver dbus[577]: [system] Successfully activated service 'org.freedesktop.PackageKit'
Nov 23 21:26:08 localhost dbus[567]: [system] Activating via systemd: service name='org.freedesktop.PackageKit' unit='packagekit.service'
Nov 23 21:26:09 localhost dbus[567]: [system] Successfully activated service 'org.freedesktop.PackageKit'
Nov 23 21:44:51 webserver dbus[577]: [system] Activating via systemd: service name='org.freedesktop.PackageKit' unit='packagekit.service'
Nov 23 21:44:51 webserver dbus[577]: [system] Successfully activated service 'org.freedesktop.PackageKit'
Nov 23 22:44:51 webserver dbus[577]: [system] Activating via systemd: service name='org.freedesktop.PackageKit' unit='packagekit.service'
Nov 23 22:44:51 webserver dbus[577]: [system] Successfully activated service 'org.freedesktop.PackageKit'
Nov 23 23:44:51 webserver dbus[577]: [system] Activating via systemd: service name='org.freedesktop.PackageKit' unit='packagekit.service'
Nov 23 23:44:51 webserver dbus[577]: [system] Successfully activated service 'org.freedesktop.PackageKit'
