Nov 23 00:01:01 webserver run-parts(/etc/cron.hourly)[3237 starting 0anacron
Nov 23 00:01:01 webserver run-parts(/etc/cron.hourly)[3238 finished 0anacron
Nov 23 00:01:01 webserver run-parts(/etc/cron.hourly)[3237 starting mcelog.cron
Nov 23 00:01:01 webserver run-parts(/etc/cron.hourly)[3239 finished mcelog.cron
Nov 23 00:01:01 localhost run-parts(/etc/cron.hourly)[1528 starting 0anacron
Nov 23 00:01:01 localhost run-parts(/etc/cron.hourly)[1529 finished 0anacron
Nov 23 00:01:01 localhost run-parts(/etc/cron.hourly)[1528 starting mcelog.cron
Nov 23 00:01:01 localhost run-parts(/etc/cron.hourly)[1530 finished mcelog.cron
Nov 23 01:01:01 webserver run-parts(/etc/cron.hourly)[3274 starting 0anacron
Nov 23 01:01:01 webserver run-parts(/etc/cron.hourly)[3275 finished 0anacron
Nov 23 01:01:01 webserver run-parts(/etc/cron.hourly)[3274 starting mcelog.cron
Nov 23 01:01:01 webserver run-parts(/etc/cron.hourly)[3276 finished mcelog.cron
Nov 23 01:01:01 localhost run-parts(/etc/cron.hourly)[1823 starting 0anacron
Nov 23 01:01:01 localhost run-parts(/etc/cron.hourly)[1824 finished 0anacron
Nov 23 01:01:01 localhost run-parts(/etc/cron.hourly)[1823 starting mcelog.cron
Nov 23 01:01:01 localhost run-parts(/etc/cron.hourly)[1825 finished mcelog.cron
Nov 23 02:01:01 localhost run-parts(/etc/cron.hourly)[1920 starting 0anacron
Nov 23 02:01:01 localhost run-parts(/etc/cron.hourly)[1922 finished 0anacron
Nov 23 02:01:01 localhost run-parts(/etc/cron.hourly)[1920 starting mcelog.cron
Nov 23 02:01:01 localhost run-parts(/etc/cron.hourly)[1922 finished mcelog.cron
Nov 23 02:01:01 webserver run-parts(/etc/cron.hourly)[702] starting 0anacron
Nov 23 02:01:01 webserver run-parts(/etc/cron.hourly)[715] finished 0anacron
Nov 23 02:01:01 webserver run-parts(/etc/cron.hourly)[702] starting mcelog.cron
Nov 23 02:01:01 webserver run-parts(/etc/cron.hourly)[722] finished mcelog.cron
Nov 23 03:01:01 localhost run-parts(/etc/cron.hourly)[1938 starting 0anacron
Nov 23 03:01:01 localhost run-parts(/etc/cron.hourly)[1939 finished 0anacron
Nov 23 03:01:01 localhost run-parts(/etc/cron.hourly)[1938 starting mcelog.cron
Nov 23 03:01:01 localhost run-parts(/etc/cron.hourly)[1940 finished mcelog.cron
Nov 23 03:01:01 webserver run-parts(/etc/cron.hourly)[1073 starting 0anacron
Nov 23 03:01:01 webserver run-parts(/etc/cron.hourly)[1087 finished 0anacron
Nov 23 03:01:01 webserver run-parts(/etc/cron.hourly)[1073 starting mcelog.cron
Nov 23 03:01:01 webserver run-parts(/etc/cron.hourly)[1093 finished mcelog.cron
Nov 23 03:43:01 localhost run-parts(/etc/cron.daily)[19434 starting logrotate
Nov 23 03:43:05 localhost run-parts(/etc/cron.daily)[19477 finished logrotate
Nov 23 03:43:05 localhost run-parts(/etc/cron.daily)[19434 starting man-db.cron
Nov 23 03:43:07 localhost run-parts(/etc/cron.daily)[19488 finished man-db.cron
Nov 23 03:43:07 localhost run-parts(/etc/cron.daily)[19434 starting mlocate
Nov 23 03:43:07 localhost run-parts(/etc/cron.daily)[19499 finished mlocate
Nov 23 03:50:01 webserver run-parts(/etc/cron.daily)[1403] starting logrotate
Nov 23 03:50:03 webserver run-parts(/etc/cron.daily)[1434] finished logrotate
Nov 23 03:50:03 webserver run-parts(/etc/cron.daily)[1403] starting man-db.cron
Nov 23 03:50:08 webserver run-parts(/etc/cron.daily)[1470] finished man-db.cron
Nov 23 03:50:08 webserver run-parts(/etc/cron.daily)[1403] starting mlocate
Nov 23 03:50:12 webserver run-parts(/etc/cron.daily)[1491] finished mlocate
Nov 23 04:01:01 webserver run-parts(/etc/cron.hourly)[1585 starting 0anacron
Nov 23 04:01:01 webserver run-parts(/etc/cron.hourly)[1602 finished 0anacron
Nov 23 04:01:01 webserver run-parts(/etc/cron.hourly)[1585 starting mcelog.cron
Nov 23 04:01:01 webserver run-parts(/etc/cron.hourly)[1616 finished mcelog.cron
Nov 23 04:01:01 localhost run-parts(/etc/cron.hourly)[1950 starting 0anacron
Nov 23 04:01:01 localhost run-parts(/etc/cron.hourly)[1951 finished 0anacron
Nov 23 04:01:01 localhost run-parts(/etc/cron.hourly)[1950 starting mcelog.cron
Nov 23 04:01:01 localhost run-parts(/etc/cron.hourly)[1952 finished mcelog.cron
Nov 23 05:01:01 webserver run-parts(/etc/cron.hourly)[1972 starting 0anacron
Nov 23 05:01:01 webserver run-parts(/etc/cron.hourly)[1983 finished 0anacron
Nov 23 05:01:01 webserver run-parts(/etc/cron.hourly)[1972 starting mcelog.cron
Nov 23 05:01:01 webserver run-parts(/etc/cron.hourly)[1989 finished mcelog.cron
Nov 23 05:01:01 localhost run-parts(/etc/cron.hourly)[2567 starting 0anacron
Nov 23 05:01:01 localhost run-parts(/etc/cron.hourly)[2568 finished 0anacron
Nov 23 05:01:01 localhost run-parts(/etc/cron.hourly)[2567 starting mcelog.cron
Nov 23 05:01:01 localhost run-parts(/etc/cron.hourly)[2569 finished mcelog.cron
Nov 23 06:01:01 webserver run-parts(/etc/cron.hourly)[2352 starting 0anacron
Nov 23 06:01:01 webserver run-parts(/etc/cron.hourly)[2366 finished 0anacron
Nov 23 06:01:01 webserver run-parts(/etc/cron.hourly)[2352 starting mcelog.cron
Nov 23 06:01:01 webserver run-parts(/etc/cron.hourly)[2372 finished mcelog.cron
Nov 23 06:01:01 localhost run-parts(/etc/cron.hourly)[9278 starting 0anacron
Nov 23 06:01:01 localhost run-parts(/etc/cron.hourly)[9287 finished 0anacron
Nov 23 06:01:01 localhost run-parts(/etc/cron.hourly)[9278 starting mcelog.cron
Nov 23 06:01:01 localhost run-parts(/etc/cron.hourly)[9293 finished mcelog.cron
Nov 23 07:01:01 webserver run-parts(/etc/cron.hourly)[2718 starting 0anacron
Nov 23 07:01:01 webserver run-parts(/etc/cron.hourly)[2730 finished 0anacron
Nov 23 07:01:01 webserver run-parts(/etc/cron.hourly)[2718 starting mcelog.cron
Nov 23 07:01:01 webserver run-parts(/etc/cron.hourly)[2736 finished mcelog.cron
Nov 23 07:01:01 localhost run-parts(/etc/cron.hourly)[2513 starting 0anacron
Nov 23 07:01:01 localhost run-parts(/etc/cron.hourly)[2514 finished 0anacron
Nov 23 07:01:01 localhost run-parts(/etc/cron.hourly)[2513 starting mcelog.cron
Nov 23 07:01:01 localhost run-parts(/etc/cron.hourly)[2514 finished mcelog.cron
Nov 23 08:01:02 webserver run-parts(/etc/cron.hourly)[3082 starting 0anacron
Nov 23 08:01:02 webserver run-parts(/etc/cron.hourly)[3094 finished 0anacron
Nov 23 08:01:02 webserver run-parts(/etc/cron.hourly)[3082 starting mcelog.cron
Nov 23 08:01:02 webserver run-parts(/etc/cron.hourly)[3100 finished mcelog.cron
Nov 23 08:01:01 localhost run-parts(/etc/cron.hourly)[2580 starting 0anacron
Nov 23 08:01:01 localhost run-parts(/etc/cron.hourly)[2581 finished 0anacron
Nov 23 08:01:01 localhost run-parts(/etc/cron.hourly)[2580 starting mcelog.cron
Nov 23 08:01:01 localhost run-parts(/etc/cron.hourly)[2581 finished mcelog.cron
Nov 23 09:01:01 webserver run-parts(/etc/cron.hourly)[3446 starting 0anacron
Nov 23 09:01:01 webserver run-parts(/etc/cron.hourly)[3457 finished 0anacron
Nov 23 09:01:01 webserver run-parts(/etc/cron.hourly)[3446 starting mcelog.cron
Nov 23 09:01:01 webserver run-parts(/etc/cron.hourly)[3464 finished mcelog.cron
Nov 23 09:01:01 localhost run-parts(/etc/cron.hourly)[2583 starting 0anacron
Nov 23 09:01:01 localhost run-parts(/etc/cron.hourly)[2584 finished 0anacron
Nov 23 09:01:01 localhost run-parts(/etc/cron.hourly)[2583 starting mcelog.cron
Nov 23 09:01:01 localhost run-parts(/etc/cron.hourly)[2584 finished mcelog.cron
Nov 23 10:01:01 localhost run-parts(/etc/cron.hourly)[2702 starting 0anacron
Nov 23 10:01:01 localhost run-parts(/etc/cron.hourly)[2703 finished 0anacron
Nov 23 10:01:01 localhost run-parts(/etc/cron.hourly)[2702 starting mcelog.cron
Nov 23 10:01:01 localhost run-parts(/etc/cron.hourly)[2704 finished mcelog.cron
Nov 23 10:01:01 webserver run-parts(/etc/cron.hourly)[3811 starting 0anacron
Nov 23 10:01:01 webserver run-parts(/etc/cron.hourly)[3820 finished 0anacron
Nov 23 10:01:01 webserver run-parts(/etc/cron.hourly)[3811 starting mcelog.cron
Nov 23 10:01:01 webserver run-parts(/etc/cron.hourly)[3826 finished mcelog.cron
Nov 23 11:01:01 localhost run-parts(/etc/cron.hourly)[2901 starting 0anacron
Nov 23 11:01:01 localhost run-parts(/etc/cron.hourly)[2902 finished 0anacron
Nov 23 11:01:01 localhost run-parts(/etc/cron.hourly)[2901 starting mcelog.cron
Nov 23 11:01:01 localhost run-parts(/etc/cron.hourly)[2902 finished mcelog.cron
Nov 23 11:01:01 webserver run-parts(/etc/cron.hourly)[4173 starting 0anacron
Nov 23 11:01:01 webserver run-parts(/etc/cron.hourly)[4183 finished 0anacron
Nov 23 11:01:01 webserver run-parts(/etc/cron.hourly)[4173 starting mcelog.cron
Nov 23 11:01:01 webserver run-parts(/etc/cron.hourly)[4189 finished mcelog.cron
Nov 23 12:01:01 localhost run-parts(/etc/cron.hourly)[3054 starting 0anacron
Nov 23 12:01:01 localhost run-parts(/etc/cron.hourly)[3055 finished 0anacron
Nov 23 12:01:01 localhost run-parts(/etc/cron.hourly)[3054 starting mcelog.cron
Nov 23 12:01:01 localhost run-parts(/etc/cron.hourly)[3056 finished mcelog.cron
Nov 23 12:01:01 webserver run-parts(/etc/cron.hourly)[4537 starting 0anacron
Nov 23 12:01:01 webserver run-parts(/etc/cron.hourly)[4547 finished 0anacron
Nov 23 12:01:01 webserver run-parts(/etc/cron.hourly)[4537 starting mcelog.cron
Nov 23 12:01:01 webserver run-parts(/etc/cron.hourly)[4553 finished mcelog.cron
Nov 23 13:01:01 webserver run-parts(/etc/cron.hourly)[4896 starting 0anacron
Nov 23 13:01:01 webserver run-parts(/etc/cron.hourly)[4907 finished 0anacron
Nov 23 13:01:01 webserver run-parts(/etc/cron.hourly)[4896 starting mcelog.cron
Nov 23 13:01:01 webserver run-parts(/etc/cron.hourly)[4918 finished mcelog.cron
Nov 23 13:01:01 localhost run-parts(/etc/cron.hourly)[483] starting 0anacron
Nov 23 13:01:01 localhost run-parts(/etc/cron.hourly)[494] finished 0anacron
Nov 23 13:01:01 localhost run-parts(/etc/cron.hourly)[483] starting mcelog.cron
Nov 23 13:01:01 localhost run-parts(/etc/cron.hourly)[500] finished mcelog.cron
Nov 23 14:01:01 webserver run-parts(/etc/cron.hourly)[5274 starting 0anacron
Nov 23 14:01:01 webserver run-parts(/etc/cron.hourly)[5284 finished 0anacron
Nov 23 14:01:01 webserver run-parts(/etc/cron.hourly)[5274 starting mcelog.cron
Nov 23 14:01:01 webserver run-parts(/etc/cron.hourly)[5290 finished mcelog.cron
Nov 23 14:01:01 localhost run-parts(/etc/cron.hourly)[3294 starting 0anacron
Nov 23 14:01:01 localhost run-parts(/etc/cron.hourly)[3303 finished 0anacron
Nov 23 14:01:01 localhost run-parts(/etc/cron.hourly)[3294 starting mcelog.cron
Nov 23 14:01:01 localhost run-parts(/etc/cron.hourly)[3309 finished mcelog.cron
Nov 23 15:01:01 webserver run-parts(/etc/cron.hourly)[5637 starting 0anacron
Nov 23 15:01:01 webserver run-parts(/etc/cron.hourly)[5647 finished 0anacron
Nov 23 15:01:01 webserver run-parts(/etc/cron.hourly)[5637 starting mcelog.cron
Nov 23 15:01:01 webserver run-parts(/etc/cron.hourly)[5653 finished mcelog.cron
Nov 23 15:01:01 localhost run-parts(/etc/cron.hourly)[5596 starting 0anacron
Nov 23 15:01:01 localhost run-parts(/etc/cron.hourly)[5605 finished 0anacron
Nov 23 15:01:01 localhost run-parts(/etc/cron.hourly)[5596 starting mcelog.cron
Nov 23 15:01:01 localhost run-parts(/etc/cron.hourly)[5611 finished mcelog.cron
Nov 23 16:01:01 webserver run-parts(/etc/cron.hourly)[6013 starting 0anacron
Nov 23 16:01:01 webserver run-parts(/etc/cron.hourly)[6023 finished 0anacron
Nov 23 16:01:02 webserver run-parts(/etc/cron.hourly)[6013 starting mcelog.cron
Nov 23 16:01:02 webserver run-parts(/etc/cron.hourly)[6029 finished mcelog.cron
Nov 23 16:01:01 localhost run-parts(/etc/cron.hourly)[5651 starting 0anacron
Nov 23 16:01:01 localhost run-parts(/etc/cron.hourly)[5660 finished 0anacron
Nov 23 16:01:01 localhost run-parts(/etc/cron.hourly)[5651 starting mcelog.cron
Nov 23 16:01:01 localhost run-parts(/etc/cron.hourly)[5666 finished mcelog.cron
Nov 23 17:01:01 webserver run-parts(/etc/cron.hourly)[6376 starting 0anacron
Nov 23 17:01:01 webserver run-parts(/etc/cron.hourly)[6388 finished 0anacron
Nov 23 17:01:01 webserver run-parts(/etc/cron.hourly)[6376 starting mcelog.cron
Nov 23 17:01:01 webserver run-parts(/etc/cron.hourly)[6394 finished mcelog.cron
Nov 23 17:01:01 localhost run-parts(/etc/cron.hourly)[5681 starting 0anacron
Nov 23 17:01:01 localhost run-parts(/etc/cron.hourly)[5690 finished 0anacron
Nov 23 17:01:01 localhost run-parts(/etc/cron.hourly)[5681 starting mcelog.cron
Nov 23 17:01:01 localhost run-parts(/etc/cron.hourly)[5696 finished mcelog.cron
Nov 23 18:01:01 webserver run-parts(/etc/cron.hourly)[6742 starting 0anacron
Nov 23 18:01:01 webserver run-parts(/etc/cron.hourly)[6753 finished 0anacron
Nov 23 18:01:01 webserver run-parts(/etc/cron.hourly)[6742 starting mcelog.cron
Nov 23 18:01:01 webserver run-parts(/etc/cron.hourly)[6760 finished mcelog.cron
Nov 23 18:01:02 localhost run-parts(/etc/cron.hourly)[5713 starting 0anacron
Nov 23 18:01:02 localhost run-parts(/etc/cron.hourly)[5722 finished 0anacron
Nov 23 18:01:02 localhost run-parts(/etc/cron.hourly)[5713 starting mcelog.cron
Nov 23 18:01:02 localhost run-parts(/etc/cron.hourly)[5728 finished mcelog.cron
Nov 23 19:01:01 webserver run-parts(/etc/cron.hourly)[7106 starting 0anacron
Nov 23 19:01:01 localhost run-parts(/etc/cron.hourly)[5779 starting 0anacron
Nov 23 19:01:01 localhost run-parts(/etc/cron.hourly)[5788 finished 0anacron
Nov 23 19:01:01 localhost run-parts(/etc/cron.hourly)[5779 starting mcelog.cron
Nov 23 19:01:01 localhost run-parts(/etc/cron.hourly)[5794 finished mcelog.cron
Nov 23 19:01:01 webserver run-parts(/etc/cron.hourly)[7118 finished 0anacron
Nov 23 19:01:01 webserver run-parts(/etc/cron.hourly)[7106 starting mcelog.cron
Nov 23 19:01:01 webserver run-parts(/etc/cron.hourly)[7124 finished mcelog.cron
Nov 23 20:01:01 webserver run-parts(/etc/cron.hourly)[7470 starting 0anacron
Nov 23 20:01:01 webserver run-parts(/etc/cron.hourly)[7482 finished 0anacron
Nov 23 20:01:01 webserver run-parts(/etc/cron.hourly)[7470 starting mcelog.cron
Nov 23 20:01:01 webserver run-parts(/etc/cron.hourly)[7488 finished mcelog.cron
Nov 23 20:01:01 localhost run-parts(/etc/cron.hourly)[5827 starting 0anacron
Nov 23 20:01:01 localhost run-parts(/etc/cron.hourly)[5836 finished 0anacron
Nov 23 20:01:01 localhost run-parts(/etc/cron.hourly)[5827 starting mcelog.cron
Nov 23 20:01:01 localhost run-parts(/etc/cron.hourly)[5842 finished mcelog.cron
Nov 23 21:01:01 webserver run-parts(/etc/cron.hourly)[7830 starting 0anacron
Nov 23 21:01:01 webserver run-parts(/etc/cron.hourly)[7840 finished 0anacron
Nov 23 21:01:01 webserver run-parts(/etc/cron.hourly)[7830 starting mcelog.cron
Nov 23 21:01:01 webserver run-parts(/etc/cron.hourly)[7846 finished mcelog.cron
Nov 23 21:01:01 localhost run-parts(/etc/cron.hourly)[5858 starting 0anacron
Nov 23 21:01:01 localhost run-parts(/etc/cron.hourly)[5867 finished 0anacron
Nov 23 21:01:01 localhost run-parts(/etc/cron.hourly)[5858 starting mcelog.cron
Nov 23 21:01:01 localhost run-parts(/etc/cron.hourly)[5873 finished mcelog.cron
Nov 23 22:01:01 webserver run-parts(/etc/cron.hourly)[8189 starting 0anacron
Nov 23 22:01:01 webserver run-parts(/etc/cron.hourly)[8201 finished 0anacron
Nov 23 22:01:01 webserver run-parts(/etc/cron.hourly)[8189 starting mcelog.cron
Nov 23 22:01:01 webserver run-parts(/etc/cron.hourly)[8207 finished mcelog.cron
Nov 23 22:01:01 localhost run-parts(/etc/cron.hourly)[5962 starting 0anacron
Nov 23 22:01:01 localhost run-parts(/etc/cron.hourly)[5971 finished 0anacron
Nov 23 22:01:01 localhost run-parts(/etc/cron.hourly)[5962 starting mcelog.cron
Nov 23 22:01:01 localhost run-parts(/etc/cron.hourly)[5977 finished mcelog.cron
Nov 23 23:01:01 webserver run-parts(/etc/cron.hourly)[8551 starting 0anacron
Nov 23 23:01:01 webserver run-parts(/etc/cron.hourly)[8561 finished 0anacron
Nov 23 23:01:01 webserver run-parts(/etc/cron.hourly)[8551 starting mcelog.cron
Nov 23 23:01:01 webserver run-parts(/etc/cron.hourly)[8567 finished mcelog.cron
Nov 23 23:01:01 localhost run-parts(/etc/cron.hourly)[5992 starting 0anacron
Nov 23 23:01:01 localhost run-parts(/etc/cron.hourly)[6001 finished 0anacron
Nov 23 23:01:01 localhost run-parts(/etc/cron.hourly)[5992 starting mcelog.cron
Nov 23 23:01:01 localhost run-parts(/etc/cron.hourly)[6007 finished mcelog.cron
