Nov 12 00:01:01 localhost run-parts(/etc/cron.hourly)[3106 starting 0anacron
Nov 12 00:01:01 localhost run-parts(/etc/cron.hourly)[3107 finished 0anacron
Nov 12 00:01:01 localhost run-parts(/etc/cron.hourly)[3106 starting mcelog.cron
Nov 12 00:01:01 localhost run-parts(/etc/cron.hourly)[3107 finished mcelog.cron
Nov 12 00:01:01 webserver run-parts(/etc/cron.hourly)[3210 starting 0anacron
Nov 12 00:01:01 webserver run-parts(/etc/cron.hourly)[3212 finished 0anacron
Nov 12 00:01:01 webserver run-parts(/etc/cron.hourly)[3210 starting mcelog.cron
Nov 12 00:01:01 webserver run-parts(/etc/cron.hourly)[3212 finished mcelog.cron
Nov 12 01:01:01 localhost run-parts(/etc/cron.hourly)[3111 starting 0anacron
Nov 12 01:01:01 localhost run-parts(/etc/cron.hourly)[3112 finished 0anacron
Nov 12 01:01:01 localhost run-parts(/etc/cron.hourly)[3111 starting mcelog.cron
Nov 12 01:01:01 localhost run-parts(/etc/cron.hourly)[3113 finished mcelog.cron
Nov 12 01:01:01 webserver run-parts(/etc/cron.hourly)[3247 starting 0anacron
Nov 12 01:01:01 webserver run-parts(/etc/cron.hourly)[3248 finished 0anacron
Nov 12 01:01:01 webserver run-parts(/etc/cron.hourly)[3247 starting mcelog.cron
Nov 12 01:01:01 webserver run-parts(/etc/cron.hourly)[3249 finished mcelog.cron
Nov 12 02:01:01 webserver run-parts(/etc/cron.hourly)[376] starting 0anacron
Nov 12 02:01:01 webserver run-parts(/etc/cron.hourly)[390] finished 0anacron
Nov 12 02:01:01 webserver run-parts(/etc/cron.hourly)[376] starting mcelog.cron
Nov 12 02:01:01 webserver run-parts(/etc/cron.hourly)[396] finished mcelog.cron
Nov 12 02:01:01 localhost run-parts(/etc/cron.hourly)[3141 starting 0anacron
Nov 12 02:01:01 localhost run-parts(/etc/cron.hourly)[3142 finished 0anacron
Nov 12 02:01:01 localhost run-parts(/etc/cron.hourly)[3141 starting mcelog.cron
Nov 12 02:01:01 localhost run-parts(/etc/cron.hourly)[3142 finished mcelog.cron
Nov 12 03:01:01 webserver run-parts(/etc/cron.hourly)[797] starting 0anacron
Nov 12 03:01:01 webserver run-parts(/etc/cron.hourly)[814] finished 0anacron
Nov 12 03:01:01 webserver run-parts(/etc/cron.hourly)[797] starting mcelog.cron
Nov 12 03:01:01 webserver run-parts(/etc/cron.hourly)[820] finished mcelog.cron
Nov 12 03:01:01 localhost run-parts(/etc/cron.hourly)[3148 starting 0anacron
Nov 12 03:01:01 localhost run-parts(/etc/cron.hourly)[3150 finished 0anacron
Nov 12 03:01:01 localhost run-parts(/etc/cron.hourly)[3148 starting mcelog.cron
Nov 12 03:01:01 localhost run-parts(/etc/cron.hourly)[3150 finished mcelog.cron
Nov 12 03:21:01 webserver run-parts(/etc/cron.daily)[934]: starting logrotate
Nov 12 03:21:01 webserver run-parts(/etc/cron.daily)[942]: finished logrotate
Nov 12 03:21:01 webserver run-parts(/etc/cron.daily)[934]: starting man-db.cron
Nov 12 03:21:05 webserver run-parts(/etc/cron.daily)[953]: finished man-db.cron
Nov 12 03:21:05 webserver run-parts(/etc/cron.daily)[934]: starting mlocate
