Nov 21 00:01:01 webserver run-parts(/etc/cron.hourly)[1478 starting 0anacron
Nov 21 00:01:02 webserver run-parts(/etc/cron.hourly)[1480 finished 0anacron
Nov 21 00:01:02 webserver run-parts(/etc/cron.hourly)[1478 starting mcelog.cron
Nov 21 00:01:02 webserver run-parts(/etc/cron.hourly)[1480 finished mcelog.cron
Nov 21 00:01:01 localhost run-parts(/etc/cron.hourly)[2986 starting 0anacron
Nov 21 00:01:01 localhost run-parts(/etc/cron.hourly)[2988 finished 0anacron
Nov 21 00:01:01 localhost run-parts(/etc/cron.hourly)[2986 starting mcelog.cron
Nov 21 00:01:01 localhost run-parts(/etc/cron.hourly)[2988 finished mcelog.cron
Nov 21 01:01:01 webserver run-parts(/etc/cron.hourly)[1515 starting 0anacron
Nov 21 01:01:01 webserver run-parts(/etc/cron.hourly)[1516 finished 0anacron
Nov 21 01:01:01 webserver run-parts(/etc/cron.hourly)[1515 starting mcelog.cron
Nov 21 01:01:01 webserver run-parts(/etc/cron.hourly)[1517 finished mcelog.cron
Nov 21 01:01:02 localhost run-parts(/etc/cron.hourly)[5317 starting 0anacron
Nov 21 01:01:02 localhost run-parts(/etc/cron.hourly)[5329 finished 0anacron
Nov 21 01:01:02 localhost run-parts(/etc/cron.hourly)[5317 starting mcelog.cron
Nov 21 01:01:02 localhost run-parts(/etc/cron.hourly)[5335 finished mcelog.cron
Nov 21 02:01:01 localhost run-parts(/etc/cron.hourly)[7959 starting 0anacron
Nov 21 02:01:01 localhost run-parts(/etc/cron.hourly)[7971 finished 0anacron
Nov 21 02:01:01 localhost run-parts(/etc/cron.hourly)[7959 starting mcelog.cron
Nov 21 02:01:01 localhost run-parts(/etc/cron.hourly)[7977 finished mcelog.cron
Nov 21 02:01:01 webserver run-parts(/etc/cron.hourly)[1551 starting 0anacron
Nov 21 02:01:01 webserver run-parts(/etc/cron.hourly)[1552 finished 0anacron
Nov 21 02:01:01 webserver run-parts(/etc/cron.hourly)[1551 starting mcelog.cron
Nov 21 02:01:01 webserver run-parts(/etc/cron.hourly)[1553 finished mcelog.cron
Nov 21 03:01:01 localhost run-parts(/etc/cron.hourly)[8236 starting 0anacron
Nov 21 03:01:01 localhost run-parts(/etc/cron.hourly)[8248 finished 0anacron
Nov 21 03:01:01 localhost run-parts(/etc/cron.hourly)[8236 starting mcelog.cron
Nov 21 03:01:01 localhost run-parts(/etc/cron.hourly)[8254 finished mcelog.cron
Nov 21 03:01:01 webserver run-parts(/etc/cron.hourly)[1587 starting 0anacron
Nov 21 03:01:01 webserver run-parts(/etc/cron.hourly)[1589 finished 0anacron
Nov 21 03:01:01 webserver run-parts(/etc/cron.hourly)[1587 starting mcelog.cron
Nov 21 03:01:01 webserver run-parts(/etc/cron.hourly)[1589 finished mcelog.cron
Nov 21 03:22:01 localhost run-parts(/etc/cron.daily)[8263] starting logrotate
Nov 21 03:22:05 localhost run-parts(/etc/cron.daily)[8307] finished logrotate
Nov 21 03:22:05 localhost run-parts(/etc/cron.daily)[8263] starting man-db.cron
Nov 21 03:22:07 localhost run-parts(/etc/cron.daily)[8318] finished man-db.cron
Nov 21 03:22:07 localhost run-parts(/etc/cron.daily)[8263] starting mlocate
Nov 21 03:22:10 localhost run-parts(/etc/cron.daily)[8329] finished mlocate
Nov 21 03:41:01 webserver run-parts(/etc/cron.daily)[16126 starting logrotate
Nov 21 03:41:02 webserver run-parts(/etc/cron.daily)[16134 finished logrotate
Nov 21 03:41:02 webserver run-parts(/etc/cron.daily)[16126 starting man-db.cron
Nov 21 03:41:05 webserver run-parts(/etc/cron.daily)[16145 finished man-db.cron
Nov 21 03:41:05 webserver run-parts(/etc/cron.daily)[16126 starting mlocate
Nov 21 03:41:10 webserver run-parts(/etc/cron.daily)[16156 finished mlocate
Nov 21 04:01:01 localhost run-parts(/etc/cron.hourly)[8360 starting 0anacron
Nov 21 04:01:01 localhost run-parts(/etc/cron.hourly)[8369 finished 0anacron
Nov 21 04:01:01 localhost run-parts(/etc/cron.hourly)[8360 starting mcelog.cron
Nov 21 04:01:01 localhost run-parts(/etc/cron.hourly)[8375 finished mcelog.cron
Nov 21 04:01:01 webserver run-parts(/etc/cron.hourly)[1627 starting 0anacron
Nov 21 04:01:01 webserver run-parts(/etc/cron.hourly)[1629 finished 0anacron
Nov 21 04:01:01 webserver run-parts(/etc/cron.hourly)[1627 starting mcelog.cron
Nov 21 04:01:01 webserver run-parts(/etc/cron.hourly)[1629 finished mcelog.cron
Nov 21 05:01:01 webserver run-parts(/etc/cron.hourly)[1663 starting 0anacron
Nov 21 05:01:01 webserver run-parts(/etc/cron.hourly)[1665 finished 0anacron
Nov 21 05:01:01 webserver run-parts(/etc/cron.hourly)[1663 starting mcelog.cron
Nov 21 05:01:01 webserver run-parts(/etc/cron.hourly)[1665 finished mcelog.cron
Nov 21 05:01:01 localhost run-parts(/etc/cron.hourly)[8469 starting 0anacron
Nov 21 05:01:01 localhost run-parts(/etc/cron.hourly)[8478 finished 0anacron
Nov 21 05:01:01 localhost run-parts(/etc/cron.hourly)[8469 starting mcelog.cron
Nov 21 05:01:01 localhost run-parts(/etc/cron.hourly)[8484 finished mcelog.cron
Nov 21 06:01:01 webserver run-parts(/etc/cron.hourly)[1700 starting 0anacron
Nov 21 06:01:01 webserver run-parts(/etc/cron.hourly)[1701 finished 0anacron
Nov 21 06:01:01 webserver run-parts(/etc/cron.hourly)[1700 starting mcelog.cron
Nov 21 06:01:01 webserver run-parts(/etc/cron.hourly)[1701 finished mcelog.cron
Nov 21 06:01:01 localhost run-parts(/etc/cron.hourly)[8546 starting 0anacron
Nov 21 06:01:01 localhost run-parts(/etc/cron.hourly)[8555 finished 0anacron
Nov 21 06:01:01 localhost run-parts(/etc/cron.hourly)[8546 starting mcelog.cron
Nov 21 06:01:01 localhost run-parts(/etc/cron.hourly)[8561 finished mcelog.cron
Nov 21 07:01:01 webserver run-parts(/etc/cron.hourly)[1736 starting 0anacron
Nov 21 07:01:01 webserver run-parts(/etc/cron.hourly)[1737 finished 0anacron
Nov 21 07:01:01 webserver run-parts(/etc/cron.hourly)[1736 starting mcelog.cron
Nov 21 07:01:01 webserver run-parts(/etc/cron.hourly)[1738 finished mcelog.cron
Nov 21 07:01:01 localhost run-parts(/etc/cron.hourly)[8600 starting 0anacron
Nov 21 07:01:01 localhost run-parts(/etc/cron.hourly)[8609 finished 0anacron
Nov 21 07:01:01 localhost run-parts(/etc/cron.hourly)[8600 starting mcelog.cron
Nov 21 07:01:01 localhost run-parts(/etc/cron.hourly)[8615 finished mcelog.cron
Nov 21 08:01:01 webserver run-parts(/etc/cron.hourly)[1772 starting 0anacron
Nov 21 08:01:01 webserver run-parts(/etc/cron.hourly)[1773 finished 0anacron
Nov 21 08:01:01 webserver run-parts(/etc/cron.hourly)[1772 starting mcelog.cron
Nov 21 08:01:01 webserver run-parts(/etc/cron.hourly)[1774 finished mcelog.cron
Nov 21 08:01:01 localhost run-parts(/etc/cron.hourly)[8630 starting 0anacron
Nov 21 08:01:01 localhost run-parts(/etc/cron.hourly)[8639 finished 0anacron
Nov 21 08:01:01 localhost run-parts(/etc/cron.hourly)[8630 starting mcelog.cron
Nov 21 08:01:01 localhost run-parts(/etc/cron.hourly)[8645 finished mcelog.cron
Nov 21 09:01:01 webserver run-parts(/etc/cron.hourly)[1809 starting 0anacron
Nov 21 09:01:01 webserver run-parts(/etc/cron.hourly)[1810 finished 0anacron
Nov 21 09:01:01 webserver run-parts(/etc/cron.hourly)[1809 starting mcelog.cron
Nov 21 09:01:01 webserver run-parts(/etc/cron.hourly)[1810 finished mcelog.cron
Nov 21 09:01:01 localhost run-parts(/etc/cron.hourly)[8662 starting 0anacron
Nov 21 09:01:01 localhost run-parts(/etc/cron.hourly)[8671 finished 0anacron
Nov 21 09:01:01 localhost run-parts(/etc/cron.hourly)[8662 starting mcelog.cron
Nov 21 09:01:01 localhost run-parts(/etc/cron.hourly)[8677 finished mcelog.cron
Nov 21 10:01:01 localhost run-parts(/etc/cron.hourly)[1169 starting 0anacron
Nov 21 10:01:01 localhost run-parts(/etc/cron.hourly)[1170 finished 0anacron
Nov 21 10:01:01 localhost run-parts(/etc/cron.hourly)[1169 starting mcelog.cron
Nov 21 10:01:01 localhost run-parts(/etc/cron.hourly)[1170 finished mcelog.cron
Nov 21 10:01:01 webserver run-parts(/etc/cron.hourly)[1845 starting 0anacron
Nov 21 10:01:02 webserver run-parts(/etc/cron.hourly)[1846 finished 0anacron
Nov 21 10:01:02 webserver run-parts(/etc/cron.hourly)[1845 starting mcelog.cron
Nov 21 10:01:02 webserver run-parts(/etc/cron.hourly)[1846 finished mcelog.cron
Nov 21 11:01:01 localhost run-parts(/etc/cron.hourly)[1708 starting 0anacron
Nov 21 11:01:01 localhost run-parts(/etc/cron.hourly)[1709 finished 0anacron
Nov 21 11:01:01 localhost run-parts(/etc/cron.hourly)[1708 starting mcelog.cron
Nov 21 11:01:01 localhost run-parts(/etc/cron.hourly)[1710 finished mcelog.cron
Nov 21 11:01:01 webserver run-parts(/etc/cron.hourly)[1881 starting 0anacron
Nov 21 11:01:01 webserver run-parts(/etc/cron.hourly)[1882 finished 0anacron
Nov 21 11:01:01 webserver run-parts(/etc/cron.hourly)[1881 starting mcelog.cron
Nov 21 11:01:01 webserver run-parts(/etc/cron.hourly)[1882 finished mcelog.cron
Nov 21 12:01:01 localhost run-parts(/etc/cron.hourly)[2245 starting 0anacron
Nov 21 12:01:01 localhost run-parts(/etc/cron.hourly)[2246 finished 0anacron
Nov 21 12:01:01 localhost run-parts(/etc/cron.hourly)[2245 starting mcelog.cron
Nov 21 12:01:01 localhost run-parts(/etc/cron.hourly)[2246 finished mcelog.cron
Nov 21 12:01:01 webserver run-parts(/etc/cron.hourly)[1917 starting 0anacron
Nov 21 12:01:01 webserver run-parts(/etc/cron.hourly)[1918 finished 0anacron
Nov 21 12:01:01 webserver run-parts(/etc/cron.hourly)[1917 starting mcelog.cron
Nov 21 12:01:01 webserver run-parts(/etc/cron.hourly)[1918 finished mcelog.cron
Nov 21 13:01:01 localhost run-parts(/etc/cron.hourly)[2356 starting 0anacron
Nov 21 13:01:01 localhost run-parts(/etc/cron.hourly)[2357 finished 0anacron
Nov 21 13:01:01 localhost run-parts(/etc/cron.hourly)[2356 starting mcelog.cron
Nov 21 13:01:01 localhost run-parts(/etc/cron.hourly)[2358 finished mcelog.cron
Nov 21 13:01:01 webserver run-parts(/etc/cron.hourly)[1953 starting 0anacron
Nov 21 13:01:01 webserver run-parts(/etc/cron.hourly)[1954 finished 0anacron
Nov 21 13:01:01 webserver run-parts(/etc/cron.hourly)[1953 starting mcelog.cron
Nov 21 13:01:01 webserver run-parts(/etc/cron.hourly)[1955 finished mcelog.cron
Nov 21 14:01:01 localhost run-parts(/etc/cron.hourly)[2359 starting 0anacron
Nov 21 14:01:01 localhost run-parts(/etc/cron.hourly)[2360 finished 0anacron
Nov 21 14:01:01 localhost run-parts(/etc/cron.hourly)[2359 starting mcelog.cron
Nov 21 14:01:01 localhost run-parts(/etc/cron.hourly)[2361 finished mcelog.cron
Nov 21 14:01:01 webserver run-parts(/etc/cron.hourly)[1990 starting 0anacron
Nov 21 14:01:02 webserver run-parts(/etc/cron.hourly)[1992 finished 0anacron
Nov 21 14:01:02 webserver run-parts(/etc/cron.hourly)[1990 starting mcelog.cron
Nov 21 14:01:02 webserver run-parts(/etc/cron.hourly)[1992 finished mcelog.cron
Nov 21 15:01:01 localhost run-parts(/etc/cron.hourly)[2365 starting 0anacron
Nov 21 15:01:01 localhost run-parts(/etc/cron.hourly)[2366 finished 0anacron
Nov 21 15:01:01 localhost run-parts(/etc/cron.hourly)[2365 starting mcelog.cron
Nov 21 15:01:01 localhost run-parts(/etc/cron.hourly)[2366 finished mcelog.cron
Nov 21 15:01:02 webserver run-parts(/etc/cron.hourly)[2027 starting 0anacron
Nov 21 15:01:02 webserver run-parts(/etc/cron.hourly)[2028 finished 0anacron
Nov 21 15:01:02 webserver run-parts(/etc/cron.hourly)[2027 starting mcelog.cron
Nov 21 15:01:02 webserver run-parts(/etc/cron.hourly)[2029 finished mcelog.cron
Nov 21 16:01:01 localhost run-parts(/etc/cron.hourly)[2370 starting 0anacron
Nov 21 16:01:01 localhost run-parts(/etc/cron.hourly)[2371 finished 0anacron
Nov 21 16:01:01 localhost run-parts(/etc/cron.hourly)[2370 starting mcelog.cron
Nov 21 16:01:01 localhost run-parts(/etc/cron.hourly)[2372 finished mcelog.cron
Nov 21 16:01:02 webserver run-parts(/etc/cron.hourly)[2064 starting 0anacron
Nov 21 16:01:02 webserver run-parts(/etc/cron.hourly)[2065 finished 0anacron
Nov 21 16:01:02 webserver run-parts(/etc/cron.hourly)[2064 starting mcelog.cron
Nov 21 16:01:02 webserver run-parts(/etc/cron.hourly)[2066 finished mcelog.cron
Nov 21 17:01:01 webserver run-parts(/etc/cron.hourly)[2100 starting 0anacron
Nov 21 17:01:01 webserver run-parts(/etc/cron.hourly)[2102 finished 0anacron
Nov 21 17:01:01 localhost run-parts(/etc/cron.hourly)[2373 starting 0anacron
Nov 21 17:01:01 localhost run-parts(/etc/cron.hourly)[2374 finished 0anacron
Nov 21 17:01:02 webserver run-parts(/etc/cron.hourly)[2100 starting mcelog.cron
Nov 21 17:01:01 localhost run-parts(/etc/cron.hourly)[2373 starting mcelog.cron
Nov 21 17:01:02 webserver run-parts(/etc/cron.hourly)[2102 finished mcelog.cron
Nov 21 17:01:01 localhost run-parts(/etc/cron.hourly)[2375 finished mcelog.cron
Nov 21 18:01:01 webserver run-parts(/etc/cron.hourly)[2137 starting 0anacron
Nov 21 18:01:01 webserver run-parts(/etc/cron.hourly)[2138 finished 0anacron
Nov 21 18:01:01 webserver run-parts(/etc/cron.hourly)[2137 starting mcelog.cron
Nov 21 18:01:01 webserver run-parts(/etc/cron.hourly)[2138 finished mcelog.cron
Nov 21 18:01:01 localhost run-parts(/etc/cron.hourly)[2404 starting 0anacron
Nov 21 18:01:01 localhost run-parts(/etc/cron.hourly)[2405 finished 0anacron
Nov 21 18:01:01 localhost run-parts(/etc/cron.hourly)[2404 starting mcelog.cron
Nov 21 18:01:01 localhost run-parts(/etc/cron.hourly)[2406 finished mcelog.cron
Nov 21 19:01:01 webserver run-parts(/etc/cron.hourly)[2173 starting 0anacron
Nov 21 19:01:01 webserver run-parts(/etc/cron.hourly)[2174 finished 0anacron
Nov 21 19:01:01 webserver run-parts(/etc/cron.hourly)[2173 starting mcelog.cron
Nov 21 19:01:01 webserver run-parts(/etc/cron.hourly)[2174 finished mcelog.cron
Nov 21 19:01:01 localhost run-parts(/etc/cron.hourly)[2411 starting 0anacron
Nov 21 19:01:01 localhost run-parts(/etc/cron.hourly)[2412 finished 0anacron
Nov 21 19:01:01 localhost run-parts(/etc/cron.hourly)[2411 starting mcelog.cron
Nov 21 19:01:01 localhost run-parts(/etc/cron.hourly)[2412 finished mcelog.cron
Nov 21 20:01:01 localhost run-parts(/etc/cron.hourly)[2418 starting 0anacron
Nov 21 20:01:01 localhost run-parts(/etc/cron.hourly)[2419 finished 0anacron
Nov 21 20:01:01 localhost run-parts(/etc/cron.hourly)[2418 starting mcelog.cron
Nov 21 20:01:01 localhost run-parts(/etc/cron.hourly)[2420 finished mcelog.cron
Nov 21 20:01:01 webserver run-parts(/etc/cron.hourly)[2209 starting 0anacron
Nov 21 20:01:01 webserver run-parts(/etc/cron.hourly)[2210 finished 0anacron
Nov 21 20:01:01 webserver run-parts(/etc/cron.hourly)[2209 starting mcelog.cron
Nov 21 20:01:01 webserver run-parts(/etc/cron.hourly)[2211 finished mcelog.cron
Nov 21 21:01:01 localhost run-parts(/etc/cron.hourly)[2447 starting 0anacron
Nov 21 21:01:01 localhost run-parts(/etc/cron.hourly)[2448 finished 0anacron
Nov 21 21:01:01 localhost run-parts(/etc/cron.hourly)[2447 starting mcelog.cron
Nov 21 21:01:01 localhost run-parts(/etc/cron.hourly)[2448 finished mcelog.cron
Nov 21 21:01:01 webserver run-parts(/etc/cron.hourly)[2245 starting 0anacron
Nov 21 21:01:01 webserver run-parts(/etc/cron.hourly)[2246 finished 0anacron
Nov 21 21:01:01 webserver run-parts(/etc/cron.hourly)[2245 starting mcelog.cron
Nov 21 21:01:01 webserver run-parts(/etc/cron.hourly)[2247 finished mcelog.cron
Nov 21 22:01:01 webserver run-parts(/etc/cron.hourly)[2282 starting 0anacron
Nov 21 22:01:01 webserver run-parts(/etc/cron.hourly)[2283 finished 0anacron
Nov 21 22:01:01 webserver run-parts(/etc/cron.hourly)[2282 starting mcelog.cron
Nov 21 22:01:01 webserver run-parts(/etc/cron.hourly)[2283 finished mcelog.cron
Nov 21 22:01:01 localhost run-parts(/etc/cron.hourly)[2452 starting 0anacron
Nov 21 22:01:01 localhost run-parts(/etc/cron.hourly)[2453 finished 0anacron
Nov 21 22:01:01 localhost run-parts(/etc/cron.hourly)[2452 starting mcelog.cron
Nov 21 22:01:01 localhost run-parts(/etc/cron.hourly)[2454 finished mcelog.cron
Nov 21 23:01:01 webserver run-parts(/etc/cron.hourly)[2318 starting 0anacron
Nov 21 23:01:01 webserver run-parts(/etc/cron.hourly)[2319 finished 0anacron
Nov 21 23:01:01 webserver run-parts(/etc/cron.hourly)[2318 starting mcelog.cron
Nov 21 23:01:01 webserver run-parts(/etc/cron.hourly)[2320 finished mcelog.cron
Nov 21 23:01:01 localhost run-parts(/etc/cron.hourly)[2466 starting 0anacron
Nov 21 23:01:01 localhost run-parts(/etc/cron.hourly)[2467 finished 0anacron
Nov 21 23:01:01 localhost run-parts(/etc/cron.hourly)[2466 starting mcelog.cron
Nov 21 23:01:01 localhost run-parts(/etc/cron.hourly)[2467 finished mcelog.cron
