Nov  1 00:00:01 localhost CROND[31109]: (root) CMD (bash /root/Documents/log.sh)
Nov  1 00:01:01 localhost CROND[12380]: (root) CMD (run-parts /etc/cron.hourly)
Nov  1 00:01:02 localhost CROND[31116]: (root) CMD (run-parts /etc/cron.hourly)
Nov  1 00:01:02 localhost CROND[31117]: (root) CMD (bash /root/Documents/log.sh)
Nov  1 00:02:01 localhost CROND[31142]: (root) CMD (bash /root/Documents/log.sh)
Nov  1 00:03:01 localhost CROND[31147]: (root) CMD (bash /root/Documents/log.sh)
Nov  1 00:04:01 localhost CROND[31152]: (root) CMD (bash /root/Documents/log.sh)
Nov  1 00:05:01 localhost CROND[31159]: (root) CMD (bash /root/Documents/log.sh)
Nov  1 00:06:01 localhost CROND[31164]: (root) CMD (bash /root/Documents/log.sh)
Nov  1 00:07:01 localhost CROND[31170]: (root) CMD (bash /root/Documents/log.sh)
Nov  1 00:08:01 localhost CROND[31175]: (root) CMD (bash /root/Documents/log.sh)
Nov  1 00:09:01 localhost CROND[31180]: (root) CMD (bash /root/Documents/log.sh)
Nov  1 00:10:01 localhost CROND[31185]: (root) CMD (bash /root/Documents/log.sh)
Nov  1 00:11:01 localhost CROND[31191]: (root) CMD (bash /root/Documents/log.sh)
Nov  1 00:12:01 localhost CROND[31197]: (root) CMD (bash /root/Documents/log.sh)
Nov  1 00:13:01 localhost CROND[31202]: (root) CMD (bash /root/Documents/log.sh)
Nov  1 00:14:01 localhost CROND[31208]: (root) CMD (bash /root/Documents/log.sh)
Nov  1 00:15:01 localhost CROND[31214]: (root) CMD (bash /root/Documents/log.sh)
Nov  1 00:16:01 localhost CROND[31220]: (root) CMD (bash /root/Documents/log.sh)
Nov  1 00:17:01 localhost CROND[31226]: (root) CMD (bash /root/Documents/log.sh)
Nov  1 00:18:01 localhost CROND[31231]: (root) CMD (bash /root/Documents/log.sh)
Nov  1 00:19:01 localhost CROND[31236]: (root) CMD (bash /root/Documents/log.sh)
Nov  1 00:20:02 localhost CROND[31241]: (root) CMD (bash /root/Documents/log.sh)
Nov  1 00:21:01 localhost CROND[31247]: (root) CMD (bash /root/Documents/log.sh)
Nov  1 00:22:01 localhost CROND[31253]: (root) CMD (bash /root/Documents/log.sh)
Nov  1 00:23:01 localhost CROND[31258]: (root) CMD (bash /root/Documents/log.sh)
Nov  1 00:24:01 localhost CROND[31263]: (root) CMD (bash /root/Documents/log.sh)
Nov  1 00:25:01 localhost CROND[31270]: (root) CMD (bash /root/Documents/log.sh)
Nov  1 00:26:01 localhost CROND[31276]: (root) CMD (bash /root/Documents/log.sh)
Nov  1 00:27:01 localhost CROND[31282]: (root) CMD (bash /root/Documents/log.sh)
Nov  1 00:28:01 localhost CROND[31287]: (root) CMD (bash /root/Documents/log.sh)
Nov  1 00:29:01 localhost CROND[31292]: (root) CMD (bash /root/Documents/log.sh)
Nov  1 00:30:01 localhost CROND[31297]: (root) CMD (bash /root/Documents/log.sh)
Nov  1 00:31:01 localhost CROND[31302]: (root) CMD (bash /root/Documents/log.sh)
Nov  1 00:32:01 localhost CROND[31309]: (root) CMD (bash /root/Documents/log.sh)
Nov  1 00:33:01 localhost CROND[31314]: (root) CMD (bash /root/Documents/log.sh)
Nov  1 00:34:01 localhost CROND[31319]: (root) CMD (bash /root/Documents/log.sh)
Nov  1 00:35:01 localhost CROND[31325]: (root) CMD (bash /root/Documents/log.sh)
Nov  1 00:36:01 localhost CROND[31330]: (root) CMD (bash /root/Documents/log.sh)
Nov  1 00:37:01 localhost CROND[31337]: (root) CMD (bash /root/Documents/log.sh)
Nov  1 00:38:01 localhost CROND[31342]: (root) CMD (bash /root/Documents/log.sh)
Nov  1 00:39:01 localhost CROND[31347]: (root) CMD (bash /root/Documents/log.sh)
Nov  1 00:40:01 localhost CROND[31352]: (root) CMD (bash /root/Documents/log.sh)
Nov  1 00:41:02 localhost CROND[31358]: (root) CMD (bash /root/Documents/log.sh)
Nov  1 00:42:01 localhost CROND[31365]: (root) CMD (bash /root/Documents/log.sh)
Nov  1 00:43:01 localhost CROND[31370]: (root) CMD (bash /root/Documents/log.sh)
Nov  1 00:44:01 localhost CROND[31375]: (root) CMD (bash /root/Documents/log.sh)
Nov  1 00:45:01 localhost CROND[31386]: (root) CMD (bash /root/Documents/log.sh)
Nov  1 00:46:01 localhost CROND[31391]: (root) CMD (bash /root/Documents/log.sh)
Nov  1 00:47:01 localhost CROND[31398]: (root) CMD (bash /root/Documents/log.sh)
Nov  1 00:48:01 localhost CROND[31404]: (root) CMD (bash /root/Documents/log.sh)
Nov  1 00:49:01 localhost CROND[31409]: (root) CMD (bash /root/Documents/log.sh)
Nov  1 00:50:01 localhost CROND[31415]: (root) CMD (bash /root/Documents/log.sh)
Nov  1 00:51:01 localhost CROND[31420]: (root) CMD (bash /root/Documents/log.sh)
Nov  1 00:52:01 localhost CROND[31426]: (root) CMD (bash /root/Documents/log.sh)
Nov  1 00:53:01 localhost CROND[31432]: (root) CMD (bash /root/Documents/log.sh)
Nov  1 00:54:01 localhost CROND[31437]: (root) CMD (bash /root/Documents/log.sh)
Nov  1 00:55:01 localhost CROND[31446]: (root) CMD (bash /root/Documents/log.sh)
Nov  1 00:56:01 localhost CROND[31452]: (root) CMD (bash /root/Documents/log.sh)
Nov  1 00:57:01 localhost CROND[31458]: (root) CMD (bash /root/Documents/log.sh)
Nov  1 00:58:01 localhost CROND[31464]: (root) CMD (bash /root/Documents/log.sh)
Nov  1 00:59:01 localhost CROND[31469]: (root) CMD (bash /root/Documents/log.sh)
Nov  1 01:00:01 localhost CROND[31474]: (root) CMD (bash /root/Documents/log.sh)
Nov  1 01:01:01 localhost CROND[20513]: (root) CMD (run-parts /etc/cron.hourly)
Nov  1 01:01:01 localhost CROND[31481]: (root) CMD (bash /root/Documents/log.sh)
Nov  1 01:01:01 localhost CROND[31482]: (root) CMD (run-parts /etc/cron.hourly)
Nov  1 01:02:01 localhost CROND[31507]: (root) CMD (bash /root/Documents/log.sh)
Nov  1 01:03:01 localhost CROND[31513]: (root) CMD (bash /root/Documents/log.sh)
Nov  1 01:04:01 localhost CROND[31518]: (root) CMD (bash /root/Documents/log.sh)
Nov  1 01:05:01 localhost CROND[31524]: (root) CMD (bash /root/Documents/log.sh)
Nov  1 01:06:01 localhost CROND[31530]: (root) CMD (bash /root/Documents/log.sh)
Nov  1 01:07:01 localhost CROND[31536]: (root) CMD (bash /root/Documents/log.sh)
Nov  1 01:08:01 localhost CROND[31542]: (root) CMD (bash /root/Documents/log.sh)
Nov  1 01:09:01 localhost CROND[31547]: (root) CMD (bash /root/Documents/log.sh)
Nov  1 01:10:01 localhost CROND[31552]: (root) CMD (bash /root/Documents/log.sh)
Nov  1 01:11:01 localhost CROND[31557]: (root) CMD (bash /root/Documents/log.sh)
Nov  1 01:12:01 localhost CROND[31563]: (root) CMD (bash /root/Documents/log.sh)
Nov  1 01:13:01 localhost CROND[31568]: (root) CMD (bash /root/Documents/log.sh)
Nov  1 01:14:01 localhost CROND[31574]: (root) CMD (bash /root/Documents/log.sh)
Nov  1 01:15:01 localhost CROND[31580]: (root) CMD (bash /root/Documents/log.sh)
Nov  1 01:16:01 localhost CROND[31585]: (root) CMD (bash /root/Documents/log.sh)
Nov  1 01:17:01 localhost CROND[31591]: (root) CMD (bash /root/Documents/log.sh)
Nov  1 01:18:01 localhost CROND[31596]: (root) CMD (bash /root/Documents/log.sh)
Nov  1 01:19:01 localhost CROND[31602]: (root) CMD (bash /root/Documents/log.sh)
Nov  1 01:20:02 localhost CROND[31607]: (root) CMD (bash /root/Documents/log.sh)
Nov  1 01:21:01 localhost CROND[31612]: (root) CMD (bash /root/Documents/log.sh)
Nov  1 01:22:01 localhost CROND[31618]: (root) CMD (bash /root/Documents/log.sh)
Nov  1 01:23:01 localhost CROND[31623]: (root) CMD (bash /root/Documents/log.sh)
Nov  1 01:24:01 localhost CROND[31629]: (root) CMD (bash /root/Documents/log.sh)
Nov  1 01:25:01 localhost CROND[31635]: (root) CMD (bash /root/Documents/log.sh)
Nov  1 01:26:01 localhost CROND[31640]: (root) CMD (bash /root/Documents/log.sh)
Nov  1 01:27:01 localhost CROND[31646]: (root) CMD (bash /root/Documents/log.sh)
Nov  1 01:28:01 localhost CROND[31651]: (root) CMD (bash /root/Documents/log.sh)
Nov  1 01:29:01 localhost CROND[31657]: (root) CMD (bash /root/Documents/log.sh)
Nov  1 01:30:01 localhost CROND[31662]: (root) CMD (bash /root/Documents/log.sh)
Nov  1 01:31:01 localhost CROND[31668]: (root) CMD (bash /root/Documents/log.sh)
Nov  1 01:32:01 localhost CROND[31674]: (root) CMD (bash /root/Documents/log.sh)
Nov  1 01:33:01 localhost CROND[31679]: (root) CMD (bash /root/Documents/log.sh)
Nov  1 01:34:01 localhost CROND[31684]: (root) CMD (bash /root/Documents/log.sh)
Nov  1 01:35:01 localhost CROND[31691]: (root) CMD (bash /root/Documents/log.sh)
Nov  1 01:36:01 localhost CROND[31696]: (root) CMD (bash /root/Documents/log.sh)
Nov  1 01:37:01 localhost CROND[31702]: (root) CMD (bash /root/Documents/log.sh)
Nov  1 01:38:01 localhost CROND[31707]: (root) CMD (bash /root/Documents/log.sh)
Nov  1 01:39:01 localhost CROND[31712]: (root) CMD (bash /root/Documents/log.sh)
Nov  1 01:40:01 localhost CROND[31718]: (root) CMD (bash /root/Documents/log.sh)
Nov  1 01:41:01 localhost CROND[31723]: (root) CMD (bash /root/Documents/log.sh)
Nov  1 01:42:02 localhost CROND[31729]: (root) CMD (bash /root/Documents/log.sh)
Nov  1 01:43:01 localhost CROND[31735]: (root) CMD (bash /root/Documents/log.sh)
Nov  1 01:44:01 localhost CROND[31740]: (root) CMD (bash /root/Documents/log.sh)
Nov  1 01:45:01 localhost CROND[31752]: (root) CMD (bash /root/Documents/log.sh)
Nov  1 01:46:01 localhost CROND[31757]: (root) CMD (bash /root/Documents/log.sh)
Nov  1 01:47:01 localhost CROND[31763]: (root) CMD (bash /root/Documents/log.sh)
Nov  1 01:48:01 localhost CROND[31768]: (root) CMD (bash /root/Documents/log.sh)
Nov  1 01:49:01 localhost CROND[31773]: (root) CMD (bash /root/Documents/log.sh)
Nov  1 01:50:01 localhost CROND[31781]: (root) CMD (bash /root/Documents/log.sh)
Nov  1 01:51:01 localhost CROND[31786]: (root) CMD (bash /root/Documents/log.sh)
Nov  1 01:52:01 localhost CROND[31792]: (root) CMD (bash /root/Documents/log.sh)
Nov  1 01:53:01 localhost CROND[31797]: (root) CMD (bash /root/Documents/log.sh)
Nov  1 01:54:01 localhost CROND[31802]: (root) CMD (bash /root/Documents/log.sh)
Nov  1 01:55:01 localhost CROND[31811]: (root) CMD (bash /root/Documents/log.sh)
Nov  1 01:56:01 localhost CROND[31817]: (root) CMD (bash /root/Documents/log.sh)
Nov  1 01:57:01 localhost CROND[31823]: (root) CMD (bash /root/Documents/log.sh)
Nov  1 01:58:01 localhost CROND[31828]: (root) CMD (bash /root/Documents/log.sh)
Nov  1 01:59:01 localhost CROND[31834]: (root) CMD (bash /root/Documents/log.sh)
Nov  1 02:00:01 localhost CROND[31839]: (root) CMD (bash /root/Documents/log.sh)
Nov  1 02:01:01 localhost CROND[800]: (root) CMD (run-parts /etc/cron.hourly)
Nov  1 02:01:01 localhost CROND[31847]: (root) CMD (bash /root/Documents/log.sh)
Nov  1 02:01:01 localhost CROND[31849]: (root) CMD (run-parts /etc/cron.hourly)
Nov  1 02:02:02 localhost CROND[31873]: (root) CMD (bash /root/Documents/log.sh)
Nov  1 02:03:01 localhost CROND[31878]: (root) CMD (bash /root/Documents/log.sh)
Nov  1 02:04:01 localhost CROND[31883]: (root) CMD (bash /root/Documents/log.sh)
Nov  1 02:05:01 localhost CROND[31889]: (root) CMD (bash /root/Documents/log.sh)
Nov  1 02:06:01 localhost CROND[31895]: (root) CMD (bash /root/Documents/log.sh)
Nov  1 02:07:01 localhost CROND[31901]: (root) CMD (bash /root/Documents/log.sh)
Nov  1 02:08:01 localhost CROND[31907]: (root) CMD (bash /root/Documents/log.sh)
Nov  1 02:09:01 localhost CROND[31912]: (root) CMD (bash /root/Documents/log.sh)
Nov  1 02:10:01 localhost CROND[31917]: (root) CMD (bash /root/Documents/log.sh)
Nov  1 02:11:01 localhost CROND[31923]: (root) CMD (bash /root/Documents/log.sh)
Nov  1 02:12:01 localhost CROND[31929]: (root) CMD (bash /root/Documents/log.sh)
Nov  1 02:13:01 localhost CROND[31934]: (root) CMD (bash /root/Documents/log.sh)
Nov  1 02:14:01 localhost CROND[31939]: (root) CMD (bash /root/Documents/log.sh)
Nov  1 02:15:01 localhost CROND[31946]: (root) CMD (bash /root/Documents/log.sh)
Nov  1 02:16:01 localhost CROND[31951]: (root) CMD (bash /root/Documents/log.sh)
Nov  1 02:17:01 localhost CROND[31958]: (root) CMD (bash /root/Documents/log.sh)
Nov  1 02:18:01 localhost CROND[31963]: (root) CMD (bash /root/Documents/log.sh)
Nov  1 02:19:01 localhost CROND[31968]: (root) CMD (bash /root/Documents/log.sh)
Nov  1 02:20:01 localhost CROND[31973]: (root) CMD (bash /root/Documents/log.sh)
Nov  1 02:21:01 localhost CROND[31978]: (root) CMD (bash /root/Documents/log.sh)
Nov  1 02:22:01 localhost CROND[31985]: (root) CMD (bash /root/Documents/log.sh)
Nov  1 02:23:02 localhost CROND[31990]: (root) CMD (bash /root/Documents/log.sh)
Nov  1 02:24:01 localhost CROND[31995]: (root) CMD (bash /root/Documents/log.sh)
Nov  1 02:25:01 localhost CROND[32001]: (root) CMD (bash /root/Documents/log.sh)
Nov  1 02:26:01 localhost CROND[32006]: (root) CMD (bash /root/Documents/log.sh)
Nov  1 02:27:01 localhost CROND[32013]: (root) CMD (bash /root/Documents/log.sh)
Nov  1 02:28:01 localhost CROND[32019]: (root) CMD (bash /root/Documents/log.sh)
Nov  1 02:29:01 localhost CROND[32024]: (root) CMD (bash /root/Documents/log.sh)
Nov  1 02:30:01 localhost CROND[32029]: (root) CMD (bash /root/Documents/log.sh)
Nov  1 02:31:01 localhost CROND[32034]: (root) CMD (bash /root/Documents/log.sh)
Nov  1 02:32:01 localhost CROND[32041]: (root) CMD (bash /root/Documents/log.sh)
Nov  1 02:33:01 localhost CROND[32046]: (root) CMD (bash /root/Documents/log.sh)
Nov  1 02:34:01 localhost CROND[32051]: (root) CMD (bash /root/Documents/log.sh)
Nov  1 02:35:01 localhost CROND[32057]: (root) CMD (bash /root/Documents/log.sh)
Nov  1 02:36:01 localhost CROND[32062]: (root) CMD (bash /root/Documents/log.sh)
Nov  1 02:37:01 localhost CROND[32068]: (root) CMD (bash /root/Documents/log.sh)
Nov  1 02:38:01 localhost CROND[32074]: (root) CMD (bash /root/Documents/log.sh)
Nov  1 02:39:01 localhost CROND[32080]: (root) CMD (bash /root/Documents/log.sh)
Nov  1 02:40:01 localhost CROND[32085]: (root) CMD (bash /root/Documents/log.sh)
Nov  1 02:41:01 localhost CROND[32090]: (root) CMD (bash /root/Documents/log.sh)
Nov  1 02:42:01 localhost CROND[32096]: (root) CMD (bash /root/Documents/log.sh)
Nov  1 02:43:01 localhost CROND[32102]: (root) CMD (bash /root/Documents/log.sh)
Nov  1 02:44:02 localhost CROND[32107]: (root) CMD (bash /root/Documents/log.sh)
Nov  1 02:45:01 localhost CROND[32118]: (root) CMD (bash /root/Documents/log.sh)
Nov  1 02:46:01 localhost CROND[32123]: (root) CMD (bash /root/Documents/log.sh)
Nov  1 02:47:01 localhost CROND[32129]: (root) CMD (bash /root/Documents/log.sh)
Nov  1 02:48:01 localhost CROND[32135]: (root) CMD (bash /root/Documents/log.sh)
Nov  1 02:49:01 localhost CROND[32141]: (root) CMD (bash /root/Documents/log.sh)
Nov  1 02:50:01 localhost CROND[32147]: (root) CMD (bash /root/Documents/log.sh)
Nov  1 02:51:01 localhost CROND[32152]: (root) CMD (bash /root/Documents/log.sh)
Nov  1 02:52:01 localhost CROND[32158]: (root) CMD (bash /root/Documents/log.sh)
Nov  1 02:53:01 localhost CROND[32164]: (root) CMD (bash /root/Documents/log.sh)
Nov  1 02:54:01 localhost CROND[32169]: (root) CMD (bash /root/Documents/log.sh)
Nov  1 02:55:01 localhost CROND[32185]: (root) CMD (bash /root/Documents/log.sh)
Nov  1 02:56:01 localhost CROND[32190]: (root) CMD (bash /root/Documents/log.sh)
Nov  1 02:57:01 localhost CROND[32196]: (root) CMD (bash /root/Documents/log.sh)
Nov  1 02:58:01 localhost CROND[32201]: (root) CMD (bash /root/Documents/log.sh)
Nov  1 02:59:01 localhost CROND[32207]: (root) CMD (bash /root/Documents/log.sh)
Nov  1 03:00:01 localhost CROND[32212]: (root) CMD (bash /root/Documents/log.sh)
Nov  1 03:01:01 localhost CROND[11971]: (root) CMD (run-parts /etc/cron.hourly)
Nov  1 03:01:01 localhost CROND[32219]: (root) CMD (bash /root/Documents/log.sh)
Nov  1 03:01:01 localhost CROND[32221]: (root) CMD (run-parts /etc/cron.hourly)
Nov  1 03:02:01 localhost CROND[32244]: (root) CMD (bash /root/Documents/log.sh)
Nov  1 03:03:02 localhost CROND[32250]: (root) CMD (bash /root/Documents/log.sh)
Nov  1 03:04:01 localhost CROND[32256]: (root) CMD (bash /root/Documents/log.sh)
Nov  1 03:05:01 localhost CROND[32262]: (root) CMD (bash /root/Documents/log.sh)
Nov  1 03:06:01 localhost CROND[32267]: (root) CMD (bash /root/Documents/log.sh)
Nov  1 03:07:01 localhost CROND[32273]: (root) CMD (bash /root/Documents/log.sh)
Nov  1 03:08:01 localhost CROND[32278]: (root) CMD (bash /root/Documents/log.sh)
Nov  1 03:09:01 localhost CROND[32284]: (root) CMD (bash /root/Documents/log.sh)
Nov  1 03:10:01 localhost CROND[32292]: (unbound) CMD (/usr/sbin/unbound-anchor -a /var/lib/unbound/root.anchor -c /etc/unbound/icannbundle.pem)
Nov  1 03:10:01 localhost CROND[32293]: (root) CMD (bash /root/Documents/log.sh)
Nov  1 03:10:01 localhost CROND[13705]: (unbound) CMD (/usr/sbin/unbound-anchor -a /var/lib/unbound/root.anchor -c /etc/unbound/icannbundle.pem)
Nov  1 03:11:01 localhost CROND[32302]: (root) CMD (bash /root/Documents/log.sh)
Nov  1 03:12:01 localhost CROND[32308]: (root) CMD (bash /root/Documents/log.sh)
Nov  1 03:13:01 localhost CROND[32313]: (root) CMD (bash /root/Documents/log.sh)
Nov  1 03:14:01 localhost CROND[32319]: (root) CMD (bash /root/Documents/log.sh)
Nov  1 03:15:01 localhost CROND[32325]: (root) CMD (bash /root/Documents/log.sh)
Nov  1 03:16:01 localhost CROND[32330]: (root) CMD (bash /root/Documents/log.sh)
Nov  1 03:17:01 localhost CROND[32336]: (root) CMD (bash /root/Documents/log.sh)
Nov  1 03:18:01 localhost CROND[32341]: (root) CMD (bash /root/Documents/log.sh)
Nov  1 03:19:01 localhost CROND[32346]: (root) CMD (bash /root/Documents/log.sh)
Nov  1 03:20:01 localhost CROND[32352]: (root) CMD (bash /root/Documents/log.sh)
Nov  1 03:21:01 localhost CROND[32357]: (root) CMD (bash /root/Documents/log.sh)
Nov  1 03:22:01 localhost CROND[32363]: (root) CMD (bash /root/Documents/log.sh)
Nov  1 03:23:01 localhost CROND[32400]: (root) CMD (bash /root/Documents/log.sh)
Nov  1 03:24:01 localhost CROND[32405]: (root) CMD (bash /root/Documents/log.sh)
Nov  1 03:25:01 localhost CROND[32412]: (root) CMD (bash /root/Documents/log.sh)
Nov  1 03:26:01 localhost CROND[32417]: (root) CMD (bash /root/Documents/log.sh)
Nov  1 03:27:01 localhost CROND[32423]: (root) CMD (bash /root/Documents/log.sh)
Nov  1 03:28:01 localhost CROND[32428]: (root) CMD (bash /root/Documents/log.sh)
Nov  1 03:29:01 localhost CROND[32433]: (root) CMD (bash /root/Documents/log.sh)
Nov  1 03:30:01 localhost CROND[17820]: (root) CMD ("/usr/local/sn.sh")
Nov  1 03:30:01 localhost CROND[17818]: (root) CMDOUT (/bin/bash: /usr/local/sn.sh: No such file or directory)
Nov  1 03:30:01 localhost CROND[32439]: (root) CMD (bash /root/Documents/log.sh)
Nov  1 03:31:01 localhost CROND[32445]: (root) CMD (bash /root/Documents/log.sh)
Nov  1 03:32:01 localhost CROND[32451]: (root) CMD (bash /root/Documents/log.sh)
Nov  1 03:33:01 localhost CROND[32456]: (root) CMD (bash /root/Documents/log.sh)
Nov  1 03:34:01 localhost CROND[32461]: (root) CMD (bash /root/Documents/log.sh)
Nov  1 03:35:01 localhost CROND[32468]: (root) CMD (bash /root/Documents/log.sh)
Nov  1 03:36:02 localhost CROND[32473]: (root) CMD (bash /root/Documents/log.sh)
Nov  1 03:37:01 localhost CROND[32479]: (root) CMD (bash /root/Documents/log.sh)
Nov  1 03:38:01 localhost CROND[32484]: (root) CMD (bash /root/Documents/log.sh)
Nov  1 03:39:01 localhost CROND[32490]: (root) CMD (bash /root/Documents/log.sh)
Nov  1 03:40:01 localhost CROND[32495]: (root) CMD (bash /root/Documents/log.sh)
Nov  1 03:41:01 localhost CROND[32501]: (root) CMD (bash /root/Documents/log.sh)
Nov  1 03:42:01 localhost CROND[32507]: (root) CMD (bash /root/Documents/log.sh)
Nov  1 03:43:01 localhost CROND[32512]: (root) CMD (bash /root/Documents/log.sh)
Nov  1 03:44:01 localhost CROND[32517]: (root) CMD (bash /root/Documents/log.sh)
Nov  1 03:45:01 localhost CROND[32528]: (root) CMD (bash /root/Documents/log.sh)
Nov  1 03:46:01 localhost CROND[32534]: (root) CMD (bash /root/Documents/log.sh)
Nov  1 03:47:01 localhost CROND[32540]: (root) CMD (bash /root/Documents/log.sh)
Nov  1 03:48:01 localhost CROND[32545]: (root) CMD (bash /root/Documents/log.sh)
Nov  1 03:49:01 localhost CROND[32550]: (root) CMD (bash /root/Documents/log.sh)
Nov  1 03:50:01 localhost CROND[32557]: (root) CMD (bash /root/Documents/log.sh)
Nov  1 03:51:01 localhost CROND[32563]: (root) CMD (bash /root/Documents/log.sh)
Nov  1 03:52:01 localhost CROND[32569]: (root) CMD (bash /root/Documents/log.sh)
Nov  1 03:53:01 localhost CROND[32574]: (root) CMD (bash /root/Documents/log.sh)
Nov  1 03:54:01 localhost CROND[32579]: (root) CMD (bash /root/Documents/log.sh)
Nov  1 03:55:01 localhost CROND[32589]: (root) CMD (bash /root/Documents/log.sh)
Nov  1 03:56:02 localhost CROND[32595]: (root) CMD (bash /root/Documents/log.sh)
Nov  1 03:57:01 localhost CROND[32601]: (root) CMD (bash /root/Documents/log.sh)
Nov  1 03:58:01 localhost CROND[32606]: (root) CMD (bash /root/Documents/log.sh)
Nov  1 03:59:01 localhost CROND[32611]: (root) CMD (bash /root/Documents/log.sh)
Nov  1 04:00:01 localhost CROND[32616]: (root) CMD (bash /root/Documents/log.sh)
Nov  1 04:01:01 localhost CROND[32623]: (root) CMD (bash /root/Documents/log.sh)
Nov  1 04:01:01 localhost CROND[32624]: (root) CMD (run-parts /etc/cron.hourly)
Nov  1 04:01:01 localhost CROND[23545]: (root) CMD (run-parts /etc/cron.hourly)
Nov  1 04:02:01 localhost CROND[32647]: (root) CMD (bash /root/Documents/log.sh)
Nov  1 04:03:01 localhost CROND[32652]: (root) CMD (bash /root/Documents/log.sh)
Nov  1 04:04:01 localhost CROND[32657]: (root) CMD (bash /root/Documents/log.sh)
Nov  1 04:05:01 localhost CROND[32664]: (root) CMD (bash /root/Documents/log.sh)
Nov  1 04:06:01 localhost CROND[32669]: (root) CMD (bash /root/Documents/log.sh)
Nov  1 04:07:01 localhost CROND[32676]: (root) CMD (bash /root/Documents/log.sh)
Nov  1 04:08:01 localhost CROND[32681]: (root) CMD (bash /root/Documents/log.sh)
Nov  1 04:09:01 localhost CROND[32686]: (root) CMD (bash /root/Documents/log.sh)
Nov  1 04:10:01 localhost CROND[32691]: (root) CMD (bash /root/Documents/log.sh)
Nov  1 04:11:01 localhost CROND[32696]: (root) CMD (bash /root/Documents/log.sh)
Nov  1 04:12:01 localhost CROND[32703]: (root) CMD (bash /root/Documents/log.sh)
Nov  1 04:13:01 localhost CROND[32708]: (root) CMD (bash /root/Documents/log.sh)
Nov  1 04:14:01 localhost CROND[32713]: (root) CMD (bash /root/Documents/log.sh)
Nov  1 04:15:01 localhost CROND[32719]: (root) CMD (bash /root/Documents/log.sh)
Nov  1 04:16:02 localhost CROND[32724]: (root) CMD (bash /root/Documents/log.sh)
Nov  1 04:17:01 localhost CROND[32730]: (root) CMD (bash /root/Documents/log.sh)
Nov  1 04:18:01 localhost CROND[32736]: (root) CMD (bash /root/Documents/log.sh)
Nov  1 04:19:01 localhost CROND[32741]: (root) CMD (bash /root/Documents/log.sh)
Nov  1 04:20:01 localhost CROND[32746]: (root) CMD (bash /root/Documents/log.sh)
Nov  1 04:21:01 localhost CROND[32751]: (root) CMD (bash /root/Documents/log.sh)
Nov  1 04:22:01 localhost CROND[32756]: (root) CMD (bash /root/Documents/log.sh)
Nov  1 04:23:01 localhost CROND[32763]: (root) CMD (bash /root/Documents/log.sh)
Nov  1 04:24:01 localhost CROND[301]: (root) CMD (bash /root/Documents/log.sh)
Nov  1 04:25:01 localhost CROND[308]: (root) CMD (bash /root/Documents/log.sh)
Nov  1 04:26:01 localhost CROND[313]: (root) CMD (bash /root/Documents/log.sh)
Nov  1 04:27:01 localhost CROND[318]: (root) CMD (bash /root/Documents/log.sh)
Nov  1 04:28:01 localhost CROND[328]: (root) CMD (bash /root/Documents/log.sh)
Nov  1 04:29:01 localhost CROND[333]: (root) CMD (bash /root/Documents/log.sh)
Nov  1 04:30:01 localhost CROND[338]: (root) CMD (bash /root/Documents/log.sh)
Nov  1 04:31:01 localhost CROND[344]: (root) CMD (bash /root/Documents/log.sh)
Nov  1 04:32:01 localhost CROND[349]: (root) CMD (bash /root/Documents/log.sh)
Nov  1 04:33:01 localhost CROND[356]: (root) CMD (bash /root/Documents/log.sh)
Nov  1 04:34:01 localhost CROND[361]: (root) CMD (bash /root/Documents/log.sh)
Nov  1 04:35:01 localhost CROND[367]: (root) CMD (bash /root/Documents/log.sh)
Nov  1 04:36:01 localhost CROND[372]: (root) CMD (bash /root/Documents/log.sh)
Nov  1 04:37:01 localhost CROND[377]: (root) CMD (bash /root/Documents/log.sh)
Nov  1 04:38:01 localhost CROND[385]: (root) CMD (bash /root/Documents/log.sh)
Nov  1 04:39:01 localhost CROND[390]: (root) CMD (bash /root/Documents/log.sh)
Nov  1 04:40:01 localhost CROND[395]: (root) CMD (bash /root/Documents/log.sh)
Nov  1 04:41:01 localhost CROND[400]: (root) CMD (bash /root/Documents/log.sh)
Nov  1 04:42:01 localhost CROND[405]: (root) CMD (bash /root/Documents/log.sh)
Nov  1 04:43:01 localhost CROND[411]: (root) CMD (bash /root/Documents/log.sh)
Nov  1 04:44:01 localhost CROND[417]: (root) CMD (bash /root/Documents/log.sh)
Nov  1 04:45:01 localhost CROND[432]: (root) CMD (bash /root/Documents/log.sh)
Nov  1 04:46:01 localhost CROND[437]: (root) CMD (bash /root/Documents/log.sh)
Nov  1 04:47:01 localhost CROND[442]: (root) CMD (bash /root/Documents/log.sh)
Nov  1 04:48:01 localhost CROND[448]: (root) CMD (bash /root/Documents/log.sh)
Nov  1 04:49:01 localhost CROND[454]: (root) CMD (bash /root/Documents/log.sh)
Nov  1 04:50:01 localhost CROND[460]: (root) CMD (bash /root/Documents/log.sh)
Nov  1 04:51:01 localhost CROND[465]: (root) CMD (bash /root/Documents/log.sh)
Nov  1 04:52:01 localhost CROND[471]: (root) CMD (bash /root/Documents/log.sh)
Nov  1 04:53:01 localhost CROND[478]: (root) CMD (bash /root/Documents/log.sh)
Nov  1 04:54:01 localhost CROND[484]: (root) CMD (bash /root/Documents/log.sh)
Nov  1 04:55:01 localhost CROND[494]: (root) CMD (bash /root/Documents/log.sh)
Nov  1 04:56:01 localhost CROND[499]: (root) CMD (bash /root/Documents/log.sh)
Nov  1 04:57:02 localhost CROND[506]: (root) CMD (bash /root/Documents/log.sh)
Nov  1 04:58:01 localhost CROND[512]: (root) CMD (bash /root/Documents/log.sh)
Nov  1 04:59:01 localhost CROND[518]: (root) CMD (bash /root/Documents/log.sh)
Nov  1 05:00:01 localhost CROND[529]: (root) CMD (bash /root/Documents/log.sh)
Nov  1 05:01:01 localhost CROND[537]: (root) CMD (bash /root/Documents/log.sh)
Nov  1 05:01:01 localhost CROND[539]: (root) CMD (run-parts /etc/cron.hourly)
Nov  1 05:01:01 localhost CROND[2514]: (root) CMD (run-parts /etc/cron.hourly)
Nov  1 05:02:01 localhost CROND[572]: (root) CMD (bash /root/Documents/log.sh)
Nov  1 05:03:01 localhost CROND[588]: (root) CMD (bash /root/Documents/log.sh)
Nov  1 05:04:01 localhost CROND[594]: (root) CMD (bash /root/Documents/log.sh)
Nov  1 05:05:01 localhost CROND[601]: (root) CMD (bash /root/Documents/log.sh)
Nov  1 05:06:01 localhost CROND[613]: (root) CMD (bash /root/Documents/log.sh)
Nov  1 05:07:01 localhost CROND[618]: (root) CMD (bash /root/Documents/log.sh)
Nov  1 05:08:01 localhost CROND[631]: (root) CMD (bash /root/Documents/log.sh)
Nov  1 05:09:01 localhost CROND[639]: (root) CMD (bash /root/Documents/log.sh)
Nov  1 05:10:01 localhost CROND[645]: (root) CMD (bash /root/Documents/log.sh)
Nov  1 05:11:01 localhost CROND[650]: (root) CMD (bash /root/Documents/log.sh)
Nov  1 05:12:01 localhost CROND[655]: (root) CMD (bash /root/Documents/log.sh)
Nov  1 05:13:01 localhost CROND[661]: (root) CMD (bash /root/Documents/log.sh)
Nov  1 05:14:01 localhost CROND[666]: (root) CMD (bash /root/Documents/log.sh)
Nov  1 05:15:01 localhost CROND[673]: (root) CMD (bash /root/Documents/log.sh)
Nov  1 05:16:02 localhost CROND[678]: (root) CMD (bash /root/Documents/log.sh)
Nov  1 05:17:01 localhost CROND[685]: (root) CMD (bash /root/Documents/log.sh)
Nov  1 05:18:01 localhost CROND[691]: (root) CMD (bash /root/Documents/log.sh)
Nov  1 05:19:01 localhost CROND[696]: (root) CMD (bash /root/Documents/log.sh)
Nov  1 05:20:01 localhost CROND[702]: (root) CMD (bash /root/Documents/log.sh)
Nov  1 05:21:01 localhost CROND[707]: (root) CMD (bash /root/Documents/log.sh)
Nov  1 05:22:01 localhost CROND[712]: (root) CMD (bash /root/Documents/log.sh)
Nov  1 05:23:01 localhost CROND[718]: (root) CMD (bash /root/Documents/log.sh)
Nov  1 05:24:01 localhost CROND[724]: (root) CMD (bash /root/Documents/log.sh)
Nov  1 05:25:01 localhost CROND[730]: (root) CMD (bash /root/Documents/log.sh)
Nov  1 05:26:01 localhost CROND[736]: (root) CMD (bash /root/Documents/log.sh)
Nov  1 05:27:01 localhost CROND[741]: (root) CMD (bash /root/Documents/log.sh)
Nov  1 05:28:01 localhost CROND[748]: (root) CMD (bash /root/Documents/log.sh)
Nov  1 05:29:01 localhost CROND[755]: (root) CMD (bash /root/Documents/log.sh)
Nov  1 05:30:01 localhost CROND[760]: (root) CMD (bash /root/Documents/log.sh)
Nov  1 05:31:01 localhost CROND[766]: (root) CMD (bash /root/Documents/log.sh)
Nov  1 05:32:01 localhost CROND[771]: (root) CMD (bash /root/Documents/log.sh)
Nov  1 05:33:01 localhost CROND[777]: (root) CMD (bash /root/Documents/log.sh)
Nov  1 05:34:01 localhost CROND[782]: (root) CMD (bash /root/Documents/log.sh)
Nov  1 05:35:01 localhost CROND[789]: (root) CMD (bash /root/Documents/log.sh)
Nov  1 05:36:01 localhost CROND[795]: (root) CMD (bash /root/Documents/log.sh)
Nov  1 05:37:02 localhost CROND[800]: (root) CMD (bash /root/Documents/log.sh)
Nov  1 05:38:01 localhost CROND[806]: (root) CMD (bash /root/Documents/log.sh)
Nov  1 05:39:01 localhost CROND[813]: (root) CMD (bash /root/Documents/log.sh)
Nov  1 05:40:01 localhost CROND[818]: (root) CMD (bash /root/Documents/log.sh)
Nov  1 05:41:01 localhost CROND[824]: (root) CMD (bash /root/Documents/log.sh)
Nov  1 05:42:01 localhost CROND[829]: (root) CMD (bash /root/Documents/log.sh)
Nov  1 05:43:01 localhost CROND[835]: (root) CMD (bash /root/Documents/log.sh)
Nov  1 05:44:01 localhost CROND[840]: (root) CMD (bash /root/Documents/log.sh)
Nov  1 05:45:01 localhost CROND[851]: (root) CMD (bash /root/Documents/log.sh)
Nov  1 05:46:01 localhost CROND[856]: (root) CMD (bash /root/Documents/log.sh)
Nov  1 05:47:01 localhost CROND[863]: (root) CMD (bash /root/Documents/log.sh)
Nov  1 05:48:01 localhost CROND[869]: (root) CMD (bash /root/Documents/log.sh)
Nov  1 05:49:01 localhost CROND[874]: (root) CMD (bash /root/Documents/log.sh)
Nov  1 05:50:01 localhost CROND[880]: (root) CMD (bash /root/Documents/log.sh)
Nov  1 05:51:01 localhost CROND[885]: (root) CMD (bash /root/Documents/log.sh)
Nov  1 05:52:01 localhost CROND[891]: (root) CMD (bash /root/Documents/log.sh)
Nov  1 05:53:01 localhost CROND[897]: (root) CMD (bash /root/Documents/log.sh)
Nov  1 05:54:01 localhost CROND[902]: (root) CMD (bash /root/Documents/log.sh)
Nov  1 05:55:01 localhost CROND[911]: (root) CMD (bash /root/Documents/log.sh)
Nov  1 05:56:01 localhost CROND[917]: (root) CMD (bash /root/Documents/log.sh)
Nov  1 05:57:01 localhost CROND[923]: (root) CMD (bash /root/Documents/log.sh)
Nov  1 05:58:01 localhost CROND[929]: (root) CMD (bash /root/Documents/log.sh)
Nov  1 05:59:01 localhost CROND[934]: (root) CMD (bash /root/Documents/log.sh)
Nov  1 06:00:01 localhost CROND[939]: (root) CMD (bash /root/Documents/log.sh)
Nov  1 06:01:01 localhost CROND[946]: (root) CMD (bash /root/Documents/log.sh)
Nov  1 06:01:01 localhost CROND[948]: (root) CMD (run-parts /etc/cron.hourly)
Nov  1 06:01:01 localhost CROND[13705]: (root) CMD (run-parts /etc/cron.hourly)
Nov  1 06:02:01 localhost CROND[969]: (root) CMD (bash /root/Documents/log.sh)
Nov  1 06:03:01 localhost CROND[976]: (root) CMD (bash /root/Documents/log.sh)
Nov  1 06:04:01 localhost CROND[981]: (root) CMD (bash /root/Documents/log.sh)
Nov  1 06:05:01 localhost CROND[987]: (root) CMD (bash /root/Documents/log.sh)
Nov  1 06:06:01 localhost CROND[992]: (root) CMD (bash /root/Documents/log.sh)
Nov  1 06:07:01 localhost CROND[997]: (root) CMD (bash /root/Documents/log.sh)
Nov  1 06:08:01 localhost CROND[1004]: (root) CMD (bash /root/Documents/log.sh)
Nov  1 06:09:01 localhost CROND[1009]: (root) CMD (bash /root/Documents/log.sh)
Nov  1 06:10:01 localhost CROND[1014]: (root) CMD (bash /root/Documents/log.sh)
Nov  1 06:11:01 localhost CROND[1019]: (root) CMD (bash /root/Documents/log.sh)
Nov  1 06:12:01 localhost CROND[1024]: (root) CMD (bash /root/Documents/log.sh)
Nov  1 06:13:01 localhost CROND[1031]: (root) CMD (bash /root/Documents/log.sh)
Nov  1 06:14:01 localhost CROND[1036]: (root) CMD (bash /root/Documents/log.sh)
Nov  1 06:15:01 localhost CROND[1042]: (root) CMD (bash /root/Documents/log.sh)
Nov  1 06:16:01 localhost CROND[1047]: (root) CMD (bash /root/Documents/log.sh)
Nov  1 06:17:02 localhost CROND[1052]: (root) CMD (bash /root/Documents/log.sh)
Nov  1 06:18:01 localhost CROND[1059]: (root) CMD (bash /root/Documents/log.sh)
Nov  1 06:19:01 localhost CROND[1065]: (root) CMD (bash /root/Documents/log.sh)
Nov  1 06:20:01 localhost CROND[1070]: (root) CMD (bash /root/Documents/log.sh)
Nov  1 06:21:01 localhost CROND[1075]: (root) CMD (bash /root/Documents/log.sh)
Nov  1 06:22:01 localhost CROND[1080]: (root) CMD (bash /root/Documents/log.sh)
Nov  1 06:23:01 localhost CROND[1087]: (root) CMD (bash /root/Documents/log.sh)
Nov  1 06:24:01 localhost CROND[1092]: (root) CMD (bash /root/Documents/log.sh)
Nov  1 06:25:01 localhost CROND[1099]: (root) CMD (bash /root/Documents/log.sh)
Nov  1 06:26:01 localhost CROND[1104]: (root) CMD (bash /root/Documents/log.sh)
Nov  1 06:27:01 localhost CROND[1109]: (root) CMD (bash /root/Documents/log.sh)
Nov  1 06:28:01 localhost CROND[1115]: (root) CMD (bash /root/Documents/log.sh)
Nov  1 06:29:01 localhost CROND[1121]: (root) CMD (bash /root/Documents/log.sh)
Nov  1 06:30:01 localhost CROND[1127]: (root) CMD (bash /root/Documents/log.sh)
Nov  1 06:31:01 localhost CROND[1132]: (root) CMD (bash /root/Documents/log.sh)
Nov  1 06:32:01 localhost CROND[1137]: (root) CMD (bash /root/Documents/log.sh)
Nov  1 06:33:01 localhost CROND[1143]: (root) CMD (bash /root/Documents/log.sh)
Nov  1 06:34:01 localhost CROND[1149]: (root) CMD (bash /root/Documents/log.sh)
Nov  1 06:35:01 localhost CROND[1155]: (root) CMD (bash /root/Documents/log.sh)
Nov  1 06:36:01 localhost CROND[1161]: (root) CMD (bash /root/Documents/log.sh)
Nov  1 06:37:01 localhost CROND[1167]: (root) CMD (bash /root/Documents/log.sh)
Nov  1 06:38:02 localhost CROND[1173]: (root) CMD (bash /root/Documents/log.sh)
Nov  1 06:39:01 localhost CROND[1179]: (root) CMD (bash /root/Documents/log.sh)
Nov  1 06:40:01 localhost CROND[1184]: (root) CMD (bash /root/Documents/log.sh)
Nov  1 06:41:01 localhost CROND[1189]: (root) CMD (bash /root/Documents/log.sh)
Nov  1 06:42:01 localhost CROND[1194]: (root) CMD (bash /root/Documents/log.sh)
Nov  1 06:43:01 localhost CROND[1200]: (root) CMD (bash /root/Documents/log.sh)
Nov  1 06:44:01 localhost CROND[1206]: (root) CMD (bash /root/Documents/log.sh)
Nov  1 06:45:01 localhost CROND[1220]: (root) CMD (bash /root/Documents/log.sh)
Nov  1 06:46:01 localhost CROND[1225]: (root) CMD (bash /root/Documents/log.sh)
Nov  1 06:47:01 localhost CROND[1230]: (root) CMD (bash /root/Documents/log.sh)
Nov  1 06:48:01 localhost CROND[1237]: (root) CMD (bash /root/Documents/log.sh)
Nov  1 06:49:01 localhost CROND[1242]: (root) CMD (bash /root/Documents/log.sh)
Nov  1 06:50:01 localhost CROND[1252]: (root) CMD (bash /root/Documents/log.sh)
Nov  1 06:51:01 localhost CROND[1257]: (root) CMD (bash /root/Documents/log.sh)
Nov  1 06:52:01 localhost CROND[1262]: (root) CMD (bash /root/Documents/log.sh)
Nov  1 06:53:01 localhost CROND[1268]: (root) CMD (bash /root/Documents/log.sh)
Nov  1 06:54:01 localhost CROND[1273]: (root) CMD (bash /root/Documents/log.sh)
Nov  1 06:55:01 localhost CROND[1283]: (root) CMD (bash /root/Documents/log.sh)
Nov  1 06:56:01 localhost CROND[1288]: (root) CMD (bash /root/Documents/log.sh)
Nov  1 06:57:01 localhost CROND[1293]: (root) CMD (bash /root/Documents/log.sh)
Nov  1 06:58:01 localhost CROND[1299]: (root) CMD (bash /root/Documents/log.sh)
Nov  1 06:59:01 localhost CROND[1305]: (root) CMD (bash /root/Documents/log.sh)
Nov  1 07:00:01 localhost CROND[1311]: (root) CMD (bash /root/Documents/log.sh)
Nov  1 07:01:01 localhost CROND[1318]: (root) CMD (bash /root/Documents/log.sh)
Nov  1 07:01:01 localhost CROND[1319]: (root) CMD (run-parts /etc/cron.hourly)
Nov  1 07:01:01 localhost CROND[24952]: (root) CMD (run-parts /etc/cron.hourly)
Nov  1 07:02:01 localhost CROND[1340]: (root) CMD (bash /root/Documents/log.sh)
Nov  1 07:03:01 localhost CROND[1346]: (root) CMD (bash /root/Documents/log.sh)
Nov  1 07:04:01 localhost CROND[1351]: (root) CMD (bash /root/Documents/log.sh)
Nov  1 07:05:01 localhost CROND[1368]: (root) CMD (bash /root/Documents/log.sh)
Nov  1 07:06:01 localhost CROND[1373]: (root) CMD (bash /root/Documents/log.sh)
Nov  1 07:07:01 localhost CROND[1381]: (root) CMD (bash /root/Documents/log.sh)
Nov  1 07:08:01 localhost CROND[1387]: (root) CMD (bash /root/Documents/log.sh)
Nov  1 07:09:01 localhost CROND[1403]: (root) CMD (bash /root/Documents/log.sh)
Nov  1 07:10:01 localhost CROND[1411]: (root) CMD (bash /root/Documents/log.sh)
Nov  1 07:11:01 localhost CROND[1421]: (root) CMD (bash /root/Documents/log.sh)
Nov  1 07:12:01 localhost CROND[1427]: (root) CMD (bash /root/Documents/log.sh)
Nov  1 07:13:01 localhost CROND[1437]: (root) CMD (bash /root/Documents/log.sh)
Nov  1 07:14:01 localhost CROND[1449]: (root) CMD (bash /root/Documents/log.sh)
Nov  1 07:15:01 localhost CROND[1464]: (root) CMD (bash /root/Documents/log.sh)
Nov  1 07:16:01 localhost CROND[1478]: (root) CMD (bash /root/Documents/log.sh)
Nov  1 07:17:01 localhost CROND[1488]: (root) CMD (bash /root/Documents/log.sh)
Nov  1 07:18:02 localhost CROND[1500]: (root) CMD (bash /root/Documents/log.sh)
Nov  1 07:19:01 localhost CROND[1505]: (root) CMD (bash /root/Documents/log.sh)
Nov  1 07:20:01 localhost CROND[1510]: (root) CMD (bash /root/Documents/log.sh)
Nov  1 07:21:01 localhost CROND[1520]: (root) CMD (bash /root/Documents/log.sh)
Nov  1 07:22:01 localhost CROND[1525]: (root) CMD (bash /root/Documents/log.sh)
Nov  1 07:23:01 localhost CROND[1546]: (root) CMD (bash /root/Documents/log.sh)
Nov  1 07:24:01 localhost CROND[1554]: (root) CMD (bash /root/Documents/log.sh)
Nov  1 07:25:01 localhost CROND[1560]: (root) CMD (bash /root/Documents/log.sh)
Nov  1 07:26:01 localhost CROND[1567]: (root) CMD (bash /root/Documents/log.sh)
Nov  1 07:27:01 localhost CROND[1572]: (root) CMD (bash /root/Documents/log.sh)
Nov  1 07:28:01 localhost CROND[1579]: (root) CMD (bash /root/Documents/log.sh)
Nov  1 07:29:01 localhost CROND[1585]: (root) CMD (bash /root/Documents/log.sh)
Nov  1 07:30:01 localhost CROND[1594]: (root) CMD (bash /root/Documents/log.sh)
Nov  1 07:31:01 localhost CROND[1602]: (root) CMD (bash /root/Documents/log.sh)
Nov  1 07:32:01 localhost CROND[1616]: (root) CMD (bash /root/Documents/log.sh)
Nov  1 07:33:01 localhost CROND[1622]: (root) CMD (bash /root/Documents/log.sh)
Nov  1 07:34:01 localhost CROND[1627]: (root) CMD (bash /root/Documents/log.sh)
Nov  1 07:35:01 localhost CROND[1634]: (root) CMD (bash /root/Documents/log.sh)
Nov  1 07:36:01 localhost CROND[1639]: (root) CMD (bash /root/Documents/log.sh)
Nov  1 07:37:01 localhost CROND[1647]: (root) CMD (bash /root/Documents/log.sh)
Nov  1 07:38:01 localhost CROND[1658]: (root) CMD (bash /root/Documents/log.sh)
Nov  1 07:39:02 localhost CROND[1663]: (root) CMD (bash /root/Documents/log.sh)
Nov  1 07:40:01 localhost CROND[1672]: (root) CMD (bash /root/Documents/log.sh)
Nov  1 07:41:01 localhost CROND[1677]: (root) CMD (bash /root/Documents/log.sh)
Nov  1 07:42:01 localhost CROND[1683]: (root) CMD (bash /root/Documents/log.sh)
Nov  1 07:43:01 localhost CROND[1689]: (root) CMD (bash /root/Documents/log.sh)
Nov  1 07:44:01 localhost CROND[1694]: (root) CMD (bash /root/Documents/log.sh)
Nov  1 07:45:01 localhost CROND[1705]: (root) CMD (bash /root/Documents/log.sh)
Nov  1 07:46:01 localhost CROND[1710]: (root) CMD (bash /root/Documents/log.sh)
Nov  1 07:47:01 localhost CROND[1716]: (root) CMD (bash /root/Documents/log.sh)
Nov  1 07:48:01 localhost CROND[1722]: (root) CMD (bash /root/Documents/log.sh)
Nov  1 07:49:01 localhost CROND[1727]: (root) CMD (bash /root/Documents/log.sh)
Nov  1 07:50:01 localhost CROND[1733]: (root) CMD (bash /root/Documents/log.sh)
Nov  1 07:51:01 localhost CROND[1738]: (root) CMD (bash /root/Documents/log.sh)
Nov  1 07:52:01 localhost CROND[1743]: (root) CMD (bash /root/Documents/log.sh)
Nov  1 07:53:01 localhost CROND[1750]: (root) CMD (bash /root/Documents/log.sh)
Nov  1 07:54:01 localhost CROND[1755]: (root) CMD (bash /root/Documents/log.sh)
Nov  1 07:55:01 localhost CROND[1764]: (root) CMD (bash /root/Documents/log.sh)
Nov  1 07:56:01 localhost CROND[1769]: (root) CMD (bash /root/Documents/log.sh)
Nov  1 07:57:01 localhost CROND[1774]: (root) CMD (bash /root/Documents/log.sh)
Nov  1 07:58:01 localhost CROND[1781]: (root) CMD (bash /root/Documents/log.sh)
Nov  1 07:59:02 localhost CROND[1786]: (root) CMD (bash /root/Documents/log.sh)
Nov  1 08:00:01 localhost CROND[1791]: (root) CMD (bash /root/Documents/log.sh)
Nov  1 08:01:01 localhost CROND[1798]: (root) CMD (bash /root/Documents/log.sh)
Nov  1 08:01:01 localhost CROND[1801]: (root) CMD (run-parts /etc/cron.hourly)
Nov  1 08:01:01 localhost CROND[3396]: (root) CMD (run-parts /etc/cron.hourly)
Nov  1 08:02:01 localhost CROND[1820]: (root) CMD (bash /root/Documents/log.sh)
Nov  1 08:03:01 localhost CROND[1827]: (root) CMD (bash /root/Documents/log.sh)
Nov  1 08:04:01 localhost CROND[1832]: (root) CMD (bash /root/Documents/log.sh)
Nov  1 08:05:01 localhost CROND[1838]: (root) CMD (bash /root/Documents/log.sh)
Nov  1 08:06:01 localhost CROND[1843]: (root) CMD (bash /root/Documents/log.sh)
Nov  1 08:07:01 localhost CROND[1848]: (root) CMD (bash /root/Documents/log.sh)
Nov  1 08:08:01 localhost CROND[1855]: (root) CMD (bash /root/Documents/log.sh)
Nov  1 08:09:01 localhost CROND[1860]: (root) CMD (bash /root/Documents/log.sh)
Nov  1 08:10:01 localhost CROND[1865]: (root) CMD (bash /root/Documents/log.sh)
Nov  1 08:11:01 localhost CROND[1870]: (root) CMD (bash /root/Documents/log.sh)
Nov  1 08:12:01 localhost CROND[1875]: (root) CMD (bash /root/Documents/log.sh)
Nov  1 08:13:01 localhost CROND[1881]: (root) CMD (bash /root/Documents/log.sh)
Nov  1 08:14:01 localhost CROND[1887]: (root) CMD (bash /root/Documents/log.sh)
Nov  1 08:15:01 localhost CROND[1893]: (root) CMD (bash /root/Documents/log.sh)
Nov  1 08:16:01 localhost CROND[1898]: (root) CMD (bash /root/Documents/log.sh)
Nov  1 08:17:01 localhost CROND[1903]: (root) CMD (bash /root/Documents/log.sh)
Nov  1 08:18:02 localhost CROND[1909]: (root) CMD (bash /root/Documents/log.sh)
Nov  1 08:19:01 localhost CROND[1915]: (root) CMD (bash /root/Documents/log.sh)
Nov  1 08:20:01 localhost CROND[1920]: (root) CMD (bash /root/Documents/log.sh)
Nov  1 08:21:01 localhost CROND[1925]: (root) CMD (bash /root/Documents/log.sh)
Nov  1 08:22:01 localhost CROND[1930]: (root) CMD (bash /root/Documents/log.sh)
Nov  1 08:23:01 localhost CROND[1936]: (root) CMD (bash /root/Documents/log.sh)
Nov  1 08:24:01 localhost CROND[1942]: (root) CMD (bash /root/Documents/log.sh)
Nov  1 08:25:01 localhost CROND[1948]: (root) CMD (bash /root/Documents/log.sh)
Nov  1 08:26:01 localhost CROND[1953]: (root) CMD (bash /root/Documents/log.sh)
Nov  1 08:27:01 localhost CROND[1959]: (root) CMD (bash /root/Documents/log.sh)
Nov  1 08:28:01 localhost CROND[1965]: (root) CMD (bash /root/Documents/log.sh)
Nov  1 08:29:01 localhost CROND[1971]: (root) CMD (bash /root/Documents/log.sh)
Nov  1 08:30:01 localhost CROND[1976]: (root) CMD (bash /root/Documents/log.sh)
Nov  1 08:31:01 localhost CROND[1981]: (root) CMD (bash /root/Documents/log.sh)
Nov  1 08:32:01 localhost CROND[1986]: (root) CMD (bash /root/Documents/log.sh)
Nov  1 08:33:01 localhost CROND[1992]: (root) CMD (bash /root/Documents/log.sh)
Nov  1 08:34:01 localhost CROND[1997]: (root) CMD (bash /root/Documents/log.sh)
Nov  1 08:35:01 localhost CROND[2005]: (root) CMD (bash /root/Documents/log.sh)
Nov  1 08:36:01 localhost CROND[2010]: (root) CMD (bash /root/Documents/log.sh)
Nov  1 08:37:01 localhost CROND[2015]: (root) CMD (bash /root/Documents/log.sh)
Nov  1 08:38:01 localhost CROND[2021]: (root) CMD (bash /root/Documents/log.sh)
Nov  1 08:39:02 localhost CROND[2026]: (root) CMD (bash /root/Documents/log.sh)
Nov  1 08:40:01 localhost CROND[2032]: (root) CMD (bash /root/Documents/log.sh)
Nov  1 08:41:01 localhost CROND[2037]: (root) CMD (bash /root/Documents/log.sh)
Nov  1 08:42:01 localhost CROND[2042]: (root) CMD (bash /root/Documents/log.sh)
Nov  1 08:43:01 localhost CROND[2048]: (root) CMD (bash /root/Documents/log.sh)
Nov  1 08:44:01 localhost CROND[2053]: (root) CMD (bash /root/Documents/log.sh)
Nov  1 08:45:01 localhost CROND[2065]: (root) CMD (bash /root/Documents/log.sh)
Nov  1 08:46:01 localhost CROND[2070]: (root) CMD (bash /root/Documents/log.sh)
Nov  1 08:47:01 localhost CROND[2075]: (root) CMD (bash /root/Documents/log.sh)
Nov  1 08:48:01 localhost CROND[2081]: (root) CMD (bash /root/Documents/log.sh)
Nov  1 08:49:01 localhost CROND[2086]: (root) CMD (bash /root/Documents/log.sh)
Nov  1 08:50:01 localhost CROND[2095]: (root) CMD (bash /root/Documents/log.sh)
Nov  1 08:51:01 localhost CROND[2100]: (root) CMD (bash /root/Documents/log.sh)
Nov  1 08:52:01 localhost CROND[2105]: (root) CMD (bash /root/Documents/log.sh)
Nov  1 08:53:01 localhost CROND[2111]: (root) CMD (bash /root/Documents/log.sh)
Nov  1 08:54:01 localhost CROND[2116]: (root) CMD (bash /root/Documents/log.sh)
Nov  1 08:55:01 localhost CROND[2125]: (root) CMD (bash /root/Documents/log.sh)
Nov  1 08:56:01 localhost CROND[2131]: (root) CMD (bash /root/Documents/log.sh)
Nov  1 08:57:01 localhost CROND[2136]: (root) CMD (bash /root/Documents/log.sh)
Nov  1 08:58:01 localhost CROND[2142]: (root) CMD (bash /root/Documents/log.sh)
Nov  1 08:59:01 localhost CROND[2147]: (root) CMD (bash /root/Documents/log.sh)
Nov  1 09:00:01 localhost CROND[2152]: (root) CMD (bash /root/Documents/log.sh)
Nov  1 09:01:01 localhost CROND[2160]: (root) CMD (run-parts /etc/cron.hourly)
Nov  1 09:01:01 localhost CROND[2161]: (root) CMD (bash /root/Documents/log.sh)
Nov  1 09:01:01 localhost CROND[14644]: (root) CMD (run-parts /etc/cron.hourly)
Nov  1 09:02:01 localhost CROND[2183]: (root) CMD (bash /root/Documents/log.sh)
Nov  1 09:03:01 localhost CROND[2188]: (root) CMD (bash /root/Documents/log.sh)
Nov  1 09:04:01 localhost CROND[2194]: (root) CMD (bash /root/Documents/log.sh)
Nov  1 09:05:01 localhost CROND[2200]: (root) CMD (bash /root/Documents/log.sh)
Nov  1 09:06:01 localhost CROND[2206]: (root) CMD (bash /root/Documents/log.sh)
Nov  1 09:07:01 localhost CROND[2211]: (root) CMD (bash /root/Documents/log.sh)
Nov  1 09:08:01 localhost CROND[2216]: (root) CMD (bash /root/Documents/log.sh)
Nov  1 09:09:01 localhost CROND[2222]: (root) CMD (bash /root/Documents/log.sh)
Nov  1 09:10:01 localhost CROND[2227]: (root) CMD (bash /root/Documents/log.sh)
Nov  1 09:11:01 localhost CROND[2233]: (root) CMD (bash /root/Documents/log.sh)
Nov  1 09:12:01 localhost CROND[2238]: (root) CMD (bash /root/Documents/log.sh)
Nov  1 09:13:01 localhost CROND[2243]: (root) CMD (bash /root/Documents/log.sh)
Nov  1 09:14:01 localhost CROND[2250]: (root) CMD (bash /root/Documents/log.sh)
Nov  1 09:15:01 localhost CROND[2256]: (root) CMD (bash /root/Documents/log.sh)
Nov  1 09:16:01 localhost CROND[2261]: (root) CMD (bash /root/Documents/log.sh)
Nov  1 09:17:01 localhost CROND[2267]: (root) CMD (bash /root/Documents/log.sh)
Nov  1 09:18:01 localhost CROND[2272]: (root) CMD (bash /root/Documents/log.sh)
Nov  1 09:19:02 localhost CROND[2279]: (root) CMD (bash /root/Documents/log.sh)
Nov  1 09:20:01 localhost CROND[2301]: (root) CMD (bash /root/Documents/log.sh)
Nov  1 09:21:01 localhost CROND[2306]: (root) CMD (bash /root/Documents/log.sh)
Nov  1 09:22:01 localhost CROND[2313]: (root) CMD (bash /root/Documents/log.sh)
Nov  1 09:23:01 localhost CROND[2318]: (root) CMD (bash /root/Documents/log.sh)
Nov  1 09:24:01 localhost CROND[2324]: (root) CMD (bash /root/Documents/log.sh)
Nov  1 09:25:01 localhost CROND[2330]: (root) CMD (bash /root/Documents/log.sh)
Nov  1 09:26:01 localhost CROND[2335]: (root) CMD (bash /root/Documents/log.sh)
Nov  1 09:27:01 localhost CROND[2341]: (root) CMD (bash /root/Documents/log.sh)
Nov  1 09:28:01 localhost CROND[2346]: (root) CMD (bash /root/Documents/log.sh)
Nov  1 09:29:01 localhost CROND[2352]: (root) CMD (bash /root/Documents/log.sh)
Nov  1 09:30:01 localhost CROND[2359]: (root) CMD (bash /root/Documents/log.sh)
Nov  1 09:31:01 localhost CROND[2364]: (root) CMD (bash /root/Documents/log.sh)
Nov  1 09:32:01 localhost CROND[2370]: (root) CMD (bash /root/Documents/log.sh)
Nov  1 09:33:01 localhost CROND[2375]: (root) CMD (bash /root/Documents/log.sh)
Nov  1 09:34:01 localhost CROND[2381]: (root) CMD (bash /root/Documents/log.sh)
Nov  1 09:35:01 localhost CROND[2387]: (root) CMD (bash /root/Documents/log.sh)
Nov  1 09:36:01 localhost CROND[2392]: (root) CMD (bash /root/Documents/log.sh)
Nov  1 09:37:01 localhost CROND[2397]: (root) CMD (bash /root/Documents/log.sh)
Nov  1 09:38:01 localhost CROND[2404]: (root) CMD (bash /root/Documents/log.sh)
Nov  1 09:39:01 localhost CROND[2410]: (root) CMD (bash /root/Documents/log.sh)
Nov  1 09:40:02 localhost CROND[2415]: (root) CMD (bash /root/Documents/log.sh)
Nov  1 09:41:01 localhost CROND[2420]: (root) CMD (bash /root/Documents/log.sh)
Nov  1 09:42:01 localhost CROND[2425]: (root) CMD (bash /root/Documents/log.sh)
Nov  1 09:43:01 localhost CROND[2431]: (root) CMD (bash /root/Documents/log.sh)
Nov  1 09:44:01 localhost CROND[2437]: (root) CMD (bash /root/Documents/log.sh)
Nov  1 09:45:01 localhost CROND[2448]: (root) CMD (bash /root/Documents/log.sh)
Nov  1 09:46:01 localhost CROND[2453]: (root) CMD (bash /root/Documents/log.sh)
Nov  1 09:47:01 localhost CROND[2458]: (root) CMD (bash /root/Documents/log.sh)
Nov  1 09:48:01 localhost CROND[2464]: (root) CMD (bash /root/Documents/log.sh)
Nov  1 09:49:01 localhost CROND[2470]: (root) CMD (bash /root/Documents/log.sh)
Nov  1 09:50:01 localhost CROND[2476]: (root) CMD (bash /root/Documents/log.sh)
Nov  1 09:51:01 localhost CROND[2482]: (root) CMD (bash /root/Documents/log.sh)
Nov  1 09:52:01 localhost CROND[2487]: (root) CMD (bash /root/Documents/log.sh)
Nov  1 09:53:01 localhost CROND[2493]: (root) CMD (bash /root/Documents/log.sh)
Nov  1 09:54:01 localhost CROND[2499]: (root) CMD (bash /root/Documents/log.sh)
Nov  1 09:55:01 localhost CROND[2508]: (root) CMD (bash /root/Documents/log.sh)
Nov  1 09:56:01 localhost CROND[2513]: (root) CMD (bash /root/Documents/log.sh)
Nov  1 09:57:01 localhost CROND[2518]: (root) CMD (bash /root/Documents/log.sh)
Nov  1 09:58:01 localhost CROND[2523]: (root) CMD (bash /root/Documents/log.sh)
Nov  1 09:59:01 localhost CROND[2530]: (root) CMD (bash /root/Documents/log.sh)
Nov  1 10:00:01 localhost CROND[2535]: (root) CMD (bash /root/Documents/log.sh)
Nov  1 10:01:01 localhost CROND[25722]: (root) CMD (run-parts /etc/cron.hourly)
Nov  1 10:01:02 localhost CROND[2542]: (root) CMD (bash /root/Documents/log.sh)
Nov  1 10:01:02 localhost CROND[2545]: (root) CMD (run-parts /etc/cron.hourly)
Nov  1 10:02:01 localhost CROND[2565]: (root) CMD (bash /root/Documents/log.sh)
Nov  1 10:03:01 localhost CROND[2570]: (root) CMD (bash /root/Documents/log.sh)
Nov  1 10:04:01 localhost CROND[2577]: (root) CMD (bash /root/Documents/log.sh)
Nov  1 10:05:01 localhost CROND[2583]: (root) CMD (bash /root/Documents/log.sh)
Nov  1 10:06:01 localhost CROND[2589]: (root) CMD (bash /root/Documents/log.sh)
Nov  1 10:07:01 localhost CROND[2594]: (root) CMD (bash /root/Documents/log.sh)
Nov  1 10:08:01 localhost CROND[2599]: (root) CMD (bash /root/Documents/log.sh)
Nov  1 10:09:01 localhost CROND[2606]: (root) CMD (bash /root/Documents/log.sh)
Nov  1 10:10:01 localhost CROND[2611]: (root) CMD (bash /root/Documents/log.sh)
Nov  1 10:11:01 localhost CROND[2616]: (root) CMD (bash /root/Documents/log.sh)
Nov  1 10:12:01 localhost CROND[2621]: (root) CMD (bash /root/Documents/log.sh)
Nov  1 10:13:01 localhost CROND[2627]: (root) CMD (bash /root/Documents/log.sh)
Nov  1 10:14:01 localhost CROND[2634]: (root) CMD (bash /root/Documents/log.sh)
Nov  1 10:15:01 localhost CROND[2640]: (root) CMD (bash /root/Documents/log.sh)
Nov  1 10:16:01 localhost CROND[2645]: (root) CMD (bash /root/Documents/log.sh)
Nov  1 10:17:01 localhost CROND[2650]: (root) CMD (bash /root/Documents/log.sh)
Nov  1 10:18:01 localhost CROND[2655]: (root) CMD (bash /root/Documents/log.sh)
Nov  1 10:19:01 localhost CROND[2661]: (root) CMD (bash /root/Documents/log.sh)
Nov  1 10:20:02 localhost CROND[2667]: (root) CMD (bash /root/Documents/log.sh)
Nov  1 10:21:01 localhost CROND[2673]: (root) CMD (bash /root/Documents/log.sh)
Nov  1 10:22:01 localhost CROND[2678]: (root) CMD (bash /root/Documents/log.sh)
Nov  1 10:23:01 localhost CROND[2683]: (root) CMD (bash /root/Documents/log.sh)
Nov  1 10:24:01 localhost CROND[2689]: (root) CMD (bash /root/Documents/log.sh)
Nov  1 10:25:01 localhost CROND[2697]: (root) CMD (bash /root/Documents/log.sh)
Nov  1 10:26:01 localhost CROND[2702]: (root) CMD (bash /root/Documents/log.sh)
Nov  1 10:27:01 localhost CROND[2707]: (root) CMD (bash /root/Documents/log.sh)
Nov  1 10:28:01 localhost CROND[2712]: (root) CMD (bash /root/Documents/log.sh)
Nov  1 10:29:01 localhost CROND[2718]: (root) CMD (bash /root/Documents/log.sh)
Nov  1 10:30:01 localhost CROND[2724]: (root) CMD (bash /root/Documents/log.sh)
Nov  1 10:31:01 localhost CROND[2729]: (root) CMD (bash /root/Documents/log.sh)
Nov  1 10:32:01 localhost CROND[2734]: (root) CMD (bash /root/Documents/log.sh)
Nov  1 10:33:01 localhost CROND[2739]: (root) CMD (bash /root/Documents/log.sh)
Nov  1 10:34:01 localhost CROND[2746]: (root) CMD (bash /root/Documents/log.sh)
Nov  1 10:35:01 localhost CROND[2754]: (root) CMD (bash /root/Documents/log.sh)
Nov  1 10:36:01 localhost CROND[2759]: (root) CMD (bash /root/Documents/log.sh)
Nov  1 10:37:01 localhost CROND[2764]: (root) CMD (bash /root/Documents/log.sh)
Nov  1 10:38:01 localhost CROND[2769]: (root) CMD (bash /root/Documents/log.sh)
Nov  1 10:39:01 localhost CROND[2775]: (root) CMD (bash /root/Documents/log.sh)
Nov  1 10:40:01 localhost CROND[2780]: (root) CMD (bash /root/Documents/log.sh)
Nov  1 10:41:02 localhost CROND[2786]: (root) CMD (bash /root/Documents/log.sh)
Nov  1 10:42:01 localhost CROND[2791]: (root) CMD (bash /root/Documents/log.sh)
Nov  1 10:43:01 localhost CROND[2796]: (root) CMD (bash /root/Documents/log.sh)
Nov  1 10:44:01 localhost CROND[2802]: (root) CMD (bash /root/Documents/log.sh)
Nov  1 10:45:01 localhost CROND[2813]: (root) CMD (bash /root/Documents/log.sh)
Nov  1 10:46:01 localhost CROND[2819]: (root) CMD (bash /root/Documents/log.sh)
Nov  1 10:47:01 localhost CROND[2824]: (root) CMD (bash /root/Documents/log.sh)
Nov  1 10:48:01 localhost CROND[2829]: (root) CMD (bash /root/Documents/log.sh)
Nov  1 10:49:01 localhost CROND[2835]: (root) CMD (bash /root/Documents/log.sh)
Nov  1 10:50:01 localhost CROND[2842]: (root) CMD (bash /root/Documents/log.sh)
Nov  1 10:51:01 localhost CROND[2848]: (root) CMD (bash /root/Documents/log.sh)
Nov  1 10:52:01 localhost CROND[2853]: (root) CMD (bash /root/Documents/log.sh)
Nov  1 10:53:01 localhost CROND[2858]: (root) CMD (bash /root/Documents/log.sh)
Nov  1 10:54:01 localhost CROND[2864]: (root) CMD (bash /root/Documents/log.sh)
Nov  1 10:55:01 localhost CROND[2873]: (root) CMD (bash /root/Documents/log.sh)
Nov  1 10:56:01 localhost CROND[2879]: (root) CMD (bash /root/Documents/log.sh)
Nov  1 10:57:01 localhost CROND[2884]: (root) CMD (bash /root/Documents/log.sh)
Nov  1 10:58:01 localhost CROND[2889]: (root) CMD (bash /root/Documents/log.sh)
Nov  1 10:59:01 localhost CROND[2896]: (root) CMD (bash /root/Documents/log.sh)
Nov  1 11:00:01 localhost CROND[2901]: (root) CMD (bash /root/Documents/log.sh)
Nov  1 11:01:01 localhost CROND[4519]: (root) CMD (run-parts /etc/cron.hourly)
Nov  1 11:01:02 localhost CROND[2908]: (root) CMD (bash /root/Documents/log.sh)
Nov  1 11:01:02 localhost CROND[2909]: (root) CMD (run-parts /etc/cron.hourly)
Nov  1 11:02:01 localhost CROND[2931]: (root) CMD (bash /root/Documents/log.sh)
Nov  1 11:03:01 localhost CROND[2936]: (root) CMD (bash /root/Documents/log.sh)
Nov  1 11:04:01 localhost CROND[2942]: (root) CMD (bash /root/Documents/log.sh)
Nov  1 11:05:01 localhost CROND[2948]: (root) CMD (bash /root/Documents/log.sh)
Nov  1 11:06:01 localhost CROND[2953]: (root) CMD (bash /root/Documents/log.sh)
Nov  1 11:07:01 localhost CROND[2959]: (root) CMD (bash /root/Documents/log.sh)
Nov  1 11:08:01 localhost CROND[2964]: (root) CMD (bash /root/Documents/log.sh)
Nov  1 11:09:01 localhost CROND[2970]: (root) CMD (bash /root/Documents/log.sh)
Nov  1 11:10:01 localhost CROND[2975]: (root) CMD (bash /root/Documents/log.sh)
Nov  1 11:11:01 localhost CROND[2981]: (root) CMD (bash /root/Documents/log.sh)
Nov  1 11:12:01 localhost CROND[2987]: (root) CMD (bash /root/Documents/log.sh)
Nov  1 11:13:01 localhost CROND[2992]: (root) CMD (bash /root/Documents/log.sh)
Nov  1 11:14:01 localhost CROND[2998]: (root) CMD (bash /root/Documents/log.sh)
Nov  1 11:15:01 localhost CROND[3004]: (root) CMD (bash /root/Documents/log.sh)
Nov  1 11:16:01 localhost CROND[3009]: (root) CMD (bash /root/Documents/log.sh)
Nov  1 11:17:01 localhost CROND[3015]: (root) CMD (bash /root/Documents/log.sh)
Nov  1 11:18:01 localhost CROND[3020]: (root) CMD (bash /root/Documents/log.sh)
Nov  1 11:19:01 localhost CROND[3026]: (root) CMD (bash /root/Documents/log.sh)
Nov  1 11:20:02 localhost CROND[3031]: (root) CMD (bash /root/Documents/log.sh)
Nov  1 11:21:01 localhost CROND[3036]: (root) CMD (bash /root/Documents/log.sh)
Nov  1 11:22:01 localhost CROND[3041]: (root) CMD (bash /root/Documents/log.sh)
Nov  1 11:23:01 localhost CROND[3047]: (root) CMD (bash /root/Documents/log.sh)
Nov  1 11:24:01 localhost CROND[3054]: (root) CMD (bash /root/Documents/log.sh)
Nov  1 11:25:01 localhost CROND[3060]: (root) CMD (bash /root/Documents/log.sh)
Nov  1 11:26:01 localhost CROND[3065]: (root) CMD (bash /root/Documents/log.sh)
Nov  1 11:27:01 localhost CROND[3070]: (root) CMD (bash /root/Documents/log.sh)
Nov  1 11:28:01 localhost CROND[3076]: (root) CMD (bash /root/Documents/log.sh)
Nov  1 11:29:01 localhost CROND[3082]: (root) CMD (bash /root/Documents/log.sh)
Nov  1 11:30:01 localhost CROND[3087]: (root) CMD (bash /root/Documents/log.sh)
Nov  1 11:31:01 localhost CROND[3092]: (root) CMD (bash /root/Documents/log.sh)
Nov  1 11:32:01 localhost CROND[3098]: (root) CMD (bash /root/Documents/log.sh)
Nov  1 11:33:01 localhost CROND[3104]: (root) CMD (bash /root/Documents/log.sh)
Nov  1 11:34:01 localhost CROND[3110]: (root) CMD (bash /root/Documents/log.sh)
Nov  1 11:35:01 localhost CROND[3116]: (root) CMD (bash /root/Documents/log.sh)
Nov  1 11:36:01 localhost CROND[3121]: (root) CMD (bash /root/Documents/log.sh)
Nov  1 11:37:01 localhost CROND[3126]: (root) CMD (bash /root/Documents/log.sh)
Nov  1 11:38:01 localhost CROND[3133]: (root) CMD (bash /root/Documents/log.sh)
Nov  1 11:39:01 localhost CROND[3139]: (root) CMD (bash /root/Documents/log.sh)
Nov  1 11:40:01 localhost CROND[3144]: (root) CMD (bash /root/Documents/log.sh)
Nov  1 11:41:02 localhost CROND[3149]: (root) CMD (bash /root/Documents/log.sh)
Nov  1 11:42:01 localhost CROND[3154]: (root) CMD (bash /root/Documents/log.sh)
Nov  1 11:43:01 localhost CROND[3159]: (root) CMD (bash /root/Documents/log.sh)
Nov  1 11:44:01 localhost CROND[3166]: (root) CMD (bash /root/Documents/log.sh)
Nov  1 11:45:01 localhost CROND[3178]: (root) CMD (bash /root/Documents/log.sh)
Nov  1 11:46:01 localhost CROND[3183]: (root) CMD (bash /root/Documents/log.sh)
Nov  1 11:47:01 localhost CROND[3188]: (root) CMD (bash /root/Documents/log.sh)
Nov  1 11:48:01 localhost CROND[3193]: (root) CMD (bash /root/Documents/log.sh)
Nov  1 11:49:01 localhost CROND[3200]: (root) CMD (bash /root/Documents/log.sh)
Nov  1 11:50:01 localhost CROND[3206]: (root) CMD (bash /root/Documents/log.sh)
Nov  1 11:51:01 localhost CROND[3211]: (root) CMD (bash /root/Documents/log.sh)
Nov  1 11:52:01 localhost CROND[3216]: (root) CMD (bash /root/Documents/log.sh)
Nov  1 11:53:01 localhost CROND[3221]: (root) CMD (bash /root/Documents/log.sh)
Nov  1 11:54:01 localhost CROND[3228]: (root) CMD (bash /root/Documents/log.sh)
Nov  1 11:55:01 localhost CROND[3237]: (root) CMD (bash /root/Documents/log.sh)
Nov  1 11:56:01 localhost CROND[3242]: (root) CMD (bash /root/Documents/log.sh)
Nov  1 11:57:01 localhost CROND[3247]: (root) CMD (bash /root/Documents/log.sh)
Nov  1 11:58:01 localhost CROND[3252]: (root) CMD (bash /root/Documents/log.sh)
Nov  1 11:59:01 localhost CROND[3259]: (root) CMD (bash /root/Documents/log.sh)
Nov  1 12:00:01 localhost CROND[3264]: (root) CMD (bash /root/Documents/log.sh)
Nov  1 12:01:01 localhost CROND[15173]: (root) CMD (run-parts /etc/cron.hourly)
Nov  1 12:01:01 localhost CROND[3272]: (root) CMD (bash /root/Documents/log.sh)
Nov  1 12:01:02 localhost CROND[3274]: (root) CMD (run-parts /etc/cron.hourly)
Nov  1 12:02:01 localhost CROND[3294]: (root) CMD (bash /root/Documents/log.sh)
Nov  1 12:03:01 localhost CROND[3299]: (root) CMD (bash /root/Documents/log.sh)
Nov  1 12:04:01 localhost CROND[3305]: (root) CMD (bash /root/Documents/log.sh)
Nov  1 12:05:01 localhost CROND[3312]: (root) CMD (bash /root/Documents/log.sh)
Nov  1 12:06:01 localhost CROND[3317]: (root) CMD (bash /root/Documents/log.sh)
Nov  1 12:07:01 localhost CROND[3322]: (root) CMD (bash /root/Documents/log.sh)
Nov  1 12:08:01 localhost CROND[3328]: (root) CMD (bash /root/Documents/log.sh)
Nov  1 12:09:01 localhost CROND[3334]: (root) CMD (bash /root/Documents/log.sh)
Nov  1 12:10:01 localhost CROND[3340]: (root) CMD (bash /root/Documents/log.sh)
Nov  1 12:11:01 localhost CROND[3345]: (root) CMD (bash /root/Documents/log.sh)
Nov  1 12:12:01 localhost CROND[3350]: (root) CMD (bash /root/Documents/log.sh)
Nov  1 12:13:01 localhost CROND[3355]: (root) CMD (bash /root/Documents/log.sh)
Nov  1 12:14:01 localhost CROND[3361]: (root) CMD (bash /root/Documents/log.sh)
Nov  1 12:15:01 localhost CROND[3368]: (root) CMD (bash /root/Documents/log.sh)
Nov  1 12:16:01 localhost CROND[3373]: (root) CMD (bash /root/Documents/log.sh)
Nov  1 12:17:01 localhost CROND[3379]: (root) CMD (bash /root/Documents/log.sh)
Nov  1 12:18:01 localhost CROND[3384]: (root) CMD (bash /root/Documents/log.sh)
Nov  1 12:19:01 localhost CROND[3389]: (root) CMD (bash /root/Documents/log.sh)
Nov  1 12:20:01 localhost CROND[3395]: (root) CMD (bash /root/Documents/log.sh)
Nov  1 12:21:02 localhost CROND[3400]: (root) CMD (bash /root/Documents/log.sh)
Nov  1 12:22:01 localhost CROND[3406]: (root) CMD (bash /root/Documents/log.sh)
Nov  1 12:23:01 localhost CROND[3411]: (root) CMD (bash /root/Documents/log.sh)
Nov  1 12:24:01 localhost CROND[3416]: (root) CMD (bash /root/Documents/log.sh)
Nov  1 12:25:01 localhost CROND[3422]: (root) CMD (bash /root/Documents/log.sh)
Nov  1 12:26:01 localhost CROND[3428]: (root) CMD (bash /root/Documents/log.sh)
Nov  1 12:27:01 localhost CROND[3434]: (root) CMD (bash /root/Documents/log.sh)
Nov  1 12:28:01 localhost CROND[3439]: (root) CMD (bash /root/Documents/log.sh)
Nov  1 12:29:01 localhost CROND[3444]: (root) CMD (bash /root/Documents/log.sh)
Nov  1 12:30:01 localhost CROND[3449]: (root) CMD (bash /root/Documents/log.sh)
Nov  1 12:31:01 localhost CROND[3455]: (root) CMD (bash /root/Documents/log.sh)
Nov  1 12:32:01 localhost CROND[3461]: (root) CMD (bash /root/Documents/log.sh)
Nov  1 12:33:01 localhost CROND[3466]: (root) CMD (bash /root/Documents/log.sh)
Nov  1 12:34:01 localhost CROND[3471]: (root) CMD (bash /root/Documents/log.sh)
Nov  1 12:35:01 localhost CROND[3477]: (root) CMD (bash /root/Documents/log.sh)
Nov  1 12:36:01 localhost CROND[3483]: (root) CMD (bash /root/Documents/log.sh)
Nov  1 12:37:01 localhost CROND[3489]: (root) CMD (bash /root/Documents/log.sh)
Nov  1 12:38:01 localhost CROND[3495]: (root) CMD (bash /root/Documents/log.sh)
Nov  1 12:39:01 localhost CROND[3500]: (root) CMD (bash /root/Documents/log.sh)
Nov  1 12:40:01 localhost CROND[3505]: (root) CMD (bash /root/Documents/log.sh)
Nov  1 12:41:02 localhost CROND[3511]: (root) CMD (bash /root/Documents/log.sh)
Nov  1 12:42:01 localhost CROND[3517]: (root) CMD (bash /root/Documents/log.sh)
Nov  1 12:43:01 localhost CROND[3522]: (root) CMD (bash /root/Documents/log.sh)
Nov  1 12:44:01 localhost CROND[3528]: (root) CMD (bash /root/Documents/log.sh)
Nov  1 12:45:01 localhost CROND[3540]: (root) CMD (bash /root/Documents/log.sh)
Nov  1 12:46:01 localhost CROND[3545]: (root) CMD (bash /root/Documents/log.sh)
Nov  1 12:47:01 localhost CROND[3552]: (root) CMD (bash /root/Documents/log.sh)
Nov  1 12:48:01 localhost CROND[3557]: (root) CMD (bash /root/Documents/log.sh)
Nov  1 12:49:01 localhost CROND[3562]: (root) CMD (bash /root/Documents/log.sh)
Nov  1 12:50:01 localhost CROND[3568]: (root) CMD (bash /root/Documents/log.sh)
Nov  1 12:51:01 localhost CROND[3573]: (root) CMD (bash /root/Documents/log.sh)
Nov  1 12:52:01 localhost CROND[3580]: (root) CMD (bash /root/Documents/log.sh)
Nov  1 12:53:01 localhost CROND[3585]: (root) CMD (bash /root/Documents/log.sh)
Nov  1 12:54:01 localhost CROND[3590]: (root) CMD (bash /root/Documents/log.sh)
Nov  1 12:55:01 localhost CROND[3599]: (root) CMD (bash /root/Documents/log.sh)
Nov  1 12:56:01 localhost CROND[3604]: (root) CMD (bash /root/Documents/log.sh)
Nov  1 12:57:01 localhost CROND[3611]: (root) CMD (bash /root/Documents/log.sh)
Nov  1 12:58:01 localhost CROND[3616]: (root) CMD (bash /root/Documents/log.sh)
Nov  1 12:59:01 localhost CROND[3621]: (root) CMD (bash /root/Documents/log.sh)
Nov  1 13:00:01 localhost CROND[3626]: (root) CMD (bash /root/Documents/log.sh)
Nov  1 13:01:01 localhost CROND[25747]: (root) CMD (run-parts /etc/cron.hourly)
Nov  1 13:01:01 localhost CROND[3633]: (root) CMD (bash /root/Documents/log.sh)
Nov  1 13:01:01 localhost CROND[3635]: (root) CMD (run-parts /etc/cron.hourly)
Nov  1 13:02:01 localhost CROND[3657]: (root) CMD (bash /root/Documents/log.sh)
Nov  1 13:03:01 localhost CROND[3662]: (root) CMD (bash /root/Documents/log.sh)
Nov  1 13:04:01 localhost CROND[3667]: (root) CMD (bash /root/Documents/log.sh)
Nov  1 13:05:01 localhost CROND[3673]: (root) CMD (bash /root/Documents/log.sh)
Nov  1 13:06:01 localhost CROND[3679]: (root) CMD (bash /root/Documents/log.sh)
Nov  1 13:07:01 localhost CROND[3685]: (root) CMD (bash /root/Documents/log.sh)
Nov  1 13:08:01 localhost CROND[3691]: (root) CMD (bash /root/Documents/log.sh)
Nov  1 13:09:01 localhost CROND[3696]: (root) CMD (bash /root/Documents/log.sh)
Nov  1 13:10:01 localhost CROND[3701]: (root) CMD (bash /root/Documents/log.sh)
Nov  1 13:11:01 localhost CROND[3706]: (root) CMD (bash /root/Documents/log.sh)
Nov  1 13:12:01 localhost CROND[3712]: (root) CMD (bash /root/Documents/log.sh)
Nov  1 13:13:01 localhost CROND[3718]: (root) CMD (bash /root/Documents/log.sh)
Nov  1 13:14:01 localhost CROND[3723]: (root) CMD (bash /root/Documents/log.sh)
Nov  1 13:15:01 localhost CROND[3730]: (root) CMD (bash /root/Documents/log.sh)
Nov  1 13:16:01 localhost CROND[3735]: (root) CMD (bash /root/Documents/log.sh)
Nov  1 13:17:01 localhost CROND[3741]: (root) CMD (bash /root/Documents/log.sh)
Nov  1 13:18:01 localhost CROND[3747]: (root) CMD (bash /root/Documents/log.sh)
Nov  1 13:19:01 localhost CROND[3752]: (root) CMD (bash /root/Documents/log.sh)
Nov  1 13:20:01 localhost CROND[3757]: (root) CMD (bash /root/Documents/log.sh)
Nov  1 13:21:02 localhost CROND[3762]: (root) CMD (bash /root/Documents/log.sh)
Nov  1 13:22:01 localhost CROND[3768]: (root) CMD (bash /root/Documents/log.sh)
Nov  1 13:23:01 localhost CROND[3774]: (root) CMD (bash /root/Documents/log.sh)
Nov  1 13:24:01 localhost CROND[3779]: (root) CMD (bash /root/Documents/log.sh)
Nov  1 13:25:01 localhost CROND[3785]: (root) CMD (bash /root/Documents/log.sh)
Nov  1 13:26:01 localhost CROND[3790]: (root) CMD (bash /root/Documents/log.sh)
Nov  1 13:27:01 localhost CROND[3796]: (root) CMD (bash /root/Documents/log.sh)
Nov  1 13:28:01 localhost CROND[3801]: (root) CMD (bash /root/Documents/log.sh)
Nov  1 13:29:01 localhost CROND[3807]: (root) CMD (bash /root/Documents/log.sh)
Nov  1 13:30:01 localhost CROND[3812]: (root) CMD (bash /root/Documents/log.sh)
Nov  1 13:31:01 localhost CROND[3818]: (root) CMD (bash /root/Documents/log.sh)
Nov  1 13:32:01 localhost CROND[3824]: (root) CMD (bash /root/Documents/log.sh)
Nov  1 13:33:01 localhost CROND[3829]: (root) CMD (bash /root/Documents/log.sh)
Nov  1 13:34:01 localhost CROND[3835]: (root) CMD (bash /root/Documents/log.sh)
Nov  1 13:35:01 localhost CROND[3841]: (root) CMD (bash /root/Documents/log.sh)
Nov  1 13:36:01 localhost CROND[3846]: (root) CMD (bash /root/Documents/log.sh)
Nov  1 13:37:01 localhost CROND[3852]: (root) CMD (bash /root/Documents/log.sh)
Nov  1 13:38:01 localhost CROND[3857]: (root) CMD (bash /root/Documents/log.sh)
Nov  1 13:39:01 localhost CROND[3863]: (root) CMD (bash /root/Documents/log.sh)
Nov  1 13:40:01 localhost CROND[3868]: (root) CMD (bash /root/Documents/log.sh)
Nov  1 13:41:01 localhost CROND[3875]: (root) CMD (bash /root/Documents/log.sh)
Nov  1 13:42:02 localhost CROND[3880]: (root) CMD (bash /root/Documents/log.sh)
Nov  1 13:43:01 localhost CROND[3885]: (root) CMD (bash /root/Documents/log.sh)
Nov  1 13:44:01 localhost CROND[3891]: (root) CMD (bash /root/Documents/log.sh)
Nov  1 13:45:01 localhost CROND[3902]: (root) CMD (bash /root/Documents/log.sh)
Nov  1 13:46:01 localhost CROND[3908]: (root) CMD (bash /root/Documents/log.sh)
Nov  1 13:47:01 localhost CROND[3913]: (root) CMD (bash /root/Documents/log.sh)
Nov  1 13:48:01 localhost CROND[3918]: (root) CMD (bash /root/Documents/log.sh)
Nov  1 13:49:01 localhost CROND[3923]: (root) CMD (bash /root/Documents/log.sh)
Nov  1 13:50:01 localhost CROND[3930]: (root) CMD (bash /root/Documents/log.sh)
Nov  1 13:51:01 localhost CROND[3936]: (root) CMD (bash /root/Documents/log.sh)
Nov  1 13:52:01 localhost CROND[3941]: (root) CMD (bash /root/Documents/log.sh)
Nov  1 13:53:01 localhost CROND[3946]: (root) CMD (bash /root/Documents/log.sh)
Nov  1 13:54:01 localhost CROND[3951]: (root) CMD (bash /root/Documents/log.sh)
Nov  1 13:55:01 localhost CROND[3961]: (root) CMD (bash /root/Documents/log.sh)
Nov  1 13:56:01 localhost CROND[3967]: (root) CMD (bash /root/Documents/log.sh)
Nov  1 13:57:01 localhost CROND[3972]: (root) CMD (bash /root/Documents/log.sh)
Nov  1 13:58:01 localhost CROND[3977]: (root) CMD (bash /root/Documents/log.sh)
Nov  1 13:59:01 localhost CROND[3982]: (root) CMD (bash /root/Documents/log.sh)
Nov  1 14:00:01 localhost CROND[3988]: (root) CMD (bash /root/Documents/log.sh)
Nov  1 14:01:01 localhost CROND[3831]: (root) CMD (run-parts /etc/cron.hourly)
Nov  1 14:01:01 localhost CROND[3996]: (root) CMD (bash /root/Documents/log.sh)
Nov  1 14:01:01 localhost CROND[3998]: (root) CMD (run-parts /etc/cron.hourly)
Nov  1 14:02:01 localhost CROND[4018]: (root) CMD (bash /root/Documents/log.sh)
Nov  1 14:03:01 localhost CROND[4023]: (root) CMD (bash /root/Documents/log.sh)
Nov  1 14:04:01 localhost CROND[4028]: (root) CMD (bash /root/Documents/log.sh)
Nov  1 14:05:01 localhost CROND[4035]: (root) CMD (bash /root/Documents/log.sh)
Nov  1 14:06:01 localhost CROND[4041]: (root) CMD (bash /root/Documents/log.sh)
Nov  1 14:07:01 localhost CROND[4046]: (root) CMD (bash /root/Documents/log.sh)
Nov  1 14:08:01 localhost CROND[4052]: (root) CMD (bash /root/Documents/log.sh)
Nov  1 14:09:01 localhost CROND[4057]: (root) CMD (bash /root/Documents/log.sh)
Nov  1 14:10:01 localhost CROND[4062]: (root) CMD (bash /root/Documents/log.sh)
Nov  1 14:11:01 localhost CROND[4069]: (root) CMD (bash /root/Documents/log.sh)
Nov  1 14:12:01 localhost CROND[4074]: (root) CMD (bash /root/Documents/log.sh)
Nov  1 14:13:01 localhost CROND[4079]: (root) CMD (bash /root/Documents/log.sh)
Nov  1 14:14:01 localhost CROND[4084]: (root) CMD (bash /root/Documents/log.sh)
Nov  1 14:15:01 localhost CROND[4091]: (root) CMD (bash /root/Documents/log.sh)
Nov  1 14:16:01 localhost CROND[4098]: (root) CMD (bash /root/Documents/log.sh)
Nov  1 14:17:01 localhost CROND[4103]: (root) CMD (bash /root/Documents/log.sh)
Nov  1 14:18:01 localhost CROND[4108]: (root) CMD (bash /root/Documents/log.sh)
Nov  1 14:19:01 localhost CROND[4113]: (root) CMD (bash /root/Documents/log.sh)
Nov  1 14:20:01 localhost CROND[4118]: (root) CMD (bash /root/Documents/log.sh)
Nov  1 14:21:01 localhost CROND[4125]: (root) CMD (bash /root/Documents/log.sh)
Nov  1 14:22:02 localhost CROND[4130]: (root) CMD (bash /root/Documents/log.sh)
Nov  1 14:23:01 localhost CROND[4135]: (root) CMD (bash /root/Documents/log.sh)
Nov  1 14:24:01 localhost CROND[4140]: (root) CMD (bash /root/Documents/log.sh)
Nov  1 14:25:01 localhost CROND[4146]: (root) CMD (bash /root/Documents/log.sh)
Nov  1 14:26:01 localhost CROND[4153]: (root) CMD (bash /root/Documents/log.sh)
Nov  1 14:27:01 localhost CROND[4158]: (root) CMD (bash /root/Documents/log.sh)
Nov  1 14:28:01 localhost CROND[4163]: (root) CMD (bash /root/Documents/log.sh)
Nov  1 14:29:01 localhost CROND[4168]: (root) CMD (bash /root/Documents/log.sh)
Nov  1 14:30:01 localhost CROND[4173]: (root) CMD (bash /root/Documents/log.sh)
Nov  1 14:31:01 localhost CROND[4179]: (root) CMD (bash /root/Documents/log.sh)
Nov  1 14:32:01 localhost CROND[4185]: (root) CMD (bash /root/Documents/log.sh)
Nov  1 14:33:01 localhost CROND[4191]: (root) CMD (bash /root/Documents/log.sh)
Nov  1 14:34:01 localhost CROND[4196]: (root) CMD (bash /root/Documents/log.sh)
Nov  1 14:35:01 localhost CROND[4202]: (root) CMD (bash /root/Documents/log.sh)
Nov  1 14:36:01 localhost CROND[4208]: (root) CMD (bash /root/Documents/log.sh)
Nov  1 14:37:01 localhost CROND[4214]: (root) CMD (bash /root/Documents/log.sh)
Nov  1 14:38:01 localhost CROND[4219]: (root) CMD (bash /root/Documents/log.sh)
Nov  1 14:39:01 localhost CROND[4224]: (root) CMD (bash /root/Documents/log.sh)
Nov  1 14:40:01 localhost CROND[4229]: (root) CMD (bash /root/Documents/log.sh)
Nov  1 14:41:01 localhost CROND[4235]: (root) CMD (bash /root/Documents/log.sh)
Nov  1 14:42:01 localhost CROND[4242]: (root) CMD (bash /root/Documents/log.sh)
Nov  1 14:43:01 localhost CROND[4247]: (root) CMD (bash /root/Documents/log.sh)
Nov  1 14:44:01 localhost CROND[4252]: (root) CMD (bash /root/Documents/log.sh)
Nov  1 14:45:01 localhost CROND[4263]: (root) CMD (bash /root/Documents/log.sh)
Nov  1 14:46:01 localhost CROND[4269]: (root) CMD (bash /root/Documents/log.sh)
Nov  1 14:47:01 localhost CROND[4275]: (root) CMD (bash /root/Documents/log.sh)
Nov  1 14:48:01 localhost CROND[4280]: (root) CMD (bash /root/Documents/log.sh)
Nov  1 14:49:01 localhost CROND[4285]: (root) CMD (bash /root/Documents/log.sh)
Nov  1 14:50:01 localhost CROND[4291]: (root) CMD (bash /root/Documents/log.sh)
Nov  1 14:51:01 localhost CROND[4297]: (root) CMD (bash /root/Documents/log.sh)
Nov  1 14:52:01 localhost CROND[4302]: (root) CMD (bash /root/Documents/log.sh)
Nov  1 14:53:01 localhost CROND[4308]: (root) CMD (bash /root/Documents/log.sh)
Nov  1 14:54:01 localhost CROND[4313]: (root) CMD (bash /root/Documents/log.sh)
Nov  1 14:55:01 localhost CROND[4322]: (root) CMD (bash /root/Documents/log.sh)
Nov  1 14:56:01 localhost CROND[4328]: (root) CMD (bash /root/Documents/log.sh)
Nov  1 14:57:01 localhost CROND[4333]: (root) CMD (bash /root/Documents/log.sh)
Nov  1 14:58:01 localhost CROND[4339]: (root) CMD (bash /root/Documents/log.sh)
Nov  1 14:59:01 localhost CROND[4344]: (root) CMD (bash /root/Documents/log.sh)
Nov  1 15:00:01 localhost CROND[4349]: (root) CMD (bash /root/Documents/log.sh)
Nov  1 15:01:01 localhost CROND[14272]: (root) CMD (run-parts /etc/cron.hourly)
Nov  1 15:01:01 localhost CROND[4358]: (root) CMD (bash /root/Documents/log.sh)
Nov  1 15:01:01 localhost CROND[4360]: (root) CMD (run-parts /etc/cron.hourly)
Nov  1 15:02:02 localhost CROND[4380]: (root) CMD (bash /root/Documents/log.sh)
Nov  1 15:03:01 localhost CROND[4386]: (root) CMD (bash /root/Documents/log.sh)
Nov  1 15:04:01 localhost CROND[4391]: (root) CMD (bash /root/Documents/log.sh)
Nov  1 15:05:01 localhost CROND[4397]: (root) CMD (bash /root/Documents/log.sh)
Nov  1 15:06:01 localhost CROND[4403]: (root) CMD (bash /root/Documents/log.sh)
Nov  1 15:07:01 localhost CROND[4408]: (root) CMD (bash /root/Documents/log.sh)
Nov  1 15:08:01 localhost CROND[4414]: (root) CMD (bash /root/Documents/log.sh)
Nov  1 15:09:01 localhost CROND[4419]: (root) CMD (bash /root/Documents/log.sh)
Nov  1 15:10:01 localhost CROND[4424]: (root) CMD (bash /root/Documents/log.sh)
Nov  1 15:11:01 localhost CROND[4430]: (root) CMD (bash /root/Documents/log.sh)
Nov  1 15:12:01 localhost CROND[4435]: (root) CMD (bash /root/Documents/log.sh)
Nov  1 15:13:01 localhost CROND[4440]: (root) CMD (bash /root/Documents/log.sh)
Nov  1 15:14:01 localhost CROND[4446]: (root) CMD (bash /root/Documents/log.sh)
Nov  1 15:15:01 localhost CROND[4452]: (root) CMD (bash /root/Documents/log.sh)
Nov  1 15:16:01 localhost CROND[4458]: (root) CMD (bash /root/Documents/log.sh)
Nov  1 15:17:01 localhost CROND[4463]: (root) CMD (bash /root/Documents/log.sh)
Nov  1 15:18:01 localhost CROND[4468]: (root) CMD (bash /root/Documents/log.sh)
Nov  1 15:19:01 localhost CROND[4474]: (root) CMD (bash /root/Documents/log.sh)
Nov  1 15:20:01 localhost CROND[4479]: (root) CMD (bash /root/Documents/log.sh)
Nov  1 15:21:01 localhost CROND[4486]: (root) CMD (bash /root/Documents/log.sh)
Nov  1 15:22:02 localhost CROND[4491]: (root) CMD (bash /root/Documents/log.sh)
Nov  1 15:23:01 localhost CROND[4496]: (root) CMD (bash /root/Documents/log.sh)
Nov  1 15:24:01 localhost CROND[4502]: (root) CMD (bash /root/Documents/log.sh)
Nov  1 15:25:01 localhost CROND[4508]: (root) CMD (bash /root/Documents/log.sh)
Nov  1 15:26:01 localhost CROND[4514]: (root) CMD (bash /root/Documents/log.sh)
Nov  1 15:27:01 localhost CROND[4519]: (root) CMD (bash /root/Documents/log.sh)
Nov  1 15:28:01 localhost CROND[4524]: (root) CMD (bash /root/Documents/log.sh)
Nov  1 15:29:01 localhost CROND[4530]: (root) CMD (bash /root/Documents/log.sh)
Nov  1 15:30:01 localhost CROND[4535]: (root) CMD (bash /root/Documents/log.sh)
Nov  1 15:30:01 localhost CROND[19704]: (root) CMD ("/usr/local/sn.sh" )
Nov  1 15:30:01 localhost CROND[19702]: (root) CMDOUT (/bin/bash: /usr/local/sn.sh: No such file or directory)
Nov  1 15:31:01 localhost CROND[4541]: (root) CMD (bash /root/Documents/log.sh)
Nov  1 15:32:01 localhost CROND[4546]: (root) CMD (bash /root/Documents/log.sh)
Nov  1 15:33:01 localhost CROND[4552]: (root) CMD (bash /root/Documents/log.sh)
Nov  1 15:34:01 localhost CROND[4557]: (root) CMD (bash /root/Documents/log.sh)
Nov  1 15:35:01 localhost CROND[4564]: (root) CMD (bash /root/Documents/log.sh)
Nov  1 15:36:01 localhost CROND[4570]: (root) CMD (bash /root/Documents/log.sh)
Nov  1 15:37:01 localhost CROND[4575]: (root) CMD (bash /root/Documents/log.sh)
Nov  1 15:38:01 localhost CROND[4580]: (root) CMD (bash /root/Documents/log.sh)
Nov  1 15:39:01 localhost CROND[4586]: (root) CMD (bash /root/Documents/log.sh)
Nov  1 15:40:01 localhost CROND[4592]: (root) CMD (bash /root/Documents/log.sh)
Nov  1 15:41:01 localhost CROND[4598]: (root) CMD (bash /root/Documents/log.sh)
Nov  1 15:42:01 localhost CROND[4603]: (root) CMD (bash /root/Documents/log.sh)
Nov  1 15:43:02 localhost CROND[4608]: (root) CMD (bash /root/Documents/log.sh)
Nov  1 15:44:01 localhost CROND[4613]: (root) CMD (bash /root/Documents/log.sh)
Nov  1 15:45:01 localhost CROND[4625]: (root) CMD (bash /root/Documents/log.sh)
Nov  1 15:46:01 localhost CROND[4631]: (root) CMD (bash /root/Documents/log.sh)
Nov  1 15:47:01 localhost CROND[4636]: (root) CMD (bash /root/Documents/log.sh)
Nov  1 15:48:01 localhost CROND[4641]: (root) CMD (bash /root/Documents/log.sh)
Nov  1 15:49:01 localhost CROND[4646]: (root) CMD (bash /root/Documents/log.sh)
Nov  1 15:50:01 localhost CROND[4654]: (root) CMD (bash /root/Documents/log.sh)
Nov  1 15:51:01 localhost CROND[4660]: (root) CMD (bash /root/Documents/log.sh)
Nov  1 15:52:01 localhost CROND[4665]: (root) CMD (bash /root/Documents/log.sh)
Nov  1 15:53:01 localhost CROND[4670]: (root) CMD (bash /root/Documents/log.sh)
Nov  1 15:54:01 localhost CROND[4675]: (root) CMD (bash /root/Documents/log.sh)
Nov  1 15:55:01 localhost CROND[4684]: (root) CMD (bash /root/Documents/log.sh)
Nov  1 15:56:01 localhost CROND[4692]: (root) CMD (bash /root/Documents/log.sh)
Nov  1 15:57:01 localhost CROND[4697]: (root) CMD (bash /root/Documents/log.sh)
Nov  1 15:58:01 localhost CROND[4704]: (root) CMD (bash /root/Documents/log.sh)
Nov  1 15:59:01 localhost CROND[4709]: (root) CMD (bash /root/Documents/log.sh)
Nov  1 16:00:01 localhost CROND[4714]: (root) CMD (bash /root/Documents/log.sh)
Nov  1 16:01:01 localhost CROND[25013]: (root) CMD (run-parts /etc/cron.hourly)
Nov  1 16:01:01 localhost CROND[4723]: (root) CMD (bash /root/Documents/log.sh)
Nov  1 16:01:01 localhost CROND[4724]: (root) CMD (run-parts /etc/cron.hourly)
Nov  1 16:02:01 localhost CROND[4746]: (root) CMD (bash /root/Documents/log.sh)
Nov  1 16:03:02 localhost CROND[4751]: (root) CMD (bash /root/Documents/log.sh)
Nov  1 16:04:01 localhost CROND[4756]: (root) CMD (bash /root/Documents/log.sh)
Nov  1 16:05:01 localhost CROND[4762]: (root) CMD (bash /root/Documents/log.sh)
Nov  1 16:06:01 localhost CROND[4769]: (root) CMD (bash /root/Documents/log.sh)
Nov  1 16:07:01 localhost CROND[4774]: (root) CMD (bash /root/Documents/log.sh)
Nov  1 16:08:01 localhost CROND[4779]: (root) CMD (bash /root/Documents/log.sh)
Nov  1 16:09:01 localhost CROND[4784]: (root) CMD (bash /root/Documents/log.sh)
Nov  1 16:10:01 localhost CROND[4789]: (root) CMD (bash /root/Documents/log.sh)
Nov  1 16:11:01 localhost CROND[4796]: (root) CMD (bash /root/Documents/log.sh)
Nov  1 16:12:01 localhost CROND[4801]: (root) CMD (bash /root/Documents/log.sh)
Nov  1 16:13:01 localhost CROND[4806]: (root) CMD (bash /root/Documents/log.sh)
Nov  1 16:14:01 localhost CROND[4811]: (root) CMD (bash /root/Documents/log.sh)
Nov  1 16:15:01 localhost CROND[4817]: (root) CMD (bash /root/Documents/log.sh)
Nov  1 16:16:01 localhost CROND[4823]: (root) CMD (bash /root/Documents/log.sh)
Nov  1 16:17:01 localhost CROND[4829]: (root) CMD (bash /root/Documents/log.sh)
Nov  1 16:18:01 localhost CROND[4834]: (root) CMD (bash /root/Documents/log.sh)
Nov  1 16:19:01 localhost CROND[4839]: (root) CMD (bash /root/Documents/log.sh)
Nov  1 16:20:01 localhost CROND[4844]: (root) CMD (bash /root/Documents/log.sh)
Nov  1 16:21:01 localhost CROND[4850]: (root) CMD (bash /root/Documents/log.sh)
Nov  1 16:22:01 localhost CROND[4856]: (root) CMD (bash /root/Documents/log.sh)
Nov  1 16:23:02 localhost CROND[4861]: (root) CMD (bash /root/Documents/log.sh)
Nov  1 16:24:01 localhost CROND[4866]: (root) CMD (bash /root/Documents/log.sh)
Nov  1 16:25:01 localhost CROND[4872]: (root) CMD (bash /root/Documents/log.sh)
Nov  1 16:26:01 localhost CROND[4878]: (root) CMD (bash /root/Documents/log.sh)
Nov  1 16:27:01 localhost CROND[4884]: (root) CMD (bash /root/Documents/log.sh)
Nov  1 16:28:01 localhost CROND[4889]: (root) CMD (bash /root/Documents/log.sh)
Nov  1 16:29:01 localhost CROND[4894]: (root) CMD (bash /root/Documents/log.sh)
Nov  1 16:30:01 localhost CROND[4899]: (root) CMD (bash /root/Documents/log.sh)
Nov  1 16:31:01 localhost CROND[4906]: (root) CMD (bash /root/Documents/log.sh)
Nov  1 16:32:01 localhost CROND[4916]: (root) CMD (bash /root/Documents/log.sh)
Nov  1 16:33:01 localhost CROND[4921]: (root) CMD (bash /root/Documents/log.sh)
Nov  1 16:34:01 localhost CROND[4926]: (root) CMD (bash /root/Documents/log.sh)
Nov  1 16:35:01 localhost CROND[4932]: (root) CMD (bash /root/Documents/log.sh)
Nov  1 16:36:01 localhost CROND[4938]: (root) CMD (bash /root/Documents/log.sh)
Nov  1 16:37:01 localhost CROND[4943]: (root) CMD (bash /root/Documents/log.sh)
Nov  1 16:38:01 localhost CROND[4949]: (root) CMD (bash /root/Documents/log.sh)
Nov  1 16:39:01 localhost CROND[4954]: (root) CMD (bash /root/Documents/log.sh)
Nov  1 16:40:01 localhost CROND[4960]: (root) CMD (bash /root/Documents/log.sh)
Nov  1 16:41:01 localhost CROND[4966]: (root) CMD (bash /root/Documents/log.sh)
Nov  1 16:42:01 localhost CROND[4972]: (root) CMD (bash /root/Documents/log.sh)
Nov  1 16:43:01 localhost CROND[4978]: (root) CMD (bash /root/Documents/log.sh)
Nov  1 16:44:02 localhost CROND[4984]: (root) CMD (bash /root/Documents/log.sh)
Nov  1 16:45:01 localhost CROND[5010]: (root) CMD (bash /root/Documents/log.sh)
Nov  1 16:46:01 localhost CROND[5016]: (root) CMD (bash /root/Documents/log.sh)
Nov  1 16:47:01 localhost CROND[5022]: (root) CMD (bash /root/Documents/log.sh)
Nov  1 16:48:01 localhost CROND[5028]: (root) CMD (bash /root/Documents/log.sh)
Nov  1 16:49:01 localhost CROND[5033]: (root) CMD (bash /root/Documents/log.sh)
Nov  1 16:50:01 localhost CROND[5039]: (root) CMD (bash /root/Documents/log.sh)
Nov  1 16:51:01 localhost CROND[5045]: (root) CMD (bash /root/Documents/log.sh)
