Nov  1 00:01:01 localhost run-parts(/etc/cron.hourly)[1238 starting 0anacron
Nov  1 00:01:01 localhost run-parts(/etc/cron.hourly)[1239 finished 0anacron
Nov  1 00:01:01 localhost run-parts(/etc/cron.hourly)[1238 starting mcelog.cron
Nov  1 00:01:01 localhost run-parts(/etc/cron.hourly)[1239 finished mcelog.cron
Nov  1 00:01:02 localhost run-parts(/etc/cron.hourly)[3111 starting 0anacron
Nov  1 00:01:02 localhost run-parts(/etc/cron.hourly)[3113 finished 0anacron
Nov  1 00:01:02 localhost run-parts(/etc/cron.hourly)[3111 starting mcelog.cron
Nov  1 00:01:02 localhost run-parts(/etc/cron.hourly)[3113 finished mcelog.cron
Nov  1 01:01:01 localhost run-parts(/etc/cron.hourly)[2051 starting 0anacron
Nov  1 01:01:01 localhost run-parts(/etc/cron.hourly)[2052 finished 0anacron
Nov  1 01:01:01 localhost run-parts(/etc/cron.hourly)[2051 starting mcelog.cron
Nov  1 01:01:01 localhost run-parts(/etc/cron.hourly)[2053 finished mcelog.cron
Nov  1 01:01:02 localhost run-parts(/etc/cron.hourly)[3148 starting 0anacron
Nov  1 01:01:02 localhost run-parts(/etc/cron.hourly)[3149 finished 0anacron
Nov  1 01:01:02 localhost run-parts(/etc/cron.hourly)[3148 starting mcelog.cron
Nov  1 01:01:02 localhost run-parts(/etc/cron.hourly)[3150 finished mcelog.cron
Nov  1 02:01:01 localhost run-parts(/etc/cron.hourly)[800] starting 0anacron
Nov  1 02:01:01 localhost run-parts(/etc/cron.hourly)[814] finished 0anacron
Nov  1 02:01:01 localhost run-parts(/etc/cron.hourly)[800] starting mcelog.cron
Nov  1 02:01:01 localhost run-parts(/etc/cron.hourly)[820] finished mcelog.cron
Nov  1 02:01:01 localhost run-parts(/etc/cron.hourly)[3184 starting 0anacron
Nov  1 02:01:01 localhost run-parts(/etc/cron.hourly)[3186 finished 0anacron
Nov  1 02:01:01 localhost run-parts(/etc/cron.hourly)[3184 starting mcelog.cron
Nov  1 02:01:01 localhost run-parts(/etc/cron.hourly)[3186 finished mcelog.cron
Nov  1 03:01:01 localhost run-parts(/etc/cron.hourly)[1197 starting 0anacron
Nov  1 03:01:01 localhost run-parts(/etc/cron.hourly)[1198 finished 0anacron
Nov  1 03:01:01 localhost run-parts(/etc/cron.hourly)[1197 starting mcelog.cron
Nov  1 03:01:01 localhost run-parts(/etc/cron.hourly)[1198 finished mcelog.cron
Nov  1 03:01:01 localhost run-parts(/etc/cron.hourly)[3222 starting 0anacron
Nov  1 03:01:01 localhost run-parts(/etc/cron.hourly)[3223 finished 0anacron
Nov  1 03:01:01 localhost run-parts(/etc/cron.hourly)[3222 starting mcelog.cron
Nov  1 03:01:01 localhost run-parts(/etc/cron.hourly)[3224 finished mcelog.cron
Nov  1 03:22:01 localhost run-parts(/etc/cron.daily)[32366 starting logrotate
Nov  1 03:22:02 localhost run-parts(/etc/cron.daily)[32374 finished logrotate
Nov  1 03:22:02 localhost run-parts(/etc/cron.daily)[32366 starting man-db.cron
Nov  1 03:22:06 localhost run-parts(/etc/cron.daily)[32385 finished man-db.cron
Nov  1 03:22:06 localhost run-parts(/etc/cron.daily)[32366 starting mlocate
Nov  1 03:22:07 localhost run-parts(/etc/cron.daily)[32396 finished mlocate
Nov  1 03:37:01 localhost run-parts(/etc/cron.daily)[19131 starting logrotate
Nov  1 03:37:04 localhost run-parts(/etc/cron.daily)[19181 finished logrotate
Nov  1 03:37:04 localhost run-parts(/etc/cron.daily)[19131 starting man-db.cron
Nov  1 03:37:06 localhost run-parts(/etc/cron.daily)[19198 finished man-db.cron
Nov  1 03:37:06 localhost run-parts(/etc/cron.daily)[19131 starting mlocate
Nov  1 03:37:06 localhost run-parts(/etc/cron.daily)[19210 finished mlocate
Nov  1 04:01:01 localhost run-parts(/etc/cron.hourly)[3262 starting 0anacron
Nov  1 04:01:01 localhost run-parts(/etc/cron.hourly)[3263 finished 0anacron
Nov  1 04:01:01 localhost run-parts(/etc/cron.hourly)[3262 starting mcelog.cron
Nov  1 04:01:01 localhost run-parts(/etc/cron.hourly)[3264 finished mcelog.cron
Nov  1 04:01:01 localhost run-parts(/etc/cron.hourly)[2354 starting 0anacron
Nov  1 04:01:01 localhost run-parts(/etc/cron.hourly)[2355 finished 0anacron
Nov  1 04:01:01 localhost run-parts(/etc/cron.hourly)[2354 starting mcelog.cron
Nov  1 04:01:01 localhost run-parts(/etc/cron.hourly)[2356 finished mcelog.cron
Nov  1 05:01:01 localhost run-parts(/etc/cron.hourly)[539] starting 0anacron
Nov  1 05:01:01 localhost run-parts(/etc/cron.hourly)[555] finished 0anacron
Nov  1 05:01:01 localhost run-parts(/etc/cron.hourly)[539] starting mcelog.cron
Nov  1 05:01:01 localhost run-parts(/etc/cron.hourly)[564] finished mcelog.cron
Nov  1 05:01:01 localhost run-parts(/etc/cron.hourly)[2514 starting 0anacron
Nov  1 05:01:01 localhost run-parts(/etc/cron.hourly)[2523 finished 0anacron
Nov  1 05:01:01 localhost run-parts(/etc/cron.hourly)[2514 starting mcelog.cron
Nov  1 05:01:01 localhost run-parts(/etc/cron.hourly)[2529 finished mcelog.cron
Nov  1 06:01:01 localhost run-parts(/etc/cron.hourly)[948] starting 0anacron
Nov  1 06:01:01 localhost run-parts(/etc/cron.hourly)[958] finished 0anacron
Nov  1 06:01:01 localhost run-parts(/etc/cron.hourly)[948] starting mcelog.cron
Nov  1 06:01:01 localhost run-parts(/etc/cron.hourly)[964] finished mcelog.cron
Nov  1 06:01:01 localhost run-parts(/etc/cron.hourly)[1370 starting 0anacron
Nov  1 06:01:01 localhost run-parts(/etc/cron.hourly)[1371 finished 0anacron
Nov  1 06:01:01 localhost run-parts(/etc/cron.hourly)[1370 starting mcelog.cron
Nov  1 06:01:01 localhost run-parts(/etc/cron.hourly)[1372 finished mcelog.cron
Nov  1 07:01:01 localhost run-parts(/etc/cron.hourly)[1319 starting 0anacron
Nov  1 07:01:01 localhost run-parts(/etc/cron.hourly)[1330 finished 0anacron
Nov  1 07:01:01 localhost run-parts(/etc/cron.hourly)[1319 starting mcelog.cron
Nov  1 07:01:01 localhost run-parts(/etc/cron.hourly)[1336 finished mcelog.cron
Nov  1 07:01:01 localhost run-parts(/etc/cron.hourly)[2495 starting 0anacron
Nov  1 07:01:01 localhost run-parts(/etc/cron.hourly)[2496 finished 0anacron
Nov  1 07:01:01 localhost run-parts(/etc/cron.hourly)[2495 starting mcelog.cron
Nov  1 07:01:01 localhost run-parts(/etc/cron.hourly)[2496 finished mcelog.cron
Nov  1 08:01:01 localhost run-parts(/etc/cron.hourly)[1801 starting 0anacron
Nov  1 08:01:01 localhost run-parts(/etc/cron.hourly)[1810 finished 0anacron
Nov  1 08:01:01 localhost run-parts(/etc/cron.hourly)[1801 starting mcelog.cron
Nov  1 08:01:01 localhost run-parts(/etc/cron.hourly)[1816 finished mcelog.cron
Nov  1 08:01:01 localhost run-parts(/etc/cron.hourly)[3396 starting 0anacron
Nov  1 08:01:01 localhost run-parts(/etc/cron.hourly)[3405 finished 0anacron
Nov  1 08:01:01 localhost run-parts(/etc/cron.hourly)[3396 starting mcelog.cron
Nov  1 08:01:01 localhost run-parts(/etc/cron.hourly)[3411 finished mcelog.cron
Nov  1 09:01:01 localhost run-parts(/etc/cron.hourly)[2160 starting 0anacron
Nov  1 09:01:01 localhost run-parts(/etc/cron.hourly)[2172 finished 0anacron
Nov  1 09:01:01 localhost run-parts(/etc/cron.hourly)[2160 starting mcelog.cron
Nov  1 09:01:01 localhost run-parts(/etc/cron.hourly)[2178 finished mcelog.cron
Nov  1 09:01:01 localhost run-parts(/etc/cron.hourly)[1464 starting 0anacron
Nov  1 09:01:01 localhost run-parts(/etc/cron.hourly)[1465 finished 0anacron
Nov  1 09:01:02 localhost run-parts(/etc/cron.hourly)[1464 starting mcelog.cron
Nov  1 09:01:02 localhost run-parts(/etc/cron.hourly)[1465 finished mcelog.cron
Nov  1 10:01:01 localhost run-parts(/etc/cron.hourly)[2572 starting 0anacron
Nov  1 10:01:01 localhost run-parts(/etc/cron.hourly)[2573 finished 0anacron
Nov  1 10:01:01 localhost run-parts(/etc/cron.hourly)[2572 starting mcelog.cron
Nov  1 10:01:01 localhost run-parts(/etc/cron.hourly)[2573 finished mcelog.cron
Nov  1 10:01:02 localhost run-parts(/etc/cron.hourly)[2545 starting 0anacron
Nov  1 10:01:02 localhost run-parts(/etc/cron.hourly)[2555 finished 0anacron
Nov  1 10:01:02 localhost run-parts(/etc/cron.hourly)[2545 starting mcelog.cron
Nov  1 10:01:02 localhost run-parts(/etc/cron.hourly)[2561 finished mcelog.cron
Nov  1 11:01:01 localhost run-parts(/etc/cron.hourly)[4519 starting 0anacron
Nov  1 11:01:01 localhost run-parts(/etc/cron.hourly)[4528 finished 0anacron
Nov  1 11:01:01 localhost run-parts(/etc/cron.hourly)[4519 starting mcelog.cron
Nov  1 11:01:01 localhost run-parts(/etc/cron.hourly)[4534 finished mcelog.cron
Nov  1 11:01:02 localhost run-parts(/etc/cron.hourly)[2909 starting 0anacron
Nov  1 11:01:02 localhost run-parts(/etc/cron.hourly)[2920 finished 0anacron
Nov  1 11:01:02 localhost run-parts(/etc/cron.hourly)[2909 starting mcelog.cron
Nov  1 11:01:02 localhost run-parts(/etc/cron.hourly)[2926 finished mcelog.cron
Nov  1 12:01:01 localhost run-parts(/etc/cron.hourly)[1517 starting 0anacron
Nov  1 12:01:01 localhost run-parts(/etc/cron.hourly)[1518 finished 0anacron
Nov  1 12:01:01 localhost run-parts(/etc/cron.hourly)[1517 starting mcelog.cron
Nov  1 12:01:01 localhost run-parts(/etc/cron.hourly)[1518 finished mcelog.cron
Nov  1 12:01:02 localhost run-parts(/etc/cron.hourly)[3274 starting 0anacron
Nov  1 12:01:02 localhost run-parts(/etc/cron.hourly)[3284 finished 0anacron
Nov  1 12:01:02 localhost run-parts(/etc/cron.hourly)[3274 starting mcelog.cron
Nov  1 12:01:02 localhost run-parts(/etc/cron.hourly)[3290 finished mcelog.cron
Nov  1 13:01:01 localhost run-parts(/etc/cron.hourly)[2574 starting 0anacron
Nov  1 13:01:01 localhost run-parts(/etc/cron.hourly)[2575 finished 0anacron
Nov  1 13:01:01 localhost run-parts(/etc/cron.hourly)[2574 starting mcelog.cron
Nov  1 13:01:01 localhost run-parts(/etc/cron.hourly)[2576 finished mcelog.cron
Nov  1 13:01:02 localhost run-parts(/etc/cron.hourly)[3635 starting 0anacron
Nov  1 13:01:02 localhost run-parts(/etc/cron.hourly)[3645 finished 0anacron
Nov  1 13:01:02 localhost run-parts(/etc/cron.hourly)[3635 starting mcelog.cron
Nov  1 13:01:02 localhost run-parts(/etc/cron.hourly)[3651 finished mcelog.cron
Nov  1 14:01:01 localhost run-parts(/etc/cron.hourly)[3831 starting 0anacron
Nov  1 14:01:01 localhost run-parts(/etc/cron.hourly)[3840 finished 0anacron
Nov  1 14:01:01 localhost run-parts(/etc/cron.hourly)[3831 starting mcelog.cron
Nov  1 14:01:01 localhost run-parts(/etc/cron.hourly)[3846 finished mcelog.cron
Nov  1 14:01:01 localhost run-parts(/etc/cron.hourly)[3998 starting 0anacron
Nov  1 14:01:02 localhost run-parts(/etc/cron.hourly)[4008 finished 0anacron
Nov  1 14:01:02 localhost run-parts(/etc/cron.hourly)[3998 starting mcelog.cron
Nov  1 14:01:02 localhost run-parts(/etc/cron.hourly)[4014 finished mcelog.cron
Nov  1 15:01:01 localhost run-parts(/etc/cron.hourly)[1427 starting 0anacron
Nov  1 15:01:01 localhost run-parts(/etc/cron.hourly)[1428 finished 0anacron
Nov  1 15:01:01 localhost run-parts(/etc/cron.hourly)[1427 starting mcelog.cron
Nov  1 15:01:01 localhost run-parts(/etc/cron.hourly)[1428 finished mcelog.cron
Nov  1 15:01:01 localhost run-parts(/etc/cron.hourly)[4360 starting 0anacron
Nov  1 15:01:01 localhost run-parts(/etc/cron.hourly)[4370 finished 0anacron
Nov  1 15:01:01 localhost run-parts(/etc/cron.hourly)[4360 starting mcelog.cron
Nov  1 15:01:01 localhost run-parts(/etc/cron.hourly)[4376 finished mcelog.cron
Nov  1 16:01:01 localhost run-parts(/etc/cron.hourly)[2501 starting 0anacron
Nov  1 16:01:01 localhost run-parts(/etc/cron.hourly)[2502 finished 0anacron
Nov  1 16:01:01 localhost run-parts(/etc/cron.hourly)[2501 starting mcelog.cron
Nov  1 16:01:01 localhost run-parts(/etc/cron.hourly)[2502 finished mcelog.cron
Nov  1 16:01:01 localhost run-parts(/etc/cron.hourly)[4724 starting 0anacron
Nov  1 16:01:01 localhost run-parts(/etc/cron.hourly)[4736 finished 0anacron
Nov  1 16:01:01 localhost run-parts(/etc/cron.hourly)[4724 starting mcelog.cron
Nov  1 16:01:01 localhost run-parts(/etc/cron.hourly)[4742 finished mcelog.cron
