Nov  9 00:01:01 localhost run-parts(/etc/cron.hourly)[1445 starting 0anacron
Nov  9 00:01:01 localhost run-parts(/etc/cron.hourly)[1446 finished 0anacron
Nov  9 00:01:01 localhost run-parts(/etc/cron.hourly)[1445 starting mcelog.cron
Nov  9 00:01:01 localhost run-parts(/etc/cron.hourly)[1447 finished mcelog.cron
Nov  9 00:01:01 webserver run-parts(/etc/cron.hourly)[5673 starting 0anacron
Nov  9 00:01:01 webserver run-parts(/etc/cron.hourly)[5688 finished 0anacron
Nov  9 00:01:01 webserver run-parts(/etc/cron.hourly)[5673 starting mcelog.cron
Nov  9 00:01:01 webserver run-parts(/etc/cron.hourly)[5694 finished mcelog.cron
Nov  9 01:01:01 localhost run-parts(/etc/cron.hourly)[1606 starting 0anacron
Nov  9 01:01:01 localhost run-parts(/etc/cron.hourly)[1607 finished 0anacron
Nov  9 01:01:01 localhost run-parts(/etc/cron.hourly)[1606 starting mcelog.cron
Nov  9 01:01:01 localhost run-parts(/etc/cron.hourly)[1607 finished mcelog.cron
Nov  9 01:01:01 webserver run-parts(/etc/cron.hourly)[6045 starting 0anacron
Nov  9 01:01:01 webserver run-parts(/etc/cron.hourly)[6060 finished 0anacron
Nov  9 01:01:01 webserver run-parts(/etc/cron.hourly)[6045 starting mcelog.cron
Nov  9 01:01:01 webserver run-parts(/etc/cron.hourly)[6066 finished mcelog.cron
Nov  9 02:01:01 webserver run-parts(/etc/cron.hourly)[6409 starting 0anacron
Nov  9 02:01:01 webserver run-parts(/etc/cron.hourly)[6425 finished 0anacron
Nov  9 02:01:01 webserver run-parts(/etc/cron.hourly)[6409 starting mcelog.cron
Nov  9 02:01:01 webserver run-parts(/etc/cron.hourly)[6431 finished mcelog.cron
Nov  9 02:01:01 localhost run-parts(/etc/cron.hourly)[1754 starting 0anacron
Nov  9 02:01:01 localhost run-parts(/etc/cron.hourly)[1755 finished 0anacron
Nov  9 02:01:01 localhost run-parts(/etc/cron.hourly)[1754 starting mcelog.cron
Nov  9 02:01:01 localhost run-parts(/etc/cron.hourly)[1756 finished mcelog.cron
Nov  9 03:01:01 webserver run-parts(/etc/cron.hourly)[6778 starting 0anacron
Nov  9 03:01:01 webserver run-parts(/etc/cron.hourly)[6792 finished 0anacron
Nov  9 03:01:01 webserver run-parts(/etc/cron.hourly)[6778 starting mcelog.cron
Nov  9 03:01:01 webserver run-parts(/etc/cron.hourly)[6798 finished mcelog.cron
Nov  9 03:01:01 localhost run-parts(/etc/cron.hourly)[1928 starting 0anacron
Nov  9 03:01:01 localhost run-parts(/etc/cron.hourly)[1929 finished 0anacron
Nov  9 03:01:01 localhost run-parts(/etc/cron.hourly)[1928 starting mcelog.cron
Nov  9 03:01:01 localhost run-parts(/etc/cron.hourly)[1929 finished mcelog.cron
Nov  9 03:13:01 webserver run-parts(/etc/cron.daily)[6861] starting logrotate
Nov  9 03:13:01 webserver run-parts(/etc/cron.daily)[6869] finished logrotate
Nov  9 03:13:01 webserver run-parts(/etc/cron.daily)[6861] starting man-db.cron
Nov  9 03:13:04 webserver run-parts(/etc/cron.daily)[6886] finished man-db.cron
Nov  9 03:13:04 webserver run-parts(/etc/cron.daily)[6861] starting mlocate
Nov  9 03:13:04 webserver run-parts(/etc/cron.daily)[6897] finished mlocate
Nov  9 03:22:01 localhost run-parts(/etc/cron.daily)[19756 starting logrotate
Nov  9 03:22:06 localhost run-parts(/etc/cron.daily)[19812 finished logrotate
Nov  9 03:22:06 localhost run-parts(/etc/cron.daily)[19756 starting man-db.cron
Nov  9 03:22:09 localhost run-parts(/etc/cron.daily)[19826 finished man-db.cron
Nov  9 03:22:09 localhost run-parts(/etc/cron.daily)[19756 starting mlocate
Nov  9 03:22:09 localhost run-parts(/etc/cron.daily)[19837 finished mlocate
Nov  9 04:01:01 webserver run-parts(/etc/cron.hourly)[7176 starting 0anacron
Nov  9 04:01:01 webserver run-parts(/etc/cron.hourly)[7188 finished 0anacron
Nov  9 04:01:01 webserver run-parts(/etc/cron.hourly)[7176 starting mcelog.cron
Nov  9 04:01:01 webserver run-parts(/etc/cron.hourly)[7195 finished mcelog.cron
Nov  9 04:01:01 localhost run-parts(/etc/cron.hourly)[2068 starting 0anacron
Nov  9 04:01:01 localhost run-parts(/etc/cron.hourly)[2069 finished 0anacron
Nov  9 04:01:01 localhost run-parts(/etc/cron.hourly)[2068 starting mcelog.cron
Nov  9 04:01:01 localhost run-parts(/etc/cron.hourly)[2069 finished mcelog.cron
Nov  9 05:01:01 webserver run-parts(/etc/cron.hourly)[7539 starting 0anacron
Nov  9 05:01:01 webserver run-parts(/etc/cron.hourly)[7551 finished 0anacron
Nov  9 05:01:01 webserver run-parts(/etc/cron.hourly)[7539 starting mcelog.cron
Nov  9 05:01:01 webserver run-parts(/etc/cron.hourly)[7557 finished mcelog.cron
Nov  9 05:01:01 localhost run-parts(/etc/cron.hourly)[2208 starting 0anacron
Nov  9 05:01:01 localhost run-parts(/etc/cron.hourly)[2209 finished 0anacron
Nov  9 05:01:01 localhost run-parts(/etc/cron.hourly)[2208 starting mcelog.cron
Nov  9 05:01:01 localhost run-parts(/etc/cron.hourly)[2209 finished mcelog.cron
Nov  9 06:01:01 webserver run-parts(/etc/cron.hourly)[7904 starting 0anacron
Nov  9 06:01:01 webserver run-parts(/etc/cron.hourly)[7915 finished 0anacron
Nov  9 06:01:01 webserver run-parts(/etc/cron.hourly)[7904 starting mcelog.cron
Nov  9 06:01:01 webserver run-parts(/etc/cron.hourly)[7922 finished mcelog.cron
Nov  9 06:01:01 localhost run-parts(/etc/cron.hourly)[2361 starting 0anacron
Nov  9 06:01:02 localhost run-parts(/etc/cron.hourly)[2362 finished 0anacron
Nov  9 06:01:02 localhost run-parts(/etc/cron.hourly)[2361 starting mcelog.cron
Nov  9 06:01:02 localhost run-parts(/etc/cron.hourly)[2362 finished mcelog.cron
Nov  9 07:01:01 localhost run-parts(/etc/cron.hourly)[2492 starting 0anacron
Nov  9 07:01:01 localhost run-parts(/etc/cron.hourly)[2493 finished 0anacron
Nov  9 07:01:01 localhost run-parts(/etc/cron.hourly)[2492 starting mcelog.cron
Nov  9 07:01:01 localhost run-parts(/etc/cron.hourly)[2494 finished mcelog.cron
Nov  9 07:01:01 webserver run-parts(/etc/cron.hourly)[8270 starting 0anacron
Nov  9 07:01:01 webserver run-parts(/etc/cron.hourly)[8280 finished 0anacron
Nov  9 07:01:01 webserver run-parts(/etc/cron.hourly)[8270 starting mcelog.cron
Nov  9 07:01:01 webserver run-parts(/etc/cron.hourly)[8286 finished mcelog.cron
Nov  9 08:01:01 webserver run-parts(/etc/cron.hourly)[8633 starting 0anacron
Nov  9 08:01:01 localhost run-parts(/etc/cron.hourly)[2619 starting 0anacron
Nov  9 08:01:01 webserver run-parts(/etc/cron.hourly)[8643 finished 0anacron
Nov  9 08:01:01 localhost run-parts(/etc/cron.hourly)[2620 finished 0anacron
Nov  9 08:01:01 localhost run-parts(/etc/cron.hourly)[2619 starting mcelog.cron
Nov  9 08:01:01 webserver run-parts(/etc/cron.hourly)[8633 starting mcelog.cron
Nov  9 08:01:01 localhost run-parts(/etc/cron.hourly)[2621 finished mcelog.cron
Nov  9 08:01:01 webserver run-parts(/etc/cron.hourly)[8649 finished mcelog.cron
Nov  9 09:01:01 webserver run-parts(/etc/cron.hourly)[8994 starting 0anacron
Nov  9 09:01:01 webserver run-parts(/etc/cron.hourly)[9006 finished 0anacron
Nov  9 09:01:01 webserver run-parts(/etc/cron.hourly)[8994 starting mcelog.cron
Nov  9 09:01:01 webserver run-parts(/etc/cron.hourly)[9012 finished mcelog.cron
Nov  9 09:01:01 localhost run-parts(/etc/cron.hourly)[2749 starting 0anacron
Nov  9 09:01:01 localhost run-parts(/etc/cron.hourly)[2750 finished 0anacron
Nov  9 09:01:01 localhost run-parts(/etc/cron.hourly)[2749 starting mcelog.cron
Nov  9 09:01:01 localhost run-parts(/etc/cron.hourly)[2750 finished mcelog.cron
Nov  9 10:01:01 webserver run-parts(/etc/cron.hourly)[9360 starting 0anacron
Nov  9 10:01:01 webserver run-parts(/etc/cron.hourly)[9370 finished 0anacron
Nov  9 10:01:01 webserver run-parts(/etc/cron.hourly)[9360 starting mcelog.cron
Nov  9 10:01:01 webserver run-parts(/etc/cron.hourly)[9376 finished mcelog.cron
Nov  9 10:01:01 localhost run-parts(/etc/cron.hourly)[2880 starting 0anacron
Nov  9 10:01:01 localhost run-parts(/etc/cron.hourly)[2881 finished 0anacron
Nov  9 10:01:01 localhost run-parts(/etc/cron.hourly)[2880 starting mcelog.cron
Nov  9 10:01:01 localhost run-parts(/etc/cron.hourly)[2881 finished mcelog.cron
Nov  9 11:01:01 localhost run-parts(/etc/cron.hourly)[3044 starting 0anacron
Nov  9 11:01:01 localhost run-parts(/etc/cron.hourly)[3045 finished 0anacron
Nov  9 11:01:01 localhost run-parts(/etc/cron.hourly)[3044 starting mcelog.cron
Nov  9 11:01:01 localhost run-parts(/etc/cron.hourly)[3046 finished mcelog.cron
Nov  9 11:01:01 webserver run-parts(/etc/cron.hourly)[9726 starting 0anacron
Nov  9 11:01:02 webserver run-parts(/etc/cron.hourly)[9738 finished 0anacron
Nov  9 11:01:02 webserver run-parts(/etc/cron.hourly)[9726 starting mcelog.cron
Nov  9 11:01:02 webserver run-parts(/etc/cron.hourly)[9744 finished mcelog.cron
Nov  9 12:01:01 localhost run-parts(/etc/cron.hourly)[3184 starting 0anacron
Nov  9 12:01:01 localhost run-parts(/etc/cron.hourly)[3185 finished 0anacron
Nov  9 12:01:01 localhost run-parts(/etc/cron.hourly)[3184 starting mcelog.cron
Nov  9 12:01:01 localhost run-parts(/etc/cron.hourly)[3186 finished mcelog.cron
Nov  9 12:01:01 webserver run-parts(/etc/cron.hourly)[1009 starting 0anacron
Nov  9 12:01:01 webserver run-parts(/etc/cron.hourly)[1010 finished 0anacron
Nov  9 12:01:01 webserver run-parts(/etc/cron.hourly)[1009 starting mcelog.cron
Nov  9 12:01:01 webserver run-parts(/etc/cron.hourly)[1011 finished mcelog.cron
Nov  9 13:01:01 localhost run-parts(/etc/cron.hourly)[963] starting 0anacron
Nov  9 13:01:01 localhost run-parts(/etc/cron.hourly)[972] finished 0anacron
Nov  9 13:01:01 localhost run-parts(/etc/cron.hourly)[963] starting mcelog.cron
Nov  9 13:01:01 localhost run-parts(/etc/cron.hourly)[978] finished mcelog.cron
Nov  9 13:01:01 webserver run-parts(/etc/cron.hourly)[1046 starting 0anacron
Nov  9 13:01:01 webserver run-parts(/etc/cron.hourly)[1047 finished 0anacron
Nov  9 13:01:01 webserver run-parts(/etc/cron.hourly)[1046 starting mcelog.cron
Nov  9 13:01:01 webserver run-parts(/etc/cron.hourly)[1047 finished mcelog.cron
Nov  9 14:01:01 localhost run-parts(/etc/cron.hourly)[5176 starting 0anacron
Nov  9 14:01:01 localhost run-parts(/etc/cron.hourly)[5185 finished 0anacron
Nov  9 14:01:01 localhost run-parts(/etc/cron.hourly)[5176 starting mcelog.cron
Nov  9 14:01:01 localhost run-parts(/etc/cron.hourly)[5191 finished mcelog.cron
Nov  9 14:01:01 webserver run-parts(/etc/cron.hourly)[1082 starting 0anacron
Nov  9 14:01:01 webserver run-parts(/etc/cron.hourly)[1083 finished 0anacron
Nov  9 14:01:01 webserver run-parts(/etc/cron.hourly)[1082 starting mcelog.cron
Nov  9 14:01:01 webserver run-parts(/etc/cron.hourly)[1084 finished mcelog.cron
Nov  9 15:01:01 localhost run-parts(/etc/cron.hourly)[7172 starting 0anacron
Nov  9 15:01:01 localhost run-parts(/etc/cron.hourly)[7181 finished 0anacron
Nov  9 15:01:01 localhost run-parts(/etc/cron.hourly)[7172 starting mcelog.cron
Nov  9 15:01:01 localhost run-parts(/etc/cron.hourly)[7187 finished mcelog.cron
Nov  9 15:01:01 webserver run-parts(/etc/cron.hourly)[1118 starting 0anacron
Nov  9 15:01:01 webserver run-parts(/etc/cron.hourly)[1120 finished 0anacron
Nov  9 15:01:01 webserver run-parts(/etc/cron.hourly)[1118 starting mcelog.cron
Nov  9 15:01:01 webserver run-parts(/etc/cron.hourly)[1120 finished mcelog.cron
Nov  9 16:01:01 webserver run-parts(/etc/cron.hourly)[1156 starting 0anacron
Nov  9 16:01:01 webserver run-parts(/etc/cron.hourly)[1156 finished 0anacron
Nov  9 16:01:01 webserver run-parts(/etc/cron.hourly)[1156 starting mcelog.cron
Nov  9 16:01:01 webserver run-parts(/etc/cron.hourly)[1157 finished mcelog.cron
Nov  9 16:01:01 localhost run-parts(/etc/cron.hourly)[8458 starting 0anacron
Nov  9 16:01:01 localhost run-parts(/etc/cron.hourly)[8467 finished 0anacron
Nov  9 16:01:01 localhost run-parts(/etc/cron.hourly)[8458 starting mcelog.cron
Nov  9 16:01:01 localhost run-parts(/etc/cron.hourly)[8473 finished mcelog.cron
Nov  9 17:01:01 webserver run-parts(/etc/cron.hourly)[1192 starting 0anacron
Nov  9 17:01:01 webserver run-parts(/etc/cron.hourly)[1193 finished 0anacron
Nov  9 17:01:01 webserver run-parts(/etc/cron.hourly)[1192 starting mcelog.cron
Nov  9 17:01:01 webserver run-parts(/etc/cron.hourly)[1193 finished mcelog.cron
Nov  9 17:01:01 localhost run-parts(/etc/cron.hourly)[9757 starting 0anacron
Nov  9 17:01:01 localhost run-parts(/etc/cron.hourly)[9766 finished 0anacron
Nov  9 17:01:01 localhost run-parts(/etc/cron.hourly)[9757 starting mcelog.cron
Nov  9 17:01:01 localhost run-parts(/etc/cron.hourly)[9772 finished mcelog.cron
Nov  9 18:01:01 webserver run-parts(/etc/cron.hourly)[1228 starting 0anacron
Nov  9 18:01:01 webserver run-parts(/etc/cron.hourly)[1229 finished 0anacron
Nov  9 18:01:01 webserver run-parts(/etc/cron.hourly)[1228 starting mcelog.cron
Nov  9 18:01:01 webserver run-parts(/etc/cron.hourly)[1230 finished mcelog.cron
Nov  9 18:01:01 localhost run-parts(/etc/cron.hourly)[1104 starting 0anacron
Nov  9 18:01:01 localhost run-parts(/etc/cron.hourly)[1105 finished 0anacron
Nov  9 18:01:01 localhost run-parts(/etc/cron.hourly)[1104 starting mcelog.cron
Nov  9 18:01:01 localhost run-parts(/etc/cron.hourly)[1105 finished mcelog.cron
Nov  9 19:01:01 webserver run-parts(/etc/cron.hourly)[1264 starting 0anacron
Nov  9 19:01:01 webserver run-parts(/etc/cron.hourly)[1265 finished 0anacron
Nov  9 19:01:01 webserver run-parts(/etc/cron.hourly)[1264 starting mcelog.cron
Nov  9 19:01:01 webserver run-parts(/etc/cron.hourly)[1266 finished mcelog.cron
Nov  9 19:01:01 localhost run-parts(/etc/cron.hourly)[1233 starting 0anacron
Nov  9 19:01:01 localhost run-parts(/etc/cron.hourly)[1234 finished 0anacron
Nov  9 19:01:01 localhost run-parts(/etc/cron.hourly)[1233 starting mcelog.cron
Nov  9 19:01:01 localhost run-parts(/etc/cron.hourly)[1235 finished mcelog.cron
Nov  9 20:01:01 webserver run-parts(/etc/cron.hourly)[1301 starting 0anacron
Nov  9 20:01:01 webserver run-parts(/etc/cron.hourly)[1302 finished 0anacron
Nov  9 20:01:01 webserver run-parts(/etc/cron.hourly)[1301 starting mcelog.cron
Nov  9 20:01:01 webserver run-parts(/etc/cron.hourly)[1302 finished mcelog.cron
Nov  9 20:01:02 localhost run-parts(/etc/cron.hourly)[1357 starting 0anacron
Nov  9 20:01:02 localhost run-parts(/etc/cron.hourly)[1358 finished 0anacron
Nov  9 20:01:02 localhost run-parts(/etc/cron.hourly)[1357 starting mcelog.cron
Nov  9 20:01:02 localhost run-parts(/etc/cron.hourly)[1359 finished mcelog.cron
Nov  9 21:01:01 localhost run-parts(/etc/cron.hourly)[1506 starting 0anacron
Nov  9 21:01:01 localhost run-parts(/etc/cron.hourly)[1507 finished 0anacron
Nov  9 21:01:01 localhost run-parts(/etc/cron.hourly)[1506 starting mcelog.cron
Nov  9 21:01:01 localhost run-parts(/etc/cron.hourly)[1507 finished mcelog.cron
Nov  9 21:01:01 webserver run-parts(/etc/cron.hourly)[1337 starting 0anacron
Nov  9 21:01:01 webserver run-parts(/etc/cron.hourly)[1338 finished 0anacron
Nov  9 21:01:01 webserver run-parts(/etc/cron.hourly)[1337 starting mcelog.cron
Nov  9 21:01:01 webserver run-parts(/etc/cron.hourly)[1338 finished mcelog.cron
Nov  9 22:01:01 localhost run-parts(/etc/cron.hourly)[1644 starting 0anacron
Nov  9 22:01:01 localhost run-parts(/etc/cron.hourly)[1645 finished 0anacron
Nov  9 22:01:01 localhost run-parts(/etc/cron.hourly)[1644 starting mcelog.cron
Nov  9 22:01:01 localhost run-parts(/etc/cron.hourly)[1646 finished mcelog.cron
Nov  9 22:01:01 webserver run-parts(/etc/cron.hourly)[1373 starting 0anacron
Nov  9 22:01:01 webserver run-parts(/etc/cron.hourly)[1374 finished 0anacron
Nov  9 22:01:01 webserver run-parts(/etc/cron.hourly)[1373 starting mcelog.cron
Nov  9 22:01:01 webserver run-parts(/etc/cron.hourly)[1374 finished mcelog.cron
Nov  9 23:01:01 localhost run-parts(/etc/cron.hourly)[1769 starting 0anacron
Nov  9 23:01:01 localhost run-parts(/etc/cron.hourly)[1769 finished 0anacron
Nov  9 23:01:01 localhost run-parts(/etc/cron.hourly)[1769 starting mcelog.cron
Nov  9 23:01:01 localhost run-parts(/etc/cron.hourly)[1770 finished mcelog.cron
Nov  9 23:01:01 webserver run-parts(/etc/cron.hourly)[1409 starting 0anacron
Nov  9 23:01:01 webserver run-parts(/etc/cron.hourly)[1410 finished 0anacron
Nov  9 23:01:01 webserver run-parts(/etc/cron.hourly)[1409 starting mcelog.cron
Nov  9 23:01:01 webserver run-parts(/etc/cron.hourly)[1410 finished mcelog.cron
