Nov 10 00:01:01 webserver run-parts(/etc/cron.hourly)[1445 starting 0anacron
Nov 10 00:01:01 webserver run-parts(/etc/cron.hourly)[1447 finished 0anacron
Nov 10 00:01:01 webserver run-parts(/etc/cron.hourly)[1445 starting mcelog.cron
Nov 10 00:01:01 webserver run-parts(/etc/cron.hourly)[1447 finished mcelog.cron
Nov 10 00:01:01 localhost run-parts(/etc/cron.hourly)[1896 starting 0anacron
Nov 10 00:01:01 localhost run-parts(/etc/cron.hourly)[1897 finished 0anacron
Nov 10 00:01:01 localhost run-parts(/etc/cron.hourly)[1896 starting mcelog.cron
Nov 10 00:01:01 localhost run-parts(/etc/cron.hourly)[1898 finished mcelog.cron
Nov 10 01:01:01 webserver run-parts(/etc/cron.hourly)[1482 starting 0anacron
Nov 10 01:01:01 webserver run-parts(/etc/cron.hourly)[1483 finished 0anacron
Nov 10 01:01:01 webserver run-parts(/etc/cron.hourly)[1482 starting mcelog.cron
Nov 10 01:01:01 webserver run-parts(/etc/cron.hourly)[1484 finished mcelog.cron
Nov 10 01:01:01 localhost run-parts(/etc/cron.hourly)[2026 starting 0anacron
Nov 10 01:01:01 localhost run-parts(/etc/cron.hourly)[2027 finished 0anacron
Nov 10 01:01:01 localhost run-parts(/etc/cron.hourly)[2026 starting mcelog.cron
Nov 10 01:01:01 localhost run-parts(/etc/cron.hourly)[2027 finished mcelog.cron
Nov 10 02:01:01 webserver run-parts(/etc/cron.hourly)[1518 starting 0anacron
Nov 10 02:01:01 webserver run-parts(/etc/cron.hourly)[1520 finished 0anacron
Nov 10 02:01:01 webserver run-parts(/etc/cron.hourly)[1518 starting mcelog.cron
Nov 10 02:01:01 webserver run-parts(/etc/cron.hourly)[1520 finished mcelog.cron
Nov 10 02:01:01 localhost run-parts(/etc/cron.hourly)[2555 starting 0anacron
Nov 10 02:01:01 localhost run-parts(/etc/cron.hourly)[2557 finished 0anacron
Nov 10 02:01:01 localhost run-parts(/etc/cron.hourly)[2555 starting mcelog.cron
Nov 10 02:01:01 localhost run-parts(/etc/cron.hourly)[2557 finished mcelog.cron
Nov 10 03:01:01 localhost run-parts(/etc/cron.hourly)[1314 starting 0anacron
Nov 10 03:01:01 localhost run-parts(/etc/cron.hourly)[1315 finished 0anacron
Nov 10 03:01:01 localhost run-parts(/etc/cron.hourly)[1314 starting mcelog.cron
Nov 10 03:01:01 localhost run-parts(/etc/cron.hourly)[1316 finished mcelog.cron
Nov 10 03:01:02 webserver run-parts(/etc/cron.hourly)[1555 starting 0anacron
Nov 10 03:01:02 webserver run-parts(/etc/cron.hourly)[1556 finished 0anacron
Nov 10 03:01:02 webserver run-parts(/etc/cron.hourly)[1555 starting mcelog.cron
Nov 10 03:01:02 webserver run-parts(/etc/cron.hourly)[1557 finished mcelog.cron
Nov 10 03:36:01 localhost run-parts(/etc/cron.daily)[24570 starting logrotate
Nov 10 03:36:05 localhost run-parts(/etc/cron.daily)[24644 finished logrotate
Nov 10 03:36:05 localhost run-parts(/etc/cron.daily)[24570 starting man-db.cron
Nov 10 03:36:08 localhost run-parts(/etc/cron.daily)[24670 finished man-db.cron
Nov 10 03:36:08 localhost run-parts(/etc/cron.daily)[24570 starting mlocate
Nov 10 03:36:10 localhost run-parts(/etc/cron.daily)[24692 finished mlocate
Nov 10 03:41:02 webserver run-parts(/etc/cron.daily)[15796 starting logrotate
Nov 10 03:41:04 webserver run-parts(/etc/cron.daily)[15812 finished logrotate
Nov 10 03:41:04 webserver run-parts(/etc/cron.daily)[15796 starting man-db.cron
Nov 10 03:41:08 webserver run-parts(/etc/cron.daily)[15828 finished man-db.cron
Nov 10 03:41:08 webserver run-parts(/etc/cron.daily)[15796 starting mlocate
Nov 10 03:41:12 webserver run-parts(/etc/cron.daily)[15839 finished mlocate
Nov 10 04:01:01 webserver run-parts(/etc/cron.hourly)[1595 starting 0anacron
Nov 10 04:01:01 webserver run-parts(/etc/cron.hourly)[1596 finished 0anacron
Nov 10 04:01:01 webserver run-parts(/etc/cron.hourly)[1595 starting mcelog.cron
Nov 10 04:01:01 webserver run-parts(/etc/cron.hourly)[1597 finished mcelog.cron
Nov 10 04:01:01 localhost run-parts(/etc/cron.hourly)[2836 starting 0anacron
Nov 10 04:01:01 localhost run-parts(/etc/cron.hourly)[2837 finished 0anacron
Nov 10 04:01:01 localhost run-parts(/etc/cron.hourly)[2836 starting mcelog.cron
Nov 10 04:01:01 localhost run-parts(/etc/cron.hourly)[2838 finished mcelog.cron
Nov 10 05:01:01 webserver run-parts(/etc/cron.hourly)[1631 starting 0anacron
Nov 10 05:01:01 webserver run-parts(/etc/cron.hourly)[1633 finished 0anacron
Nov 10 05:01:01 webserver run-parts(/etc/cron.hourly)[1631 starting mcelog.cron
Nov 10 05:01:01 webserver run-parts(/etc/cron.hourly)[1633 finished mcelog.cron
Nov 10 05:01:01 localhost run-parts(/etc/cron.hourly)[2861 starting 0anacron
Nov 10 05:01:01 localhost run-parts(/etc/cron.hourly)[2862 finished 0anacron
Nov 10 05:01:01 localhost run-parts(/etc/cron.hourly)[2861 starting mcelog.cron
Nov 10 05:01:01 localhost run-parts(/etc/cron.hourly)[2862 finished mcelog.cron
Nov 10 06:01:01 webserver run-parts(/etc/cron.hourly)[1668 starting 0anacron
Nov 10 06:01:01 webserver run-parts(/etc/cron.hourly)[1669 finished 0anacron
Nov 10 06:01:01 webserver run-parts(/etc/cron.hourly)[1668 starting mcelog.cron
Nov 10 06:01:01 webserver run-parts(/etc/cron.hourly)[1669 finished mcelog.cron
Nov 10 06:01:01 localhost run-parts(/etc/cron.hourly)[2865 starting 0anacron
Nov 10 06:01:01 localhost run-parts(/etc/cron.hourly)[2866 finished 0anacron
Nov 10 06:01:01 localhost run-parts(/etc/cron.hourly)[2865 starting mcelog.cron
Nov 10 06:01:01 localhost run-parts(/etc/cron.hourly)[2867 finished mcelog.cron
Nov 10 07:01:01 localhost run-parts(/etc/cron.hourly)[2937 starting 0anacron
Nov 10 07:01:01 localhost run-parts(/etc/cron.hourly)[2938 finished 0anacron
Nov 10 07:01:01 localhost run-parts(/etc/cron.hourly)[2937 starting mcelog.cron
Nov 10 07:01:01 localhost run-parts(/etc/cron.hourly)[2939 finished mcelog.cron
Nov 10 07:01:01 webserver run-parts(/etc/cron.hourly)[1704 starting 0anacron
Nov 10 07:01:01 webserver run-parts(/etc/cron.hourly)[1705 finished 0anacron
Nov 10 07:01:01 webserver run-parts(/etc/cron.hourly)[1704 starting mcelog.cron
Nov 10 07:01:01 webserver run-parts(/etc/cron.hourly)[1705 finished mcelog.cron
Nov 10 08:01:01 localhost run-parts(/etc/cron.hourly)[2941 starting 0anacron
Nov 10 08:01:01 localhost run-parts(/etc/cron.hourly)[2942 finished 0anacron
Nov 10 08:01:01 localhost run-parts(/etc/cron.hourly)[2941 starting mcelog.cron
Nov 10 08:01:01 localhost run-parts(/etc/cron.hourly)[2943 finished mcelog.cron
Nov 10 08:01:01 webserver run-parts(/etc/cron.hourly)[1740 starting 0anacron
Nov 10 08:01:01 webserver run-parts(/etc/cron.hourly)[1741 finished 0anacron
Nov 10 08:01:01 webserver run-parts(/etc/cron.hourly)[1740 starting mcelog.cron
Nov 10 08:01:01 webserver run-parts(/etc/cron.hourly)[1741 finished mcelog.cron
Nov 10 09:01:01 localhost run-parts(/etc/cron.hourly)[3026 starting 0anacron
Nov 10 09:01:01 localhost run-parts(/etc/cron.hourly)[3027 finished 0anacron
Nov 10 09:01:01 localhost run-parts(/etc/cron.hourly)[3026 starting mcelog.cron
Nov 10 09:01:01 localhost run-parts(/etc/cron.hourly)[3027 finished mcelog.cron
Nov 10 09:01:01 webserver run-parts(/etc/cron.hourly)[1776 starting 0anacron
Nov 10 09:01:01 webserver run-parts(/etc/cron.hourly)[1777 finished 0anacron
Nov 10 09:01:01 webserver run-parts(/etc/cron.hourly)[1776 starting mcelog.cron
Nov 10 09:01:01 webserver run-parts(/etc/cron.hourly)[1778 finished mcelog.cron
Nov 10 10:01:01 webserver run-parts(/etc/cron.hourly)[1812 starting 0anacron
Nov 10 10:01:01 webserver run-parts(/etc/cron.hourly)[1813 finished 0anacron
Nov 10 10:01:01 webserver run-parts(/etc/cron.hourly)[1812 starting mcelog.cron
Nov 10 10:01:01 webserver run-parts(/etc/cron.hourly)[1814 finished mcelog.cron
Nov 10 10:01:01 localhost run-parts(/etc/cron.hourly)[3045 starting 0anacron
Nov 10 10:01:01 localhost run-parts(/etc/cron.hourly)[3046 finished 0anacron
Nov 10 10:01:01 localhost run-parts(/etc/cron.hourly)[3045 starting mcelog.cron
Nov 10 10:01:01 localhost run-parts(/etc/cron.hourly)[3046 finished mcelog.cron
Nov 10 11:01:01 webserver run-parts(/etc/cron.hourly)[1849 starting 0anacron
Nov 10 11:01:01 webserver run-parts(/etc/cron.hourly)[1850 finished 0anacron
Nov 10 11:01:01 webserver run-parts(/etc/cron.hourly)[1849 starting mcelog.cron
Nov 10 11:01:01 webserver run-parts(/etc/cron.hourly)[1850 finished mcelog.cron
Nov 10 11:01:01 localhost run-parts(/etc/cron.hourly)[3085 starting 0anacron
Nov 10 11:01:01 localhost run-parts(/etc/cron.hourly)[3086 finished 0anacron
Nov 10 11:01:01 localhost run-parts(/etc/cron.hourly)[3085 starting mcelog.cron
Nov 10 11:01:01 localhost run-parts(/etc/cron.hourly)[3087 finished mcelog.cron
Nov 10 12:01:01 webserver run-parts(/etc/cron.hourly)[1885 starting 0anacron
Nov 10 12:01:01 webserver run-parts(/etc/cron.hourly)[1886 finished 0anacron
Nov 10 12:01:01 webserver run-parts(/etc/cron.hourly)[1885 starting mcelog.cron
Nov 10 12:01:01 webserver run-parts(/etc/cron.hourly)[1887 finished mcelog.cron
Nov 10 12:01:01 localhost run-parts(/etc/cron.hourly)[3135 starting 0anacron
Nov 10 12:01:01 localhost run-parts(/etc/cron.hourly)[3136 finished 0anacron
Nov 10 12:01:01 localhost run-parts(/etc/cron.hourly)[3135 starting mcelog.cron
Nov 10 12:01:01 localhost run-parts(/etc/cron.hourly)[3136 finished mcelog.cron
Nov 10 13:01:01 webserver run-parts(/etc/cron.hourly)[1921 starting 0anacron
Nov 10 13:01:01 webserver run-parts(/etc/cron.hourly)[1922 finished 0anacron
Nov 10 13:01:01 webserver run-parts(/etc/cron.hourly)[1921 starting mcelog.cron
Nov 10 13:01:01 webserver run-parts(/etc/cron.hourly)[1923 finished mcelog.cron
Nov 10 13:01:01 localhost run-parts(/etc/cron.hourly)[3139 starting 0anacron
Nov 10 13:01:01 localhost run-parts(/etc/cron.hourly)[3140 finished 0anacron
Nov 10 13:01:01 localhost run-parts(/etc/cron.hourly)[3139 starting mcelog.cron
Nov 10 13:01:01 localhost run-parts(/etc/cron.hourly)[3141 finished mcelog.cron
Nov 10 14:01:01 localhost run-parts(/etc/cron.hourly)[3144 starting 0anacron
Nov 10 14:01:01 localhost run-parts(/etc/cron.hourly)[3145 finished 0anacron
Nov 10 14:01:01 localhost run-parts(/etc/cron.hourly)[3144 starting mcelog.cron
Nov 10 14:01:01 localhost run-parts(/etc/cron.hourly)[3146 finished mcelog.cron
Nov 10 14:01:02 webserver run-parts(/etc/cron.hourly)[1957 starting 0anacron
Nov 10 14:01:02 webserver run-parts(/etc/cron.hourly)[1958 finished 0anacron
Nov 10 14:01:02 webserver run-parts(/etc/cron.hourly)[1957 starting mcelog.cron
Nov 10 14:01:02 webserver run-parts(/etc/cron.hourly)[1959 finished mcelog.cron
Nov 10 15:01:01 localhost run-parts(/etc/cron.hourly)[3196 starting 0anacron
Nov 10 15:01:01 localhost run-parts(/etc/cron.hourly)[3197 finished 0anacron
Nov 10 15:01:01 localhost run-parts(/etc/cron.hourly)[3196 starting mcelog.cron
Nov 10 15:01:01 localhost run-parts(/etc/cron.hourly)[3197 finished mcelog.cron
Nov 10 15:01:02 webserver run-parts(/etc/cron.hourly)[1994 starting 0anacron
Nov 10 15:01:02 webserver run-parts(/etc/cron.hourly)[1996 finished 0anacron
Nov 10 15:01:02 webserver run-parts(/etc/cron.hourly)[1994 starting mcelog.cron
Nov 10 15:01:02 webserver run-parts(/etc/cron.hourly)[1996 finished mcelog.cron
Nov 10 16:01:01 localhost run-parts(/etc/cron.hourly)[3202 starting 0anacron
Nov 10 16:01:01 localhost run-parts(/etc/cron.hourly)[3203 finished 0anacron
Nov 10 16:01:01 localhost run-parts(/etc/cron.hourly)[3202 starting mcelog.cron
Nov 10 16:01:01 localhost run-parts(/etc/cron.hourly)[3204 finished mcelog.cron
Nov 10 16:01:01 webserver run-parts(/etc/cron.hourly)[2032 starting 0anacron
Nov 10 16:01:01 webserver run-parts(/etc/cron.hourly)[2033 finished 0anacron
Nov 10 16:01:01 webserver run-parts(/etc/cron.hourly)[2032 starting mcelog.cron
Nov 10 16:01:02 webserver run-parts(/etc/cron.hourly)[2033 finished mcelog.cron
Nov 10 17:01:01 localhost run-parts(/etc/cron.hourly)[3225 starting 0anacron
Nov 10 17:01:01 localhost run-parts(/etc/cron.hourly)[3226 finished 0anacron
Nov 10 17:01:01 localhost run-parts(/etc/cron.hourly)[3225 starting mcelog.cron
Nov 10 17:01:01 localhost run-parts(/etc/cron.hourly)[3227 finished mcelog.cron
Nov 10 17:01:01 webserver run-parts(/etc/cron.hourly)[2068 starting 0anacron
Nov 10 17:01:01 webserver run-parts(/etc/cron.hourly)[2069 finished 0anacron
Nov 10 17:01:01 webserver run-parts(/etc/cron.hourly)[2068 starting mcelog.cron
Nov 10 17:01:01 webserver run-parts(/etc/cron.hourly)[2070 finished mcelog.cron
Nov 10 18:01:01 localhost run-parts(/etc/cron.hourly)[3242 starting 0anacron
Nov 10 18:01:01 localhost run-parts(/etc/cron.hourly)[3243 finished 0anacron
Nov 10 18:01:01 localhost run-parts(/etc/cron.hourly)[3242 starting mcelog.cron
Nov 10 18:01:01 localhost run-parts(/etc/cron.hourly)[3243 finished mcelog.cron
Nov 10 18:01:01 webserver run-parts(/etc/cron.hourly)[2104 starting 0anacron
Nov 10 18:01:01 webserver run-parts(/etc/cron.hourly)[2105 finished 0anacron
Nov 10 18:01:01 webserver run-parts(/etc/cron.hourly)[2104 starting mcelog.cron
Nov 10 18:01:01 webserver run-parts(/etc/cron.hourly)[2106 finished mcelog.cron
Nov 10 19:01:01 localhost run-parts(/etc/cron.hourly)[995] starting 0anacron
Nov 10 19:01:01 localhost run-parts(/etc/cron.hourly)[1004 finished 0anacron
Nov 10 19:01:01 localhost run-parts(/etc/cron.hourly)[995] starting mcelog.cron
Nov 10 19:01:01 localhost run-parts(/etc/cron.hourly)[1010 finished mcelog.cron
Nov 10 19:01:01 webserver run-parts(/etc/cron.hourly)[2140 starting 0anacron
Nov 10 19:01:01 webserver run-parts(/etc/cron.hourly)[2142 finished 0anacron
Nov 10 19:01:01 webserver run-parts(/etc/cron.hourly)[2140 starting mcelog.cron
Nov 10 19:01:01 webserver run-parts(/etc/cron.hourly)[2142 finished mcelog.cron
Nov 10 20:01:01 localhost run-parts(/etc/cron.hourly)[2324 starting 0anacron
Nov 10 20:01:01 localhost run-parts(/etc/cron.hourly)[2333 finished 0anacron
Nov 10 20:01:01 localhost run-parts(/etc/cron.hourly)[2324 starting mcelog.cron
Nov 10 20:01:01 localhost run-parts(/etc/cron.hourly)[2339 finished mcelog.cron
Nov 10 20:01:01 webserver run-parts(/etc/cron.hourly)[2177 starting 0anacron
Nov 10 20:01:01 webserver run-parts(/etc/cron.hourly)[2178 finished 0anacron
Nov 10 20:01:01 webserver run-parts(/etc/cron.hourly)[2177 starting mcelog.cron
Nov 10 20:01:01 webserver run-parts(/etc/cron.hourly)[2179 finished mcelog.cron
Nov 10 21:01:01 localhost run-parts(/etc/cron.hourly)[3859 starting 0anacron
Nov 10 21:01:01 localhost run-parts(/etc/cron.hourly)[3868 finished 0anacron
Nov 10 21:01:01 localhost run-parts(/etc/cron.hourly)[3859 starting mcelog.cron
Nov 10 21:01:01 localhost run-parts(/etc/cron.hourly)[3874 finished mcelog.cron
Nov 10 21:01:01 webserver run-parts(/etc/cron.hourly)[2213 starting 0anacron
Nov 10 21:01:01 webserver run-parts(/etc/cron.hourly)[2214 finished 0anacron
Nov 10 21:01:01 webserver run-parts(/etc/cron.hourly)[2213 starting mcelog.cron
Nov 10 21:01:01 webserver run-parts(/etc/cron.hourly)[2215 finished mcelog.cron
Nov 10 22:01:01 localhost run-parts(/etc/cron.hourly)[4120 starting 0anacron
Nov 10 22:01:01 localhost run-parts(/etc/cron.hourly)[4129 finished 0anacron
Nov 10 22:01:01 localhost run-parts(/etc/cron.hourly)[4120 starting mcelog.cron
Nov 10 22:01:01 localhost run-parts(/etc/cron.hourly)[4135 finished mcelog.cron
Nov 10 22:01:01 webserver run-parts(/etc/cron.hourly)[2249 starting 0anacron
Nov 10 22:01:01 webserver run-parts(/etc/cron.hourly)[2250 finished 0anacron
Nov 10 22:01:01 webserver run-parts(/etc/cron.hourly)[2249 starting mcelog.cron
Nov 10 22:01:01 webserver run-parts(/etc/cron.hourly)[2251 finished mcelog.cron
Nov 10 23:01:01 webserver run-parts(/etc/cron.hourly)[2285 starting 0anacron
Nov 10 23:01:01 localhost run-parts(/etc/cron.hourly)[4301 starting 0anacron
Nov 10 23:01:01 webserver run-parts(/etc/cron.hourly)[2287 finished 0anacron
Nov 10 23:01:01 localhost run-parts(/etc/cron.hourly)[4310 finished 0anacron
Nov 10 23:01:01 localhost run-parts(/etc/cron.hourly)[4301 starting mcelog.cron
Nov 10 23:01:01 localhost run-parts(/etc/cron.hourly)[4316 finished mcelog.cron
Nov 10 23:01:01 webserver run-parts(/etc/cron.hourly)[2285 starting mcelog.cron
Nov 10 23:01:01 webserver run-parts(/etc/cron.hourly)[2287 finished mcelog.cron
