Oct 31 00:44:51 localhost dbus[577]: [system] Activating via systemd: service name='org.freedesktop.PackageKit' unit='packagekit.service'
Oct 31 00:44:51 localhost dbus[577]: [system] Successfully activated service 'org.freedesktop.PackageKit'
Oct 31 01:44:51 localhost dbus[577]: [system] Activating via systemd: service name='org.freedesktop.PackageKit' unit='packagekit.service'
Oct 31 01:44:51 localhost dbus[577]: [system] Successfully activated service 'org.freedesktop.PackageKit'
Oct 31 02:44:51 localhost dbus[577]: [system] Activating via systemd: service name='org.freedesktop.PackageKit' unit='packagekit.service'
Oct 31 02:44:51 localhost dbus[577]: [system] Successfully activated service 'org.freedesktop.PackageKit'
Oct 31 03:44:51 localhost dbus[577]: [system] Activating via systemd: service name='org.freedesktop.PackageKit' unit='packagekit.service'
Oct 31 03:44:51 localhost dbus[577]: [system] Successfully activated service 'org.freedesktop.PackageKit'
Oct 31 04:44:51 localhost dbus[577]: [system] Activating via systemd: service name='org.freedesktop.PackageKit' unit='packagekit.service'
Oct 31 04:44:51 localhost dbus[577]: [system] Successfully activated service 'org.freedesktop.PackageKit'
Oct 31 05:44:51 localhost dbus[577]: [system] Activating via systemd: service name='org.freedesktop.PackageKit' unit='packagekit.service'
Oct 31 05:44:51 localhost dbus[577]: [system] Successfully activated service 'org.freedesktop.PackageKit'
Oct 31 06:44:51 localhost dbus[577]: [system] Activating via systemd: service name='org.freedesktop.PackageKit' unit='packagekit.service'
Oct 31 06:44:51 localhost dbus[577]: [system] Successfully activated service 'org.freedesktop.PackageKit'
Oct 31 07:44:51 localhost dbus[577]: [system] Activating via systemd: service name='org.freedesktop.PackageKit' unit='packagekit.service'
Oct 31 07:44:51 localhost dbus[577]: [system] Successfully activated service 'org.freedesktop.PackageKit'
Oct 31 08:44:51 localhost dbus[577]: [system] Activating via systemd: service name='org.freedesktop.PackageKit' unit='packagekit.service'
Oct 31 08:44:51 localhost dbus[577]: [system] Successfully activated service 'org.freedesktop.PackageKit'
Oct 31 09:44:51 localhost dbus[577]: [system] Activating via systemd: service name='org.freedesktop.PackageKit' unit='packagekit.service'
Oct 31 09:44:51 localhost dbus[577]: [system] Successfully activated service 'org.freedesktop.PackageKit'
Oct 31 10:44:51 localhost dbus[577]: [system] Activating via systemd: service name='org.freedesktop.PackageKit' unit='packagekit.service'
Oct 31 10:44:51 localhost dbus[577]: [system] Successfully activated service 'org.freedesktop.PackageKit'
Oct 31 11:44:51 localhost dbus[577]: [system] Activating via systemd: service name='org.freedesktop.PackageKit' unit='packagekit.service'
Oct 31 11:44:51 localhost dbus[577]: [system] Successfully activated service 'org.freedesktop.PackageKit'
Oct 31 12:14:59 localhost dbus[577]: [system] Activating service name='org.fedoraproject.Setroubleshootd' (using servicehelper)
Oct 31 12:14:59 localhost dbus[577]: [system] Activating via systemd: service name='org.freedesktop.nm_dispatcher' unit='dbus-org.freedesktop.nm-dispatcher.service'
Oct 31 12:14:59 localhost dbus[577]: [system] Successfully activated service 'org.freedesktop.nm_dispatcher'
Oct 31 12:15:00 localhost dbus[577]: [system] Successfully activated service 'org.fedoraproject.Setroubleshootd'
Oct 31 12:23:24 localhost dbus[577]: [system] Activating via systemd: service name='org.freedesktop.nm_dispatcher' unit='dbus-org.freedesktop.nm-dispatcher.service'
Oct 31 12:23:24 localhost dbus[577]: [system] Activating service name='org.fedoraproject.Setroubleshootd' (using servicehelper)
Oct 31 12:23:24 localhost dbus[577]: [system] Successfully activated service 'org.freedesktop.nm_dispatcher'
Oct 31 12:23:25 localhost dbus[577]: [system] Successfully activated service 'org.fedoraproject.Setroubleshootd'
Oct 31 12:44:51 localhost dbus[577]: [system] Activating via systemd: service name='org.freedesktop.PackageKit' unit='packagekit.service'
Oct 31 12:44:51 localhost dbus[577]: [system] Successfully activated service 'org.freedesktop.PackageKit'
Oct 31 13:44:51 localhost dbus[577]: [system] Activating via systemd: service name='org.freedesktop.PackageKit' unit='packagekit.service'
Oct 31 13:44:51 localhost dbus[577]: [system] Successfully activated service 'org.freedesktop.PackageKit'
Oct 31 14:44:51 localhost dbus[577]: [system] Activating via systemd: service name='org.freedesktop.PackageKit' unit='packagekit.service'
Oct 31 14:44:51 localhost dbus[577]: [system] Successfully activated service 'org.freedesktop.PackageKit'
Oct 31 15:44:51 localhost dbus[577]: [system] Activating via systemd: service name='org.freedesktop.PackageKit' unit='packagekit.service'
Oct 31 15:44:51 localhost dbus[577]: [system] Successfully activated service 'org.freedesktop.PackageKit'
Oct 31 16:44:51 localhost dbus[577]: [system] Activating via systemd: service name='org.freedesktop.PackageKit' unit='packagekit.service'
Oct 31 16:44:51 localhost dbus[577]: [system] Successfully activated service 'org.freedesktop.PackageKit'
Oct 31 17:44:51 localhost dbus[577]: [system] Activating via systemd: service name='org.freedesktop.PackageKit' unit='packagekit.service'
Oct 31 17:44:51 localhost dbus[577]: [system] Successfully activated service 'org.freedesktop.PackageKit'
Oct 31 18:44:51 localhost dbus[577]: [system] Activating via systemd: service name='org.freedesktop.PackageKit' unit='packagekit.service'
Oct 31 18:44:51 localhost dbus[577]: [system] Successfully activated service 'org.freedesktop.PackageKit'
Oct 31 19:44:51 localhost dbus[577]: [system] Activating via systemd: service name='org.freedesktop.PackageKit' unit='packagekit.service'
Oct 31 19:44:52 localhost dbus[577]: [system] Successfully activated service 'org.freedesktop.PackageKit'
Oct 31 20:44:51 localhost dbus[577]: [system] Activating via systemd: service name='org.freedesktop.PackageKit' unit='packagekit.service'
Oct 31 20:44:51 localhost dbus[577]: [system] Successfully activated service 'org.freedesktop.PackageKit'
Oct 31 21:44:51 localhost dbus[577]: [system] Activating via systemd: service name='org.freedesktop.PackageKit' unit='packagekit.service'
Oct 31 21:44:51 localhost dbus[577]: [system] Successfully activated service 'org.freedesktop.PackageKit'
Oct 31 22:44:51 localhost dbus[577]: [system] Activating via systemd: service name='org.freedesktop.PackageKit' unit='packagekit.service'
Oct 31 22:44:51 localhost dbus[577]: [system] Successfully activated service 'org.freedesktop.PackageKit'
Oct 31 23:44:51 localhost dbus[577]: [system] Activating via systemd: service name='org.freedesktop.PackageKit' unit='packagekit.service'
Oct 31 23:44:51 localhost dbus[577]: [system] Successfully activated service 'org.freedesktop.PackageKit'
