Oct 31 00:01:01 localhost run-parts(/etc/cron.hourly)[5691 starting 0anacron
Oct 31 00:01:01 localhost run-parts(/etc/cron.hourly)[5703 finished 0anacron
Oct 31 00:01:01 localhost run-parts(/etc/cron.hourly)[5691 starting mcelog.cron
Oct 31 00:01:01 localhost run-parts(/etc/cron.hourly)[5709 finished mcelog.cron
Oct 31 00:01:01 localhost run-parts(/etc/cron.hourly)[2214 starting 0anacron
Oct 31 00:01:01 localhost run-parts(/etc/cron.hourly)[2216 finished 0anacron
Oct 31 00:01:01 localhost run-parts(/etc/cron.hourly)[2214 starting mcelog.cron
Oct 31 00:01:01 localhost run-parts(/etc/cron.hourly)[2216 finished mcelog.cron
Oct 31 01:01:01 localhost run-parts(/etc/cron.hourly)[2251 starting 0anacron
Oct 31 01:01:01 localhost run-parts(/etc/cron.hourly)[5736 starting 0anacron
Oct 31 01:01:01 localhost run-parts(/etc/cron.hourly)[5748 finished 0anacron
Oct 31 01:01:01 localhost run-parts(/etc/cron.hourly)[5736 starting mcelog.cron
Oct 31 01:01:01 localhost run-parts(/etc/cron.hourly)[5754 finished mcelog.cron
Oct 31 01:01:01 localhost run-parts(/etc/cron.hourly)[2252 finished 0anacron
Oct 31 01:01:01 localhost run-parts(/etc/cron.hourly)[2251 starting mcelog.cron
Oct 31 01:01:01 localhost run-parts(/etc/cron.hourly)[2253 finished mcelog.cron
Oct 31 02:01:01 localhost run-parts(/etc/cron.hourly)[2288 starting 0anacron
Oct 31 02:01:01 localhost run-parts(/etc/cron.hourly)[2289 finished 0anacron
Oct 31 02:01:01 localhost run-parts(/etc/cron.hourly)[2288 starting mcelog.cron
Oct 31 02:01:01 localhost run-parts(/etc/cron.hourly)[2290 finished mcelog.cron
Oct 31 02:01:01 localhost run-parts(/etc/cron.hourly)[5991 starting 0anacron
Oct 31 02:01:01 localhost run-parts(/etc/cron.hourly)[6003 finished 0anacron
Oct 31 02:01:01 localhost run-parts(/etc/cron.hourly)[5991 starting mcelog.cron
Oct 31 02:01:01 localhost run-parts(/etc/cron.hourly)[6009 finished mcelog.cron
Oct 31 03:01:01 localhost run-parts(/etc/cron.hourly)[6081 starting 0anacron
Oct 31 03:01:01 localhost run-parts(/etc/cron.hourly)[6093 finished 0anacron
Oct 31 03:01:01 localhost run-parts(/etc/cron.hourly)[6081 starting mcelog.cron
Oct 31 03:01:01 localhost run-parts(/etc/cron.hourly)[6099 finished mcelog.cron
Oct 31 03:01:02 localhost run-parts(/etc/cron.hourly)[2324 starting 0anacron
Oct 31 03:01:02 localhost run-parts(/etc/cron.hourly)[2326 finished 0anacron
Oct 31 03:01:02 localhost run-parts(/etc/cron.hourly)[2324 starting mcelog.cron
Oct 31 03:01:02 localhost run-parts(/etc/cron.hourly)[2326 finished mcelog.cron
Oct 31 03:13:01 localhost run-parts(/etc/cron.daily)[6106] starting logrotate
Oct 31 03:13:05 localhost run-parts(/etc/cron.daily)[6148] finished logrotate
Oct 31 03:13:05 localhost run-parts(/etc/cron.daily)[6106] starting man-db.cron
Oct 31 03:13:08 localhost run-parts(/etc/cron.daily)[6159] finished man-db.cron
Oct 31 03:13:08 localhost run-parts(/etc/cron.daily)[6106] starting mlocate
Oct 31 03:13:12 localhost run-parts(/etc/cron.daily)[6170] finished mlocate
Oct 31 03:14:02 localhost run-parts(/etc/cron.daily)[23341 starting logrotate
Oct 31 03:14:02 localhost run-parts(/etc/cron.daily)[23349 finished logrotate
Oct 31 03:14:02 localhost run-parts(/etc/cron.daily)[23341 starting man-db.cron
Oct 31 03:14:05 localhost run-parts(/etc/cron.daily)[23360 finished man-db.cron
Oct 31 03:14:05 localhost run-parts(/etc/cron.daily)[23341 starting mlocate
Oct 31 03:14:08 localhost run-parts(/etc/cron.daily)[23371 finished mlocate
Oct 31 04:01:01 localhost run-parts(/etc/cron.hourly)[6191 starting 0anacron
Oct 31 04:01:01 localhost run-parts(/etc/cron.hourly)[6200 finished 0anacron
Oct 31 04:01:01 localhost run-parts(/etc/cron.hourly)[6191 starting mcelog.cron
Oct 31 04:01:01 localhost run-parts(/etc/cron.hourly)[6206 finished mcelog.cron
Oct 31 04:01:02 localhost run-parts(/etc/cron.hourly)[2364 starting 0anacron
Oct 31 04:01:02 localhost run-parts(/etc/cron.hourly)[2365 finished 0anacron
Oct 31 04:01:02 localhost run-parts(/etc/cron.hourly)[2364 starting mcelog.cron
Oct 31 04:01:02 localhost run-parts(/etc/cron.hourly)[2366 finished mcelog.cron
Oct 31 05:01:01 localhost run-parts(/etc/cron.hourly)[6233 starting 0anacron
Oct 31 05:01:01 localhost run-parts(/etc/cron.hourly)[6242 finished 0anacron
Oct 31 05:01:01 localhost run-parts(/etc/cron.hourly)[6233 starting mcelog.cron
Oct 31 05:01:01 localhost run-parts(/etc/cron.hourly)[6248 finished mcelog.cron
Oct 31 05:01:02 localhost run-parts(/etc/cron.hourly)[2401 starting 0anacron
Oct 31 05:01:02 localhost run-parts(/etc/cron.hourly)[2402 finished 0anacron
Oct 31 05:01:02 localhost run-parts(/etc/cron.hourly)[2401 starting mcelog.cron
Oct 31 05:01:02 localhost run-parts(/etc/cron.hourly)[2402 finished mcelog.cron
Oct 31 06:01:01 localhost run-parts(/etc/cron.hourly)[6274 starting 0anacron
Oct 31 06:01:01 localhost run-parts(/etc/cron.hourly)[6283 finished 0anacron
Oct 31 06:01:01 localhost run-parts(/etc/cron.hourly)[6274 starting mcelog.cron
Oct 31 06:01:01 localhost run-parts(/etc/cron.hourly)[6289 finished mcelog.cron
Oct 31 06:01:01 localhost run-parts(/etc/cron.hourly)[2437 starting 0anacron
Oct 31 06:01:01 localhost run-parts(/etc/cron.hourly)[2438 finished 0anacron
Oct 31 06:01:01 localhost run-parts(/etc/cron.hourly)[2437 starting mcelog.cron
Oct 31 06:01:01 localhost run-parts(/etc/cron.hourly)[2438 finished mcelog.cron
Oct 31 07:01:01 localhost run-parts(/etc/cron.hourly)[6315 starting 0anacron
Oct 31 07:01:01 localhost run-parts(/etc/cron.hourly)[6324 finished 0anacron
Oct 31 07:01:01 localhost run-parts(/etc/cron.hourly)[6315 starting mcelog.cron
Oct 31 07:01:01 localhost run-parts(/etc/cron.hourly)[6330 finished mcelog.cron
Oct 31 07:01:01 localhost run-parts(/etc/cron.hourly)[2473 starting 0anacron
Oct 31 07:01:01 localhost run-parts(/etc/cron.hourly)[2474 finished 0anacron
Oct 31 07:01:01 localhost run-parts(/etc/cron.hourly)[2473 starting mcelog.cron
Oct 31 07:01:01 localhost run-parts(/etc/cron.hourly)[2474 finished mcelog.cron
Oct 31 08:01:01 localhost run-parts(/etc/cron.hourly)[6356 starting 0anacron
Oct 31 08:01:01 localhost run-parts(/etc/cron.hourly)[6365 finished 0anacron
Oct 31 08:01:01 localhost run-parts(/etc/cron.hourly)[6356 starting mcelog.cron
Oct 31 08:01:01 localhost run-parts(/etc/cron.hourly)[6371 finished mcelog.cron
Oct 31 08:01:01 localhost run-parts(/etc/cron.hourly)[2509 starting 0anacron
Oct 31 08:01:01 localhost run-parts(/etc/cron.hourly)[2510 finished 0anacron
Oct 31 08:01:01 localhost run-parts(/etc/cron.hourly)[2509 starting mcelog.cron
Oct 31 08:01:01 localhost run-parts(/etc/cron.hourly)[2511 finished mcelog.cron
Oct 31 09:01:01 localhost run-parts(/etc/cron.hourly)[6898 starting 0anacron
Oct 31 09:01:01 localhost run-parts(/etc/cron.hourly)[6907 finished 0anacron
Oct 31 09:01:01 localhost run-parts(/etc/cron.hourly)[6898 starting mcelog.cron
Oct 31 09:01:01 localhost run-parts(/etc/cron.hourly)[6913 finished mcelog.cron
Oct 31 09:01:01 localhost run-parts(/etc/cron.hourly)[2545 starting 0anacron
Oct 31 09:01:01 localhost run-parts(/etc/cron.hourly)[2546 finished 0anacron
Oct 31 09:01:01 localhost run-parts(/etc/cron.hourly)[2545 starting mcelog.cron
Oct 31 09:01:01 localhost run-parts(/etc/cron.hourly)[2547 finished mcelog.cron
Oct 31 10:01:01 localhost run-parts(/etc/cron.hourly)[7232 starting 0anacron
Oct 31 10:01:01 localhost run-parts(/etc/cron.hourly)[7241 finished 0anacron
Oct 31 10:01:01 localhost run-parts(/etc/cron.hourly)[7232 starting mcelog.cron
Oct 31 10:01:01 localhost run-parts(/etc/cron.hourly)[7247 finished mcelog.cron
Oct 31 10:01:01 localhost run-parts(/etc/cron.hourly)[2581 starting 0anacron
Oct 31 10:01:01 localhost run-parts(/etc/cron.hourly)[2582 finished 0anacron
Oct 31 10:01:01 localhost run-parts(/etc/cron.hourly)[2581 starting mcelog.cron
Oct 31 10:01:01 localhost run-parts(/etc/cron.hourly)[2583 finished mcelog.cron
Oct 31 11:01:01 localhost run-parts(/etc/cron.hourly)[7748 starting 0anacron
Oct 31 11:01:01 localhost run-parts(/etc/cron.hourly)[7757 finished 0anacron
Oct 31 11:01:01 localhost run-parts(/etc/cron.hourly)[7748 starting mcelog.cron
Oct 31 11:01:01 localhost run-parts(/etc/cron.hourly)[7763 finished mcelog.cron
Oct 31 11:01:01 localhost run-parts(/etc/cron.hourly)[2617 starting 0anacron
Oct 31 11:01:01 localhost run-parts(/etc/cron.hourly)[2618 finished 0anacron
Oct 31 11:01:01 localhost run-parts(/etc/cron.hourly)[2617 starting mcelog.cron
Oct 31 11:01:01 localhost run-parts(/etc/cron.hourly)[2619 finished mcelog.cron
Oct 31 12:01:01 localhost run-parts(/etc/cron.hourly)[8894 starting 0anacron
Oct 31 12:01:01 localhost run-parts(/etc/cron.hourly)[8903 finished 0anacron
Oct 31 12:01:01 localhost run-parts(/etc/cron.hourly)[8894 starting mcelog.cron
Oct 31 12:01:01 localhost run-parts(/etc/cron.hourly)[8909 finished mcelog.cron
Oct 31 12:01:01 localhost run-parts(/etc/cron.hourly)[2653 starting 0anacron
Oct 31 12:01:01 localhost run-parts(/etc/cron.hourly)[2654 finished 0anacron
Oct 31 12:01:01 localhost run-parts(/etc/cron.hourly)[2653 starting mcelog.cron
Oct 31 12:01:01 localhost run-parts(/etc/cron.hourly)[2655 finished mcelog.cron
Oct 31 13:01:01 localhost run-parts(/etc/cron.hourly)[9090 starting 0anacron
Oct 31 13:01:01 localhost run-parts(/etc/cron.hourly)[9099 finished 0anacron
Oct 31 13:01:01 localhost run-parts(/etc/cron.hourly)[9090 starting mcelog.cron
Oct 31 13:01:01 localhost run-parts(/etc/cron.hourly)[9105 finished mcelog.cron
Oct 31 13:01:01 localhost run-parts(/etc/cron.hourly)[2710 starting 0anacron
Oct 31 13:01:01 localhost run-parts(/etc/cron.hourly)[2711 finished 0anacron
Oct 31 13:01:01 localhost run-parts(/etc/cron.hourly)[2710 starting mcelog.cron
Oct 31 13:01:01 localhost run-parts(/etc/cron.hourly)[2712 finished mcelog.cron
Oct 31 14:01:01 localhost run-parts(/etc/cron.hourly)[9132 starting 0anacron
Oct 31 14:01:01 localhost run-parts(/etc/cron.hourly)[9141 finished 0anacron
Oct 31 14:01:01 localhost run-parts(/etc/cron.hourly)[9132 starting mcelog.cron
Oct 31 14:01:01 localhost run-parts(/etc/cron.hourly)[9147 finished mcelog.cron
Oct 31 14:01:01 localhost run-parts(/etc/cron.hourly)[2746 starting 0anacron
Oct 31 14:01:01 localhost run-parts(/etc/cron.hourly)[2747 finished 0anacron
Oct 31 14:01:01 localhost run-parts(/etc/cron.hourly)[2746 starting mcelog.cron
Oct 31 14:01:01 localhost run-parts(/etc/cron.hourly)[2748 finished mcelog.cron
Oct 31 15:01:01 localhost run-parts(/etc/cron.hourly)[9177 starting 0anacron
Oct 31 15:01:01 localhost run-parts(/etc/cron.hourly)[9186 finished 0anacron
Oct 31 15:01:01 localhost run-parts(/etc/cron.hourly)[9177 starting mcelog.cron
Oct 31 15:01:01 localhost run-parts(/etc/cron.hourly)[9192 finished mcelog.cron
Oct 31 15:01:01 localhost run-parts(/etc/cron.hourly)[2782 starting 0anacron
Oct 31 15:01:01 localhost run-parts(/etc/cron.hourly)[2784 finished 0anacron
Oct 31 15:01:01 localhost run-parts(/etc/cron.hourly)[2782 starting mcelog.cron
Oct 31 15:01:01 localhost run-parts(/etc/cron.hourly)[2784 finished mcelog.cron
Oct 31 16:01:01 localhost run-parts(/etc/cron.hourly)[9454 starting 0anacron
Oct 31 16:01:01 localhost run-parts(/etc/cron.hourly)[9463 finished 0anacron
Oct 31 16:01:01 localhost run-parts(/etc/cron.hourly)[9454 starting mcelog.cron
Oct 31 16:01:01 localhost run-parts(/etc/cron.hourly)[9469 finished mcelog.cron
Oct 31 16:01:01 localhost run-parts(/etc/cron.hourly)[2819 starting 0anacron
Oct 31 16:01:01 localhost run-parts(/etc/cron.hourly)[2820 finished 0anacron
Oct 31 16:01:01 localhost run-parts(/etc/cron.hourly)[2819 starting mcelog.cron
Oct 31 16:01:01 localhost run-parts(/etc/cron.hourly)[2821 finished mcelog.cron
Oct 31 17:01:01 localhost run-parts(/etc/cron.hourly)[2856 starting 0anacron
Oct 31 17:01:01 localhost run-parts(/etc/cron.hourly)[2858 finished 0anacron
Oct 31 17:01:01 localhost run-parts(/etc/cron.hourly)[2856 starting mcelog.cron
Oct 31 17:01:01 localhost run-parts(/etc/cron.hourly)[2858 finished mcelog.cron
Oct 31 17:01:01 localhost run-parts(/etc/cron.hourly)[9516 starting 0anacron
Oct 31 17:01:01 localhost run-parts(/etc/cron.hourly)[9525 finished 0anacron
Oct 31 17:01:01 localhost run-parts(/etc/cron.hourly)[9516 starting mcelog.cron
Oct 31 17:01:01 localhost run-parts(/etc/cron.hourly)[9531 finished mcelog.cron
Oct 31 18:01:01 localhost run-parts(/etc/cron.hourly)[2893 starting 0anacron
Oct 31 18:01:01 localhost run-parts(/etc/cron.hourly)[2894 finished 0anacron
Oct 31 18:01:01 localhost run-parts(/etc/cron.hourly)[2893 starting mcelog.cron
Oct 31 18:01:01 localhost run-parts(/etc/cron.hourly)[2894 finished mcelog.cron
Oct 31 18:01:01 localhost run-parts(/etc/cron.hourly)[9559 starting 0anacron
Oct 31 18:01:01 localhost run-parts(/etc/cron.hourly)[9568 finished 0anacron
Oct 31 18:01:01 localhost run-parts(/etc/cron.hourly)[9559 starting mcelog.cron
Oct 31 18:01:01 localhost run-parts(/etc/cron.hourly)[9574 finished mcelog.cron
Oct 31 19:01:01 localhost run-parts(/etc/cron.hourly)[2929 starting 0anacron
Oct 31 19:01:01 localhost run-parts(/etc/cron.hourly)[2931 finished 0anacron
Oct 31 19:01:01 localhost run-parts(/etc/cron.hourly)[2929 starting mcelog.cron
Oct 31 19:01:01 localhost run-parts(/etc/cron.hourly)[2931 finished mcelog.cron
Oct 31 19:01:01 localhost run-parts(/etc/cron.hourly)[9604 starting 0anacron
Oct 31 19:01:01 localhost run-parts(/etc/cron.hourly)[9613 finished 0anacron
Oct 31 19:01:01 localhost run-parts(/etc/cron.hourly)[9604 starting mcelog.cron
Oct 31 19:01:01 localhost run-parts(/etc/cron.hourly)[9619 finished mcelog.cron
Oct 31 20:01:01 localhost run-parts(/etc/cron.hourly)[2966 starting 0anacron
Oct 31 20:01:01 localhost run-parts(/etc/cron.hourly)[2967 finished 0anacron
Oct 31 20:01:01 localhost run-parts(/etc/cron.hourly)[2966 starting mcelog.cron
Oct 31 20:01:01 localhost run-parts(/etc/cron.hourly)[2967 finished mcelog.cron
Oct 31 20:01:01 localhost run-parts(/etc/cron.hourly)[1006 starting 0anacron
Oct 31 20:01:01 localhost run-parts(/etc/cron.hourly)[1007 finished 0anacron
Oct 31 20:01:01 localhost run-parts(/etc/cron.hourly)[1006 starting mcelog.cron
Oct 31 20:01:01 localhost run-parts(/etc/cron.hourly)[1008 finished mcelog.cron
Oct 31 21:01:01 localhost run-parts(/etc/cron.hourly)[3002 starting 0anacron
Oct 31 21:01:01 localhost run-parts(/etc/cron.hourly)[3003 finished 0anacron
Oct 31 21:01:01 localhost run-parts(/etc/cron.hourly)[3002 starting mcelog.cron
Oct 31 21:01:01 localhost run-parts(/etc/cron.hourly)[3004 finished mcelog.cron
Oct 31 21:01:02 localhost run-parts(/etc/cron.hourly)[1073 starting 0anacron
Oct 31 21:01:02 localhost run-parts(/etc/cron.hourly)[1074 finished 0anacron
Oct 31 21:01:02 localhost run-parts(/etc/cron.hourly)[1073 starting mcelog.cron
Oct 31 21:01:02 localhost run-parts(/etc/cron.hourly)[1075 finished mcelog.cron
Oct 31 22:01:01 localhost run-parts(/etc/cron.hourly)[1183 starting 0anacron
Oct 31 22:01:01 localhost run-parts(/etc/cron.hourly)[1184 finished 0anacron
Oct 31 22:01:01 localhost run-parts(/etc/cron.hourly)[1183 starting mcelog.cron
Oct 31 22:01:01 localhost run-parts(/etc/cron.hourly)[1184 finished mcelog.cron
Oct 31 22:01:01 localhost run-parts(/etc/cron.hourly)[3038 starting 0anacron
Oct 31 22:01:01 localhost run-parts(/etc/cron.hourly)[3039 finished 0anacron
Oct 31 22:01:01 localhost run-parts(/etc/cron.hourly)[3038 starting mcelog.cron
Oct 31 22:01:01 localhost run-parts(/etc/cron.hourly)[3040 finished mcelog.cron
Oct 31 23:01:01 localhost run-parts(/etc/cron.hourly)[3075 starting 0anacron
Oct 31 23:01:01 localhost run-parts(/etc/cron.hourly)[1187 starting 0anacron
Oct 31 23:01:01 localhost run-parts(/etc/cron.hourly)[3076 finished 0anacron
Oct 31 23:01:01 localhost run-parts(/etc/cron.hourly)[1188 finished 0anacron
Oct 31 23:01:01 localhost run-parts(/etc/cron.hourly)[1187 starting mcelog.cron
Oct 31 23:01:01 localhost run-parts(/etc/cron.hourly)[1188 finished mcelog.cron
Oct 31 23:01:01 localhost run-parts(/etc/cron.hourly)[3075 starting mcelog.cron
Oct 31 23:01:01 localhost run-parts(/etc/cron.hourly)[3076 finished mcelog.cron
