Nov 15 00:01:01 webserver run-parts(/etc/cron.hourly)[2638 starting 0anacron
Nov 15 00:01:01 webserver run-parts(/etc/cron.hourly)[2640 finished 0anacron
Nov 15 00:01:01 webserver run-parts(/etc/cron.hourly)[2638 starting mcelog.cron
Nov 15 00:01:01 webserver run-parts(/etc/cron.hourly)[2640 finished mcelog.cron
Nov 15 00:01:01 localhost run-parts(/etc/cron.hourly)[1653 starting 0anacron
Nov 15 00:01:01 localhost run-parts(/etc/cron.hourly)[1654 finished 0anacron
Nov 15 00:01:01 localhost run-parts(/etc/cron.hourly)[1653 starting mcelog.cron
Nov 15 00:01:01 localhost run-parts(/etc/cron.hourly)[1655 finished mcelog.cron
Nov 15 01:01:01 localhost run-parts(/etc/cron.hourly)[1807 starting 0anacron
Nov 15 01:01:01 localhost run-parts(/etc/cron.hourly)[1808 finished 0anacron
Nov 15 01:01:01 localhost run-parts(/etc/cron.hourly)[1807 starting mcelog.cron
Nov 15 01:01:01 localhost run-parts(/etc/cron.hourly)[1809 finished mcelog.cron
Nov 15 01:01:02 webserver run-parts(/etc/cron.hourly)[2675 starting 0anacron
Nov 15 01:01:02 webserver run-parts(/etc/cron.hourly)[2676 finished 0anacron
Nov 15 01:01:02 webserver run-parts(/etc/cron.hourly)[2675 starting mcelog.cron
Nov 15 01:01:02 webserver run-parts(/etc/cron.hourly)[2677 finished mcelog.cron
Nov 15 02:01:01 localhost run-parts(/etc/cron.hourly)[1916 starting 0anacron
Nov 15 02:01:01 localhost run-parts(/etc/cron.hourly)[1917 finished 0anacron
Nov 15 02:01:01 localhost run-parts(/etc/cron.hourly)[1916 starting mcelog.cron
Nov 15 02:01:01 localhost run-parts(/etc/cron.hourly)[1917 finished mcelog.cron
Nov 15 02:01:01 webserver run-parts(/etc/cron.hourly)[2712 starting 0anacron
Nov 15 02:01:01 webserver run-parts(/etc/cron.hourly)[2713 finished 0anacron
Nov 15 02:01:01 webserver run-parts(/etc/cron.hourly)[2712 starting mcelog.cron
Nov 15 02:01:01 webserver run-parts(/etc/cron.hourly)[2713 finished mcelog.cron
Nov 15 03:01:01 localhost run-parts(/etc/cron.hourly)[1946 starting 0anacron
Nov 15 03:01:01 localhost run-parts(/etc/cron.hourly)[1947 finished 0anacron
Nov 15 03:01:01 localhost run-parts(/etc/cron.hourly)[1946 starting mcelog.cron
Nov 15 03:01:01 localhost run-parts(/etc/cron.hourly)[1948 finished mcelog.cron
Nov 15 03:01:01 webserver run-parts(/etc/cron.hourly)[2749 starting 0anacron
Nov 15 03:01:01 webserver run-parts(/etc/cron.hourly)[2750 finished 0anacron
Nov 15 03:01:01 webserver run-parts(/etc/cron.hourly)[2749 starting mcelog.cron
Nov 15 03:01:01 webserver run-parts(/etc/cron.hourly)[2751 finished mcelog.cron
Nov 15 03:08:01 localhost run-parts(/etc/cron.daily)[19482 starting logrotate
Nov 15 03:08:04 localhost run-parts(/etc/cron.daily)[19525 finished logrotate
Nov 15 03:08:04 localhost run-parts(/etc/cron.daily)[19482 starting man-db.cron
Nov 15 03:08:06 localhost run-parts(/etc/cron.daily)[19536 finished man-db.cron
Nov 15 03:08:06 localhost run-parts(/etc/cron.daily)[19482 starting mlocate
Nov 15 03:08:07 localhost run-parts(/etc/cron.daily)[19547 finished mlocate
Nov 15 03:18:01 webserver run-parts(/etc/cron.daily)[27608 starting logrotate
Nov 15 03:18:02 webserver run-parts(/etc/cron.daily)[27616 finished logrotate
Nov 15 03:18:02 webserver run-parts(/etc/cron.daily)[27608 starting man-db.cron
Nov 15 03:18:05 webserver run-parts(/etc/cron.daily)[27627 finished man-db.cron
Nov 15 03:18:05 webserver run-parts(/etc/cron.daily)[27608 starting mlocate
Nov 15 03:18:08 webserver run-parts(/etc/cron.daily)[27638 finished mlocate
Nov 15 04:01:01 webserver run-parts(/etc/cron.hourly)[2788 starting 0anacron
Nov 15 04:01:01 webserver run-parts(/etc/cron.hourly)[2790 finished 0anacron
Nov 15 04:01:01 webserver run-parts(/etc/cron.hourly)[2788 starting mcelog.cron
Nov 15 04:01:01 webserver run-parts(/etc/cron.hourly)[2790 finished mcelog.cron
Nov 15 04:01:01 localhost run-parts(/etc/cron.hourly)[1958 starting 0anacron
Nov 15 04:01:01 localhost run-parts(/etc/cron.hourly)[1959 finished 0anacron
Nov 15 04:01:01 localhost run-parts(/etc/cron.hourly)[1958 starting mcelog.cron
Nov 15 04:01:01 localhost run-parts(/etc/cron.hourly)[1959 finished mcelog.cron
Nov 15 05:01:01 webserver run-parts(/etc/cron.hourly)[2825 starting 0anacron
Nov 15 05:01:01 webserver run-parts(/etc/cron.hourly)[2826 finished 0anacron
Nov 15 05:01:01 webserver run-parts(/etc/cron.hourly)[2825 starting mcelog.cron
Nov 15 05:01:01 webserver run-parts(/etc/cron.hourly)[2826 finished mcelog.cron
Nov 15 05:01:01 localhost run-parts(/etc/cron.hourly)[1961 starting 0anacron
Nov 15 05:01:01 localhost run-parts(/etc/cron.hourly)[1962 finished 0anacron
Nov 15 05:01:01 localhost run-parts(/etc/cron.hourly)[1961 starting mcelog.cron
Nov 15 05:01:01 localhost run-parts(/etc/cron.hourly)[1963 finished mcelog.cron
Nov 15 06:01:01 webserver run-parts(/etc/cron.hourly)[2861 starting 0anacron
Nov 15 06:01:01 webserver run-parts(/etc/cron.hourly)[2862 finished 0anacron
Nov 15 06:01:01 webserver run-parts(/etc/cron.hourly)[2861 starting mcelog.cron
Nov 15 06:01:01 webserver run-parts(/etc/cron.hourly)[2863 finished mcelog.cron
Nov 15 06:01:01 localhost run-parts(/etc/cron.hourly)[2160 starting 0anacron
Nov 15 06:01:01 localhost run-parts(/etc/cron.hourly)[2161 finished 0anacron
Nov 15 06:01:01 localhost run-parts(/etc/cron.hourly)[2160 starting mcelog.cron
Nov 15 06:01:01 localhost run-parts(/etc/cron.hourly)[2162 finished mcelog.cron
Nov 15 07:01:01 localhost run-parts(/etc/cron.hourly)[2398 starting 0anacron
Nov 15 07:01:01 localhost run-parts(/etc/cron.hourly)[2399 finished 0anacron
Nov 15 07:01:01 localhost run-parts(/etc/cron.hourly)[2398 starting mcelog.cron
Nov 15 07:01:01 localhost run-parts(/etc/cron.hourly)[2399 finished mcelog.cron
Nov 15 07:01:01 webserver run-parts(/etc/cron.hourly)[2897 starting 0anacron
Nov 15 07:01:01 webserver run-parts(/etc/cron.hourly)[2898 finished 0anacron
Nov 15 07:01:01 webserver run-parts(/etc/cron.hourly)[2897 starting mcelog.cron
Nov 15 07:01:01 webserver run-parts(/etc/cron.hourly)[2899 finished mcelog.cron
Nov 15 08:01:01 localhost run-parts(/etc/cron.hourly)[2660 starting 0anacron
Nov 15 08:01:01 localhost run-parts(/etc/cron.hourly)[2661 finished 0anacron
Nov 15 08:01:01 localhost run-parts(/etc/cron.hourly)[2660 starting mcelog.cron
Nov 15 08:01:01 localhost run-parts(/etc/cron.hourly)[2661 finished mcelog.cron
Nov 15 08:01:02 webserver run-parts(/etc/cron.hourly)[2933 starting 0anacron
Nov 15 08:01:02 webserver run-parts(/etc/cron.hourly)[2934 finished 0anacron
Nov 15 08:01:02 webserver run-parts(/etc/cron.hourly)[2933 starting mcelog.cron
Nov 15 08:01:02 webserver run-parts(/etc/cron.hourly)[2935 finished mcelog.cron
Nov 15 09:01:01 localhost run-parts(/etc/cron.hourly)[2977 starting 0anacron
Nov 15 09:01:01 localhost run-parts(/etc/cron.hourly)[2977 finished 0anacron
Nov 15 09:01:01 localhost run-parts(/etc/cron.hourly)[2977 starting mcelog.cron
Nov 15 09:01:01 localhost run-parts(/etc/cron.hourly)[2978 finished mcelog.cron
Nov 15 09:01:02 webserver run-parts(/etc/cron.hourly)[2970 starting 0anacron
Nov 15 09:01:02 webserver run-parts(/etc/cron.hourly)[2971 finished 0anacron
Nov 15 09:01:02 webserver run-parts(/etc/cron.hourly)[2970 starting mcelog.cron
Nov 15 09:01:02 webserver run-parts(/etc/cron.hourly)[2971 finished mcelog.cron
Nov 15 10:01:01 localhost run-parts(/etc/cron.hourly)[3245 starting 0anacron
Nov 15 10:01:01 localhost run-parts(/etc/cron.hourly)[3246 finished 0anacron
Nov 15 10:01:01 localhost run-parts(/etc/cron.hourly)[3245 starting mcelog.cron
Nov 15 10:01:01 localhost run-parts(/etc/cron.hourly)[3246 finished mcelog.cron
Nov 15 10:01:01 webserver run-parts(/etc/cron.hourly)[3006 starting 0anacron
Nov 15 10:01:01 webserver run-parts(/etc/cron.hourly)[3007 finished 0anacron
Nov 15 10:01:01 webserver run-parts(/etc/cron.hourly)[3006 starting mcelog.cron
Nov 15 10:01:01 webserver run-parts(/etc/cron.hourly)[3008 finished mcelog.cron
Nov 15 11:01:01 localhost run-parts(/etc/cron.hourly)[3109 starting 0anacron
Nov 15 11:01:01 localhost run-parts(/etc/cron.hourly)[3118 finished 0anacron
Nov 15 11:01:01 localhost run-parts(/etc/cron.hourly)[3109 starting mcelog.cron
Nov 15 11:01:01 localhost run-parts(/etc/cron.hourly)[3124 finished mcelog.cron
Nov 15 11:01:01 webserver run-parts(/etc/cron.hourly)[3042 starting 0anacron
Nov 15 11:01:01 webserver run-parts(/etc/cron.hourly)[3043 finished 0anacron
Nov 15 11:01:01 webserver run-parts(/etc/cron.hourly)[3042 starting mcelog.cron
Nov 15 11:01:01 webserver run-parts(/etc/cron.hourly)[3044 finished mcelog.cron
Nov 15 12:01:01 webserver run-parts(/etc/cron.hourly)[3079 starting 0anacron
Nov 15 12:01:01 webserver run-parts(/etc/cron.hourly)[3080 finished 0anacron
Nov 15 12:01:01 webserver run-parts(/etc/cron.hourly)[3079 starting mcelog.cron
Nov 15 12:01:01 webserver run-parts(/etc/cron.hourly)[3080 finished mcelog.cron
Nov 15 12:01:01 localhost run-parts(/etc/cron.hourly)[5742 starting 0anacron
Nov 15 12:01:01 localhost run-parts(/etc/cron.hourly)[5751 finished 0anacron
Nov 15 12:01:01 localhost run-parts(/etc/cron.hourly)[5742 starting mcelog.cron
Nov 15 12:01:01 localhost run-parts(/etc/cron.hourly)[5757 finished mcelog.cron
Nov 15 13:01:01 webserver run-parts(/etc/cron.hourly)[3115 starting 0anacron
Nov 15 13:01:01 webserver run-parts(/etc/cron.hourly)[3116 finished 0anacron
Nov 15 13:01:01 webserver run-parts(/etc/cron.hourly)[3115 starting mcelog.cron
Nov 15 13:01:01 webserver run-parts(/etc/cron.hourly)[3116 finished mcelog.cron
Nov 15 13:01:01 localhost run-parts(/etc/cron.hourly)[8800 starting 0anacron
Nov 15 13:01:01 localhost run-parts(/etc/cron.hourly)[8809 finished 0anacron
Nov 15 13:01:01 localhost run-parts(/etc/cron.hourly)[8800 starting mcelog.cron
Nov 15 13:01:01 localhost run-parts(/etc/cron.hourly)[8815 finished mcelog.cron
Nov 15 14:01:01 webserver run-parts(/etc/cron.hourly)[3152 starting 0anacron
Nov 15 14:01:01 webserver run-parts(/etc/cron.hourly)[3153 finished 0anacron
Nov 15 14:01:01 webserver run-parts(/etc/cron.hourly)[3152 starting mcelog.cron
Nov 15 14:01:01 webserver run-parts(/etc/cron.hourly)[3153 finished mcelog.cron
Nov 15 14:01:01 localhost run-parts(/etc/cron.hourly)[1142 starting 0anacron
Nov 15 14:01:01 localhost run-parts(/etc/cron.hourly)[1143 finished 0anacron
Nov 15 14:01:01 localhost run-parts(/etc/cron.hourly)[1142 starting mcelog.cron
Nov 15 14:01:01 localhost run-parts(/etc/cron.hourly)[1143 finished mcelog.cron
Nov 15 15:01:01 webserver run-parts(/etc/cron.hourly)[3189 starting 0anacron
Nov 15 15:01:01 webserver run-parts(/etc/cron.hourly)[3190 finished 0anacron
Nov 15 15:01:01 webserver run-parts(/etc/cron.hourly)[3189 starting mcelog.cron
Nov 15 15:01:01 webserver run-parts(/etc/cron.hourly)[3191 finished mcelog.cron
Nov 15 15:01:01 localhost run-parts(/etc/cron.hourly)[1422 starting 0anacron
Nov 15 15:01:01 localhost run-parts(/etc/cron.hourly)[1422 finished 0anacron
Nov 15 15:01:01 localhost run-parts(/etc/cron.hourly)[1422 starting mcelog.cron
Nov 15 15:01:01 localhost run-parts(/etc/cron.hourly)[1423 finished mcelog.cron
Nov 15 16:01:01 localhost run-parts(/etc/cron.hourly)[1693 starting 0anacron
Nov 15 16:01:01 localhost run-parts(/etc/cron.hourly)[1694 finished 0anacron
Nov 15 16:01:01 localhost run-parts(/etc/cron.hourly)[1693 starting mcelog.cron
Nov 15 16:01:01 localhost run-parts(/etc/cron.hourly)[1694 finished mcelog.cron
Nov 15 16:01:01 webserver run-parts(/etc/cron.hourly)[3230 starting 0anacron
Nov 15 16:01:01 webserver run-parts(/etc/cron.hourly)[3231 finished 0anacron
Nov 15 16:01:01 webserver run-parts(/etc/cron.hourly)[3230 starting mcelog.cron
Nov 15 16:01:01 webserver run-parts(/etc/cron.hourly)[3231 finished mcelog.cron
Nov 15 17:01:01 webserver run-parts(/etc/cron.hourly)[3266 starting 0anacron
Nov 15 17:01:01 localhost run-parts(/etc/cron.hourly)[1956 starting 0anacron
Nov 15 17:01:01 localhost run-parts(/etc/cron.hourly)[1957 finished 0anacron
Nov 15 17:01:01 localhost run-parts(/etc/cron.hourly)[1956 starting mcelog.cron
Nov 15 17:01:01 localhost run-parts(/etc/cron.hourly)[1958 finished mcelog.cron
Nov 15 17:01:01 webserver run-parts(/etc/cron.hourly)[3267 finished 0anacron
Nov 15 17:01:01 webserver run-parts(/etc/cron.hourly)[3266 starting mcelog.cron
Nov 15 17:01:01 webserver run-parts(/etc/cron.hourly)[3267 finished mcelog.cron
Nov 15 18:01:01 webserver run-parts(/etc/cron.hourly)[597] starting 0anacron
Nov 15 18:01:01 webserver run-parts(/etc/cron.hourly)[616] finished 0anacron
Nov 15 18:01:01 webserver run-parts(/etc/cron.hourly)[597] starting mcelog.cron
Nov 15 18:01:01 webserver run-parts(/etc/cron.hourly)[622] finished mcelog.cron
Nov 15 18:01:01 localhost run-parts(/etc/cron.hourly)[2167 starting 0anacron
Nov 15 18:01:01 localhost run-parts(/etc/cron.hourly)[2168 finished 0anacron
Nov 15 18:01:01 localhost run-parts(/etc/cron.hourly)[2167 starting mcelog.cron
Nov 15 18:01:01 localhost run-parts(/etc/cron.hourly)[2169 finished mcelog.cron
Nov 15 19:01:01 webserver run-parts(/etc/cron.hourly)[983] starting 0anacron
Nov 15 19:01:01 webserver run-parts(/etc/cron.hourly)[995] finished 0anacron
Nov 15 19:01:01 webserver run-parts(/etc/cron.hourly)[983] starting mcelog.cron
Nov 15 19:01:01 webserver run-parts(/etc/cron.hourly)[1002 finished mcelog.cron
Nov 15 19:01:01 localhost run-parts(/etc/cron.hourly)[2267 starting 0anacron
Nov 15 19:01:01 localhost run-parts(/etc/cron.hourly)[2268 finished 0anacron
Nov 15 19:01:01 localhost run-parts(/etc/cron.hourly)[2267 starting mcelog.cron
Nov 15 19:01:01 localhost run-parts(/etc/cron.hourly)[2268 finished mcelog.cron
Nov 15 20:01:01 webserver run-parts(/etc/cron.hourly)[1358 starting 0anacron
Nov 15 20:01:01 webserver run-parts(/etc/cron.hourly)[1378 finished 0anacron
Nov 15 20:01:01 webserver run-parts(/etc/cron.hourly)[1358 starting mcelog.cron
Nov 15 20:01:01 webserver run-parts(/etc/cron.hourly)[1385 finished mcelog.cron
Nov 15 20:01:01 localhost run-parts(/etc/cron.hourly)[2275 starting 0anacron
Nov 15 20:01:01 localhost run-parts(/etc/cron.hourly)[2276 finished 0anacron
Nov 15 20:01:01 localhost run-parts(/etc/cron.hourly)[2275 starting mcelog.cron
Nov 15 20:01:01 localhost run-parts(/etc/cron.hourly)[2276 finished mcelog.cron
Nov 15 21:01:01 localhost run-parts(/etc/cron.hourly)[2305 starting 0anacron
Nov 15 21:01:01 localhost run-parts(/etc/cron.hourly)[2306 finished 0anacron
Nov 15 21:01:01 localhost run-parts(/etc/cron.hourly)[2305 starting mcelog.cron
Nov 15 21:01:01 localhost run-parts(/etc/cron.hourly)[2307 finished mcelog.cron
Nov 15 21:01:02 webserver run-parts(/etc/cron.hourly)[1835 starting 0anacron
Nov 15 21:01:02 webserver run-parts(/etc/cron.hourly)[1847 finished 0anacron
Nov 15 21:01:02 webserver run-parts(/etc/cron.hourly)[1835 starting mcelog.cron
Nov 15 21:01:02 webserver run-parts(/etc/cron.hourly)[1853 finished mcelog.cron
Nov 15 22:01:01 localhost run-parts(/etc/cron.hourly)[2421 starting 0anacron
Nov 15 22:01:01 localhost run-parts(/etc/cron.hourly)[2422 finished 0anacron
Nov 15 22:01:01 localhost run-parts(/etc/cron.hourly)[2421 starting mcelog.cron
Nov 15 22:01:01 localhost run-parts(/etc/cron.hourly)[2422 finished mcelog.cron
Nov 15 22:01:01 webserver run-parts(/etc/cron.hourly)[2197 starting 0anacron
Nov 15 22:01:01 webserver run-parts(/etc/cron.hourly)[2209 finished 0anacron
Nov 15 22:01:01 webserver run-parts(/etc/cron.hourly)[2197 starting mcelog.cron
Nov 15 22:01:01 webserver run-parts(/etc/cron.hourly)[2215 finished mcelog.cron
Nov 15 23:01:01 webserver run-parts(/etc/cron.hourly)[2580 starting 0anacron
Nov 15 23:01:01 webserver run-parts(/etc/cron.hourly)[2591 finished 0anacron
Nov 15 23:01:01 webserver run-parts(/etc/cron.hourly)[2580 starting mcelog.cron
Nov 15 23:01:01 webserver run-parts(/etc/cron.hourly)[2597 finished mcelog.cron
Nov 15 23:01:01 localhost run-parts(/etc/cron.hourly)[2524 starting 0anacron
Nov 15 23:01:01 localhost run-parts(/etc/cron.hourly)[2525 finished 0anacron
Nov 15 23:01:01 localhost run-parts(/etc/cron.hourly)[2524 starting mcelog.cron
Nov 15 23:01:01 localhost run-parts(/etc/cron.hourly)[2526 finished mcelog.cron
