Nov 13 02:39:40 webserver dnf: Config time: 0.011
Nov 13 02:39:40 webserver dnf: cachedir: /var/cache/dnf/x86_64/20
Nov 13 02:39:40 webserver dnf: dnf version: 0.4.8
Nov 13 02:39:40 webserver dnf: Making cache files for all metadata files.
Nov 13 02:39:40 webserver dnf: fedora: will expire after 550792 seconds.
Nov 13 02:39:40 webserver dnf: updates: will expire after 21550 seconds.
Nov 13 02:39:40 webserver dnf: repo: using cache for: fedora
Nov 13 02:39:40 webserver dnf: not found deltainfo for: Fedora 20 - x86_64
Nov 13 02:39:40 webserver dnf: repo: using cache for: updates
Nov 13 02:39:40 webserver dnf: hawkey sack setup time: 0.524
Nov 13 02:39:40 webserver dnf: Metadata Cache Created
Nov 13 03:15:56 localhost dnf: Config time: 0.006
Nov 13 03:15:56 localhost dnf: cachedir: /var/cache/dnf/x86_64/20
Nov 13 03:15:56 localhost dnf: dnf version: 0.4.8
Nov 13 03:15:56 localhost dnf: Making cache files for all metadata files.
Nov 13 03:15:56 localhost dnf: fedora: has expired and will be refreshed.
Nov 13 03:15:56 localhost dnf: updates: has expired and will be refreshed.
Nov 13 03:15:56 localhost dnf: Error: Problem with repo 'fedora': Cannot prepare internal mirrorlist: Curl error: Couldn't resolve host name for https://mirrors.fedoraproject.org/metalink?repo=fedora-20&arch=x86_64
Nov 13 03:39:41 webserver dnf: Config time: 0.012
Nov 13 03:39:41 webserver dnf: cachedir: /var/cache/dnf/x86_64/20
Nov 13 03:39:41 webserver dnf: dnf version: 0.4.8
Nov 13 03:39:41 webserver dnf: Making cache files for all metadata files.
Nov 13 03:39:41 webserver dnf: Metadata cache refreshed recently.
Nov 13 04:15:56 localhost dnf: Config time: 0.007
Nov 13 04:15:56 localhost dnf: cachedir: /var/cache/dnf/x86_64/20
Nov 13 04:15:56 localhost dnf: dnf version: 0.4.8
Nov 13 04:15:56 localhost dnf: Making cache files for all metadata files.
Nov 13 04:15:56 localhost dnf: Metadata cache refreshed recently.
Nov 13 04:39:41 webserver dnf: Config time: 0.011
Nov 13 04:39:41 webserver dnf: cachedir: /var/cache/dnf/x86_64/20
Nov 13 04:39:41 webserver dnf: dnf version: 0.4.8
Nov 13 04:39:41 webserver dnf: Making cache files for all metadata files.
Nov 13 04:39:41 webserver dnf: Metadata cache refreshed recently.
Nov 13 05:15:56 localhost dnf: Config time: 0.006
Nov 13 05:15:56 localhost dnf: cachedir: /var/cache/dnf/x86_64/20
Nov 13 05:15:56 localhost dnf: dnf version: 0.4.8
Nov 13 05:15:56 localhost dnf: Making cache files for all metadata files.
Nov 13 05:15:56 localhost dnf: Metadata cache refreshed recently.
Nov 13 05:39:41 webserver dnf: Config time: 0.011
Nov 13 05:39:41 webserver dnf: cachedir: /var/cache/dnf/x86_64/20
Nov 13 05:39:41 webserver dnf: dnf version: 0.4.8
Nov 13 05:39:41 webserver dnf: Making cache files for all metadata files.
Nov 13 05:39:41 webserver dnf: fedora: will expire after 539990 seconds.
Nov 13 05:39:41 webserver dnf: updates: metadata will expire after 10748 seconds and will be refreshed now
Nov 13 05:39:41 webserver dnf: repo: using cache for: fedora
Nov 13 05:39:41 webserver dnf: not found deltainfo for: Fedora 20 - x86_64
Nov 13 05:39:43 webserver dnf: reviving: failed for 'updates', mismatched sha256 sum.
Nov 13 05:39:43 webserver dnf: repo: downloading from remote: updates
Nov 13 05:40:22 webserver dnf: hawkey sack setup time: 40.126
Nov 13 05:40:22 webserver dnf: Metadata Cache Created
Nov 13 06:15:56 localhost dnf: Config time: 0.006
Nov 13 06:15:56 localhost dnf: cachedir: /var/cache/dnf/x86_64/20
Nov 13 06:15:56 localhost dnf: dnf version: 0.4.8
Nov 13 06:15:56 localhost dnf: Making cache files for all metadata files.
Nov 13 06:15:56 localhost dnf: fedora: has expired and will be refreshed.
Nov 13 06:15:56 localhost dnf: updates: has expired and will be refreshed.
Nov 13 06:15:56 localhost dnf: Error: Problem with repo 'fedora': Cannot prepare internal mirrorlist: Curl error: Couldn't resolve host name for https://mirrors.fedoraproject.org/metalink?repo=fedora-20&arch=x86_64
Nov 13 06:40:23 webserver dnf: Config time: 0.285
Nov 13 06:40:24 webserver dnf: cachedir: /var/cache/dnf/x86_64/20
Nov 13 06:40:24 webserver dnf: dnf version: 0.4.8
Nov 13 06:40:24 webserver dnf: Making cache files for all metadata files.
Nov 13 06:40:24 webserver dnf: Metadata cache refreshed recently.
Nov 13 07:15:56 localhost dnf: Config time: 0.006
Nov 13 07:15:56 localhost dnf: cachedir: /var/cache/dnf/x86_64/20
Nov 13 07:15:56 localhost dnf: dnf version: 0.4.8
Nov 13 07:15:56 localhost dnf: Making cache files for all metadata files.
Nov 13 07:15:56 localhost dnf: Metadata cache refreshed recently.
Nov 13 07:40:24 webserver dnf: Config time: 0.011
Nov 13 07:40:24 webserver dnf: cachedir: /var/cache/dnf/x86_64/20
Nov 13 07:40:24 webserver dnf: dnf version: 0.4.8
Nov 13 07:40:24 webserver dnf: Making cache files for all metadata files.
Nov 13 07:40:24 webserver dnf: Metadata cache refreshed recently.
Nov 13 08:15:56 localhost dnf: Config time: 0.006
Nov 13 08:15:56 localhost dnf: cachedir: /var/cache/dnf/x86_64/20
Nov 13 08:15:56 localhost dnf: dnf version: 0.4.8
Nov 13 08:15:56 localhost dnf: Making cache files for all metadata files.
Nov 13 08:15:56 localhost dnf: Metadata cache refreshed recently.
Nov 13 08:40:24 webserver dnf: Config time: 0.011
Nov 13 08:40:24 webserver dnf: cachedir: /var/cache/dnf/x86_64/20
Nov 13 08:40:24 webserver dnf: dnf version: 0.4.8
Nov 13 08:40:24 webserver dnf: Making cache files for all metadata files.
Nov 13 08:40:24 webserver dnf: fedora: will expire after 529147 seconds.
Nov 13 08:40:24 webserver dnf: updates: will expire after 161974 seconds.
Nov 13 08:40:25 webserver dnf: repo: using cache for: fedora
Nov 13 08:40:25 webserver dnf: not found deltainfo for: Fedora 20 - x86_64
Nov 13 08:40:26 webserver dnf: repo: using cache for: updates
Nov 13 08:40:27 webserver dnf: hawkey sack setup time: 2.098
Nov 13 08:40:27 webserver dnf: Metadata Cache Created
Nov 13 09:15:57 localhost dnf: Config time: 0.006
Nov 13 09:15:57 localhost dnf: cachedir: /var/cache/dnf/x86_64/20
Nov 13 09:15:57 localhost dnf: dnf version: 0.4.8
Nov 13 09:15:57 localhost dnf: Making cache files for all metadata files.
Nov 13 09:15:57 localhost dnf: fedora: has expired and will be refreshed.
Nov 13 09:15:57 localhost dnf: updates: has expired and will be refreshed.
Nov 13 09:15:57 localhost dnf: Error: Problem with repo 'fedora': Cannot prepare internal mirrorlist: Curl error: Couldn't resolve host name for https://mirrors.fedoraproject.org/metalink?repo=fedora-20&arch=x86_64
Nov 13 09:40:27 webserver dnf: Config time: 0.011
Nov 13 09:40:27 webserver dnf: cachedir: /var/cache/dnf/x86_64/20
Nov 13 09:40:27 webserver dnf: dnf version: 0.4.8
Nov 13 09:40:27 webserver dnf: Making cache files for all metadata files.
Nov 13 09:40:27 webserver dnf: Metadata cache refreshed recently.
Nov 13 10:15:57 localhost dnf: Config time: 0.007
Nov 13 10:15:57 localhost dnf: cachedir: /var/cache/dnf/x86_64/20
Nov 13 10:15:57 localhost dnf: dnf version: 0.4.8
Nov 13 10:15:57 localhost dnf: Making cache files for all metadata files.
Nov 13 10:15:57 localhost dnf: Metadata cache refreshed recently.
Nov 13 10:40:27 webserver dnf: Config time: 0.011
Nov 13 10:40:27 webserver dnf: cachedir: /var/cache/dnf/x86_64/20
Nov 13 10:40:27 webserver dnf: dnf version: 0.4.8
Nov 13 10:40:27 webserver dnf: Making cache files for all metadata files.
Nov 13 10:40:27 webserver dnf: Metadata cache refreshed recently.
Nov 13 11:15:57 localhost dnf: Config time: 0.007
Nov 13 11:15:57 localhost dnf: cachedir: /var/cache/dnf/x86_64/20
Nov 13 11:15:57 localhost dnf: dnf version: 0.4.8
Nov 13 11:15:57 localhost dnf: Making cache files for all metadata files.
Nov 13 11:15:57 localhost dnf: Metadata cache refreshed recently.
Nov 13 11:40:28 webserver dnf: Config time: 0.011
Nov 13 11:40:28 webserver dnf: cachedir: /var/cache/dnf/x86_64/20
Nov 13 11:40:28 webserver dnf: dnf version: 0.4.8
Nov 13 11:40:28 webserver dnf: Making cache files for all metadata files.
Nov 13 11:40:28 webserver dnf: fedora: will expire after 518344 seconds.
Nov 13 11:40:28 webserver dnf: updates: will expire after 151171 seconds.
Nov 13 11:40:28 webserver dnf: repo: using cache for: fedora
Nov 13 11:40:28 webserver dnf: not found deltainfo for: Fedora 20 - x86_64
Nov 13 11:40:28 webserver dnf: repo: using cache for: updates
Nov 13 11:40:28 webserver dnf: hawkey sack setup time: 0.533
Nov 13 11:40:28 webserver dnf: Metadata Cache Created
Nov 13 12:15:57 localhost dnf: Config time: 0.006
Nov 13 12:15:57 localhost dnf: cachedir: /var/cache/dnf/x86_64/20
Nov 13 12:15:57 localhost dnf: dnf version: 0.4.8
Nov 13 12:15:57 localhost dnf: Making cache files for all metadata files.
Nov 13 12:15:57 localhost dnf: fedora: has expired and will be refreshed.
Nov 13 12:15:57 localhost dnf: updates: has expired and will be refreshed.
Nov 13 12:15:57 localhost dnf: Error: Problem with repo 'fedora': Cannot prepare internal mirrorlist: Curl error: Couldn't resolve host name for https://mirrors.fedoraproject.org/metalink?repo=fedora-20&arch=x86_64
Nov 13 12:40:28 webserver dnf: Config time: 0.011
Nov 13 12:40:28 webserver dnf: cachedir: /var/cache/dnf/x86_64/20
Nov 13 12:40:28 webserver dnf: dnf version: 0.4.8
Nov 13 12:40:28 webserver dnf: Making cache files for all metadata files.
Nov 13 12:40:28 webserver dnf: Metadata cache refreshed recently.
Nov 13 13:15:57 localhost dnf: Config time: 0.007
Nov 13 13:15:57 localhost dnf: cachedir: /var/cache/dnf/x86_64/20
Nov 13 13:15:57 localhost dnf: dnf version: 0.4.8
Nov 13 13:15:57 localhost dnf: Making cache files for all metadata files.
Nov 13 13:15:57 localhost dnf: Metadata cache refreshed recently.
Nov 13 13:40:29 webserver dnf: Config time: 0.011
Nov 13 13:40:29 webserver dnf: cachedir: /var/cache/dnf/x86_64/20
Nov 13 13:40:29 webserver dnf: dnf version: 0.4.8
Nov 13 13:40:29 webserver dnf: Making cache files for all metadata files.
Nov 13 13:40:29 webserver dnf: Metadata cache refreshed recently.
Nov 13 14:15:58 localhost dnf: Config time: 0.007
Nov 13 14:15:58 localhost dnf: cachedir: /var/cache/dnf/x86_64/20
Nov 13 14:15:58 localhost dnf: dnf version: 0.4.8
Nov 13 14:15:58 localhost dnf: Making cache files for all metadata files.
Nov 13 14:15:58 localhost dnf: Metadata cache refreshed recently.
Nov 13 14:40:29 webserver dnf: Config time: 0.011
Nov 13 14:40:29 webserver dnf: cachedir: /var/cache/dnf/x86_64/20
Nov 13 14:40:29 webserver dnf: dnf version: 0.4.8
Nov 13 14:40:29 webserver dnf: Making cache files for all metadata files.
Nov 13 14:40:29 webserver dnf: fedora: will expire after 507542 seconds.
Nov 13 14:40:29 webserver dnf: updates: will expire after 140369 seconds.
Nov 13 14:40:29 webserver dnf: repo: using cache for: fedora
Nov 13 14:40:29 webserver dnf: not found deltainfo for: Fedora 20 - x86_64
Nov 13 14:40:29 webserver dnf: repo: using cache for: updates
Nov 13 14:40:30 webserver dnf: hawkey sack setup time: 0.535
Nov 13 14:40:30 webserver dnf: Metadata Cache Created
Nov 13 15:15:58 localhost dnf: Config time: 0.006
Nov 13 15:15:58 localhost dnf: cachedir: /var/cache/dnf/x86_64/20
Nov 13 15:15:58 localhost dnf: dnf version: 0.4.8
Nov 13 15:15:58 localhost dnf: Making cache files for all metadata files.
Nov 13 15:15:58 localhost dnf: fedora: has expired and will be refreshed.
Nov 13 15:15:58 localhost dnf: updates: has expired and will be refreshed.
Nov 13 15:15:58 localhost dnf: Error: Problem with repo 'fedora': Cannot prepare internal mirrorlist: Curl error: Couldn't resolve host name for https://mirrors.fedoraproject.org/metalink?repo=fedora-20&arch=x86_64
Nov 13 15:40:30 webserver dnf: Config time: 0.011
Nov 13 15:40:30 webserver dnf: cachedir: /var/cache/dnf/x86_64/20
Nov 13 15:40:30 webserver dnf: dnf version: 0.4.8
Nov 13 15:40:30 webserver dnf: Making cache files for all metadata files.
Nov 13 15:40:30 webserver dnf: Metadata cache refreshed recently.
Nov 13 16:15:58 localhost dnf: Config time: 0.007
Nov 13 16:15:58 localhost dnf: cachedir: /var/cache/dnf/x86_64/20
Nov 13 16:15:58 localhost dnf: dnf version: 0.4.8
Nov 13 16:15:58 localhost dnf: Making cache files for all metadata files.
Nov 13 16:15:58 localhost dnf: Metadata cache refreshed recently.
Nov 13 16:40:30 webserver dnf: Config time: 0.011
Nov 13 16:40:30 webserver dnf: cachedir: /var/cache/dnf/x86_64/20
Nov 13 16:40:30 webserver dnf: dnf version: 0.4.8
Nov 13 16:40:30 webserver dnf: Making cache files for all metadata files.
Nov 13 16:40:30 webserver dnf: Metadata cache refreshed recently.
Nov 13 17:15:58 localhost dnf: Config time: 0.007
Nov 13 17:15:58 localhost dnf: cachedir: /var/cache/dnf/x86_64/20
Nov 13 17:15:58 localhost dnf: dnf version: 0.4.8
Nov 13 17:15:58 localhost dnf: Making cache files for all metadata files.
Nov 13 17:15:58 localhost dnf: Metadata cache refreshed recently.
Nov 13 17:40:31 webserver dnf: Config time: 0.011
Nov 13 17:40:31 webserver dnf: cachedir: /var/cache/dnf/x86_64/20
Nov 13 17:40:31 webserver dnf: dnf version: 0.4.8
Nov 13 17:40:31 webserver dnf: Making cache files for all metadata files.
Nov 13 17:40:31 webserver dnf: fedora: will expire after 496741 seconds.
Nov 13 17:40:31 webserver dnf: updates: will expire after 129567 seconds.
Nov 13 17:40:31 webserver dnf: repo: using cache for: fedora
Nov 13 17:40:31 webserver dnf: not found deltainfo for: Fedora 20 - x86_64
Nov 13 17:40:31 webserver dnf: repo: using cache for: updates
Nov 13 17:40:31 webserver dnf: hawkey sack setup time: 0.528
Nov 13 17:40:31 webserver dnf: Metadata Cache Created
Nov 13 18:15:58 localhost dnf: Config time: 0.007
Nov 13 18:15:58 localhost dnf: cachedir: /var/cache/dnf/x86_64/20
Nov 13 18:15:58 localhost dnf: dnf version: 0.4.8
Nov 13 18:15:58 localhost dnf: Making cache files for all metadata files.
Nov 13 18:15:58 localhost dnf: fedora: has expired and will be refreshed.
Nov 13 18:15:58 localhost dnf: updates: has expired and will be refreshed.
Nov 13 18:15:58 localhost dnf: Error: Problem with repo 'fedora': Cannot prepare internal mirrorlist: Curl error: Couldn't resolve host name for https://mirrors.fedoraproject.org/metalink?repo=fedora-20&arch=x86_64
Nov 13 18:40:31 webserver dnf: Config time: 0.011
Nov 13 18:40:31 webserver dnf: cachedir: /var/cache/dnf/x86_64/20
Nov 13 18:40:32 webserver dnf: dnf version: 0.4.8
Nov 13 18:40:32 webserver dnf: Making cache files for all metadata files.
Nov 13 18:40:32 webserver dnf: Metadata cache refreshed recently.
Nov 13 19:15:59 localhost dnf: Config time: 0.007
Nov 13 19:15:59 localhost dnf: cachedir: /var/cache/dnf/x86_64/20
Nov 13 19:15:59 localhost dnf: dnf version: 0.4.8
Nov 13 19:15:59 localhost dnf: Making cache files for all metadata files.
Nov 13 19:15:59 localhost dnf: Metadata cache refreshed recently.
Nov 13 19:40:32 webserver dnf: Config time: 0.011
Nov 13 19:40:32 webserver dnf: cachedir: /var/cache/dnf/x86_64/20
Nov 13 19:40:32 webserver dnf: dnf version: 0.4.8
Nov 13 19:40:32 webserver dnf: Making cache files for all metadata files.
Nov 13 19:40:32 webserver dnf: Metadata cache refreshed recently.
Nov 13 20:15:59 localhost dnf: Config time: 0.006
Nov 13 20:15:59 localhost dnf: cachedir: /var/cache/dnf/x86_64/20
Nov 13 20:15:59 localhost dnf: dnf version: 0.4.8
Nov 13 20:15:59 localhost dnf: Making cache files for all metadata files.
Nov 13 20:15:59 localhost dnf: Metadata cache refreshed recently.
Nov 13 20:40:32 webserver dnf: Config time: 0.011
Nov 13 20:40:32 webserver dnf: cachedir: /var/cache/dnf/x86_64/20
Nov 13 20:40:32 webserver dnf: dnf version: 0.4.8
Nov 13 20:40:32 webserver dnf: Making cache files for all metadata files.
Nov 13 20:40:32 webserver dnf: fedora: will expire after 485939 seconds.
Nov 13 20:40:32 webserver dnf: updates: will expire after 118766 seconds.
Nov 13 20:40:32 webserver dnf: repo: using cache for: fedora
Nov 13 20:40:32 webserver dnf: not found deltainfo for: Fedora 20 - x86_64
Nov 13 20:40:33 webserver dnf: repo: using cache for: updates
Nov 13 20:40:33 webserver dnf: hawkey sack setup time: 0.525
Nov 13 20:40:33 webserver dnf: Metadata Cache Created
Nov 13 21:15:59 localhost dnf: Config time: 0.006
Nov 13 21:15:59 localhost dnf: cachedir: /var/cache/dnf/x86_64/20
Nov 13 21:15:59 localhost dnf: dnf version: 0.4.8
Nov 13 21:15:59 localhost dnf: Making cache files for all metadata files.
Nov 13 21:15:59 localhost dnf: fedora: has expired and will be refreshed.
Nov 13 21:15:59 localhost dnf: updates: has expired and will be refreshed.
Nov 13 21:15:59 localhost dnf: Error: Problem with repo 'fedora': Cannot prepare internal mirrorlist: Curl error: Couldn't resolve host name for https://mirrors.fedoraproject.org/metalink?repo=fedora-20&arch=x86_64
Nov 13 21:40:33 webserver dnf: Config time: 0.011
Nov 13 21:40:33 webserver dnf: cachedir: /var/cache/dnf/x86_64/20
Nov 13 21:40:33 webserver dnf: dnf version: 0.4.8
Nov 13 21:40:33 webserver dnf: Making cache files for all metadata files.
Nov 13 21:40:33 webserver dnf: Metadata cache refreshed recently.
Nov 13 22:15:59 localhost dnf: Config time: 0.007
Nov 13 22:15:59 localhost dnf: cachedir: /var/cache/dnf/x86_64/20
Nov 13 22:15:59 localhost dnf: dnf version: 0.4.8
Nov 13 22:15:59 localhost dnf: Making cache files for all metadata files.
Nov 13 22:15:59 localhost dnf: Metadata cache refreshed recently.
Nov 13 22:40:33 webserver dnf: Config time: 0.011
Nov 13 22:40:33 webserver dnf: cachedir: /var/cache/dnf/x86_64/20
Nov 13 22:40:33 webserver dnf: dnf version: 0.4.8
Nov 13 22:40:33 webserver dnf: Making cache files for all metadata files.
Nov 13 22:40:33 webserver dnf: Metadata cache refreshed recently.
Nov 13 23:15:59 localhost dnf: Config time: 0.006
Nov 13 23:15:59 localhost dnf: cachedir: /var/cache/dnf/x86_64/20
Nov 13 23:15:59 localhost dnf: dnf version: 0.4.8
Nov 13 23:15:59 localhost dnf: Making cache files for all metadata files.
Nov 13 23:15:59 localhost dnf: Metadata cache refreshed recently.
Nov 13 23:40:34 webserver dnf: Config time: 0.011
Nov 13 23:40:34 webserver dnf: cachedir: /var/cache/dnf/x86_64/20
Nov 13 23:40:34 webserver dnf: dnf version: 0.4.8
Nov 13 23:40:34 webserver dnf: Making cache files for all metadata files.
Nov 13 23:40:34 webserver dnf: fedora: will expire after 475138 seconds.
Nov 13 23:40:34 webserver dnf: updates: will expire after 107964 seconds.
Nov 13 23:40:34 webserver dnf: repo: using cache for: fedora
Nov 13 23:40:34 webserver dnf: not found deltainfo for: Fedora 20 - x86_64
Nov 13 23:40:34 webserver dnf: repo: using cache for: updates
Nov 13 23:40:34 webserver dnf: hawkey sack setup time: 0.532
Nov 13 23:40:34 webserver dnf: Metadata Cache Created
