Nov 13 03:01:01 webserver run-parts(/etc/cron.hourly)[9750 starting 0anacron
Nov 13 03:01:01 webserver run-parts(/etc/cron.hourly)[9764 finished 0anacron
Nov 13 03:01:01 webserver run-parts(/etc/cron.hourly)[9750 starting mcelog.cron
Nov 13 03:01:01 webserver run-parts(/etc/cron.hourly)[9770 finished mcelog.cron
Nov 13 03:01:01 localhost run-parts(/etc/cron.hourly)[1640 starting 0anacron
Nov 13 03:01:01 localhost run-parts(/etc/cron.hourly)[1641 finished 0anacron
Nov 13 03:01:01 localhost run-parts(/etc/cron.hourly)[1640 starting mcelog.cron
Nov 13 03:01:01 localhost run-parts(/etc/cron.hourly)[1641 finished mcelog.cron
Nov 13 03:15:01 webserver run-parts(/etc/cron.daily)[9844] starting logrotate
Nov 13 03:15:01 webserver run-parts(/etc/cron.daily)[9852] finished logrotate
Nov 13 03:15:01 webserver run-parts(/etc/cron.daily)[9844] starting man-db.cron
Nov 13 03:15:04 webserver run-parts(/etc/cron.daily)[9868] finished man-db.cron
Nov 13 03:15:04 webserver run-parts(/etc/cron.daily)[9844] starting mlocate
Nov 13 03:15:08 webserver run-parts(/etc/cron.daily)[9879] finished mlocate
Nov 13 03:47:01 localhost run-parts(/etc/cron.daily)[16484 starting logrotate
Nov 13 03:47:06 localhost run-parts(/etc/cron.daily)[16527 finished logrotate
Nov 13 03:47:06 localhost run-parts(/etc/cron.daily)[16484 starting man-db.cron
Nov 13 03:47:08 localhost run-parts(/etc/cron.daily)[16538 finished man-db.cron
Nov 13 03:47:08 localhost run-parts(/etc/cron.daily)[16484 starting mlocate
Nov 13 03:47:08 localhost run-parts(/etc/cron.daily)[16549 finished mlocate
Nov 13 04:01:01 localhost run-parts(/etc/cron.hourly)[1657 starting 0anacron
Nov 13 04:01:01 localhost run-parts(/etc/cron.hourly)[1658 finished 0anacron
Nov 13 04:01:01 localhost run-parts(/etc/cron.hourly)[1657 starting mcelog.cron
Nov 13 04:01:01 localhost run-parts(/etc/cron.hourly)[1659 finished mcelog.cron
Nov 13 04:01:01 webserver run-parts(/etc/cron.hourly)[1014 starting 0anacron
Nov 13 04:01:01 webserver run-parts(/etc/cron.hourly)[1015 finished 0anacron
Nov 13 04:01:01 webserver run-parts(/etc/cron.hourly)[1014 starting mcelog.cron
Nov 13 04:01:01 webserver run-parts(/etc/cron.hourly)[1016 finished mcelog.cron
Nov 13 05:01:01 localhost run-parts(/etc/cron.hourly)[1804 starting 0anacron
Nov 13 05:01:01 localhost run-parts(/etc/cron.hourly)[1805 finished 0anacron
Nov 13 05:01:01 localhost run-parts(/etc/cron.hourly)[1804 starting mcelog.cron
Nov 13 05:01:01 webserver run-parts(/etc/cron.hourly)[1051 starting 0anacron
Nov 13 05:01:01 localhost run-parts(/etc/cron.hourly)[1806 finished mcelog.cron
Nov 13 05:01:01 webserver run-parts(/etc/cron.hourly)[1052 finished 0anacron
Nov 13 05:01:01 webserver run-parts(/etc/cron.hourly)[1051 starting mcelog.cron
Nov 13 05:01:01 webserver run-parts(/etc/cron.hourly)[1052 finished mcelog.cron
Nov 13 06:01:01 localhost run-parts(/etc/cron.hourly)[1953 starting 0anacron
Nov 13 06:01:01 localhost run-parts(/etc/cron.hourly)[1954 finished 0anacron
Nov 13 06:01:01 localhost run-parts(/etc/cron.hourly)[1953 starting mcelog.cron
Nov 13 06:01:01 localhost run-parts(/etc/cron.hourly)[1954 finished mcelog.cron
Nov 13 06:01:02 webserver run-parts(/etc/cron.hourly)[1107 starting 0anacron
Nov 13 06:01:02 webserver run-parts(/etc/cron.hourly)[1108 finished 0anacron
Nov 13 06:01:02 webserver run-parts(/etc/cron.hourly)[1107 starting mcelog.cron
Nov 13 06:01:02 webserver run-parts(/etc/cron.hourly)[1109 finished mcelog.cron
Nov 13 07:01:01 webserver run-parts(/etc/cron.hourly)[1143 starting 0anacron
Nov 13 07:01:01 localhost run-parts(/etc/cron.hourly)[2090 starting 0anacron
Nov 13 07:01:01 webserver run-parts(/etc/cron.hourly)[1144 finished 0anacron
Nov 13 07:01:01 webserver run-parts(/etc/cron.hourly)[1143 starting mcelog.cron
Nov 13 07:01:01 localhost run-parts(/etc/cron.hourly)[2091 finished 0anacron
Nov 13 07:01:01 localhost run-parts(/etc/cron.hourly)[2090 starting mcelog.cron
Nov 13 07:01:01 webserver run-parts(/etc/cron.hourly)[1145 finished mcelog.cron
Nov 13 07:01:01 localhost run-parts(/etc/cron.hourly)[2091 finished mcelog.cron
Nov 13 08:01:01 webserver run-parts(/etc/cron.hourly)[1179 starting 0anacron
Nov 13 08:01:01 webserver run-parts(/etc/cron.hourly)[1180 finished 0anacron
Nov 13 08:01:01 webserver run-parts(/etc/cron.hourly)[1179 starting mcelog.cron
Nov 13 08:01:01 webserver run-parts(/etc/cron.hourly)[1181 finished mcelog.cron
Nov 13 08:01:01 localhost run-parts(/etc/cron.hourly)[2247 starting 0anacron
Nov 13 08:01:01 localhost run-parts(/etc/cron.hourly)[2248 finished 0anacron
Nov 13 08:01:01 localhost run-parts(/etc/cron.hourly)[2247 starting mcelog.cron
Nov 13 08:01:01 localhost run-parts(/etc/cron.hourly)[2248 finished mcelog.cron
Nov 13 09:01:01 webserver run-parts(/etc/cron.hourly)[1215 starting 0anacron
Nov 13 09:01:01 webserver run-parts(/etc/cron.hourly)[1216 finished 0anacron
Nov 13 09:01:01 webserver run-parts(/etc/cron.hourly)[1215 starting mcelog.cron
Nov 13 09:01:01 webserver run-parts(/etc/cron.hourly)[1217 finished mcelog.cron
Nov 13 09:01:01 localhost run-parts(/etc/cron.hourly)[2417 starting 0anacron
Nov 13 09:01:01 localhost run-parts(/etc/cron.hourly)[2418 finished 0anacron
Nov 13 09:01:01 localhost run-parts(/etc/cron.hourly)[2417 starting mcelog.cron
Nov 13 09:01:01 localhost run-parts(/etc/cron.hourly)[2419 finished mcelog.cron
Nov 13 10:01:01 webserver run-parts(/etc/cron.hourly)[1252 starting 0anacron
Nov 13 10:01:01 webserver run-parts(/etc/cron.hourly)[1253 finished 0anacron
Nov 13 10:01:01 webserver run-parts(/etc/cron.hourly)[1252 starting mcelog.cron
Nov 13 10:01:01 webserver run-parts(/etc/cron.hourly)[1254 finished mcelog.cron
Nov 13 10:01:01 localhost run-parts(/etc/cron.hourly)[2559 starting 0anacron
Nov 13 10:01:01 localhost run-parts(/etc/cron.hourly)[2560 finished 0anacron
Nov 13 10:01:01 localhost run-parts(/etc/cron.hourly)[2559 starting mcelog.cron
Nov 13 10:01:01 localhost run-parts(/etc/cron.hourly)[2561 finished mcelog.cron
Nov 13 11:01:01 webserver run-parts(/etc/cron.hourly)[1288 starting 0anacron
Nov 13 11:01:01 webserver run-parts(/etc/cron.hourly)[1289 finished 0anacron
Nov 13 11:01:01 webserver run-parts(/etc/cron.hourly)[1288 starting mcelog.cron
Nov 13 11:01:01 webserver run-parts(/etc/cron.hourly)[1290 finished mcelog.cron
Nov 13 11:01:01 localhost run-parts(/etc/cron.hourly)[2694 starting 0anacron
Nov 13 11:01:01 localhost run-parts(/etc/cron.hourly)[2695 finished 0anacron
Nov 13 11:01:01 localhost run-parts(/etc/cron.hourly)[2694 starting mcelog.cron
Nov 13 11:01:01 localhost run-parts(/etc/cron.hourly)[2695 finished mcelog.cron
Nov 13 12:01:01 webserver run-parts(/etc/cron.hourly)[1324 starting 0anacron
Nov 13 12:01:01 webserver run-parts(/etc/cron.hourly)[1325 finished 0anacron
Nov 13 12:01:01 webserver run-parts(/etc/cron.hourly)[1324 starting mcelog.cron
Nov 13 12:01:01 webserver run-parts(/etc/cron.hourly)[1326 finished mcelog.cron
Nov 13 12:01:01 localhost run-parts(/etc/cron.hourly)[2852 starting 0anacron
Nov 13 12:01:01 localhost run-parts(/etc/cron.hourly)[2852 finished 0anacron
Nov 13 12:01:01 localhost run-parts(/etc/cron.hourly)[2852 starting mcelog.cron
Nov 13 12:01:01 localhost run-parts(/etc/cron.hourly)[2853 finished mcelog.cron
Nov 13 13:01:01 webserver run-parts(/etc/cron.hourly)[1361 starting 0anacron
Nov 13 13:01:01 webserver run-parts(/etc/cron.hourly)[1362 finished 0anacron
Nov 13 13:01:01 webserver run-parts(/etc/cron.hourly)[1361 starting mcelog.cron
Nov 13 13:01:01 webserver run-parts(/etc/cron.hourly)[1362 finished mcelog.cron
Nov 13 13:01:02 localhost run-parts(/etc/cron.hourly)[2944 starting 0anacron
Nov 13 13:01:02 localhost run-parts(/etc/cron.hourly)[2945 finished 0anacron
Nov 13 13:01:02 localhost run-parts(/etc/cron.hourly)[2944 starting mcelog.cron
Nov 13 13:01:02 localhost run-parts(/etc/cron.hourly)[2945 finished mcelog.cron
Nov 13 14:01:01 webserver run-parts(/etc/cron.hourly)[1397 starting 0anacron
Nov 13 14:01:01 webserver run-parts(/etc/cron.hourly)[1398 finished 0anacron
Nov 13 14:01:01 webserver run-parts(/etc/cron.hourly)[1397 starting mcelog.cron
Nov 13 14:01:01 webserver run-parts(/etc/cron.hourly)[1399 finished mcelog.cron
Nov 13 14:01:01 localhost run-parts(/etc/cron.hourly)[3039 starting 0anacron
Nov 13 14:01:01 localhost run-parts(/etc/cron.hourly)[3040 finished 0anacron
Nov 13 14:01:01 localhost run-parts(/etc/cron.hourly)[3039 starting mcelog.cron
Nov 13 14:01:01 localhost run-parts(/etc/cron.hourly)[3041 finished mcelog.cron
Nov 13 15:01:01 localhost run-parts(/etc/cron.hourly)[3142 starting 0anacron
Nov 13 15:01:01 localhost run-parts(/etc/cron.hourly)[3142 finished 0anacron
Nov 13 15:01:01 localhost run-parts(/etc/cron.hourly)[3142 starting mcelog.cron
Nov 13 15:01:01 localhost run-parts(/etc/cron.hourly)[3143 finished mcelog.cron
Nov 13 15:01:02 webserver run-parts(/etc/cron.hourly)[1433 starting 0anacron
Nov 13 15:01:02 webserver run-parts(/etc/cron.hourly)[1434 finished 0anacron
Nov 13 15:01:02 webserver run-parts(/etc/cron.hourly)[1433 starting mcelog.cron
Nov 13 15:01:02 webserver run-parts(/etc/cron.hourly)[1435 finished mcelog.cron
Nov 13 16:01:01 localhost run-parts(/etc/cron.hourly)[3241 starting 0anacron
Nov 13 16:01:01 localhost run-parts(/etc/cron.hourly)[3242 finished 0anacron
Nov 13 16:01:01 localhost run-parts(/etc/cron.hourly)[3241 starting mcelog.cron
Nov 13 16:01:01 localhost run-parts(/etc/cron.hourly)[3243 finished mcelog.cron
Nov 13 16:01:02 webserver run-parts(/etc/cron.hourly)[1471 starting 0anacron
Nov 13 16:01:02 webserver run-parts(/etc/cron.hourly)[1472 finished 0anacron
Nov 13 16:01:02 webserver run-parts(/etc/cron.hourly)[1471 starting mcelog.cron
Nov 13 16:01:02 webserver run-parts(/etc/cron.hourly)[1473 finished mcelog.cron
Nov 13 17:01:01 webserver run-parts(/etc/cron.hourly)[1507 starting 0anacron
Nov 13 17:01:01 webserver run-parts(/etc/cron.hourly)[1508 finished 0anacron
Nov 13 17:01:01 webserver run-parts(/etc/cron.hourly)[1507 starting mcelog.cron
Nov 13 17:01:01 webserver run-parts(/etc/cron.hourly)[1509 finished mcelog.cron
Nov 13 17:01:01 localhost run-parts(/etc/cron.hourly)[3253 starting 0anacron
Nov 13 17:01:01 localhost run-parts(/etc/cron.hourly)[3254 finished 0anacron
Nov 13 17:01:01 localhost run-parts(/etc/cron.hourly)[3253 starting mcelog.cron
Nov 13 17:01:01 localhost run-parts(/etc/cron.hourly)[3255 finished mcelog.cron
Nov 13 18:01:01 localhost run-parts(/etc/cron.hourly)[3260 starting 0anacron
Nov 13 18:01:01 localhost run-parts(/etc/cron.hourly)[3261 finished 0anacron
Nov 13 18:01:01 localhost run-parts(/etc/cron.hourly)[3260 starting mcelog.cron
Nov 13 18:01:01 localhost run-parts(/etc/cron.hourly)[3261 finished mcelog.cron
Nov 13 18:01:02 webserver run-parts(/etc/cron.hourly)[1543 starting 0anacron
Nov 13 18:01:02 webserver run-parts(/etc/cron.hourly)[1545 finished 0anacron
Nov 13 18:01:02 webserver run-parts(/etc/cron.hourly)[1543 starting mcelog.cron
Nov 13 18:01:02 webserver run-parts(/etc/cron.hourly)[1545 finished mcelog.cron
Nov 13 19:01:01 localhost run-parts(/etc/cron.hourly)[3268 starting 0anacron
Nov 13 19:01:01 localhost run-parts(/etc/cron.hourly)[3269 finished 0anacron
Nov 13 19:01:01 localhost run-parts(/etc/cron.hourly)[3268 starting mcelog.cron
Nov 13 19:01:01 localhost run-parts(/etc/cron.hourly)[3270 finished mcelog.cron
Nov 13 19:01:01 webserver run-parts(/etc/cron.hourly)[1579 starting 0anacron
Nov 13 19:01:01 webserver run-parts(/etc/cron.hourly)[1580 finished 0anacron
Nov 13 19:01:01 webserver run-parts(/etc/cron.hourly)[1579 starting mcelog.cron
Nov 13 19:01:02 webserver run-parts(/etc/cron.hourly)[1581 finished mcelog.cron
Nov 13 20:01:01 localhost run-parts(/etc/cron.hourly)[1088 starting 0anacron
Nov 13 20:01:01 localhost run-parts(/etc/cron.hourly)[1097 finished 0anacron
Nov 13 20:01:01 localhost run-parts(/etc/cron.hourly)[1088 starting mcelog.cron
Nov 13 20:01:01 localhost run-parts(/etc/cron.hourly)[1103 finished mcelog.cron
Nov 13 20:01:01 webserver run-parts(/etc/cron.hourly)[1616 starting 0anacron
Nov 13 20:01:01 webserver run-parts(/etc/cron.hourly)[1617 finished 0anacron
Nov 13 20:01:01 webserver run-parts(/etc/cron.hourly)[1616 starting mcelog.cron
Nov 13 20:01:01 webserver run-parts(/etc/cron.hourly)[1618 finished mcelog.cron
Nov 13 21:01:01 webserver run-parts(/etc/cron.hourly)[1652 starting 0anacron
Nov 13 21:01:01 webserver run-parts(/etc/cron.hourly)[1653 finished 0anacron
Nov 13 21:01:01 localhost run-parts(/etc/cron.hourly)[3111 starting 0anacron
Nov 13 21:01:01 localhost run-parts(/etc/cron.hourly)[3120 finished 0anacron
Nov 13 21:01:01 webserver run-parts(/etc/cron.hourly)[1652 starting mcelog.cron
Nov 13 21:01:01 localhost run-parts(/etc/cron.hourly)[3111 starting mcelog.cron
Nov 13 21:01:01 localhost run-parts(/etc/cron.hourly)[3126 finished mcelog.cron
Nov 13 21:01:01 webserver run-parts(/etc/cron.hourly)[1654 finished mcelog.cron
Nov 13 22:01:01 webserver run-parts(/etc/cron.hourly)[1688 starting 0anacron
Nov 13 22:01:01 webserver run-parts(/etc/cron.hourly)[1690 finished 0anacron
Nov 13 22:01:01 webserver run-parts(/etc/cron.hourly)[1688 starting mcelog.cron
Nov 13 22:01:01 webserver run-parts(/etc/cron.hourly)[1690 finished mcelog.cron
Nov 13 22:01:01 localhost run-parts(/etc/cron.hourly)[5051 starting 0anacron
Nov 13 22:01:01 localhost run-parts(/etc/cron.hourly)[5060 finished 0anacron
Nov 13 22:01:01 localhost run-parts(/etc/cron.hourly)[5051 starting mcelog.cron
Nov 13 22:01:01 localhost run-parts(/etc/cron.hourly)[5066 finished mcelog.cron
Nov 13 23:01:01 localhost run-parts(/etc/cron.hourly)[6161 starting 0anacron
Nov 13 23:01:01 localhost run-parts(/etc/cron.hourly)[6170 finished 0anacron
Nov 13 23:01:01 localhost run-parts(/etc/cron.hourly)[6161 starting mcelog.cron
Nov 13 23:01:01 localhost run-parts(/etc/cron.hourly)[6176 finished mcelog.cron
Nov 13 23:01:01 webserver run-parts(/etc/cron.hourly)[1725 starting 0anacron
Nov 13 23:01:01 webserver run-parts(/etc/cron.hourly)[1726 finished 0anacron
Nov 13 23:01:01 webserver run-parts(/etc/cron.hourly)[1725 starting mcelog.cron
Nov 13 23:01:01 webserver run-parts(/etc/cron.hourly)[1727 finished mcelog.cron
